<?xml version="1.0" encoding="UTF-8"?>
<testsuites>
  <testsuite name="StaticPagesControllerTest" filepath="test/controllers/static_pages_controller_test.rb" skipped="0" failures="0" errors="1" tests="3" assertions="2" time="0.42662282799574314">
    <testcase name="test_should_get_help" lineno="9" classname="StaticPagesControllerTest" assertions="1" time="0.1518934960004117" file="test/controllers/static_pages_controller_test.rb">
    </testcase>
    <testcase name="test_should_get_home" lineno="4" classname="StaticPagesControllerTest" assertions="1" time="0.15179651599828503" file="test/controllers/static_pages_controller_test.rb">
    </testcase>
    <testcase name="test_should_get_about" lineno="14" classname="StaticPagesControllerTest" assertions="0" time="0.12293281599704642" file="test/controllers/static_pages_controller_test.rb">
    <error type="NameError" message="NameError: undefined local variable or method `static_pages_about_url' for #&lt;StaticPagesControllerTest:0x0000558f2bf35e98 @_routes=nil, @NAME=&quot;test_should_get_about&quot;, @failures=[#&lt;Minitest::UnexpectedError: Unexpected exception&gt;], @assertions=0, @integration_session=#&lt;#&lt;Class:0x0000558f2bf350b0&gt;:0x0000558f2bf340c0 @_routes=nil, @app=#&lt;SampleApp::Application:0x0000558f2bc127e8 @_all_autoload_paths=[&quot;/home/nameless_ghoul/Documents/Work/LoudCloudPH/Learning/Learn Enough Projects/sample_app/app/channels&quot;, &quot;/home/nameless_ghoul/Documents/Work/LoudCloudPH/Learning/Learn Enough Projects/sample_app/app/controllers&quot;, &quot;/home/nameless_ghoul/Documents/Work/LoudCloudPH/Learning/Learn Enough Projects/sample_app/app/controllers/concerns&quot;, &quot;/home/nameless_ghoul/Documents/Work/LoudCloudPH/Learning/Learn Enough Projects/sample_app/app/helpers&quot;, &quot;/home/nameless_ghoul/Documents/Work/LoudCloudPH/Learning/Learn Enough Projects/sample_app/app/jobs&quot;, &quot;/home/nameless_ghoul/Documents/Work/LoudCloudPH/Learning/Learn Enough Projects/sample_app/app/mailers&quot;, &quot;/home/nameless_ghoul/Documents/Work/LoudCloudPH/Learning/Learn Enough Projects/sample_app/app/models&quot;, &quot;/home/nameless_ghoul/Documents/Work/LoudCloudPH/Learning/Learn Enough Projects/sample_app/app/models/concerns&quot;], @_all_load_paths=[&quot;/home/nameless_ghoul/Documents/Work/LoudCloudPH/Learning/Learn Enough Projects/sample_app/lib&quot;, &quot;/home/nameless_ghoul/Documents/Work/LoudCloudPH/Learning/Learn Enough Projects/sample_app/vendor&quot;, &quot;/home/nameless_ghoul/Documents/Work/LoudCloudPH/Learning/Learn Enough Projects/sample_app/app/channels&quot;, &quot;/home/nameless_ghoul/Documents/Work/LoudCloudPH/Learning/Learn Enough Projects/sample_app/app/controllers&quot;, &quot;/home/nameless_ghoul/Documents/Work/LoudCloudPH/Learning/Learn Enough Projects/sample_app/app/controllers/concerns&quot;, &quot;/home/nameless_ghoul/Documents/Work/LoudCloudPH/Learning/Learn Enough Projects/sample_app/app/helpers&quot;, &quot;/home/nameless_ghoul/Documents/Work/LoudCloudPH/Learning/Learn Enough Projects/sample_app/app/jobs&quot;, &quot;/home/nameless_ghoul/Documents/Work/LoudCloudPH/Learning/Learn Enough Projects/sample_app/app/mailers&quot;, &quot;/home/nameless_ghoul/Documents/Work/LoudCloudPH/Learning/Learn Enough Projects/sample_app/app/models&quot;, &quot;/home/nameless_ghoul/Documents/Work/LoudCloudPH/Learning/Learn Enough Projects/sample_app/app/models/concerns&quot;], @app=#&lt;ActionDispatch::HostAuthorization:0x0000558f2c308b60 @app=#&lt;Rack::Sendfile:0x0000558f2c308c28 @app=#&lt;ActionDispatch::Static:0x0000558f2c2fc180 @app=#&lt;ActionDispatch::Executor:0x0000558f2c2fc248 @app=#&lt;ActiveSupport::Cache::Strategy::LocalCache::Middleware:0x0000558f2a8eaee0 @name=&quot;ActiveSupport::Cache::Strategy::LocalCache&quot;, @local_cache_key=:active_support_cache_null_store_local_cache_10680, @app=#&lt;Rack::Runtime:0x0000558f2c2fc310 @app=#&lt;Rack::MethodOverride:0x0000558f2c2fc388 @app=#&lt;ActionDispatch::RequestId:0x0000558f2c2fc400 @app=#&lt;ActionDispatch::RemoteIp:0x0000558f2c2fc4a0 @app=#&lt;Rails::Rack::Logger:0x0000558f2c2fc540 @app=#&lt;ActionDispatch::ShowExceptions:0x0000558f2c2fc5b8 @app=#&lt;ActionDispatch::DebugExceptions:0x0000558f2c2fc680 @app=#&lt;ActionDispatch::ActionableExceptions:0x0000558f2c2fc6f8 @app=#&lt;ActionDispatch::Reloader:0x0000558f2c2fc798 @app=#&lt;ActionDispatch::Callbacks:0x0000558f2c2fc810 @app=#&lt;ActionDispatch::Cookies:0x0000558f2c2fc888 @app=#&lt;ActionDispatch::Session::CookieStore:0x0000558f2c2fca90 @app=#&lt;ActionDispatch::ContentSecurityPolicy::Middleware:0x0000558f2c2fcb58 @app=#&lt;ActionDispatch::PermissionsPolicy::Middleware:0x0000558f2c2fcbd0 @app=#&lt;Rack::Head:0x0000558f2c2fcc48 @app=#&lt;Rack::ConditionalGet:0x0000558f2c2fccc0 @app=#&lt;Rack::ETag:0x0000558f2c2fcd38 @app=#&lt;Rack::TempfileReaper:0x0000558f2c2fcdb0 @app=#&lt;ActionDispatch::Routing::RouteSet:0x0000558f2c02a3f8&gt;&gt;, @cache_control=&quot;max-age=0, private, must-revalidate&quot;, @no_cache_control=&quot;no-cache&quot;&gt;&gt;&gt;&gt;&gt;, @default_options={:path=&gt;&quot;/&quot;, :domain=&gt;nil, :expire_after=&gt;nil, :secure=&gt;false, :httponly=&gt;true, :defer=&gt;false, :renew=&gt;false}, @key=&quot;_sample_app_session&quot;, @cookie_only=true, @same_site=nil&gt;&gt;&gt;, @executor=#&lt;Class:0x0000558f2bc473d0&gt;&gt;&gt;, @routes_app=#&lt;SampleApp::Application:0x0000558f2bc127e8 ...&gt;, @response_format=:default, @interceptors=[]&gt;, @exceptions_app=#&lt;ActionDispatch::PublicExceptions:0x0000558f2c23fee0 @public_path=#&lt;Pathname:/home/nameless_ghoul/Documents/Work/LoudCloudPH/Learning/Learn Enough Projects/sample_app/public&gt;&gt;&gt;, @taggers=[]&gt;, @check_ip=true, @proxies=[#&lt;IPAddr: IPv4:127.0.0.0/255.0.0.0&gt;, #&lt;IPAddr: IPv6:0000:0000:0000:0000:0000:0000:0000:0001/ffff:ffff:ffff:ffff:ffff:ffff:ffff:ffff&gt;, #&lt;IPAddr: IPv6:fc00:0000:0000:0000:0000:0000:0000:0000/fe00:0000:0000:0000:0000:0000:0000:0000&gt;, #&lt;IPAddr: IPv4:10.0.0.0/255.0.0.0&gt;, #&lt;IPAddr: IPv4:172.16.0.0/255.240.0.0&gt;, #&lt;IPAddr: IPv4:192.168.0.0/255.255.0.0&gt;]&gt;, @header=&quot;X-Request-Id&quot;&gt;&gt;, @header_name=&quot;X-Runtime&quot;&gt;&gt;, @executor=#&lt;Class:0x0000558f2bc1c7c0&gt;&gt;, @file_handler=#&lt;ActionDispatch::FileHandler:0x0000558f2c2fc108 @root=&quot;/home/nameless_ghoul/Documents/Work/LoudCloudPH/Learning/Learn Enough Projects/sample_app/public&quot;, @index=&quot;index&quot;, @precompressed=[&quot;br&quot;, &quot;gzip&quot;, &quot;identity&quot;], @compressible_content_types=/\A(?:text\/|application\/javascript)/, @file_server=#&lt;Rack::Files:0x0000558f2c308db8 @root=&quot;/home/nameless_ghoul/Documents/Work/LoudCloudPH/Learning/Learn Enough Projects/sample_app/public&quot;, @headers={&quot;Cache-Control&quot;=&gt;&quot;public, max-age=3600&quot;}, @default_mime=&quot;text/plain&quot;, @head=#&lt;Rack::Head:0x0000558f2c308ca0 @app=#&lt;Proc:0x0000558f2c308cf0 /home/nameless_ghoul/.rbenv/versions/3.0.0/lib/ruby/gems/3.0.0/gems/rack-2.2.3/lib/rack/files.rb:33 (lambda)&gt;&gt;&gt;&gt;&gt;, @variation=nil, @mappings=[]&gt;, @permissions=#&lt;ActionDispatch::HostAuthorization::Permissions:0x0000558f2c308b10 @hosts=[]&gt;, @exclude=nil, @response_app=#&lt;ActionDispatch::HostAuthorization::DefaultResponseApp:0x0000558f2c308a48&gt;&gt;, @config=#&lt;Rails::Application::Configuration:0x0000558f2bc46c00 @root=#&lt;Pathname:/home/nameless_ghoul/Documents/Work/LoudCloudPH/Learning/Learn Enough Projects/sample_app&gt;, @generators=#&lt;Rails::Configuration::Generators:0x0000558f29ee3af0 @aliases={}, @options={:rails=&gt;{:orm=&gt;:active_record, :test_framework=&gt;:test_unit, :integration_tool=&gt;:test_unit, :system_tests=&gt;:test_unit, :stylesheet_engine=&gt;:scss}, :active_record=&gt;{:migration=&gt;true, :timestamps=&gt;true}, :test_unit=&gt;{:fixture=&gt;true, :fixture_replacement=&gt;nil}}, @fallbacks={}, @templates=[], @colorize_logging=true, @api_only=false, @hidden_namespaces=[&quot;sass&quot;], @after_generate_callbacks=[]&gt;, @middleware=#&lt;ActionDispatch::MiddlewareStack:0x0000558f2c1da018 @middlewares=[ActionDispatch::HostAuthorization, Rack::Sendfile, ActionDispatch::Static, ActionDispatch::Executor, ActiveSupport::Cache::Strategy::LocalCache::Middleware, Rack::Runtime, Rack::MethodOverride, ActionDispatch::RequestId, ActionDispatch::RemoteIp, Rails::Rack::Logger, ActionDispatch::ShowExceptions, ActionDispatch::DebugExceptions, ActionDispatch::ActionableExceptions, ActionDispatch::Reloader, ActionDispatch::Callbacks, ActionDispatch::Cookies, ActionDispatch::Session::CookieStore, ActionDispatch::Flash, ActionDispatch::ContentSecurityPolicy::Middleware, ActionDispatch::PermissionsPolicy::Middleware, Rack::Head, Rack::ConditionalGet, Rack::ETag, Rack::TempfileReaper]&gt;, @javascript_path=&quot;javascript&quot;, @encoding=#&lt;Encoding:UTF-8&gt;, @allow_concurrency=nil, @consider_all_requests_local=true, @filter_parameters=[:passw, :secret, :token, :_key, :crypt, :salt, :certificate, :otp, :ssn], @filter_redirect=[], @helpers_paths=[&quot;/home/nameless_ghoul/Documents/Work/LoudCloudPH/Learning/Learn Enough Projects/sample_app/app/helpers&quot;], @hosts=[], @host_authorization={}, @public_file_server=#&lt;ActiveSupport::OrderedOptions {:enabled=&gt;true, :index_name=&gt;&quot;index&quot;, :headers=&gt;{&quot;Cache-Control&quot;=&gt;&quot;public, max-age=3600&quot;}}&gt;, @force_ssl=false, @ssl_options={:hsts=&gt;{:subdomains=&gt;true}}, @session_store=:cookie_store, @time_zone=&quot;UTC&quot;, @beginning_of_week=:monday, @log_level=:debug, @cache_store=:null_store, @railties_order=[:all], @relative_url_root=nil, @reload_classes_only_on_change=true, @file_watcher=ActiveSupport::FileUpdateChecker, @exceptions_app=nil, @autoflush_log=true, @log_formatter=#&lt;ActiveSupport::Logger::SimpleFormatter:0x0000558f2bc461d8 @datetime_format=nil&gt;, @eager_load=false, @secret_key_base=nil, @api_only=false, @debug_exception_response_format=nil, @x=#&lt;Rails::Application::Configuration::Custom:0x0000558f2bc46188 @configurations={}&gt;, @enable_dependency_loading=false, @read_encrypted_secrets=false, @content_security_policy=nil, @content_security_policy_report_only=false, @content_security_policy_nonce_generator=nil, @content_security_policy_nonce_directives=nil, @require_master_key=false, @loaded_config_version=6.1, @credentials=#&lt;ActiveSupport::OrderedOptions {:content_path=&gt;#&lt;Pathname:/home/nameless_ghoul/Documents/Work/LoudCloudPH/Learning/Learn Enough Projects/sample_app/config/credentials.yml.enc&gt;, :key_path=&gt;#&lt;Pathname:/home/nameless_ghoul/Documents/Work/LoudCloudPH/Learning/Learn Enough Projects/sample_app/config/master.key&gt;}&gt;, @autoloader=:zeitwerk, @disable_sandbox=false, @add_autoload_paths_to_load_path=true, @permissions_policy=nil, @rake_eager_load=false, @paths=#&lt;Rails::Paths::Root:0x0000558f2bcec7e0 @path=#&lt;Pathname:/home/nameless_ghoul/Documents/Work/LoudCloudPH/Learning/Learn Enough Projects/sample_app&gt;, @root={&quot;app&quot;=&gt;#&lt;Rails::Paths::Path:0x0000558f2bcec6f0 @paths=[&quot;app&quot;], @current=&quot;app&quot;, @root=#&lt;Rails::Paths::Root:0x0000558f2bcec7e0 ...&gt;, @glob=&quot;{*,*/concerns}&quot;, @exclude=[&quot;assets&quot;, &quot;javascript&quot;], @autoload_once=false, @eager_load=true, @autoload=false, @load_path=false&gt;, &quot;app/assets&quot;=&gt;#&lt;Rails::Paths::Path:0x0000558f2bcec678 @paths=[&quot;app/assets&quot;], @current=&quot;app/assets&quot;, @root=#&lt;Rails::Paths::Root:0x0000558f2bcec7e0 ...&gt;, @glob=&quot;*&quot;, @exclude=nil, @autoload_once=false, @eager_load=false, @autoload=false, @load_path=false&gt;, &quot;app/controllers&quot;=&gt;#&lt;Rails::Paths::Path:0x0000558f2bcec600 @paths=[&quot;app/controllers&quot;], @current=&quot;app/controllers&quot;, @root=#&lt;Rails::Paths::Root:0x0000558f2bcec7e0 ...&gt;, @glob=nil, @exclude=nil, @autoload_once=false, @eager_load=true, @autoload=false, @load_path=false&gt;, &quot;app/channels&quot;=&gt;#&lt;Rails::Paths::Path:0x0000558f2bcec588 @paths=[&quot;app/channels&quot;], @current=&quot;app/channels&quot;, @root=#&lt;Rails::Paths::Root:0x0000558f2bcec7e0 ...&gt;, @glob=&quot;**/*_channel.rb&quot;, @exclude=nil, @autoload_once=false, @eager_load=true, @autoload=false, @load_path=false&gt;, &quot;app/helpers&quot;=&gt;#&lt;Rails::Paths::Path:0x0000558f2bcec510 @paths=[&quot;app/helpers&quot;], @current=&quot;app/helpers&quot;, @root=#&lt;Rails::Paths::Root:0x0000558f2bcec7e0 ...&gt;, @glob=nil, @exclude=nil, @autoload_once=false, @eager_load=true, @autoload=false, @load_path=false&gt;, &quot;app/models&quot;=&gt;#&lt;Rails::Paths::Path:0x0000558f2bcec498 @paths=[&quot;app/models&quot;], @current=&quot;app/models&quot;, @root=#&lt;Rails::Paths::Root:0x0000558f2bcec7e0 ...&gt;, @glob=nil, @exclude=nil, @autoload_once=false, @eager_load=true, @autoload=false, @load_path=false&gt;, &quot;app/mailers&quot;=&gt;#&lt;Rails::Paths::Path:0x0000558f2bcec420 @paths=[&quot;app/mailers&quot;], @current=&quot;app/mailers&quot;, @root=#&lt;Rails::Paths::Root:0x0000558f2bcec7e0 ...&gt;, @glob=nil, @exclude=nil, @autoload_once=false, @eager_load=true, @autoload=false, @load_path=false&gt;, &quot;app/views&quot;=&gt;#&lt;Rails::Paths::Path:0x0000558f2bcec3a8 @paths=[&quot;app/views&quot;], @current=&quot;app/views&quot;, @root=#&lt;Rails::Paths::Root:0x0000558f2bcec7e0 ...&gt;, @glob=nil, @exclude=nil, @autoload_once=false, @eager_load=false, @autoload=false, @load_path=false&gt;, &quot;lib&quot;=&gt;#&lt;Rails::Paths::Path:0x0000558f2bcec330 @paths=[&quot;lib&quot;], @current=&quot;lib&quot;, @root=#&lt;Rails::Paths::Root:0x0000558f2bcec7e0 ...&gt;, @glob=nil, @exclude=nil, @autoload_once=false, @eager_load=false, @autoload=false, @load_path=true&gt;, &quot;lib/assets&quot;=&gt;#&lt;Rails::Paths::Path:0x0000558f2bcec2b8 @paths=[&quot;lib/assets&quot;], @current=&quot;lib/assets&quot;, @root=#&lt;Rails::Paths::Root:0x0000558f2bcec7e0 ...&gt;, @glob=&quot;*&quot;, @exclude=nil, @autoload_once=false, @eager_load=false, @autoload=false, @load_path=false&gt;, &quot;lib/tasks&quot;=&gt;#&lt;Rails::Paths::Path:0x0000558f2bcec240 @paths=[&quot;lib/tasks&quot;], @current=&quot;lib/tasks&quot;, @root=#&lt;Rails::Paths::Root:0x0000558f2bcec7e0 ...&gt;, @glob=&quot;**/*.rake&quot;, @exclude=nil, @autoload_once=false, @eager_load=false, @autoload=false, @load_path=false&gt;, &quot;config&quot;=&gt;#&lt;Rails::Paths::Path:0x0000558f2bcec1c8 @paths=[&quot;config&quot;], @current=&quot;config&quot;, @root=#&lt;Rails::Paths::Root:0x0000558f2bcec7e0 ...&gt;, @glob=nil, @exclude=nil, @autoload_once=false, @eager_load=false, @autoload=false, @load_path=false&gt;, &quot;config/environments&quot;=&gt;#&lt;Rails::Paths::Path:0x0000558f2bcec128 @paths=[&quot;config/environments&quot;], @current=&quot;config/environments&quot;, @root=#&lt;Rails::Paths::Root:0x0000558f2bcec7e0 ...&gt;, @glob=&quot;test.rb&quot;, @exclude=nil, @autoload_once=false, @eager_load=false, @autoload=false, @load_path=false&gt;, &quot;config/initializers&quot;=&gt;#&lt;Rails::Paths::Path:0x0000558f2bcec0b0 @paths=[&quot;config/initializers&quot;], @current=&quot;config/initializers&quot;, @root=#&lt;Rails::Paths::Root:0x0000558f2bcec7e0 ...&gt;, @glob=&quot;**/*.rb&quot;, @exclude=nil, @autoload_once=false, @eager_load=false, @autoload=false, @load_path=false&gt;, &quot;config/locales&quot;=&gt;#&lt;Rails::Paths::Path:0x0000558f2bcec038 @paths=[&quot;config/locales&quot;], @current=&quot;config/locales&quot;, @root=#&lt;Rails::Paths::Root:0x0000558f2bcec7e0 ...&gt;, @glob=&quot;*.{rb,yml}&quot;, @exclude=nil, @autoload_once=false, @eager_load=false, @autoload=false, @load_path=false&gt;, &quot;config/routes.rb&quot;=&gt;#&lt;Rails::Paths::Path:0x0000558f2bcf7fa0 @paths=[&quot;config/routes.rb&quot;], @current=&quot;config/routes.rb&quot;, @root=#&lt;Rails::Paths::Root:0x0000558f2bcec7e0 ...&gt;, @glob=nil, @exclude=nil, @autoload_once=false, @eager_load=false, @autoload=false, @load_path=false&gt;, &quot;config/routes&quot;=&gt;#&lt;Rails::Paths::Path:0x0000558f2bcf7f28 @paths=[&quot;config/routes&quot;], @current=&quot;config/routes&quot;, @root=#&lt;Rails::Paths::Root:0x0000558f2bcec7e0 ...&gt;, @glob=&quot;**/*.rb&quot;, @exclude=nil, @autoload_once=false, @eager_load=false, @autoload=false, @load_path=false&gt;, &quot;db&quot;=&gt;#&lt;Rails::Paths::Path:0x0000558f2bcf7eb0 @paths=[&quot;db&quot;], @current=&quot;db&quot;, @root=#&lt;Rails::Paths::Root:0x0000558f2bcec7e0 ...&gt;, @glob=nil, @exclude=nil, @autoload_once=false, @eager_load=false, @autoload=false, @load_path=false&gt;, &quot;db/migrate&quot;=&gt;#&lt;Rails::Paths::Path:0x0000558f2bcf7e38 @paths=[&quot;db/migrate&quot;], @current=&quot;db/migrate&quot;, @root=#&lt;Rails::Paths::Root:0x0000558f2bcec7e0 ...&gt;, @glob=nil, @exclude=nil, @autoload_once=false, @eager_load=false, @autoload=false, @load_path=false&gt;, &quot;db/seeds.rb&quot;=&gt;#&lt;Rails::Paths::Path:0x0000558f2bcf7dc0 @paths=[&quot;db/seeds.rb&quot;], @current=&quot;db/seeds.rb&quot;, @root=#&lt;Rails::Paths::Root:0x0000558f2bcec7e0 ...&gt;, @glob=nil, @exclude=nil, @autoload_once=false, @eager_load=false, @autoload=false, @load_path=false&gt;, &quot;vendor&quot;=&gt;#&lt;Rails::Paths::Path:0x0000558f2bcf7d48 @paths=[&quot;vendor&quot;], @current=&quot;vendor&quot;, @root=#&lt;Rails::Paths::Root:0x0000558f2bcec7e0 ...&gt;, @glob=nil, @exclude=nil, @autoload_once=false, @eager_load=false, @autoload=false, @load_path=true&gt;, &quot;vendor/assets&quot;=&gt;#&lt;Rails::Paths::Path:0x0000558f2bcf7cd0 @paths=[&quot;vendor/assets&quot;], @current=&quot;vendor/assets&quot;, @root=#&lt;Rails::Paths::Root:0x0000558f2bcec7e0 ...&gt;, @glob=&quot;*&quot;, @exclude=nil, @autoload_once=false, @eager_load=false, @autoload=false, @load_path=false&gt;, &quot;config/database&quot;=&gt;#&lt;Rails::Paths::Path:0x0000558f2bcf7c30 @paths=[&quot;config/database.yml&quot;], @current=&quot;config/database&quot;, @root=#&lt;Rails::Paths::Root:0x0000558f2bcec7e0 ...&gt;, @glob=nil, @exclude=nil, @autoload_once=false, @eager_load=false, @autoload=false, @load_path=false&gt;, &quot;config/secrets&quot;=&gt;#&lt;Rails::Paths::Path:0x0000558f2bcf7b90 @paths=[&quot;config&quot;], @current=&quot;config/secrets&quot;, @root=#&lt;Rails::Paths::Root:0x0000558f2bcec7e0 ...&gt;, @glob=&quot;secrets.yml{,.enc}&quot;, @exclude=nil, @autoload_once=false, @eager_load=false, @autoload=false, @load_path=false&gt;, &quot;config/environment&quot;=&gt;#&lt;Rails::Paths::Path:0x0000558f2bcf7af0 @paths=[&quot;config/environment.rb&quot;], @current=&quot;config/environment&quot;, @root=#&lt;Rails::Paths::Root:0x0000558f2bcec7e0 ...&gt;, @glob=nil, @exclude=nil, @autoload_once=false, @eager_load=false, @autoload=false, @load_path=false&gt;, &quot;lib/templates&quot;=&gt;#&lt;Rails::Paths::Path:0x0000558f2bcf7a78 @paths=[&quot;lib/templates&quot;], @current=&quot;lib/templates&quot;, @root=#&lt;Rails::Paths::Root:0x0000558f2bcec7e0 ...&gt;, @glob=nil, @exclude=nil, @autoload_once=false, @eager_load=false, @autoload=false, @load_path=false&gt;, &quot;log&quot;=&gt;#&lt;Rails::Paths::Path:0x0000558f2bcf79b0 @paths=[&quot;log/test.log&quot;], @current=&quot;log&quot;, @root=#&lt;Rails::Paths::Root:0x0000558f2bcec7e0 ...&gt;, @glob=nil, @exclude=nil, @autoload_once=false, @eager_load=false, @autoload=false, @load_path=false&gt;, &quot;public&quot;=&gt;#&lt;Rails::Paths::Path:0x0000558f2bcf7938 @paths=[&quot;public&quot;], @current=&quot;public&quot;, @root=#&lt;Rails::Paths::Root:0x0000558f2bcec7e0 ...&gt;, @glob=nil, @exclude=nil, @autoload_once=false, @eager_load=false, @autoload=false, @load_path=false&gt;, &quot;public/javascripts&quot;=&gt;#&lt;Rails::Paths::Path:0x0000558f2bcf78c0 @paths=[&quot;public/javascripts&quot;], @current=&quot;public/javascripts&quot;, @root=#&lt;Rails::Paths::Root:0x0000558f2bcec7e0 ...&gt;, @glob=nil, @exclude=nil, @autoload_once=false, @eager_load=false, @autoload=false, @load_path=false&gt;, &quot;public/stylesheets&quot;=&gt;#&lt;Rails::Paths::Path:0x0000558f2bcf7848 @paths=[&quot;public/stylesheets&quot;], @current=&quot;public/stylesheets&quot;, @root=#&lt;Rails::Paths::Root:0x0000558f2bcec7e0 ...&gt;, @glob=nil, @exclude=nil, @autoload_once=false, @eager_load=false, @autoload=false, @load_path=false&gt;, &quot;tmp&quot;=&gt;#&lt;Rails::Paths::Path:0x0000558f2bcf77d0 @paths=[&quot;tmp&quot;], @current=&quot;tmp&quot;, @root=#&lt;Rails::Paths::Root:0x0000558f2bcec7e0 ...&gt;, @glob=nil, @exclude=nil, @autoload_once=false, @eager_load=false, @autoload=false, @load_path=false&gt;, &quot;config/cable&quot;=&gt;#&lt;Rails::Paths::Path:0x0000558f2c1759b0 @paths=[&quot;config/cable.yml&quot;], @current=&quot;config/cable&quot;, @root=#&lt;Rails::Paths::Root:0x0000558f2bcec7e0 ...&gt;, @glob=nil, @exclude=nil, @autoload_once=false, @eager_load=false, @autoload=false, @load_path=false&gt;}&gt;, @cache_classes=false, @autoload_paths=[], @eager_load_paths=[&quot;/home/nameless_ghoul/Documents/Work/LoudCloudPH/Learning/Learn Enough Projects/sample_app/app/channels&quot;, &quot;/home/nameless_ghoul/Documents/Work/LoudCloudPH/Learning/Learn Enough Projects/sample_app/app/controllers&quot;, &quot;/home/nameless_ghoul/Documents/Work/LoudCloudPH/Learning/Learn Enough Projects/sample_app/app/controllers/concerns&quot;, &quot;/home/nameless_ghoul/Documents/Work/LoudCloudPH/Learning/Learn Enough Projects/sample_app/app/helpers&quot;, &quot;/home/nameless_ghoul/Documents/Work/LoudCloudPH/Learning/Learn Enough Projects/sample_app/app/jobs&quot;, &quot;/home/nameless_ghoul/Documents/Work/LoudCloudPH/Learning/Learn Enough Projects/sample_app/app/mailers&quot;, &quot;/home/nameless_ghoul/Documents/Work/LoudCloudPH/Learning/Learn Enough Projects/sample_app/app/models&quot;, &quot;/home/nameless_ghoul/Documents/Work/LoudCloudPH/Learning/Learn Enough Projects/sample_app/app/models/concerns&quot;], @autoload_once_paths=[], @session_options={:key=&gt;&quot;_sample_app_session&quot;, :cookie_only=&gt;true}&gt;, @env_config=nil, @helpers=nil, @routes=#&lt;ActionDispatch::Routing::RouteSet:0x0000558f2c02a3f8&gt;, @app_build_lock=#&lt;Thread::Mutex:0x0000558f2bc12770&gt;, @initialized=true, @reloaders=[#&lt;ActiveSupport::FileUpdateChecker:0x0000558f2c32b480 @files=[&quot;/home/nameless_ghoul/.rbenv/versions/3.0.0/lib/ruby/gems/3.0.0/gems/activesupport-6.1.5/lib/active_support/locale/en.yml&quot;, &quot;/home/nameless_ghoul/.rbenv/versions/3.0.0/lib/ruby/gems/3.0.0/gems/activesupport-6.1.5/lib/active_support/locale/en.rb&quot;, &quot;/home/nameless_ghoul/.rbenv/versions/3.0.0/lib/ruby/gems/3.0.0/gems/activemodel-6.1.5/lib/active_model/locale/en.yml&quot;, &quot;/home/nameless_ghoul/.rbenv/versions/3.0.0/lib/ruby/gems/3.0.0/gems/activerecord-6.1.5/lib/active_record/locale/en.yml&quot;, &quot;/home/nameless_ghoul/.rbenv/versions/3.0.0/lib/ruby/gems/3.0.0/gems/actionview-6.1.5/lib/action_view/locale/en.yml&quot;, &quot;/home/nameless_ghoul/.rbenv/versions/3.0.0/lib/ruby/gems/3.0.0/gems/faker-2.20.0/lib/locales/ar.yml&quot;, &quot;/home/nameless_ghoul/.rbenv/versions/3.0.0/lib/ruby/gems/3.0.0/gems/faker-2.20.0/lib/locales/bg.yml&quot;, &quot;/home/nameless_ghoul/.rbenv/versions/3.0.0/lib/ruby/gems/3.0.0/gems/faker-2.20.0/lib/locales/ca-CAT.yml&quot;, &quot;/home/nameless_ghoul/.rbenv/versions/3.0.0/lib/ruby/gems/3.0.0/gems/faker-2.20.0/lib/locales/ca.yml&quot;, &quot;/home/nameless_ghoul/.rbenv/versions/3.0.0/lib/ruby/gems/3.0.0/gems/faker-2.20.0/lib/locales/da-DK.yml&quot;, &quot;/home/nameless_ghoul/.rbenv/versions/3.0.0/lib/ruby/gems/3.0.0/gems/faker-2.20.0/lib/locales/de-AT.yml&quot;, &quot;/home/nameless_ghoul/.rbenv/versions/3.0.0/lib/ruby/gems/3.0.0/gems/faker-2.20.0/lib/locales/de-CH.yml&quot;, &quot;/home/nameless_ghoul/.rbenv/versions/3.0.0/lib/ruby/gems/3.0.0/gems/faker-2.20.0/lib/locales/de.yml&quot;, &quot;/home/nameless_ghoul/.rbenv/versions/3.0.0/lib/ruby/gems/3.0.0/gems/faker-2.20.0/lib/locales/ee.yml&quot;, &quot;/home/nameless_ghoul/.rbenv/versions/3.0.0/lib/ruby/gems/3.0.0/gems/faker-2.20.0/lib/locales/en/address.yml&quot;, &quot;/home/nameless_ghoul/.rbenv/versions/3.0.0/lib/ruby/gems/3.0.0/gems/faker-2.20.0/lib/locales/en/adjective.yml&quot;, &quot;/home/nameless_ghoul/.rbenv/versions/3.0.0/lib/ruby/gems/3.0.0/gems/faker-2.20.0/lib/locales/en/ancient.yml&quot;, &quot;/home/nameless_ghoul/.rbenv/versions/3.0.0/lib/ruby/gems/3.0.0/gems/faker-2.20.0/lib/locales/en/animal.yml&quot;, &quot;/home/nameless_ghoul/.rbenv/versions/3.0.0/lib/ruby/gems/3.0.0/gems/faker-2.20.0/lib/locales/en/app.yml&quot;, &quot;/home/nameless_ghoul/.rbenv/versions/3.0.0/lib/ruby/gems/3.0.0/gems/faker-2.20.0/lib/locales/en/appliance.yml&quot;, &quot;/home/nameless_ghoul/.rbenv/versions/3.0.0/lib/ruby/gems/3.0.0/gems/faker-2.20.0/lib/locales/en/aqua_teen_hunger_force.yml&quot;, &quot;/home/nameless_ghoul/.rbenv/versions/3.0.0/lib/ruby/gems/3.0.0/gems/faker-2.20.0/lib/locales/en/artist.yml&quot;, &quot;/home/nameless_ghoul/.rbenv/versions/3.0.0/lib/ruby/gems/3.0.0/gems/faker-2.20.0/lib/locales/en/australia.yml&quot;, &quot;/home/nameless_ghoul/.rbenv/versions/3.0.0/lib/ruby/gems/3.0.0/gems/faker-2.20.0/lib/locales/en/back_to_the_future.yml&quot;, &quot;/home/nameless_ghoul/.rbenv/versions/3.0.0/lib/ruby/gems/3.0.0/gems/faker-2.20.0/lib/locales/en/bank.yml&quot;, &quot;/home/nameless_ghoul/.rbenv/versions/3.0.0/lib/ruby/gems/3.0.0/gems/faker-2.20.0/lib/locales/en/barcode.yml&quot;, &quot;/home/nameless_ghoul/.rbenv/versions/3.0.0/lib/ruby/gems/3.0.0/gems/faker-2.20.0/lib/locales/en/basketball.yml&quot;, &quot;/home/nameless_ghoul/.rbenv/versions/3.0.0/lib/ruby/gems/3.0.0/gems/faker-2.20.0/lib/locales/en/beer.yml&quot;, &quot;/home/nameless_ghoul/.rbenv/versions/3.0.0/lib/ruby/gems/3.0.0/gems/faker-2.20.0/lib/locales/en/bible.yml&quot;, &quot;/home/nameless_ghoul/.rbenv/versions/3.0.0/lib/ruby/gems/3.0.0/gems/faker-2.20.0/lib/locales/en/big_bang_theory.yml&quot;, &quot;/home/nameless_ghoul/.rbenv/versions/3.0.0/lib/ruby/gems/3.0.0/gems/faker-2.20.0/lib/locales/en/bird.yml&quot;, &quot;/home/nameless_ghoul/.rbenv/versions/3.0.0/lib/ruby/gems/3.0.0/gems/faker-2.20.0/lib/locales/en/blood.yml&quot;, &quot;/home/nameless_ghoul/.rbenv/versions/3.0.0/lib/ruby/gems/3.0.0/gems/faker-2.20.0/lib/locales/en/bojack_horseman.yml&quot;, &quot;/home/nameless_ghoul/.rbenv/versions/3.0.0/lib/ruby/gems/3.0.0/gems/faker-2.20.0/lib/locales/en/book.yml&quot;, &quot;/home/nameless_ghoul/.rbenv/versions/3.0.0/lib/ruby/gems/3.0.0/gems/faker-2.20.0/lib/locales/en/bossa_nova.yml&quot;, &quot;/home/nameless_ghoul/.rbenv/versions/3.0.0/lib/ruby/gems/3.0.0/gems/faker-2.20.0/lib/locales/en/breaking_bad.yml&quot;, &quot;/home/nameless_ghoul/.rbenv/versions/3.0.0/lib/ruby/gems/3.0.0/gems/faker-2.20.0/lib/locales/en/brooklyn_nine_nine.yml&quot;, &quot;/home/nameless_ghoul/.rbenv/versions/3.0.0/lib/ruby/gems/3.0.0/gems/faker-2.20.0/lib/locales/en/buffy.yml&quot;, &quot;/home/nameless_ghoul/.rbenv/versions/3.0.0/lib/ruby/gems/3.0.0/gems/faker-2.20.0/lib/locales/en/business.yml&quot;, &quot;/home/nameless_ghoul/.rbenv/versions/3.0.0/lib/ruby/gems/3.0.0/gems/faker-2.20.0/lib/locales/en/camera.yml&quot;, &quot;/home/nameless_ghoul/.rbenv/versions/3.0.0/lib/ruby/gems/3.0.0/gems/faker-2.20.0/lib/locales/en/cannabis.yml&quot;, &quot;/home/nameless_ghoul/.rbenv/versions/3.0.0/lib/ruby/gems/3.0.0/gems/faker-2.20.0/lib/locales/en/cat.yml&quot;, &quot;/home/nameless_ghoul/.rbenv/versions/3.0.0/lib/ruby/gems/3.0.0/gems/faker-2.20.0/lib/locales/en/chiquito.yml&quot;, &quot;/home/nameless_ghoul/.rbenv/versions/3.0.0/lib/ruby/gems/3.0.0/gems/faker-2.20.0/lib/locales/en/chuck_norris.yml&quot;, &quot;/home/nameless_ghoul/.rbenv/versions/3.0.0/lib/ruby/gems/3.0.0/gems/faker-2.20.0/lib/locales/en/clash_of_clan.yml&quot;, &quot;/home/nameless_ghoul/.rbenv/versions/3.0.0/lib/ruby/gems/3.0.0/gems/faker-2.20.0/lib/locales/en/code.yml&quot;, &quot;/home/nameless_ghoul/.rbenv/versions/3.0.0/lib/ruby/gems/3.0.0/gems/faker-2.20.0/lib/locales/en/coffee.yml&quot;, &quot;/home/nameless_ghoul/.rbenv/versions/3.0.0/lib/ruby/gems/3.0.0/gems/faker-2.20.0/lib/locales/en/coin.yml&quot;, &quot;/home/nameless_ghoul/.rbenv/versions/3.0.0/lib/ruby/gems/3.0.0/gems/faker-2.20.0/lib/locales/en/color.yml&quot;, &quot;/home/nameless_ghoul/.rbenv/versions/3.0.0/lib/ruby/gems/3.0.0/gems/faker-2.20.0/lib/locales/en/commerce.yml&quot;, &quot;/home/nameless_ghoul/.rbenv/versions/3.0.0/lib/ruby/gems/3.0.0/gems/faker-2.20.0/lib/locales/en/community.yml&quot;, &quot;/home/nameless_ghoul/.rbenv/versions/3.0.0/lib/ruby/gems/3.0.0/gems/faker-2.20.0/lib/locales/en/company.yml&quot;, &quot;/home/nameless_ghoul/.rbenv/versions/3.0.0/lib/ruby/gems/3.0.0/gems/faker-2.20.0/lib/locales/en/compass.yml&quot;, &quot;/home/nameless_ghoul/.rbenv/versions/3.0.0/lib/ruby/gems/3.0.0/gems/faker-2.20.0/lib/locales/en/computer.yml&quot;, &quot;/home/nameless_ghoul/.rbenv/versions/3.0.0/lib/ruby/gems/3.0.0/gems/faker-2.20.0/lib/locales/en/conan.yml&quot;, &quot;/home/nameless_ghoul/.rbenv/versions/3.0.0/lib/ruby/gems/3.0.0/gems/faker-2.20.0/lib/locales/en/construction.yml&quot;, &quot;/home/nameless_ghoul/.rbenv/versions/3.0.0/lib/ruby/gems/3.0.0/gems/faker-2.20.0/lib/locales/en/control.yml&quot;, &quot;/home/nameless_ghoul/.rbenv/versions/3.0.0/lib/ruby/gems/3.0.0/gems/faker-2.20.0/lib/locales/en/cosmere.yml&quot;, &quot;/home/nameless_ghoul/.rbenv/versions/3.0.0/lib/ruby/gems/3.0.0/gems/faker-2.20.0/lib/locales/en/crypto_coin.yml&quot;, &quot;/home/nameless_ghoul/.rbenv/versions/3.0.0/lib/ruby/gems/3.0.0/gems/faker-2.20.0/lib/locales/en/culture_series.yml&quot;, &quot;/home/nameless_ghoul/.rbenv/versions/3.0.0/lib/ruby/gems/3.0.0/gems/faker-2.20.0/lib/locales/en/currency.yml&quot;, &quot;/home/nameless_ghoul/.rbenv/versions/3.0.0/lib/ruby/gems/3.0.0/gems/faker-2.20.0/lib/locales/en/dc_comics.yml&quot;, &quot;/home/nameless_ghoul/.rbenv/versions/3.0.0/lib/ruby/gems/3.0.0/gems/faker-2.20.0/lib/locales/en/demographic.yml&quot;, &quot;/home/nameless_ghoul/.rbenv/versions/3.0.0/lib/ruby/gems/3.0.0/gems/faker-2.20.0/lib/locales/en/departed.yml&quot;, &quot;/home/nameless_ghoul/.rbenv/versions/3.0.0/lib/ruby/gems/3.0.0/gems/faker-2.20.0/lib/locales/en/dessert.yml&quot;, &quot;/home/nameless_ghoul/.rbenv/versions/3.0.0/lib/ruby/gems/3.0.0/gems/faker-2.20.0/lib/locales/en/device.yml&quot;, &quot;/home/nameless_ghoul/.rbenv/versions/3.0.0/lib/ruby/gems/3.0.0/gems/faker-2.20.0/lib/locales/en/dnd.yml&quot;, &quot;/home/nameless_ghoul/.rbenv/versions/3.0.0/lib/ruby/gems/3.0.0/gems/faker-2.20.0/lib/locales/en/dog.yml&quot;, &quot;/home/nameless_ghoul/.rbenv/versions/3.0.0/lib/ruby/gems/3.0.0/gems/faker-2.20.0/lib/locales/en/doraemon.yml&quot;, &quot;/home/nameless_ghoul/.rbenv/versions/3.0.0/lib/ruby/gems/3.0.0/gems/faker-2.20.0/lib/locales/en/dota.yml&quot;, &quot;/home/nameless_ghoul/.rbenv/versions/3.0.0/lib/ruby/gems/3.0.0/gems/faker-2.20.0/lib/locales/en/dr_who.yml&quot;, &quot;/home/nameless_ghoul/.rbenv/versions/3.0.0/lib/ruby/gems/3.0.0/gems/faker-2.20.0/lib/locales/en/dragon_ball.yml&quot;, &quot;/home/nameless_ghoul/.rbenv/versions/3.0.0/lib/ruby/gems/3.0.0/gems/faker-2.20.0/lib/locales/en/driving_license.yml&quot;, &quot;/home/nameless_ghoul/.rbenv/versions/3.0.0/lib/ruby/gems/3.0.0/gems/faker-2.20.0/lib/locales/en/drone.yml&quot;, &quot;/home/nameless_ghoul/.rbenv/versions/3.0.0/lib/ruby/gems/3.0.0/gems/faker-2.20.0/lib/locales/en/dumb_and_dumber.yml&quot;, &quot;/home/nameless_ghoul/.rbenv/versions/3.0.0/lib/ruby/gems/3.0.0/gems/faker-2.20.0/lib/locales/en/dune.yml&quot;, &quot;/home/nameless_ghoul/.rbenv/versions/3.0.0/lib/ruby/gems/3.0.0/gems/faker-2.20.0/lib/locales/en/educator.yml&quot;, &quot;/home/nameless_ghoul/.rbenv/versions/3.0.0/lib/ruby/gems/3.0.0/gems/faker-2.20.0/lib/locales/en/elder_scrolls.yml&quot;, &quot;/home/nameless_ghoul/.rbenv/versions/3.0.0/lib/ruby/gems/3.0.0/gems/faker-2.20.0/lib/locales/en/electrical_components.yml&quot;, &quot;/home/nameless_ghoul/.rbenv/versions/3.0.0/lib/ruby/gems/3.0.0/gems/faker-2.20.0/lib/locales/en/emotion.yml&quot;, &quot;/home/nameless_ghoul/.rbenv/versions/3.0.0/lib/ruby/gems/3.0.0/gems/faker-2.20.0/lib/locales/en/esport.yml&quot;, &quot;/home/nameless_ghoul/.rbenv/versions/3.0.0/lib/ruby/gems/3.0.0/gems/faker-2.20.0/lib/locales/en/fallout.yml&quot;, &quot;/home/nameless_ghoul/.rbenv/versions/3.0.0/lib/ruby/gems/3.0.0/gems/faker-2.20.0/lib/locales/en/family_guy.yml&quot;, &quot;/home/nameless_ghoul/.rbenv/versions/3.0.0/lib/ruby/gems/3.0.0/gems/faker-2.20.0/lib/locales/en/file.yml&quot;, &quot;/home/nameless_ghoul/.rbenv/versions/3.0.0/lib/ruby/gems/3.0.0/gems/faker-2.20.0/lib/locales/en/final_space.yml&quot;, &quot;/home/nameless_ghoul/.rbenv/versions/3.0.0/lib/ruby/gems/3.0.0/gems/faker-2.20.0/lib/locales/en/finance.yml&quot;, &quot;/home/nameless_ghoul/.rbenv/versions/3.0.0/lib/ruby/gems/3.0.0/gems/faker-2.20.0/lib/locales/en/fma_brotherhood.yml&quot;, &quot;/home/nameless_ghoul/.rbenv/versions/3.0.0/lib/ruby/gems/3.0.0/gems/faker-2.20.0/lib/locales/en/food.yml&quot;, &quot;/home/nameless_ghoul/.rbenv/versions/3.0.0/lib/ruby/gems/3.0.0/gems/faker-2.20.0/lib/locales/en/football.yml&quot;, &quot;/home/nameless_ghoul/.rbenv/versions/3.0.0/lib/ruby/gems/3.0.0/gems/faker-2.20.0/lib/locales/en/fresh_prince_of_bel_air.yml&quot;, &quot;/home/nameless_ghoul/.rbenv/versions/3.0.0/lib/ruby/gems/3.0.0/gems/faker-2.20.0/lib/locales/en/friends.yml&quot;, &quot;/home/nameless_ghoul/.rbenv/versions/3.0.0/lib/ruby/gems/3.0.0/gems/faker-2.20.0/lib/locales/en/funny_name.yml&quot;, &quot;/home/nameless_ghoul/.rbenv/versions/3.0.0/lib/ruby/gems/3.0.0/gems/faker-2.20.0/lib/locales/en/futurama.yml&quot;, &quot;/home/nameless_ghoul/.rbenv/versions/3.0.0/lib/ruby/gems/3.0.0/gems/faker-2.20.0/lib/locales/en/game.yml&quot;, &quot;/home/nameless_ghoul/.rbenv/versions/3.0.0/lib/ruby/gems/3.0.0/gems/faker-2.20.0/lib/locales/en/game_of_thrones.yml&quot;, &quot;/home/nameless_ghoul/.rbenv/versions/3.0.0/lib/ruby/gems/3.0.0/gems/faker-2.20.0/lib/locales/en/gender.yml&quot;, &quot;/home/nameless_ghoul/.rbenv/versions/3.0.0/lib/ruby/gems/3.0.0/gems/faker-2.20.0/lib/locales/en/ghostbusters.yml&quot;, &quot;/home/nameless_ghoul/.rbenv/versions/3.0.0/lib/ruby/gems/3.0.0/gems/faker-2.20.0/lib/locales/en/grateful_dead.yml&quot;, &quot;/home/nameless_ghoul/.rbenv/versions/3.0.0/lib/ruby/gems/3.0.0/gems/faker-2.20.0/lib/locales/en/greek_philosophers.yml&quot;, &quot;/home/nameless_ghoul/.rbenv/versions/3.0.0/lib/ruby/gems/3.0.0/gems/faker-2.20.0/lib/locales/en/hacker.yml&quot;, &quot;/home/nameless_ghoul/.rbenv/versions/3.0.0/lib/ruby/gems/3.0.0/gems/faker-2.20.0/lib/locales/en/half_life.yml&quot;, &quot;/home/nameless_ghoul/.rbenv/versions/3.0.0/lib/ruby/gems/3.0.0/gems/faker-2.20.0/lib/locales/en/harry_potter.yml&quot;, &quot;/home/nameless_ghoul/.rbenv/versions/3.0.0/lib/ruby/gems/3.0.0/gems/faker-2.20.0/lib/locales/en/heroes.yml&quot;, &quot;/home/nameless_ghoul/.rbenv/versions/3.0.0/lib/ruby/gems/3.0.0/gems/faker-2.20.0/lib/locales/en/heroes_of_the_storm.yml&quot;, &quot;/home/nameless_ghoul/.rbenv/versions/3.0.0/lib/ruby/gems/3.0.0/gems/faker-2.20.0/lib/locales/en/hey_arnold.yml&quot;, &quot;/home/nameless_ghoul/.rbenv/versions/3.0.0/lib/ruby/gems/3.0.0/gems/faker-2.20.0/lib/locales/en/hipster.yml&quot;, &quot;/home/nameless_ghoul/.rbenv/versions/3.0.0/lib/ruby/gems/3.0.0/gems/faker-2.20.0/lib/locales/en/hitchhikers_guide_to_the_galaxy.yml&quot;, &quot;/home/nameless_ghoul/.rbenv/versions/3.0.0/lib/ruby/gems/3.0.0/gems/faker-2.20.0/lib/locales/en/hobby.yml&quot;, &quot;/home/nameless_ghoul/.rbenv/versions/3.0.0/lib/ruby/gems/3.0.0/gems/faker-2.20.0/lib/locales/en/horse.yml&quot;, &quot;/home/nameless_ghoul/.rbenv/versions/3.0.0/lib/ruby/gems/3.0.0/gems/faker-2.20.0/lib/locales/en/house.yml&quot;, &quot;/home/nameless_ghoul/.rbenv/versions/3.0.0/lib/ruby/gems/3.0.0/gems/faker-2.20.0/lib/locales/en/how_i_met_your_mother.yml&quot;, &quot;/home/nameless_ghoul/.rbenv/versions/3.0.0/lib/ruby/gems/3.0.0/gems/faker-2.20.0/lib/locales/en/how_to_train_your_dragon.yml&quot;, &quot;/home/nameless_ghoul/.rbenv/versions/3.0.0/lib/ruby/gems/3.0.0/gems/faker-2.20.0/lib/locales/en/id_number.yml&quot;, &quot;/home/nameless_ghoul/.rbenv/versions/3.0.0/lib/ruby/gems/3.0.0/gems/faker-2.20.0/lib/locales/en/industry_segments.yml&quot;, &quot;/home/nameless_ghoul/.rbenv/versions/3.0.0/lib/ruby/gems/3.0.0/gems/faker-2.20.0/lib/locales/en/internet.yml&quot;, &quot;/home/nameless_ghoul/.rbenv/versions/3.0.0/lib/ruby/gems/3.0.0/gems/faker-2.20.0/lib/locales/en/invoice.yml&quot;, &quot;/home/nameless_ghoul/.rbenv/versions/3.0.0/lib/ruby/gems/3.0.0/gems/faker-2.20.0/lib/locales/en/jack_handey.yml&quot;, &quot;/home/nameless_ghoul/.rbenv/versions/3.0.0/lib/ruby/gems/3.0.0/gems/faker-2.20.0/lib/locales/en/job.yml&quot;, &quot;/home/nameless_ghoul/.rbenv/versions/3.0.0/lib/ruby/gems/3.0.0/gems/faker-2.20.0/lib/locales/en/kamen_rider.yml&quot;, &quot;/home/nameless_ghoul/.rbenv/versions/3.0.0/lib/ruby/gems/3.0.0/gems/faker-2.20.0/lib/locales/en/kpop.yml&quot;, &quot;/home/nameless_ghoul/.rbenv/versions/3.0.0/lib/ruby/gems/3.0.0/gems/faker-2.20.0/lib/locales/en/league_of_legends.yml&quot;, &quot;/home/nameless_ghoul/.rbenv/versions/3.0.0/lib/ruby/gems/3.0.0/gems/faker-2.20.0/lib/locales/en/lebowski.yml&quot;, &quot;/home/nameless_ghoul/.rbenv/versions/3.0.0/lib/ruby/gems/3.0.0/gems/faker-2.20.0/lib/locales/en/lorem.yml&quot;, &quot;/home/nameless_ghoul/.rbenv/versions/3.0.0/lib/ruby/gems/3.0.0/gems/faker-2.20.0/lib/locales/en/lovecraft.yml&quot;, &quot;/home/nameless_ghoul/.rbenv/versions/3.0.0/lib/ruby/gems/3.0.0/gems/faker-2.20.0/lib/locales/en/markdown.yml&quot;, &quot;/home/nameless_ghoul/.rbenv/versions/3.0.0/lib/ruby/gems/3.0.0/gems/faker-2.20.0/lib/locales/en/marketing.yml&quot;, &quot;/home/nameless_ghoul/.rbenv/versions/3.0.0/lib/ruby/gems/3.0.0/gems/faker-2.20.0/lib/locales/en/measurement.yml&quot;, &quot;/home/nameless_ghoul/.rbenv/versions/3.0.0/lib/ruby/gems/3.0.0/gems/faker-2.20.0/lib/locales/en/michael_scott.yml&quot;, &quot;/home/nameless_ghoul/.rbenv/versions/3.0.0/lib/ruby/gems/3.0.0/gems/faker-2.20.0/lib/locales/en/military.yml&quot;, &quot;/home/nameless_ghoul/.rbenv/versions/3.0.0/lib/ruby/gems/3.0.0/gems/faker-2.20.0/lib/locales/en/minecraft.yml&quot;, &quot;/home/nameless_ghoul/.rbenv/versions/3.0.0/lib/ruby/gems/3.0.0/gems/faker-2.20.0/lib/locales/en/mountain.yml&quot;, &quot;/home/nameless_ghoul/.rbenv/versions/3.0.0/lib/ruby/gems/3.0.0/gems/faker-2.20.0/lib/locales/en/movie.yml&quot;, &quot;/home/nameless_ghoul/.rbenv/versions/3.0.0/lib/ruby/gems/3.0.0/gems/faker-2.20.0/lib/locales/en/music.yml&quot;, &quot;/home/nameless_ghoul/.rbenv/versions/3.0.0/lib/ruby/gems/3.0.0/gems/faker-2.20.0/lib/locales/en/myst.yml&quot;, &quot;/home/nameless_ghoul/.rbenv/versions/3.0.0/lib/ruby/gems/3.0.0/gems/faker-2.20.0/lib/locales/en/name.yml&quot;, &quot;/home/nameless_ghoul/.rbenv/versions/3.0.0/lib/ruby/gems/3.0.0/gems/faker-2.20.0/lib/locales/en/naruto.yml&quot;, &quot;/home/nameless_ghoul/.rbenv/versions/3.0.0/lib/ruby/gems/3.0.0/gems/faker-2.20.0/lib/locales/en/nation.yml&quot;, &quot;/home/nameless_ghoul/.rbenv/versions/3.0.0/lib/ruby/gems/3.0.0/gems/faker-2.20.0/lib/locales/en/nato_phonetic_alphabet.yml&quot;, &quot;/home/nameless_ghoul/.rbenv/versions/3.0.0/lib/ruby/gems/3.0.0/gems/faker-2.20.0/lib/locales/en/new_girl.yml&quot;, &quot;/home/nameless_ghoul/.rbenv/versions/3.0.0/lib/ruby/gems/3.0.0/gems/faker-2.20.0/lib/locales/en/one_piece.yml&quot;, &quot;/home/nameless_ghoul/.rbenv/versions/3.0.0/lib/ruby/gems/3.0.0/gems/faker-2.20.0/lib/locales/en/opera.yml&quot;, &quot;/home/nameless_ghoul/.rbenv/versions/3.0.0/lib/ruby/gems/3.0.0/gems/faker-2.20.0/lib/locales/en/overwatch.yml&quot;, &quot;/home/nameless_ghoul/.rbenv/versions/3.0.0/lib/ruby/gems/3.0.0/gems/faker-2.20.0/lib/locales/en/parks_and_rec.yml&quot;, &quot;/home/nameless_ghoul/.rbenv/versions/3.0.0/lib/ruby/gems/3.0.0/gems/faker-2.20.0/lib/locales/en/pearl_jam.yml&quot;, &quot;/home/nameless_ghoul/.rbenv/versions/3.0.0/lib/ruby/gems/3.0.0/gems/faker-2.20.0/lib/locales/en/phish.yml&quot;, &quot;/home/nameless_ghoul/.rbenv/versions/3.0.0/lib/ruby/gems/3.0.0/gems/faker-2.20.0/lib/locales/en/phone_number.yml&quot;, &quot;/home/nameless_ghoul/.rbenv/versions/3.0.0/lib/ruby/gems/3.0.0/gems/faker-2.20.0/lib/locales/en/pokemon.yml&quot;, &quot;/home/nameless_ghoul/.rbenv/versions/3.0.0/lib/ruby/gems/3.0.0/gems/faker-2.20.0/lib/locales/en/prince.yml&quot;, &quot;/home/nameless_ghoul/.rbenv/versions/3.0.0/lib/ruby/gems/3.0.0/gems/faker-2.20.0/lib/locales/en/princess_bride.yml&quot;, &quot;/home/nameless_ghoul/.rbenv/versions/3.0.0/lib/ruby/gems/3.0.0/gems/faker-2.20.0/lib/locales/en/programming_language.yml&quot;, &quot;/home/nameless_ghoul/.rbenv/versions/3.0.0/lib/ruby/gems/3.0.0/gems/faker-2.20.0/lib/locales/en/quote.yml&quot;, &quot;/home/nameless_ghoul/.rbenv/versions/3.0.0/lib/ruby/gems/3.0.0/gems/faker-2.20.0/lib/locales/en/rajnikanth.yml&quot;, &quot;/home/nameless_ghoul/.rbenv/versions/3.0.0/lib/ruby/gems/3.0.0/gems/faker-2.20.0/lib/locales/en/relationship.yml&quot;, &quot;/home/nameless_ghoul/.rbenv/versions/3.0.0/lib/ruby/gems/3.0.0/gems/faker-2.20.0/lib/locales/en/restaurant.yml&quot;, &quot;/home/nameless_ghoul/.rbenv/versions/3.0.0/lib/ruby/gems/3.0.0/gems/faker-2.20.0/lib/locales/en/rick_and_morty.yml&quot;, &quot;/home/nameless_ghoul/.rbenv/versions/3.0.0/lib/ruby/gems/3.0.0/gems/faker-2.20.0/lib/locales/en/rock_band.yml&quot;, &quot;/home/nameless_ghoul/.rbenv/versions/3.0.0/lib/ruby/gems/3.0.0/gems/faker-2.20.0/lib/locales/en/room.yml&quot;, &quot;/home/nameless_ghoul/.rbenv/versions/3.0.0/lib/ruby/gems/3.0.0/gems/faker-2.20.0/lib/locales/en/rupaul.yml&quot;, &quot;/home/nameless_ghoul/.rbenv/versions/3.0.0/lib/ruby/gems/3.0.0/gems/faker-2.20.0/lib/locales/en/rush.yml&quot;, &quot;/home/nameless_ghoul/.rbenv/versions/3.0.0/lib/ruby/gems/3.0.0/gems/faker-2.20.0/lib/locales/en/science.yml&quot;, &quot;/home/nameless_ghoul/.rbenv/versions/3.0.0/lib/ruby/gems/3.0.0/gems/faker-2.20.0/lib/locales/en/seinfeld.yml&quot;, &quot;/home/nameless_ghoul/.rbenv/versions/3.0.0/lib/ruby/gems/3.0.0/gems/faker-2.20.0/lib/locales/en/shakespeare.yml&quot;, &quot;/home/nameless_ghoul/.rbenv/versions/3.0.0/lib/ruby/gems/3.0.0/gems/faker-2.20.0/lib/locales/en/show.yml&quot;, &quot;/home/nameless_ghoul/.rbenv/versions/3.0.0/lib/ruby/gems/3.0.0/gems/faker-2.20.0/lib/locales/en/silicon_valley.yml&quot;, &quot;/home/nameless_ghoul/.rbenv/versions/3.0.0/lib/ruby/gems/3.0.0/gems/faker-2.20.0/lib/locales/en/simpsons.yml&quot;, &quot;/home/nameless_ghoul/.rbenv/versions/3.0.0/lib/ruby/gems/3.0.0/gems/faker-2.20.0/lib/locales/en/slack_emoji.yml&quot;, &quot;/home/nameless_ghoul/.rbenv/versions/3.0.0/lib/ruby/gems/3.0.0/gems/faker-2.20.0/lib/locales/en/sonic_the_hedgehog.yml&quot;, &quot;/home/nameless_ghoul/.rbenv/versions/3.0.0/lib/ruby/gems/3.0.0/gems/faker-2.20.0/lib/locales/en/source.yml&quot;, &quot;/home/nameless_ghoul/.rbenv/versions/3.0.0/lib/ruby/gems/3.0.0/gems/faker-2.20.0/lib/locales/en/south_park.yml&quot;, &quot;/home/nameless_ghoul/.rbenv/versions/3.0.0/lib/ruby/gems/3.0.0/gems/faker-2.20.0/lib/locales/en/space.yml&quot;, &quot;/home/nameless_ghoul/.rbenv/versions/3.0.0/lib/ruby/gems/3.0.0/gems/faker-2.20.0/lib/locales/en/star_trek.yml&quot;, &quot;/home/nameless_ghoul/.rbenv/versions/3.0.0/lib/ruby/gems/3.0.0/gems/faker-2.20.0/lib/locales/en/star_wars.yml&quot;, &quot;/home/nameless_ghoul/.rbenv/versions/3.0.0/lib/ruby/gems/3.0.0/gems/faker-2.20.0/lib/locales/en/stargate.yml&quot;, &quot;/home/nameless_ghoul/.rbenv/versions/3.0.0/lib/ruby/gems/3.0.0/gems/faker-2.20.0/lib/locales/en/stranger_thing.yml&quot;, &quot;/home/nameless_ghoul/.rbenv/versions/3.0.0/lib/ruby/gems/3.0.0/gems/faker-2.20.0/lib/locales/en/street_fighter.yml&quot;, &quot;/home/nameless_ghoul/.rbenv/versions/3.0.0/lib/ruby/gems/3.0.0/gems/faker-2.20.0/lib/locales/en/stripe.yml&quot;, &quot;/home/nameless_ghoul/.rbenv/versions/3.0.0/lib/ruby/gems/3.0.0/gems/faker-2.20.0/lib/locales/en/studio_ghibli.yml&quot;, &quot;/home/nameless_ghoul/.rbenv/versions/3.0.0/lib/ruby/gems/3.0.0/gems/faker-2.20.0/lib/locales/en/subscription.yml&quot;, &quot;/home/nameless_ghoul/.rbenv/versions/3.0.0/lib/ruby/gems/3.0.0/gems/faker-2.20.0/lib/locales/en/suits.yml&quot;, &quot;/home/nameless_ghoul/.rbenv/versions/3.0.0/lib/ruby/gems/3.0.0/gems/faker-2.20.0/lib/locales/en/super_mario.yml&quot;, &quot;/home/nameless_ghoul/.rbenv/versions/3.0.0/lib/ruby/gems/3.0.0/gems/faker-2.20.0/lib/locales/en/super_smash_bros.yml&quot;, &quot;/home/nameless_ghoul/.rbenv/versions/3.0.0/lib/ruby/gems/3.0.0/gems/faker-2.20.0/lib/locales/en/superhero.yml&quot;, &quot;/home/nameless_ghoul/.rbenv/versions/3.0.0/lib/ruby/gems/3.0.0/gems/faker-2.20.0/lib/locales/en/supernatural.yml&quot;, &quot;/home/nameless_ghoul/.rbenv/versions/3.0.0/lib/ruby/gems/3.0.0/gems/faker-2.20.0/lib/locales/en/sword_art_online.yml&quot;, &quot;/home/nameless_ghoul/.rbenv/versions/3.0.0/lib/ruby/gems/3.0.0/gems/faker-2.20.0/lib/locales/en/tea.yml&quot;, &quot;/home/nameless_ghoul/.rbenv/versions/3.0.0/lib/ruby/gems/3.0.0/gems/faker-2.20.0/lib/locales/en/team.yml&quot;, &quot;/home/nameless_ghoul/.rbenv/versions/3.0.0/lib/ruby/gems/3.0.0/gems/faker-2.20.0/lib/locales/en/the_expanse.yml&quot;, &quot;/home/nameless_ghoul/.rbenv/versions/3.0.0/lib/ruby/gems/3.0.0/gems/faker-2.20.0/lib/locales/en/the_it_crowd.yml&quot;, &quot;/home/nameless_ghoul/.rbenv/versions/3.0.0/lib/ruby/gems/3.0.0/gems/faker-2.20.0/lib/locales/en/the_kingkiller_chronicle.yml&quot;, &quot;/home/nameless_ghoul/.rbenv/versions/3.0.0/lib/ruby/gems/3.0.0/gems/faker-2.20.0/lib/locales/en/the_office.yml&quot;, &quot;/home/nameless_ghoul/.rbenv/versions/3.0.0/lib/ruby/gems/3.0.0/gems/faker-2.20.0/lib/locales/en/the_thick_of_it.yml&quot;, &quot;/home/nameless_ghoul/.rbenv/versions/3.0.0/lib/ruby/gems/3.0.0/gems/faker-2.20.0/lib/locales/en/tolkien.yml&quot;, &quot;/home/nameless_ghoul/.rbenv/versions/3.0.0/lib/ruby/gems/3.0.0/gems/faker-2.20.0/lib/locales/en/touhou.yml&quot;, &quot;/home/nameless_ghoul/.rbenv/versions/3.0.0/lib/ruby/gems/3.0.0/gems/faker-2.20.0/lib/locales/en/twin_peaks.yml&quot;, &quot;/home/nameless_ghoul/.rbenv/versions/3.0.0/lib/ruby/gems/3.0.0/gems/faker-2.20.0/lib/locales/en/umphreys_mcgee.yml&quot;, &quot;/home/nameless_ghoul/.rbenv/versions/3.0.0/lib/ruby/gems/3.0.0/gems/faker-2.20.0/lib/locales/en/university.yml&quot;, &quot;/home/nameless_ghoul/.rbenv/versions/3.0.0/lib/ruby/gems/3.0.0/gems/faker-2.20.0/lib/locales/en/v_for_vendetta.yml&quot;, &quot;/home/nameless_ghoul/.rbenv/versions/3.0.0/lib/ruby/gems/3.0.0/gems/faker-2.20.0/lib/locales/en/vehicle.yml&quot;, &quot;/home/nameless_ghoul/.rbenv/versions/3.0.0/lib/ruby/gems/3.0.0/gems/faker-2.20.0/lib/locales/en/venture_bros.yml&quot;, &quot;/home/nameless_ghoul/.rbenv/versions/3.0.0/lib/ruby/gems/3.0.0/gems/faker-2.20.0/lib/locales/en/verbs.yml&quot;, &quot;/home/nameless_ghoul/.rbenv/versions/3.0.0/lib/ruby/gems/3.0.0/gems/faker-2.20.0/lib/locales/en/volleyball.yml&quot;, &quot;/home/nameless_ghoul/.rbenv/versions/3.0.0/lib/ruby/gems/3.0.0/gems/faker-2.20.0/lib/locales/en/warhammer_fantasy.yml&quot;, &quot;/home/nameless_ghoul/.rbenv/versions/3.0.0/lib/ruby/gems/3.0.0/gems/faker-2.20.0/lib/locales/en/witcher.yml&quot;, &quot;/home/nameless_ghoul/.rbenv/versions/3.0.0/lib/ruby/gems/3.0.0/gems/faker-2.20.0/lib/locales/en/world_cup.yml&quot;, &quot;/home/nameless_ghoul/.rbenv/versions/3.0.0/lib/ruby/gems/3.0.0/gems/faker-2.20.0/lib/locales/en/world_of_warcraft.yml&quot;, &quot;/home/nameless_ghoul/.rbenv/versions/3.0.0/lib/ruby/gems/3.0.0/gems/faker-2.20.0/lib/locales/en/yoda.yml&quot;, &quot;/home/nameless_ghoul/.rbenv/versions/3.0.0/lib/ruby/gems/3.0.0/gems/faker-2.20.0/lib/locales/en/zelda.yml&quot;, &quot;/home/nameless_ghoul/.rbenv/versions/3.0.0/lib/ruby/gems/3.0.0/gems/faker-2.20.0/lib/locales/en-AU.yml&quot;, &quot;/home/nameless_ghoul/.rbenv/versions/3.0.0/lib/ruby/gems/3.0.0/gems/faker-2.20.0/lib/locales/en-BORK.yml&quot;, &quot;/home/nameless_ghoul/.rbenv/versions/3.0.0/lib/ruby/gems/3.0.0/gems/faker-2.20.0/lib/locales/en-CA.yml&quot;, &quot;/home/nameless_ghoul/.rbenv/versions/3.0.0/lib/ruby/gems/3.0.0/gems/faker-2.20.0/lib/locales/en-GB.yml&quot;, &quot;/home/nameless_ghoul/.rbenv/versions/3.0.0/lib/ruby/gems/3.0.0/gems/faker-2.20.0/lib/locales/en-IND.yml&quot;, &quot;/home/nameless_ghoul/.rbenv/versions/3.0.0/lib/ruby/gems/3.0.0/gems/faker-2.20.0/lib/locales/en-MS.yml&quot;, &quot;/home/nameless_ghoul/.rbenv/versions/3.0.0/lib/ruby/gems/3.0.0/gems/faker-2.20.0/lib/locales/en-NEP.yml&quot;, &quot;/home/nameless_ghoul/.rbenv/versions/3.0.0/lib/ruby/gems/3.0.0/gems/faker-2.20.0/lib/locales/en-NG.yml&quot;, &quot;/home/nameless_ghoul/.rbenv/versions/3.0.0/lib/ruby/gems/3.0.0/gems/faker-2.20.0/lib/locales/en-NZ.yml&quot;, &quot;/home/nameless_ghoul/.rbenv/versions/3.0.0/lib/ruby/gems/3.0.0/gems/faker-2.20.0/lib/locales/en-PAK.yml&quot;, &quot;/home/nameless_ghoul/.rbenv/versions/3.0.0/lib/ruby/gems/3.0.0/gems/faker-2.20.0/lib/locales/en-SG.yml&quot;, &quot;/home/nameless_ghoul/.rbenv/versions/3.0.0/lib/ruby/gems/3.0.0/gems/faker-2.20.0/lib/locales/en-TH.yml&quot;, &quot;/home/nameless_ghoul/.rbenv/versions/3.0.0/lib/ruby/gems/3.0.0/gems/faker-2.20.0/lib/locales/en-UG.yml&quot;, &quot;/home/nameless_ghoul/.rbenv/versions/3.0.0/lib/ruby/gems/3.0.0/gems/faker-2.20.0/lib/locales/en-US.yml&quot;, &quot;/home/nameless_ghoul/.rbenv/versions/3.0.0/lib/ruby/gems/3.0.0/gems/faker-2.20.0/lib/locales/en-ZA.yml&quot;, &quot;/home/nameless_ghoul/.rbenv/versions/3.0.0/lib/ruby/gems/3.0.0/gems/faker-2.20.0/lib/locales/en-au-ocker.yml&quot;, &quot;/home/nameless_ghoul/.rbenv/versions/3.0.0/lib/ruby/gems/3.0.0/gems/faker-2.20.0/lib/locales/en.yml&quot;, &quot;/home/nameless_ghoul/.rbenv/versions/3.0.0/lib/ruby/gems/3.0.0/gems/faker-2.20.0/lib/locales/es-AR.yml&quot;, &quot;/home/nameless_ghoul/.rbenv/versions/3.0.0/lib/ruby/gems/3.0.0/gems/faker-2.20.0/lib/locales/es-MX.yml&quot;, &quot;/home/nameless_ghoul/.rbenv/versions/3.0.0/lib/ruby/gems/3.0.0/gems/faker-2.20.0/lib/locales/es.yml&quot;, &quot;/home/nameless_ghoul/.rbenv/versions/3.0.0/lib/ruby/gems/3.0.0/gems/faker-2.20.0/lib/locales/fa.yml&quot;, &quot;/home/nameless_ghoul/.rbenv/versions/3.0.0/lib/ruby/gems/3.0.0/gems/faker-2.20.0/lib/locales/fi-FI.yml&quot;, &quot;/home/nameless_ghoul/.rbenv/versions/3.0.0/lib/ruby/gems/3.0.0/gems/faker-2.20.0/lib/locales/fr/address.yml&quot;, &quot;/home/nameless_ghoul/.rbenv/versions/3.0.0/lib/ruby/gems/3.0.0/gems/faker-2.20.0/lib/locales/fr/animal.yml&quot;, &quot;/home/nameless_ghoul/.rbenv/versions/3.0.0/lib/ruby/gems/3.0.0/gems/faker-2.20.0/lib/locales/fr/appliance.yml&quot;, &quot;/home/nameless_ghoul/.rbenv/versions/3.0.0/lib/ruby/gems/3.0.0/gems/faker-2.20.0/lib/locales/fr/book.yml&quot;, &quot;/home/nameless_ghoul/.rbenv/versions/3.0.0/lib/ruby/gems/3.0.0/gems/faker-2.20.0/lib/locales/fr/color.yml&quot;, &quot;/home/nameless_ghoul/.rbenv/versions/3.0.0/lib/ruby/gems/3.0.0/gems/faker-2.20.0/lib/locales/fr/company.yml&quot;, &quot;/home/nameless_ghoul/.rbenv/versions/3.0.0/lib/ruby/gems/3.0.0/gems/faker-2.20.0/lib/locales/fr/compass.yml&quot;, &quot;/home/nameless_ghoul/.rbenv/versions/3.0.0/lib/ruby/gems/3.0.0/gems/faker-2.20.0/lib/locales/fr/demographic.yml&quot;, &quot;/home/nameless_ghoul/.rbenv/versions/3.0.0/lib/ruby/gems/3.0.0/gems/faker-2.20.0/lib/locales/fr/gender.yml&quot;, &quot;/home/nameless_ghoul/.rbenv/versions/3.0.0/lib/ruby/gems/3.0.0/gems/faker-2.20.0/lib/locales/fr/internet.yml&quot;, &quot;/home/nameless_ghoul/.rbenv/versions/3.0.0/lib/ruby/gems/3.0.0/gems/faker-2.20.0/lib/locales/fr/lorem.yml&quot;, &quot;/home/nameless_ghoul/.rbenv/versions/3.0.0/lib/ruby/gems/3.0.0/gems/faker-2.20.0/lib/locales/fr/measurement.yml&quot;, &quot;/home/nameless_ghoul/.rbenv/versions/3.0.0/lib/ruby/gems/3.0.0/gems/faker-2.20.0/lib/locales/fr/name.yml&quot;, &quot;/home/nameless_ghoul/.rbenv/versions/3.0.0/lib/ruby/gems/3.0.0/gems/faker-2.20.0/lib/locales/fr/phone_number.yml&quot;, &quot;/home/nameless_ghoul/.rbenv/versions/3.0.0/lib/ruby/gems/3.0.0/gems/faker-2.20.0/lib/locales/fr/pokemon.yml&quot;, &quot;/home/nameless_ghoul/.rbenv/versions/3.0.0/lib/ruby/gems/3.0.0/gems/faker-2.20.0/lib/locales/fr-CA.yml&quot;, &quot;/home/nameless_ghoul/.rbenv/versions/3.0.0/lib/ruby/gems/3.0.0/gems/faker-2.20.0/lib/locales/fr-CH.yml&quot;, &quot;/home/nameless_ghoul/.rbenv/versions/3.0.0/lib/ruby/gems/3.0.0/gems/faker-2.20.0/lib/locales/fr.yml&quot;, &quot;/home/nameless_ghoul/.rbenv/versions/3.0.0/lib/ruby/gems/3.0.0/gems/faker-2.20.0/lib/locales/he.yml&quot;, &quot;/home/nameless_ghoul/.rbenv/versions/3.0.0/lib/ruby/gems/3.0.0/gems/faker-2.20.0/lib/locales/hy.yml&quot;, &quot;/home/nameless_ghoul/.rbenv/versions/3.0.0/lib/ruby/gems/3.0.0/gems/faker-2.20.0/lib/locales/id.yml&quot;, &quot;/home/nameless_ghoul/.rbenv/versions/3.0.0/lib/ruby/gems/3.0.0/gems/faker-2.20.0/lib/locales/it.yml&quot;, &quot;/home/nameless_ghoul/.rbenv/versions/3.0.0/lib/ruby/gems/3.0.0/gems/faker-2.20.0/lib/locales/ja/address.yml&quot;, &quot;/home/nameless_ghoul/.rbenv/versions/3.0.0/lib/ruby/gems/3.0.0/gems/faker-2.20.0/lib/locales/ja/ancient.yml&quot;, &quot;/home/nameless_ghoul/.rbenv/versions/3.0.0/lib/ruby/gems/3.0.0/gems/faker-2.20.0/lib/locales/ja/animal.yml&quot;, &quot;/home/nameless_ghoul/.rbenv/versions/3.0.0/lib/ruby/gems/3.0.0/gems/faker-2.20.0/lib/locales/ja/bank.yml&quot;, &quot;/home/nameless_ghoul/.rbenv/versions/3.0.0/lib/ruby/gems/3.0.0/gems/faker-2.20.0/lib/locales/ja/book.yml&quot;, &quot;/home/nameless_ghoul/.rbenv/versions/3.0.0/lib/ruby/gems/3.0.0/gems/faker-2.20.0/lib/locales/ja/cat.yml&quot;, &quot;/home/nameless_ghoul/.rbenv/versions/3.0.0/lib/ruby/gems/3.0.0/gems/faker-2.20.0/lib/locales/ja/coffee.yml&quot;, &quot;/home/nameless_ghoul/.rbenv/versions/3.0.0/lib/ruby/gems/3.0.0/gems/faker-2.20.0/lib/locales/ja/color.yml&quot;, &quot;/home/nameless_ghoul/.rbenv/versions/3.0.0/lib/ruby/gems/3.0.0/gems/faker-2.20.0/lib/locales/ja/commerce.yml&quot;, &quot;/home/nameless_ghoul/.rbenv/versions/3.0.0/lib/ruby/gems/3.0.0/gems/faker-2.20.0/lib/locales/ja/company.yml&quot;, &quot;/home/nameless_ghoul/.rbenv/versions/3.0.0/lib/ruby/gems/3.0.0/gems/faker-2.20.0/lib/locales/ja/dog.yml&quot;, &quot;/home/nameless_ghoul/.rbenv/versions/3.0.0/lib/ruby/gems/3.0.0/gems/faker-2.20.0/lib/locales/ja/food.yml&quot;, &quot;/home/nameless_ghoul/.rbenv/versions/3.0.0/lib/ruby/gems/3.0.0/gems/faker-2.20.0/lib/locales/ja/gender.yml&quot;, &quot;/home/nameless_ghoul/.rbenv/versions/3.0.0/lib/ruby/gems/3.0.0/gems/faker-2.20.0/lib/locales/ja/lorem.yml&quot;, &quot;/home/nameless_ghoul/.rbenv/versions/3.0.0/lib/ruby/gems/3.0.0/gems/faker-2.20.0/lib/locales/ja/name.yml&quot;, &quot;/home/nameless_ghoul/.rbenv/versions/3.0.0/lib/ruby/gems/3.0.0/gems/faker-2.20.0/lib/locales/ja/overwatch.yml&quot;, &quot;/home/nameless_ghoul/.rbenv/versions/3.0.0/lib/ruby/gems/3.0.0/gems/faker-2.20.0/lib/locales/ja/phone_number.yml&quot;, &quot;/home/nameless_ghoul/.rbenv/versions/3.0.0/lib/ruby/gems/3.0.0/gems/faker-2.20.0/lib/locales/ja/pokemon.yml&quot;, &quot;/home/nameless_ghoul/.rbenv/versions/3.0.0/lib/ruby/gems/3.0.0/gems/faker-2.20.0/lib/locales/ja/restaurant.yml&quot;, &quot;/home/nameless_ghoul/.rbenv/versions/3.0.0/lib/ruby/gems/3.0.0/gems/faker-2.20.0/lib/locales/ja/space.yml&quot;, &quot;/home/nameless_ghoul/.rbenv/versions/3.0.0/lib/ruby/gems/3.0.0/gems/faker-2.20.0/lib/locales/ja/studio_ghibli.yml&quot;, &quot;/home/nameless_ghoul/.rbenv/versions/3.0.0/lib/ruby/gems/3.0.0/gems/faker-2.20.0/lib/locales/ja/subscription.yml&quot;, &quot;/home/nameless_ghoul/.rbenv/versions/3.0.0/lib/ruby/gems/3.0.0/gems/faker-2.20.0/lib/locales/ja/super_mario.yml&quot;, &quot;/home/nameless_ghoul/.rbenv/versions/3.0.0/lib/ruby/gems/3.0.0/gems/faker-2.20.0/lib/locales/ja/super_smash_bros.yml&quot;, &quot;/home/nameless_ghoul/.rbenv/versions/3.0.0/lib/ruby/gems/3.0.0/gems/faker-2.20.0/lib/locales/ja/university.yml&quot;, &quot;/home/nameless_ghoul/.rbenv/versions/3.0.0/lib/ruby/gems/3.0.0/gems/faker-2.20.0/lib/locales/ja/zelda.yml&quot;, &quot;/home/nameless_ghoul/.rbenv/versions/3.0.0/lib/ruby/gems/3.0.0/gems/faker-2.20.0/lib/locales/ko.yml&quot;, &quot;/home/nameless_ghoul/.rbenv/versions/3.0.0/lib/ruby/gems/3.0.0/gems/faker-2.20.0/lib/locales/lt.yml&quot;, &quot;/home/nameless_ghoul/.rbenv/versions/3.0.0/lib/ruby/gems/3.0.0/gems/faker-2.20.0/lib/locales/lv.yml&quot;, &quot;/home/nameless_ghoul/.rbenv/versions/3.0.0/lib/ruby/gems/3.0.0/gems/faker-2.20.0/lib/locales/mi-NZ.yml&quot;, &quot;/home/nameless_ghoul/.rbenv/versions/3.0.0/lib/ruby/gems/3.0.0/gems/faker-2.20.0/lib/locales/nb-NO.yml&quot;, &quot;/home/nameless_ghoul/.rbenv/versions/3.0.0/lib/ruby/gems/3.0.0/gems/faker-2.20.0/lib/locales/nl.yml&quot;, &quot;/home/nameless_ghoul/.rbenv/versions/3.0.0/lib/ruby/gems/3.0.0/gems/faker-2.20.0/lib/locales/no.yml&quot;, &quot;/home/nameless_ghoul/.rbenv/versions/3.0.0/lib/ruby/gems/3.0.0/gems/faker-2.20.0/lib/locales/pl.yml&quot;, &quot;/home/nameless_ghoul/.rbenv/versions/3.0.0/lib/ruby/gems/3.0.0/gems/faker-2.20.0/lib/locales/pt-BR.yml&quot;, &quot;/home/nameless_ghoul/.rbenv/versions/3.0.0/lib/ruby/gems/3.0.0/gems/faker-2.20.0/lib/locales/pt.yml&quot;, &quot;/home/nameless_ghoul/.rbenv/versions/3.0.0/lib/ruby/gems/3.0.0/gems/faker-2.20.0/lib/locales/ru.yml&quot;, &quot;/home/nameless_ghoul/.rbenv/versions/3.0.0/lib/ruby/gems/3.0.0/gems/faker-2.20.0/lib/locales/sk.yml&quot;, &quot;/home/nameless_ghoul/.rbenv/versions/3.0.0/lib/ruby/gems/3.0.0/gems/faker-2.20.0/lib/locales/sv.yml&quot;, &quot;/home/nameless_ghoul/.rbenv/versions/3.0.0/lib/ruby/gems/3.0.0/gems/faker-2.20.0/lib/locales/th.yml&quot;, &quot;/home/nameless_ghoul/.rbenv/versions/3.0.0/lib/ruby/gems/3.0.0/gems/faker-2.20.0/lib/locales/tr.yml&quot;, &quot;/home/nameless_ghoul/.rbenv/versions/3.0.0/lib/ruby/gems/3.0.0/gems/faker-2.20.0/lib/locales/uk.yml&quot;, &quot;/home/nameless_ghoul/.rbenv/versions/3.0.0/lib/ruby/gems/3.0.0/gems/faker-2.20.0/lib/locales/vi.yml&quot;, &quot;/home/nameless_ghoul/.rbenv/versions/3.0.0/lib/ruby/gems/3.0.0/gems/faker-2.20.0/lib/locales/zh-CN.yml&quot;, &quot;/home/nameless_ghoul/.rbenv/versions/3.0.0/lib/ruby/gems/3.0.0/gems/faker-2.20.0/lib/locales/zh-TW.yml&quot;, &quot;/home/nameless_ghoul/.rbenv/versions/3.0.0/lib/ruby/gems/3.0.0/gems/will_paginate-3.3.1/lib/will_paginate/locale/en.yml&quot;, &quot;/home/nameless_ghoul/.rbenv/versions/3.0.0/lib/ruby/gems/3.0.0/gems/active_storage_validations-0.9.7/config/locales/de.yml&quot;, &quot;/home/nameless_ghoul/.rbenv/versions/3.0.0/lib/ruby/gems/3.0.0/gems/active_storage_validations-0.9.7/config/locales/en.yml&quot;, &quot;/home/nameless_ghoul/.rbenv/versions/3.0.0/lib/ruby/gems/3.0.0/gems/active_storage_validations-0.9.7/config/locales/es.yml&quot;, &quot;/home/nameless_ghoul/.rbenv/versions/3.0.0/lib/ruby/gems/3.0.0/gems/active_storage_validations-0.9.7/config/locales/fr.yml&quot;, &quot;/home/nameless_ghoul/.rbenv/versions/3.0.0/lib/ruby/gems/3.0.0/gems/active_storage_validations-0.9.7/config/locales/it.yml&quot;, &quot;/home/nameless_ghoul/.rbenv/versions/3.0.0/lib/ruby/gems/3.0.0/gems/active_storage_validations-0.9.7/config/locales/ja.yml&quot;, &quot;/home/nameless_ghoul/.rbenv/versions/3.0.0/lib/ruby/gems/3.0.0/gems/active_storage_validations-0.9.7/config/locales/nl.yml&quot;, &quot;/home/nameless_ghoul/.rbenv/versions/3.0.0/lib/ruby/gems/3.0.0/gems/active_storage_validations-0.9.7/config/locales/pl.yml&quot;, &quot;/home/nameless_ghoul/.rbenv/versions/3.0.0/lib/ruby/gems/3.0.0/gems/active_storage_validations-0.9.7/config/locales/pt-BR.yml&quot;, &quot;/home/nameless_ghoul/.rbenv/versions/3.0.0/lib/ruby/gems/3.0.0/gems/active_storage_validations-0.9.7/config/locales/ru.yml&quot;, &quot;/home/nameless_ghoul/.rbenv/versions/3.0.0/lib/ruby/gems/3.0.0/gems/active_storage_validations-0.9.7/config/locales/tr.yml&quot;, &quot;/home/nameless_ghoul/.rbenv/versions/3.0.0/lib/ruby/gems/3.0.0/gems/active_storage_validations-0.9.7/config/locales/uk.yml&quot;, &quot;/home/nameless_ghoul/.rbenv/versions/3.0.0/lib/ruby/gems/3.0.0/gems/active_storage_validations-0.9.7/config/locales/vi.yml&quot;, &quot;/home/nameless_ghoul/Documents/Work/LoudCloudPH/Learning/Learn Enough Projects/sample_app/config/locales/en.yml&quot;], @glob=&quot;{/home/nameless_ghoul/.rbenv/versions/3.0.0/lib/ruby/gems/3.0.0/gems/actionview-6.1.5/config/locales/**/*.{rb,yml},/home/nameless_ghoul/.rbenv/versions/3.0.0/lib/ruby/gems/3.0.0/gems/activestorage-6.1.5/config/locales/**/*.{rb,yml},/home/nameless_ghoul/.rbenv/versions/3.0.0/lib/ruby/gems/3.0.0/gems/actioncable-6.1.5/config/locales/**/*.{rb,yml},/home/nameless_ghoul/.rbenv/versions/3.0.0/lib/ruby/gems/3.0.0/gems/actionmailbox-6.1.5/config/locales/**/*.{rb,yml},/home/nameless_ghoul/.rbenv/versions/3.0.0/lib/ruby/gems/3.0.0/gems/actiontext-6.1.5/config/locales/**/*.{rb,yml},/home/nameless_ghoul/.rbenv/versions/3.0.0/lib/ruby/gems/3.0.0/gems/webpacker-5.4.3/config/locales/**/*.{rb,yml},/home/nameless_ghoul/.rbenv/versions/3.0.0/lib/ruby/gems/3.0.0/gems/turbolinks-5.2.1/config/locales/**/*.{rb,yml},/home/nameless_ghoul/.rbenv/versions/3.0.0/lib/ruby/gems/3.0.0/gems/active_storage_validations-0.9.7/config/locales/**/*.{rb,yml},/home/nameless_ghoul/.rbenv/versions/3.0.0/lib/ruby/gems/3.0.0/gems/bootstrap-will_paginate-1.0.0/config/locales/**/*.{rb,yml},/home/nameless_ghoul/.rbenv/versions/3.0.0/lib/ruby/gems/3.0.0/gems/bootstrap-sass-3.4.1/config/locales/**/*.{rb,yml},/home/nameless_ghoul/Documents/Work/LoudCloudPH/Learning/Learn Enough Projects/sample_app/config/locales/**/*.{rb,yml}}&quot;, @block=#&lt;Proc:0x0000558f2c32b430 /home/nameless_ghoul/.rbenv/versions/3.0.0/lib/ruby/gems/3.0.0/gems/activesupport-6.1.5/lib/active_support/i18n_railtie.rb:64&gt;, @watched=nil, @updated_at=nil, @last_watched=[&quot;/home/nameless_ghoul/.rbenv/versions/3.0.0/lib/ruby/gems/3.0.0/gems/activesupport-6.1.5/lib/active_support/locale/en.yml&quot;, &quot;/home/nameless_ghoul/.rbenv/versions/3.0.0/lib/ruby/gems/3.0.0/gems/activesupport-6.1.5/lib/active_support/locale/en.rb&quot;, &quot;/home/nameless_ghoul/.rbenv/versions/3.0.0/lib/ruby/gems/3.0.0/gems/activemodel-6.1.5/lib/active_model/locale/en.yml&quot;, &quot;/home/nameless_ghoul/.rbenv/versions/3.0.0/lib/ruby/gems/3.0.0/gems/activerecord-6.1.5/lib/active_record/locale/en.yml&quot;, &quot;/home/nameless_ghoul/.rbenv/versions/3.0.0/lib/ruby/gems/3.0.0/gems/actionview-6.1.5/lib/action_view/locale/en.yml&quot;, &quot;/home/nameless_ghoul/.rbenv/versions/3.0.0/lib/ruby/gems/3.0.0/gems/faker-2.20.0/lib/locales/ar.yml&quot;, &quot;/home/nameless_ghoul/.rbenv/versions/3.0.0/lib/ruby/gems/3.0.0/gems/faker-2.20.0/lib/locales/bg.yml&quot;, &quot;/home/nameless_ghoul/.rbenv/versions/3.0.0/lib/ruby/gems/3.0.0/gems/faker-2.20.0/lib/locales/ca-CAT.yml&quot;, &quot;/home/nameless_ghoul/.rbenv/versions/3.0.0/lib/ruby/gems/3.0.0/gems/faker-2.20.0/lib/locales/ca.yml&quot;, &quot;/home/nameless_ghoul/.rbenv/versions/3.0.0/lib/ruby/gems/3.0.0/gems/faker-2.20.0/lib/locales/da-DK.yml&quot;, &quot;/home/nameless_ghoul/.rbenv/versions/3.0.0/lib/ruby/gems/3.0.0/gems/faker-2.20.0/lib/locales/de-AT.yml&quot;, &quot;/home/nameless_ghoul/.rbenv/versions/3.0.0/lib/ruby/gems/3.0.0/gems/faker-2.20.0/lib/locales/de-CH.yml&quot;, &quot;/home/nameless_ghoul/.rbenv/versions/3.0.0/lib/ruby/gems/3.0.0/gems/faker-2.20.0/lib/locales/de.yml&quot;, &quot;/home/nameless_ghoul/.rbenv/versions/3.0.0/lib/ruby/gems/3.0.0/gems/faker-2.20.0/lib/locales/ee.yml&quot;, &quot;/home/nameless_ghoul/.rbenv/versions/3.0.0/lib/ruby/gems/3.0.0/gems/faker-2.20.0/lib/locales/en/address.yml&quot;, &quot;/home/nameless_ghoul/.rbenv/versions/3.0.0/lib/ruby/gems/3.0.0/gems/faker-2.20.0/lib/locales/en/adjective.yml&quot;, &quot;/home/nameless_ghoul/.rbenv/versions/3.0.0/lib/ruby/gems/3.0.0/gems/faker-2.20.0/lib/locales/en/ancient.yml&quot;, &quot;/home/nameless_ghoul/.rbenv/versions/3.0.0/lib/ruby/gems/3.0.0/gems/faker-2.20.0/lib/locales/en/animal.yml&quot;, &quot;/home/nameless_ghoul/.rbenv/versions/3.0.0/lib/ruby/gems/3.0.0/gems/faker-2.20.0/lib/locales/en/app.yml&quot;, &quot;/home/nameless_ghoul/.rbenv/versions/3.0.0/lib/ruby/gems/3.0.0/gems/faker-2.20.0/lib/locales/en/appliance.yml&quot;, &quot;/home/nameless_ghoul/.rbenv/versions/3.0.0/lib/ruby/gems/3.0.0/gems/faker-2.20.0/lib/locales/en/aqua_teen_hunger_force.yml&quot;, &quot;/home/nameless_ghoul/.rbenv/versions/3.0.0/lib/ruby/gems/3.0.0/gems/faker-2.20.0/lib/locales/en/artist.yml&quot;, &quot;/home/nameless_ghoul/.rbenv/versions/3.0.0/lib/ruby/gems/3.0.0/gems/faker-2.20.0/lib/locales/en/australia.yml&quot;, &quot;/home/nameless_ghoul/.rbenv/versions/3.0.0/lib/ruby/gems/3.0.0/gems/faker-2.20.0/lib/locales/en/back_to_the_future.yml&quot;, &quot;/home/nameless_ghoul/.rbenv/versions/3.0.0/lib/ruby/gems/3.0.0/gems/faker-2.20.0/lib/locales/en/bank.yml&quot;, &quot;/home/nameless_ghoul/.rbenv/versions/3.0.0/lib/ruby/gems/3.0.0/gems/faker-2.20.0/lib/locales/en/barcode.yml&quot;, &quot;/home/nameless_ghoul/.rbenv/versions/3.0.0/lib/ruby/gems/3.0.0/gems/faker-2.20.0/lib/locales/en/basketball.yml&quot;, &quot;/home/nameless_ghoul/.rbenv/versions/3.0.0/lib/ruby/gems/3.0.0/gems/faker-2.20.0/lib/locales/en/beer.yml&quot;, &quot;/home/nameless_ghoul/.rbenv/versions/3.0.0/lib/ruby/gems/3.0.0/gems/faker-2.20.0/lib/locales/en/bible.yml&quot;, &quot;/home/nameless_ghoul/.rbenv/versions/3.0.0/lib/ruby/gems/3.0.0/gems/faker-2.20.0/lib/locales/en/big_bang_theory.yml&quot;, &quot;/home/nameless_ghoul/.rbenv/versions/3.0.0/lib/ruby/gems/3.0.0/gems/faker-2.20.0/lib/locales/en/bird.yml&quot;, &quot;/home/nameless_ghoul/.rbenv/versions/3.0.0/lib/ruby/gems/3.0.0/gems/faker-2.20.0/lib/locales/en/blood.yml&quot;, &quot;/home/nameless_ghoul/.rbenv/versions/3.0.0/lib/ruby/gems/3.0.0/gems/faker-2.20.0/lib/locales/en/bojack_horseman.yml&quot;, &quot;/home/nameless_ghoul/.rbenv/versions/3.0.0/lib/ruby/gems/3.0.0/gems/faker-2.20.0/lib/locales/en/book.yml&quot;, &quot;/home/nameless_ghoul/.rbenv/versions/3.0.0/lib/ruby/gems/3.0.0/gems/faker-2.20.0/lib/locales/en/bossa_nova.yml&quot;, &quot;/home/nameless_ghoul/.rbenv/versions/3.0.0/lib/ruby/gems/3.0.0/gems/faker-2.20.0/lib/locales/en/breaking_bad.yml&quot;, &quot;/home/nameless_ghoul/.rbenv/versions/3.0.0/lib/ruby/gems/3.0.0/gems/faker-2.20.0/lib/locales/en/brooklyn_nine_nine.yml&quot;, &quot;/home/nameless_ghoul/.rbenv/versions/3.0.0/lib/ruby/gems/3.0.0/gems/faker-2.20.0/lib/locales/en/buffy.yml&quot;, &quot;/home/nameless_ghoul/.rbenv/versions/3.0.0/lib/ruby/gems/3.0.0/gems/faker-2.20.0/lib/locales/en/business.yml&quot;, &quot;/home/nameless_ghoul/.rbenv/versions/3.0.0/lib/ruby/gems/3.0.0/gems/faker-2.20.0/lib/locales/en/camera.yml&quot;, &quot;/home/nameless_ghoul/.rbenv/versions/3.0.0/lib/ruby/gems/3.0.0/gems/faker-2.20.0/lib/locales/en/cannabis.yml&quot;, &quot;/home/nameless_ghoul/.rbenv/versions/3.0.0/lib/ruby/gems/3.0.0/gems/faker-2.20.0/lib/locales/en/cat.yml&quot;, &quot;/home/nameless_ghoul/.rbenv/versions/3.0.0/lib/ruby/gems/3.0.0/gems/faker-2.20.0/lib/locales/en/chiquito.yml&quot;, &quot;/home/nameless_ghoul/.rbenv/versions/3.0.0/lib/ruby/gems/3.0.0/gems/faker-2.20.0/lib/locales/en/chuck_norris.yml&quot;, &quot;/home/nameless_ghoul/.rbenv/versions/3.0.0/lib/ruby/gems/3.0.0/gems/faker-2.20.0/lib/locales/en/clash_of_clan.yml&quot;, &quot;/home/nameless_ghoul/.rbenv/versions/3.0.0/lib/ruby/gems/3.0.0/gems/faker-2.20.0/lib/locales/en/code.yml&quot;, &quot;/home/nameless_ghoul/.rbenv/versions/3.0.0/lib/ruby/gems/3.0.0/gems/faker-2.20.0/lib/locales/en/coffee.yml&quot;, &quot;/home/nameless_ghoul/.rbenv/versions/3.0.0/lib/ruby/gems/3.0.0/gems/faker-2.20.0/lib/locales/en/coin.yml&quot;, &quot;/home/nameless_ghoul/.rbenv/versions/3.0.0/lib/ruby/gems/3.0.0/gems/faker-2.20.0/lib/locales/en/color.yml&quot;, &quot;/home/nameless_ghoul/.rbenv/versions/3.0.0/lib/ruby/gems/3.0.0/gems/faker-2.20.0/lib/locales/en/commerce.yml&quot;, &quot;/home/nameless_ghoul/.rbenv/versions/3.0.0/lib/ruby/gems/3.0.0/gems/faker-2.20.0/lib/locales/en/community.yml&quot;, &quot;/home/nameless_ghoul/.rbenv/versions/3.0.0/lib/ruby/gems/3.0.0/gems/faker-2.20.0/lib/locales/en/company.yml&quot;, &quot;/home/nameless_ghoul/.rbenv/versions/3.0.0/lib/ruby/gems/3.0.0/gems/faker-2.20.0/lib/locales/en/compass.yml&quot;, &quot;/home/nameless_ghoul/.rbenv/versions/3.0.0/lib/ruby/gems/3.0.0/gems/faker-2.20.0/lib/locales/en/computer.yml&quot;, &quot;/home/nameless_ghoul/.rbenv/versions/3.0.0/lib/ruby/gems/3.0.0/gems/faker-2.20.0/lib/locales/en/conan.yml&quot;, &quot;/home/nameless_ghoul/.rbenv/versions/3.0.0/lib/ruby/gems/3.0.0/gems/faker-2.20.0/lib/locales/en/construction.yml&quot;, &quot;/home/nameless_ghoul/.rbenv/versions/3.0.0/lib/ruby/gems/3.0.0/gems/faker-2.20.0/lib/locales/en/control.yml&quot;, &quot;/home/nameless_ghoul/.rbenv/versions/3.0.0/lib/ruby/gems/3.0.0/gems/faker-2.20.0/lib/locales/en/cosmere.yml&quot;, &quot;/home/nameless_ghoul/.rbenv/versions/3.0.0/lib/ruby/gems/3.0.0/gems/faker-2.20.0/lib/locales/en/crypto_coin.yml&quot;, &quot;/home/nameless_ghoul/.rbenv/versions/3.0.0/lib/ruby/gems/3.0.0/gems/faker-2.20.0/lib/locales/en/culture_series.yml&quot;, &quot;/home/nameless_ghoul/.rbenv/versions/3.0.0/lib/ruby/gems/3.0.0/gems/faker-2.20.0/lib/locales/en/currency.yml&quot;, &quot;/home/nameless_ghoul/.rbenv/versions/3.0.0/lib/ruby/gems/3.0.0/gems/faker-2.20.0/lib/locales/en/dc_comics.yml&quot;, &quot;/home/nameless_ghoul/.rbenv/versions/3.0.0/lib/ruby/gems/3.0.0/gems/faker-2.20.0/lib/locales/en/demographic.yml&quot;, &quot;/home/nameless_ghoul/.rbenv/versions/3.0.0/lib/ruby/gems/3.0.0/gems/faker-2.20.0/lib/locales/en/departed.yml&quot;, &quot;/home/nameless_ghoul/.rbenv/versions/3.0.0/lib/ruby/gems/3.0.0/gems/faker-2.20.0/lib/locales/en/dessert.yml&quot;, &quot;/home/nameless_ghoul/.rbenv/versions/3.0.0/lib/ruby/gems/3.0.0/gems/faker-2.20.0/lib/locales/en/device.yml&quot;, &quot;/home/nameless_ghoul/.rbenv/versions/3.0.0/lib/ruby/gems/3.0.0/gems/faker-2.20.0/lib/locales/en/dnd.yml&quot;, &quot;/home/nameless_ghoul/.rbenv/versions/3.0.0/lib/ruby/gems/3.0.0/gems/faker-2.20.0/lib/locales/en/dog.yml&quot;, &quot;/home/nameless_ghoul/.rbenv/versions/3.0.0/lib/ruby/gems/3.0.0/gems/faker-2.20.0/lib/locales/en/doraemon.yml&quot;, &quot;/home/nameless_ghoul/.rbenv/versions/3.0.0/lib/ruby/gems/3.0.0/gems/faker-2.20.0/lib/locales/en/dota.yml&quot;, &quot;/home/nameless_ghoul/.rbenv/versions/3.0.0/lib/ruby/gems/3.0.0/gems/faker-2.20.0/lib/locales/en/dr_who.yml&quot;, &quot;/home/nameless_ghoul/.rbenv/versions/3.0.0/lib/ruby/gems/3.0.0/gems/faker-2.20.0/lib/locales/en/dragon_ball.yml&quot;, &quot;/home/nameless_ghoul/.rbenv/versions/3.0.0/lib/ruby/gems/3.0.0/gems/faker-2.20.0/lib/locales/en/driving_license.yml&quot;, &quot;/home/nameless_ghoul/.rbenv/versions/3.0.0/lib/ruby/gems/3.0.0/gems/faker-2.20.0/lib/locales/en/drone.yml&quot;, &quot;/home/nameless_ghoul/.rbenv/versions/3.0.0/lib/ruby/gems/3.0.0/gems/faker-2.20.0/lib/locales/en/dumb_and_dumber.yml&quot;, &quot;/home/nameless_ghoul/.rbenv/versions/3.0.0/lib/ruby/gems/3.0.0/gems/faker-2.20.0/lib/locales/en/dune.yml&quot;, &quot;/home/nameless_ghoul/.rbenv/versions/3.0.0/lib/ruby/gems/3.0.0/gems/faker-2.20.0/lib/locales/en/educator.yml&quot;, &quot;/home/nameless_ghoul/.rbenv/versions/3.0.0/lib/ruby/gems/3.0.0/gems/faker-2.20.0/lib/locales/en/elder_scrolls.yml&quot;, &quot;/home/nameless_ghoul/.rbenv/versions/3.0.0/lib/ruby/gems/3.0.0/gems/faker-2.20.0/lib/locales/en/electrical_components.yml&quot;, &quot;/home/nameless_ghoul/.rbenv/versions/3.0.0/lib/ruby/gems/3.0.0/gems/faker-2.20.0/lib/locales/en/emotion.yml&quot;, &quot;/home/nameless_ghoul/.rbenv/versions/3.0.0/lib/ruby/gems/3.0.0/gems/faker-2.20.0/lib/locales/en/esport.yml&quot;, &quot;/home/nameless_ghoul/.rbenv/versions/3.0.0/lib/ruby/gems/3.0.0/gems/faker-2.20.0/lib/locales/en/fallout.yml&quot;, &quot;/home/nameless_ghoul/.rbenv/versions/3.0.0/lib/ruby/gems/3.0.0/gems/faker-2.20.0/lib/locales/en/family_guy.yml&quot;, &quot;/home/nameless_ghoul/.rbenv/versions/3.0.0/lib/ruby/gems/3.0.0/gems/faker-2.20.0/lib/locales/en/file.yml&quot;, &quot;/home/nameless_ghoul/.rbenv/versions/3.0.0/lib/ruby/gems/3.0.0/gems/faker-2.20.0/lib/locales/en/final_space.yml&quot;, &quot;/home/nameless_ghoul/.rbenv/versions/3.0.0/lib/ruby/gems/3.0.0/gems/faker-2.20.0/lib/locales/en/finance.yml&quot;, &quot;/home/nameless_ghoul/.rbenv/versions/3.0.0/lib/ruby/gems/3.0.0/gems/faker-2.20.0/lib/locales/en/fma_brotherhood.yml&quot;, &quot;/home/nameless_ghoul/.rbenv/versions/3.0.0/lib/ruby/gems/3.0.0/gems/faker-2.20.0/lib/locales/en/food.yml&quot;, &quot;/home/nameless_ghoul/.rbenv/versions/3.0.0/lib/ruby/gems/3.0.0/gems/faker-2.20.0/lib/locales/en/football.yml&quot;, &quot;/home/nameless_ghoul/.rbenv/versions/3.0.0/lib/ruby/gems/3.0.0/gems/faker-2.20.0/lib/locales/en/fresh_prince_of_bel_air.yml&quot;, &quot;/home/nameless_ghoul/.rbenv/versions/3.0.0/lib/ruby/gems/3.0.0/gems/faker-2.20.0/lib/locales/en/friends.yml&quot;, &quot;/home/nameless_ghoul/.rbenv/versions/3.0.0/lib/ruby/gems/3.0.0/gems/faker-2.20.0/lib/locales/en/funny_name.yml&quot;, &quot;/home/nameless_ghoul/.rbenv/versions/3.0.0/lib/ruby/gems/3.0.0/gems/faker-2.20.0/lib/locales/en/futurama.yml&quot;, &quot;/home/nameless_ghoul/.rbenv/versions/3.0.0/lib/ruby/gems/3.0.0/gems/faker-2.20.0/lib/locales/en/game.yml&quot;, &quot;/home/nameless_ghoul/.rbenv/versions/3.0.0/lib/ruby/gems/3.0.0/gems/faker-2.20.0/lib/locales/en/game_of_thrones.yml&quot;, &quot;/home/nameless_ghoul/.rbenv/versions/3.0.0/lib/ruby/gems/3.0.0/gems/faker-2.20.0/lib/locales/en/gender.yml&quot;, &quot;/home/nameless_ghoul/.rbenv/versions/3.0.0/lib/ruby/gems/3.0.0/gems/faker-2.20.0/lib/locales/en/ghostbusters.yml&quot;, &quot;/home/nameless_ghoul/.rbenv/versions/3.0.0/lib/ruby/gems/3.0.0/gems/faker-2.20.0/lib/locales/en/grateful_dead.yml&quot;, &quot;/home/nameless_ghoul/.rbenv/versions/3.0.0/lib/ruby/gems/3.0.0/gems/faker-2.20.0/lib/locales/en/greek_philosophers.yml&quot;, &quot;/home/nameless_ghoul/.rbenv/versions/3.0.0/lib/ruby/gems/3.0.0/gems/faker-2.20.0/lib/locales/en/hacker.yml&quot;, &quot;/home/nameless_ghoul/.rbenv/versions/3.0.0/lib/ruby/gems/3.0.0/gems/faker-2.20.0/lib/locales/en/half_life.yml&quot;, &quot;/home/nameless_ghoul/.rbenv/versions/3.0.0/lib/ruby/gems/3.0.0/gems/faker-2.20.0/lib/locales/en/harry_potter.yml&quot;, &quot;/home/nameless_ghoul/.rbenv/versions/3.0.0/lib/ruby/gems/3.0.0/gems/faker-2.20.0/lib/locales/en/heroes.yml&quot;, &quot;/home/nameless_ghoul/.rbenv/versions/3.0.0/lib/ruby/gems/3.0.0/gems/faker-2.20.0/lib/locales/en/heroes_of_the_storm.yml&quot;, &quot;/home/nameless_ghoul/.rbenv/versions/3.0.0/lib/ruby/gems/3.0.0/gems/faker-2.20.0/lib/locales/en/hey_arnold.yml&quot;, &quot;/home/nameless_ghoul/.rbenv/versions/3.0.0/lib/ruby/gems/3.0.0/gems/faker-2.20.0/lib/locales/en/hipster.yml&quot;, &quot;/home/nameless_ghoul/.rbenv/versions/3.0.0/lib/ruby/gems/3.0.0/gems/faker-2.20.0/lib/locales/en/hitchhikers_guide_to_the_galaxy.yml&quot;, &quot;/home/nameless_ghoul/.rbenv/versions/3.0.0/lib/ruby/gems/3.0.0/gems/faker-2.20.0/lib/locales/en/hobby.yml&quot;, &quot;/home/nameless_ghoul/.rbenv/versions/3.0.0/lib/ruby/gems/3.0.0/gems/faker-2.20.0/lib/locales/en/horse.yml&quot;, &quot;/home/nameless_ghoul/.rbenv/versions/3.0.0/lib/ruby/gems/3.0.0/gems/faker-2.20.0/lib/locales/en/house.yml&quot;, &quot;/home/nameless_ghoul/.rbenv/versions/3.0.0/lib/ruby/gems/3.0.0/gems/faker-2.20.0/lib/locales/en/how_i_met_your_mother.yml&quot;, &quot;/home/nameless_ghoul/.rbenv/versions/3.0.0/lib/ruby/gems/3.0.0/gems/faker-2.20.0/lib/locales/en/how_to_train_your_dragon.yml&quot;, &quot;/home/nameless_ghoul/.rbenv/versions/3.0.0/lib/ruby/gems/3.0.0/gems/faker-2.20.0/lib/locales/en/id_number.yml&quot;, &quot;/home/nameless_ghoul/.rbenv/versions/3.0.0/lib/ruby/gems/3.0.0/gems/faker-2.20.0/lib/locales/en/industry_segments.yml&quot;, &quot;/home/nameless_ghoul/.rbenv/versions/3.0.0/lib/ruby/gems/3.0.0/gems/faker-2.20.0/lib/locales/en/internet.yml&quot;, &quot;/home/nameless_ghoul/.rbenv/versions/3.0.0/lib/ruby/gems/3.0.0/gems/faker-2.20.0/lib/locales/en/invoice.yml&quot;, &quot;/home/nameless_ghoul/.rbenv/versions/3.0.0/lib/ruby/gems/3.0.0/gems/faker-2.20.0/lib/locales/en/jack_handey.yml&quot;, &quot;/home/nameless_ghoul/.rbenv/versions/3.0.0/lib/ruby/gems/3.0.0/gems/faker-2.20.0/lib/locales/en/job.yml&quot;, &quot;/home/nameless_ghoul/.rbenv/versions/3.0.0/lib/ruby/gems/3.0.0/gems/faker-2.20.0/lib/locales/en/kamen_rider.yml&quot;, &quot;/home/nameless_ghoul/.rbenv/versions/3.0.0/lib/ruby/gems/3.0.0/gems/faker-2.20.0/lib/locales/en/kpop.yml&quot;, &quot;/home/nameless_ghoul/.rbenv/versions/3.0.0/lib/ruby/gems/3.0.0/gems/faker-2.20.0/lib/locales/en/league_of_legends.yml&quot;, &quot;/home/nameless_ghoul/.rbenv/versions/3.0.0/lib/ruby/gems/3.0.0/gems/faker-2.20.0/lib/locales/en/lebowski.yml&quot;, &quot;/home/nameless_ghoul/.rbenv/versions/3.0.0/lib/ruby/gems/3.0.0/gems/faker-2.20.0/lib/locales/en/lorem.yml&quot;, &quot;/home/nameless_ghoul/.rbenv/versions/3.0.0/lib/ruby/gems/3.0.0/gems/faker-2.20.0/lib/locales/en/lovecraft.yml&quot;, &quot;/home/nameless_ghoul/.rbenv/versions/3.0.0/lib/ruby/gems/3.0.0/gems/faker-2.20.0/lib/locales/en/markdown.yml&quot;, &quot;/home/nameless_ghoul/.rbenv/versions/3.0.0/lib/ruby/gems/3.0.0/gems/faker-2.20.0/lib/locales/en/marketing.yml&quot;, &quot;/home/nameless_ghoul/.rbenv/versions/3.0.0/lib/ruby/gems/3.0.0/gems/faker-2.20.0/lib/locales/en/measurement.yml&quot;, &quot;/home/nameless_ghoul/.rbenv/versions/3.0.0/lib/ruby/gems/3.0.0/gems/faker-2.20.0/lib/locales/en/michael_scott.yml&quot;, &quot;/home/nameless_ghoul/.rbenv/versions/3.0.0/lib/ruby/gems/3.0.0/gems/faker-2.20.0/lib/locales/en/military.yml&quot;, &quot;/home/nameless_ghoul/.rbenv/versions/3.0.0/lib/ruby/gems/3.0.0/gems/faker-2.20.0/lib/locales/en/minecraft.yml&quot;, &quot;/home/nameless_ghoul/.rbenv/versions/3.0.0/lib/ruby/gems/3.0.0/gems/faker-2.20.0/lib/locales/en/mountain.yml&quot;, &quot;/home/nameless_ghoul/.rbenv/versions/3.0.0/lib/ruby/gems/3.0.0/gems/faker-2.20.0/lib/locales/en/movie.yml&quot;, &quot;/home/nameless_ghoul/.rbenv/versions/3.0.0/lib/ruby/gems/3.0.0/gems/faker-2.20.0/lib/locales/en/music.yml&quot;, &quot;/home/nameless_ghoul/.rbenv/versions/3.0.0/lib/ruby/gems/3.0.0/gems/faker-2.20.0/lib/locales/en/myst.yml&quot;, &quot;/home/nameless_ghoul/.rbenv/versions/3.0.0/lib/ruby/gems/3.0.0/gems/faker-2.20.0/lib/locales/en/name.yml&quot;, &quot;/home/nameless_ghoul/.rbenv/versions/3.0.0/lib/ruby/gems/3.0.0/gems/faker-2.20.0/lib/locales/en/naruto.yml&quot;, &quot;/home/nameless_ghoul/.rbenv/versions/3.0.0/lib/ruby/gems/3.0.0/gems/faker-2.20.0/lib/locales/en/nation.yml&quot;, &quot;/home/nameless_ghoul/.rbenv/versions/3.0.0/lib/ruby/gems/3.0.0/gems/faker-2.20.0/lib/locales/en/nato_phonetic_alphabet.yml&quot;, &quot;/home/nameless_ghoul/.rbenv/versions/3.0.0/lib/ruby/gems/3.0.0/gems/faker-2.20.0/lib/locales/en/new_girl.yml&quot;, &quot;/home/nameless_ghoul/.rbenv/versions/3.0.0/lib/ruby/gems/3.0.0/gems/faker-2.20.0/lib/locales/en/one_piece.yml&quot;, &quot;/home/nameless_ghoul/.rbenv/versions/3.0.0/lib/ruby/gems/3.0.0/gems/faker-2.20.0/lib/locales/en/opera.yml&quot;, &quot;/home/nameless_ghoul/.rbenv/versions/3.0.0/lib/ruby/gems/3.0.0/gems/faker-2.20.0/lib/locales/en/overwatch.yml&quot;, &quot;/home/nameless_ghoul/.rbenv/versions/3.0.0/lib/ruby/gems/3.0.0/gems/faker-2.20.0/lib/locales/en/parks_and_rec.yml&quot;, &quot;/home/nameless_ghoul/.rbenv/versions/3.0.0/lib/ruby/gems/3.0.0/gems/faker-2.20.0/lib/locales/en/pearl_jam.yml&quot;, &quot;/home/nameless_ghoul/.rbenv/versions/3.0.0/lib/ruby/gems/3.0.0/gems/faker-2.20.0/lib/locales/en/phish.yml&quot;, &quot;/home/nameless_ghoul/.rbenv/versions/3.0.0/lib/ruby/gems/3.0.0/gems/faker-2.20.0/lib/locales/en/phone_number.yml&quot;, &quot;/home/nameless_ghoul/.rbenv/versions/3.0.0/lib/ruby/gems/3.0.0/gems/faker-2.20.0/lib/locales/en/pokemon.yml&quot;, &quot;/home/nameless_ghoul/.rbenv/versions/3.0.0/lib/ruby/gems/3.0.0/gems/faker-2.20.0/lib/locales/en/prince.yml&quot;, &quot;/home/nameless_ghoul/.rbenv/versions/3.0.0/lib/ruby/gems/3.0.0/gems/faker-2.20.0/lib/locales/en/princess_bride.yml&quot;, &quot;/home/nameless_ghoul/.rbenv/versions/3.0.0/lib/ruby/gems/3.0.0/gems/faker-2.20.0/lib/locales/en/programming_language.yml&quot;, &quot;/home/nameless_ghoul/.rbenv/versions/3.0.0/lib/ruby/gems/3.0.0/gems/faker-2.20.0/lib/locales/en/quote.yml&quot;, &quot;/home/nameless_ghoul/.rbenv/versions/3.0.0/lib/ruby/gems/3.0.0/gems/faker-2.20.0/lib/locales/en/rajnikanth.yml&quot;, &quot;/home/nameless_ghoul/.rbenv/versions/3.0.0/lib/ruby/gems/3.0.0/gems/faker-2.20.0/lib/locales/en/relationship.yml&quot;, &quot;/home/nameless_ghoul/.rbenv/versions/3.0.0/lib/ruby/gems/3.0.0/gems/faker-2.20.0/lib/locales/en/restaurant.yml&quot;, &quot;/home/nameless_ghoul/.rbenv/versions/3.0.0/lib/ruby/gems/3.0.0/gems/faker-2.20.0/lib/locales/en/rick_and_morty.yml&quot;, &quot;/home/nameless_ghoul/.rbenv/versions/3.0.0/lib/ruby/gems/3.0.0/gems/faker-2.20.0/lib/locales/en/rock_band.yml&quot;, &quot;/home/nameless_ghoul/.rbenv/versions/3.0.0/lib/ruby/gems/3.0.0/gems/faker-2.20.0/lib/locales/en/room.yml&quot;, &quot;/home/nameless_ghoul/.rbenv/versions/3.0.0/lib/ruby/gems/3.0.0/gems/faker-2.20.0/lib/locales/en/rupaul.yml&quot;, &quot;/home/nameless_ghoul/.rbenv/versions/3.0.0/lib/ruby/gems/3.0.0/gems/faker-2.20.0/lib/locales/en/rush.yml&quot;, &quot;/home/nameless_ghoul/.rbenv/versions/3.0.0/lib/ruby/gems/3.0.0/gems/faker-2.20.0/lib/locales/en/science.yml&quot;, &quot;/home/nameless_ghoul/.rbenv/versions/3.0.0/lib/ruby/gems/3.0.0/gems/faker-2.20.0/lib/locales/en/seinfeld.yml&quot;, &quot;/home/nameless_ghoul/.rbenv/versions/3.0.0/lib/ruby/gems/3.0.0/gems/faker-2.20.0/lib/locales/en/shakespeare.yml&quot;, &quot;/home/nameless_ghoul/.rbenv/versions/3.0.0/lib/ruby/gems/3.0.0/gems/faker-2.20.0/lib/locales/en/show.yml&quot;, &quot;/home/nameless_ghoul/.rbenv/versions/3.0.0/lib/ruby/gems/3.0.0/gems/faker-2.20.0/lib/locales/en/silicon_valley.yml&quot;, &quot;/home/nameless_ghoul/.rbenv/versions/3.0.0/lib/ruby/gems/3.0.0/gems/faker-2.20.0/lib/locales/en/simpsons.yml&quot;, &quot;/home/nameless_ghoul/.rbenv/versions/3.0.0/lib/ruby/gems/3.0.0/gems/faker-2.20.0/lib/locales/en/slack_emoji.yml&quot;, &quot;/home/nameless_ghoul/.rbenv/versions/3.0.0/lib/ruby/gems/3.0.0/gems/faker-2.20.0/lib/locales/en/sonic_the_hedgehog.yml&quot;, &quot;/home/nameless_ghoul/.rbenv/versions/3.0.0/lib/ruby/gems/3.0.0/gems/faker-2.20.0/lib/locales/en/source.yml&quot;, &quot;/home/nameless_ghoul/.rbenv/versions/3.0.0/lib/ruby/gems/3.0.0/gems/faker-2.20.0/lib/locales/en/south_park.yml&quot;, &quot;/home/nameless_ghoul/.rbenv/versions/3.0.0/lib/ruby/gems/3.0.0/gems/faker-2.20.0/lib/locales/en/space.yml&quot;, &quot;/home/nameless_ghoul/.rbenv/versions/3.0.0/lib/ruby/gems/3.0.0/gems/faker-2.20.0/lib/locales/en/star_trek.yml&quot;, &quot;/home/nameless_ghoul/.rbenv/versions/3.0.0/lib/ruby/gems/3.0.0/gems/faker-2.20.0/lib/locales/en/star_wars.yml&quot;, &quot;/home/nameless_ghoul/.rbenv/versions/3.0.0/lib/ruby/gems/3.0.0/gems/faker-2.20.0/lib/locales/en/stargate.yml&quot;, &quot;/home/nameless_ghoul/.rbenv/versions/3.0.0/lib/ruby/gems/3.0.0/gems/faker-2.20.0/lib/locales/en/stranger_thing.yml&quot;, &quot;/home/nameless_ghoul/.rbenv/versions/3.0.0/lib/ruby/gems/3.0.0/gems/faker-2.20.0/lib/locales/en/street_fighter.yml&quot;, &quot;/home/nameless_ghoul/.rbenv/versions/3.0.0/lib/ruby/gems/3.0.0/gems/faker-2.20.0/lib/locales/en/stripe.yml&quot;, &quot;/home/nameless_ghoul/.rbenv/versions/3.0.0/lib/ruby/gems/3.0.0/gems/faker-2.20.0/lib/locales/en/studio_ghibli.yml&quot;, &quot;/home/nameless_ghoul/.rbenv/versions/3.0.0/lib/ruby/gems/3.0.0/gems/faker-2.20.0/lib/locales/en/subscription.yml&quot;, &quot;/home/nameless_ghoul/.rbenv/versions/3.0.0/lib/ruby/gems/3.0.0/gems/faker-2.20.0/lib/locales/en/suits.yml&quot;, &quot;/home/nameless_ghoul/.rbenv/versions/3.0.0/lib/ruby/gems/3.0.0/gems/faker-2.20.0/lib/locales/en/super_mario.yml&quot;, &quot;/home/nameless_ghoul/.rbenv/versions/3.0.0/lib/ruby/gems/3.0.0/gems/faker-2.20.0/lib/locales/en/super_smash_bros.yml&quot;, &quot;/home/nameless_ghoul/.rbenv/versions/3.0.0/lib/ruby/gems/3.0.0/gems/faker-2.20.0/lib/locales/en/superhero.yml&quot;, &quot;/home/nameless_ghoul/.rbenv/versions/3.0.0/lib/ruby/gems/3.0.0/gems/faker-2.20.0/lib/locales/en/supernatural.yml&quot;, &quot;/home/nameless_ghoul/.rbenv/versions/3.0.0/lib/ruby/gems/3.0.0/gems/faker-2.20.0/lib/locales/en/sword_art_online.yml&quot;, &quot;/home/nameless_ghoul/.rbenv/versions/3.0.0/lib/ruby/gems/3.0.0/gems/faker-2.20.0/lib/locales/en/tea.yml&quot;, &quot;/home/nameless_ghoul/.rbenv/versions/3.0.0/lib/ruby/gems/3.0.0/gems/faker-2.20.0/lib/locales/en/team.yml&quot;, &quot;/home/nameless_ghoul/.rbenv/versions/3.0.0/lib/ruby/gems/3.0.0/gems/faker-2.20.0/lib/locales/en/the_expanse.yml&quot;, &quot;/home/nameless_ghoul/.rbenv/versions/3.0.0/lib/ruby/gems/3.0.0/gems/faker-2.20.0/lib/locales/en/the_it_crowd.yml&quot;, &quot;/home/nameless_ghoul/.rbenv/versions/3.0.0/lib/ruby/gems/3.0.0/gems/faker-2.20.0/lib/locales/en/the_kingkiller_chronicle.yml&quot;, &quot;/home/nameless_ghoul/.rbenv/versions/3.0.0/lib/ruby/gems/3.0.0/gems/faker-2.20.0/lib/locales/en/the_office.yml&quot;, &quot;/home/nameless_ghoul/.rbenv/versions/3.0.0/lib/ruby/gems/3.0.0/gems/faker-2.20.0/lib/locales/en/the_thick_of_it.yml&quot;, &quot;/home/nameless_ghoul/.rbenv/versions/3.0.0/lib/ruby/gems/3.0.0/gems/faker-2.20.0/lib/locales/en/tolkien.yml&quot;, &quot;/home/nameless_ghoul/.rbenv/versions/3.0.0/lib/ruby/gems/3.0.0/gems/faker-2.20.0/lib/locales/en/touhou.yml&quot;, &quot;/home/nameless_ghoul/.rbenv/versions/3.0.0/lib/ruby/gems/3.0.0/gems/faker-2.20.0/lib/locales/en/twin_peaks.yml&quot;, &quot;/home/nameless_ghoul/.rbenv/versions/3.0.0/lib/ruby/gems/3.0.0/gems/faker-2.20.0/lib/locales/en/umphreys_mcgee.yml&quot;, &quot;/home/nameless_ghoul/.rbenv/versions/3.0.0/lib/ruby/gems/3.0.0/gems/faker-2.20.0/lib/locales/en/university.yml&quot;, &quot;/home/nameless_ghoul/.rbenv/versions/3.0.0/lib/ruby/gems/3.0.0/gems/faker-2.20.0/lib/locales/en/v_for_vendetta.yml&quot;, &quot;/home/nameless_ghoul/.rbenv/versions/3.0.0/lib/ruby/gems/3.0.0/gems/faker-2.20.0/lib/locales/en/vehicle.yml&quot;, &quot;/home/nameless_ghoul/.rbenv/versions/3.0.0/lib/ruby/gems/3.0.0/gems/faker-2.20.0/lib/locales/en/venture_bros.yml&quot;, &quot;/home/nameless_ghoul/.rbenv/versions/3.0.0/lib/ruby/gems/3.0.0/gems/faker-2.20.0/lib/locales/en/verbs.yml&quot;, &quot;/home/nameless_ghoul/.rbenv/versions/3.0.0/lib/ruby/gems/3.0.0/gems/faker-2.20.0/lib/locales/en/volleyball.yml&quot;, &quot;/home/nameless_ghoul/.rbenv/versions/3.0.0/lib/ruby/gems/3.0.0/gems/faker-2.20.0/lib/locales/en/warhammer_fantasy.yml&quot;, &quot;/home/nameless_ghoul/.rbenv/versions/3.0.0/lib/ruby/gems/3.0.0/gems/faker-2.20.0/lib/locales/en/witcher.yml&quot;, &quot;/home/nameless_ghoul/.rbenv/versions/3.0.0/lib/ruby/gems/3.0.0/gems/faker-2.20.0/lib/locales/en/world_cup.yml&quot;, &quot;/home/nameless_ghoul/.rbenv/versions/3.0.0/lib/ruby/gems/3.0.0/gems/faker-2.20.0/lib/locales/en/world_of_warcraft.yml&quot;, &quot;/home/nameless_ghoul/.rbenv/versions/3.0.0/lib/ruby/gems/3.0.0/gems/faker-2.20.0/lib/locales/en/yoda.yml&quot;, &quot;/home/nameless_ghoul/.rbenv/versions/3.0.0/lib/ruby/gems/3.0.0/gems/faker-2.20.0/lib/locales/en/zelda.yml&quot;, &quot;/home/nameless_ghoul/.rbenv/versions/3.0.0/lib/ruby/gems/3.0.0/gems/faker-2.20.0/lib/locales/en-AU.yml&quot;, &quot;/home/nameless_ghoul/.rbenv/versions/3.0.0/lib/ruby/gems/3.0.0/gems/faker-2.20.0/lib/locales/en-BORK.yml&quot;, &quot;/home/nameless_ghoul/.rbenv/versions/3.0.0/lib/ruby/gems/3.0.0/gems/faker-2.20.0/lib/locales/en-CA.yml&quot;, &quot;/home/nameless_ghoul/.rbenv/versions/3.0.0/lib/ruby/gems/3.0.0/gems/faker-2.20.0/lib/locales/en-GB.yml&quot;, &quot;/home/nameless_ghoul/.rbenv/versions/3.0.0/lib/ruby/gems/3.0.0/gems/faker-2.20.0/lib/locales/en-IND.yml&quot;, &quot;/home/nameless_ghoul/.rbenv/versions/3.0.0/lib/ruby/gems/3.0.0/gems/faker-2.20.0/lib/locales/en-MS.yml&quot;, &quot;/home/nameless_ghoul/.rbenv/versions/3.0.0/lib/ruby/gems/3.0.0/gems/faker-2.20.0/lib/locales/en-NEP.yml&quot;, &quot;/home/nameless_ghoul/.rbenv/versions/3.0.0/lib/ruby/gems/3.0.0/gems/faker-2.20.0/lib/locales/en-NG.yml&quot;, &quot;/home/nameless_ghoul/.rbenv/versions/3.0.0/lib/ruby/gems/3.0.0/gems/faker-2.20.0/lib/locales/en-NZ.yml&quot;, &quot;/home/nameless_ghoul/.rbenv/versions/3.0.0/lib/ruby/gems/3.0.0/gems/faker-2.20.0/lib/locales/en-PAK.yml&quot;, &quot;/home/nameless_ghoul/.rbenv/versions/3.0.0/lib/ruby/gems/3.0.0/gems/faker-2.20.0/lib/locales/en-SG.yml&quot;, &quot;/home/nameless_ghoul/.rbenv/versions/3.0.0/lib/ruby/gems/3.0.0/gems/faker-2.20.0/lib/locales/en-TH.yml&quot;, &quot;/home/nameless_ghoul/.rbenv/versions/3.0.0/lib/ruby/gems/3.0.0/gems/faker-2.20.0/lib/locales/en-UG.yml&quot;, &quot;/home/nameless_ghoul/.rbenv/versions/3.0.0/lib/ruby/gems/3.0.0/gems/faker-2.20.0/lib/locales/en-US.yml&quot;, &quot;/home/nameless_ghoul/.rbenv/versions/3.0.0/lib/ruby/gems/3.0.0/gems/faker-2.20.0/lib/locales/en-ZA.yml&quot;, &quot;/home/nameless_ghoul/.rbenv/versions/3.0.0/lib/ruby/gems/3.0.0/gems/faker-2.20.0/lib/locales/en-au-ocker.yml&quot;, &quot;/home/nameless_ghoul/.rbenv/versions/3.0.0/lib/ruby/gems/3.0.0/gems/faker-2.20.0/lib/locales/en.yml&quot;, &quot;/home/nameless_ghoul/.rbenv/versions/3.0.0/lib/ruby/gems/3.0.0/gems/faker-2.20.0/lib/locales/es-AR.yml&quot;, &quot;/home/nameless_ghoul/.rbenv/versions/3.0.0/lib/ruby/gems/3.0.0/gems/faker-2.20.0/lib/locales/es-MX.yml&quot;, &quot;/home/nameless_ghoul/.rbenv/versions/3.0.0/lib/ruby/gems/3.0.0/gems/faker-2.20.0/lib/locales/es.yml&quot;, &quot;/home/nameless_ghoul/.rbenv/versions/3.0.0/lib/ruby/gems/3.0.0/gems/faker-2.20.0/lib/locales/fa.yml&quot;, &quot;/home/nameless_ghoul/.rbenv/versions/3.0.0/lib/ruby/gems/3.0.0/gems/faker-2.20.0/lib/locales/fi-FI.yml&quot;, &quot;/home/nameless_ghoul/.rbenv/versions/3.0.0/lib/ruby/gems/3.0.0/gems/faker-2.20.0/lib/locales/fr/address.yml&quot;, &quot;/home/nameless_ghoul/.rbenv/versions/3.0.0/lib/ruby/gems/3.0.0/gems/faker-2.20.0/lib/locales/fr/animal.yml&quot;, &quot;/home/nameless_ghoul/.rbenv/versions/3.0.0/lib/ruby/gems/3.0.0/gems/faker-2.20.0/lib/locales/fr/appliance.yml&quot;, &quot;/home/nameless_ghoul/.rbenv/versions/3.0.0/lib/ruby/gems/3.0.0/gems/faker-2.20.0/lib/locales/fr/book.yml&quot;, &quot;/home/nameless_ghoul/.rbenv/versions/3.0.0/lib/ruby/gems/3.0.0/gems/faker-2.20.0/lib/locales/fr/color.yml&quot;, &quot;/home/nameless_ghoul/.rbenv/versions/3.0.0/lib/ruby/gems/3.0.0/gems/faker-2.20.0/lib/locales/fr/company.yml&quot;, &quot;/home/nameless_ghoul/.rbenv/versions/3.0.0/lib/ruby/gems/3.0.0/gems/faker-2.20.0/lib/locales/fr/compass.yml&quot;, &quot;/home/nameless_ghoul/.rbenv/versions/3.0.0/lib/ruby/gems/3.0.0/gems/faker-2.20.0/lib/locales/fr/demographic.yml&quot;, &quot;/home/nameless_ghoul/.rbenv/versions/3.0.0/lib/ruby/gems/3.0.0/gems/faker-2.20.0/lib/locales/fr/gender.yml&quot;, &quot;/home/nameless_ghoul/.rbenv/versions/3.0.0/lib/ruby/gems/3.0.0/gems/faker-2.20.0/lib/locales/fr/internet.yml&quot;, &quot;/home/nameless_ghoul/.rbenv/versions/3.0.0/lib/ruby/gems/3.0.0/gems/faker-2.20.0/lib/locales/fr/lorem.yml&quot;, &quot;/home/nameless_ghoul/.rbenv/versions/3.0.0/lib/ruby/gems/3.0.0/gems/faker-2.20.0/lib/locales/fr/measurement.yml&quot;, &quot;/home/nameless_ghoul/.rbenv/versions/3.0.0/lib/ruby/gems/3.0.0/gems/faker-2.20.0/lib/locales/fr/name.yml&quot;, &quot;/home/nameless_ghoul/.rbenv/versions/3.0.0/lib/ruby/gems/3.0.0/gems/faker-2.20.0/lib/locales/fr/phone_number.yml&quot;, &quot;/home/nameless_ghoul/.rbenv/versions/3.0.0/lib/ruby/gems/3.0.0/gems/faker-2.20.0/lib/locales/fr/pokemon.yml&quot;, &quot;/home/nameless_ghoul/.rbenv/versions/3.0.0/lib/ruby/gems/3.0.0/gems/faker-2.20.0/lib/locales/fr-CA.yml&quot;, &quot;/home/nameless_ghoul/.rbenv/versions/3.0.0/lib/ruby/gems/3.0.0/gems/faker-2.20.0/lib/locales/fr-CH.yml&quot;, &quot;/home/nameless_ghoul/.rbenv/versions/3.0.0/lib/ruby/gems/3.0.0/gems/faker-2.20.0/lib/locales/fr.yml&quot;, &quot;/home/nameless_ghoul/.rbenv/versions/3.0.0/lib/ruby/gems/3.0.0/gems/faker-2.20.0/lib/locales/he.yml&quot;, &quot;/home/nameless_ghoul/.rbenv/versions/3.0.0/lib/ruby/gems/3.0.0/gems/faker-2.20.0/lib/locales/hy.yml&quot;, &quot;/home/nameless_ghoul/.rbenv/versions/3.0.0/lib/ruby/gems/3.0.0/gems/faker-2.20.0/lib/locales/id.yml&quot;, &quot;/home/nameless_ghoul/.rbenv/versions/3.0.0/lib/ruby/gems/3.0.0/gems/faker-2.20.0/lib/locales/it.yml&quot;, &quot;/home/nameless_ghoul/.rbenv/versions/3.0.0/lib/ruby/gems/3.0.0/gems/faker-2.20.0/lib/locales/ja/address.yml&quot;, &quot;/home/nameless_ghoul/.rbenv/versions/3.0.0/lib/ruby/gems/3.0.0/gems/faker-2.20.0/lib/locales/ja/ancient.yml&quot;, &quot;/home/nameless_ghoul/.rbenv/versions/3.0.0/lib/ruby/gems/3.0.0/gems/faker-2.20.0/lib/locales/ja/animal.yml&quot;, &quot;/home/nameless_ghoul/.rbenv/versions/3.0.0/lib/ruby/gems/3.0.0/gems/faker-2.20.0/lib/locales/ja/bank.yml&quot;, &quot;/home/nameless_ghoul/.rbenv/versions/3.0.0/lib/ruby/gems/3.0.0/gems/faker-2.20.0/lib/locales/ja/book.yml&quot;, &quot;/home/nameless_ghoul/.rbenv/versions/3.0.0/lib/ruby/gems/3.0.0/gems/faker-2.20.0/lib/locales/ja/cat.yml&quot;, &quot;/home/nameless_ghoul/.rbenv/versions/3.0.0/lib/ruby/gems/3.0.0/gems/faker-2.20.0/lib/locales/ja/coffee.yml&quot;, &quot;/home/nameless_ghoul/.rbenv/versions/3.0.0/lib/ruby/gems/3.0.0/gems/faker-2.20.0/lib/locales/ja/color.yml&quot;, &quot;/home/nameless_ghoul/.rbenv/versions/3.0.0/lib/ruby/gems/3.0.0/gems/faker-2.20.0/lib/locales/ja/commerce.yml&quot;, &quot;/home/nameless_ghoul/.rbenv/versions/3.0.0/lib/ruby/gems/3.0.0/gems/faker-2.20.0/lib/locales/ja/company.yml&quot;, &quot;/home/nameless_ghoul/.rbenv/versions/3.0.0/lib/ruby/gems/3.0.0/gems/faker-2.20.0/lib/locales/ja/dog.yml&quot;, &quot;/home/nameless_ghoul/.rbenv/versions/3.0.0/lib/ruby/gems/3.0.0/gems/faker-2.20.0/lib/locales/ja/food.yml&quot;, &quot;/home/nameless_ghoul/.rbenv/versions/3.0.0/lib/ruby/gems/3.0.0/gems/faker-2.20.0/lib/locales/ja/gender.yml&quot;, &quot;/home/nameless_ghoul/.rbenv/versions/3.0.0/lib/ruby/gems/3.0.0/gems/faker-2.20.0/lib/locales/ja/lorem.yml&quot;, &quot;/home/nameless_ghoul/.rbenv/versions/3.0.0/lib/ruby/gems/3.0.0/gems/faker-2.20.0/lib/locales/ja/name.yml&quot;, &quot;/home/nameless_ghoul/.rbenv/versions/3.0.0/lib/ruby/gems/3.0.0/gems/faker-2.20.0/lib/locales/ja/overwatch.yml&quot;, &quot;/home/nameless_ghoul/.rbenv/versions/3.0.0/lib/ruby/gems/3.0.0/gems/faker-2.20.0/lib/locales/ja/phone_number.yml&quot;, &quot;/home/nameless_ghoul/.rbenv/versions/3.0.0/lib/ruby/gems/3.0.0/gems/faker-2.20.0/lib/locales/ja/pokemon.yml&quot;, &quot;/home/nameless_ghoul/.rbenv/versions/3.0.0/lib/ruby/gems/3.0.0/gems/faker-2.20.0/lib/locales/ja/restaurant.yml&quot;, &quot;/home/nameless_ghoul/.rbenv/versions/3.0.0/lib/ruby/gems/3.0.0/gems/faker-2.20.0/lib/locales/ja/space.yml&quot;, &quot;/home/nameless_ghoul/.rbenv/versions/3.0.0/lib/ruby/gems/3.0.0/gems/faker-2.20.0/lib/locales/ja/studio_ghibli.yml&quot;, &quot;/home/nameless_ghoul/.rbenv/versions/3.0.0/lib/ruby/gems/3.0.0/gems/faker-2.20.0/lib/locales/ja/subscription.yml&quot;, &quot;/home/nameless_ghoul/.rbenv/versions/3.0.0/lib/ruby/gems/3.0.0/gems/faker-2.20.0/lib/locales/ja/super_mario.yml&quot;, &quot;/home/nameless_ghoul/.rbenv/versions/3.0.0/lib/ruby/gems/3.0.0/gems/faker-2.20.0/lib/locales/ja/super_smash_bros.yml&quot;, &quot;/home/nameless_ghoul/.rbenv/versions/3.0.0/lib/ruby/gems/3.0.0/gems/faker-2.20.0/lib/locales/ja/university.yml&quot;, &quot;/home/nameless_ghoul/.rbenv/versions/3.0.0/lib/ruby/gems/3.0.0/gems/faker-2.20.0/lib/locales/ja/zelda.yml&quot;, &quot;/home/nameless_ghoul/.rbenv/versions/3.0.0/lib/ruby/gems/3.0.0/gems/faker-2.20.0/lib/locales/ko.yml&quot;, &quot;/home/nameless_ghoul/.rbenv/versions/3.0.0/lib/ruby/gems/3.0.0/gems/faker-2.20.0/lib/locales/lt.yml&quot;, &quot;/home/nameless_ghoul/.rbenv/versions/3.0.0/lib/ruby/gems/3.0.0/gems/faker-2.20.0/lib/locales/lv.yml&quot;, &quot;/home/nameless_ghoul/.rbenv/versions/3.0.0/lib/ruby/gems/3.0.0/gems/faker-2.20.0/lib/locales/mi-NZ.yml&quot;, &quot;/home/nameless_ghoul/.rbenv/versions/3.0.0/lib/ruby/gems/3.0.0/gems/faker-2.20.0/lib/locales/nb-NO.yml&quot;, &quot;/home/nameless_ghoul/.rbenv/versions/3.0.0/lib/ruby/gems/3.0.0/gems/faker-2.20.0/lib/locales/nl.yml&quot;, &quot;/home/nameless_ghoul/.rbenv/versions/3.0.0/lib/ruby/gems/3.0.0/gems/faker-2.20.0/lib/locales/no.yml&quot;, &quot;/home/nameless_ghoul/.rbenv/versions/3.0.0/lib/ruby/gems/3.0.0/gems/faker-2.20.0/lib/locales/pl.yml&quot;, &quot;/home/nameless_ghoul/.rbenv/versions/3.0.0/lib/ruby/gems/3.0.0/gems/faker-2.20.0/lib/locales/pt-BR.yml&quot;, &quot;/home/nameless_ghoul/.rbenv/versions/3.0.0/lib/ruby/gems/3.0.0/gems/faker-2.20.0/lib/locales/pt.yml&quot;, &quot;/home/nameless_ghoul/.rbenv/versions/3.0.0/lib/ruby/gems/3.0.0/gems/faker-2.20.0/lib/locales/ru.yml&quot;, &quot;/home/nameless_ghoul/.rbenv/versions/3.0.0/lib/ruby/gems/3.0.0/gems/faker-2.20.0/lib/locales/sk.yml&quot;, &quot;/home/nameless_ghoul/.rbenv/versions/3.0.0/lib/ruby/gems/3.0.0/gems/faker-2.20.0/lib/locales/sv.yml&quot;, &quot;/home/nameless_ghoul/.rbenv/versions/3.0.0/lib/ruby/gems/3.0.0/gems/faker-2.20.0/lib/locales/th.yml&quot;, &quot;/home/nameless_ghoul/.rbenv/versions/3.0.0/lib/ruby/gems/3.0.0/gems/faker-2.20.0/lib/locales/tr.yml&quot;, &quot;/home/nameless_ghoul/.rbenv/versions/3.0.0/lib/ruby/gems/3.0.0/gems/faker-2.20.0/lib/locales/uk.yml&quot;, &quot;/home/nameless_ghoul/.rbenv/versions/3.0.0/lib/ruby/gems/3.0.0/gems/faker-2.20.0/lib/locales/vi.yml&quot;, &quot;/home/nameless_ghoul/.rbenv/versions/3.0.0/lib/ruby/gems/3.0.0/gems/faker-2.20.0/lib/locales/zh-CN.yml&quot;, &quot;/home/nameless_ghoul/.rbenv/versions/3.0.0/lib/ruby/gems/3.0.0/gems/faker-2.20.0/lib/locales/zh-TW.yml&quot;, &quot;/home/nameless_ghoul/.rbenv/versions/3.0.0/lib/ruby/gems/3.0.0/gems/will_paginate-3.3.1/lib/will_paginate/locale/en.yml&quot;, &quot;/home/nameless_ghoul/.rbenv/versions/3.0.0/lib/ruby/gems/3.0.0/gems/active_storage_validations-0.9.7/config/locales/de.yml&quot;, &quot;/home/nameless_ghoul/.rbenv/versions/3.0.0/lib/ruby/gems/3.0.0/gems/active_storage_validations-0.9.7/config/locales/en.yml&quot;, &quot;/home/nameless_ghoul/.rbenv/versions/3.0.0/lib/ruby/gems/3.0.0/gems/active_storage_validations-0.9.7/config/locales/es.yml&quot;, &quot;/home/nameless_ghoul/.rbenv/versions/3.0.0/lib/ruby/gems/3.0.0/gems/active_storage_validations-0.9.7/config/locales/fr.yml&quot;, &quot;/home/nameless_ghoul/.rbenv/versions/3.0.0/lib/ruby/gems/3.0.0/gems/active_storage_validations-0.9.7/config/locales/it.yml&quot;, &quot;/home/nameless_ghoul/.rbenv/versions/3.0.0/lib/ruby/gems/3.0.0/gems/active_storage_validations-0.9.7/config/locales/ja.yml&quot;, &quot;/home/nameless_ghoul/.rbenv/versions/3.0.0/lib/ruby/gems/3.0.0/gems/active_storage_validations-0.9.7/config/locales/nl.yml&quot;, &quot;/home/nameless_ghoul/.rbenv/versions/3.0.0/lib/ruby/gems/3.0.0/gems/active_storage_validations-0.9.7/config/locales/pl.yml&quot;, &quot;/home/nameless_ghoul/.rbenv/versions/3.0.0/lib/ruby/gems/3.0.0/gems/active_storage_validations-0.9.7/config/locales/pt-BR.yml&quot;, &quot;/home/nameless_ghoul/.rbenv/versions/3.0.0/lib/ruby/gems/3.0.0/gems/active_storage_validations-0.9.7/config/locales/ru.yml&quot;, &quot;/home/nameless_ghoul/.rbenv/versions/3.0.0/lib/ruby/gems/3.0.0/gems/active_storage_validations-0.9.7/config/locales/tr.yml&quot;, &quot;/home/nameless_ghoul/.rbenv/versions/3.0.0/lib/ruby/gems/3.0.0/gems/active_storage_validations-0.9.7/config/locales/uk.yml&quot;, &quot;/home/nameless_ghoul/.rbenv/versions/3.0.0/lib/ruby/gems/3.0.0/gems/active_storage_validations-0.9.7/config/locales/vi.yml&quot;, &quot;/home/nameless_ghoul/Documents/Work/LoudCloudPH/Learning/Learn Enough Projects/sample_app/config/locales/en.yml&quot;, &quot;/home/nameless_ghoul/.rbenv/versions/3.0.0/lib/ruby/gems/3.0.0/gems/active_storage_validations-0.9.7/config/locales/de.yml&quot;, &quot;/home/nameless_ghoul/.rbenv/versions/3.0.0/lib/ruby/gems/3.0.0/gems/active_storage_validations-0.9.7/config/locales/en.yml&quot;, &quot;/home/nameless_ghoul/.rbenv/versions/3.0.0/lib/ruby/gems/3.0.0/gems/active_storage_validations-0.9.7/config/locales/es.yml&quot;, &quot;/home/nameless_ghoul/.rbenv/versions/3.0.0/lib/ruby/gems/3.0.0/gems/active_storage_validations-0.9.7/config/locales/fr.yml&quot;, &quot;/home/nameless_ghoul/.rbenv/versions/3.0.0/lib/ruby/gems/3.0.0/gems/active_storage_validations-0.9.7/config/locales/it.yml&quot;, &quot;/home/nameless_ghoul/.rbenv/versions/3.0.0/lib/ruby/gems/3.0.0/gems/active_storage_validations-0.9.7/config/locales/ja.yml&quot;, &quot;/home/nameless_ghoul/.rbenv/versions/3.0.0/lib/ruby/gems/3.0.0/gems/active_storage_validations-0.9.7/config/locales/nl.yml&quot;, &quot;/home/nameless_ghoul/.rbenv/versions/3.0.0/lib/ruby/gems/3.0.0/gems/active_storage_validations-0.9.7/config/locales/pl.yml&quot;, &quot;/home/nameless_ghoul/.rbenv/versions/3.0.0/lib/ruby/gems/3.0.0/gems/active_storage_validations-0.9.7/config/locales/pt-BR.yml&quot;, &quot;/home/nameless_ghoul/.rbenv/versions/3.0.0/lib/ruby/gems/3.0.0/gems/active_storage_validations-0.9.7/config/locales/ru.yml&quot;, &quot;/home/nameless_ghoul/.rbenv/versions/3.0.0/lib/ruby/gems/3.0.0/gems/active_storage_validations-0.9.7/config/locales/tr.yml&quot;, &quot;/home/nameless_ghoul/.rbenv/versions/3.0.0/lib/ruby/gems/3.0.0/gems/active_storage_validations-0.9.7/config/locales/uk.yml&quot;, &quot;/home/nameless_ghoul/.rbenv/versions/3.0.0/lib/ruby/gems/3.0.0/gems/active_storage_validations-0.9.7/config/locales/vi.yml&quot;, &quot;/home/nameless_ghoul/Documents/Work/LoudCloudPH/Learning/Learn Enough Projects/sample_app/config/locales/en.yml&quot;], @last_update_at=2022-04-06 11:30:10.712511724 +0800&gt;, #&lt;Rails::Application::RoutesReloader:0x0000558f2c0014d0 @paths=[&quot;/home/nameless_ghoul/Documents/Work/LoudCloudPH/Learning/Learn Enough Projects/sample_app/config/routes.rb&quot;, &quot;/home/nameless_ghoul/.rbenv/versions/3.0.0/lib/ruby/gems/3.0.0/gems/actionmailbox-6.1.5/config/routes.rb&quot;, &quot;/home/nameless_ghoul/.rbenv/versions/3.0.0/lib/ruby/gems/3.0.0/gems/activestorage-6.1.5/config/routes.rb&quot;], @route_sets=[#&lt;ActionDispatch::Routing::RouteSet:0x0000558f2c003c08&gt;, #&lt;ActionDispatch::Routing::RouteSet:0x0000558f29538258&gt;, #&lt;ActionDispatch::Routing::RouteSet:0x0000558f2c000170&gt;, #&lt;ActionDispatch::Routing::RouteSet:0x0000558f2a0b0ef0&gt;, #&lt;ActionDispatch::Routing::RouteSet:0x0000558f2958c880&gt;, #&lt;ActionDispatch::Routing::RouteSet:0x0000558f2c022310&gt;, #&lt;ActionDispatch::Routing::RouteSet:0x0000558f2c021690&gt;, #&lt;ActionDispatch::Routing::RouteSet:0x0000558f2c020a10&gt;, #&lt;ActionDispatch::Routing::RouteSet:0x0000558f2c02bd70&gt;, #&lt;ActionDispatch::Routing::RouteSet:0x0000558f2c02b0f0&gt;, #&lt;ActionDispatch::Routing::RouteSet:0x0000558f2c02a3f8&gt;], @external_routes=[#&lt;Pathname:/home/nameless_ghoul/Documents/Work/LoudCloudPH/Learning/Learn Enough Projects/sample_app/config/routes&gt;, #&lt;Pathname:/home/nameless_ghoul/.rbenv/versions/3.0.0/lib/ruby/gems/3.0.0/gems/bootstrap-sass-3.4.1/config/routes&gt;, #&lt;Pathname:/home/nameless_ghoul/.rbenv/versions/3.0.0/lib/ruby/gems/3.0.0/gems/bootstrap-will_paginate-1.0.0/config/routes&gt;, #&lt;Pathname:/home/nameless_ghoul/.rbenv/versions/3.0.0/lib/ruby/gems/3.0.0/gems/active_storage_validations-0.9.7/config/routes&gt;, #&lt;Pathname:/home/nameless_ghoul/.rbenv/versions/3.0.0/lib/ruby/gems/3.0.0/gems/turbolinks-5.2.1/config/routes&gt;, #&lt;Pathname:/home/nameless_ghoul/.rbenv/versions/3.0.0/lib/ruby/gems/3.0.0/gems/webpacker-5.4.3/config/routes&gt;, #&lt;Pathname:/home/nameless_ghoul/.rbenv/versions/3.0.0/lib/ruby/gems/3.0.0/gems/actiontext-6.1.5/config/routes&gt;, #&lt;Pathname:/home/nameless_ghoul/.rbenv/versions/3.0.0/lib/ruby/gems/3.0.0/gems/actionmailbox-6.1.5/config/routes&gt;, #&lt;Pathname:/home/nameless_ghoul/.rbenv/versions/3.0.0/lib/ruby/gems/3.0.0/gems/actioncable-6.1.5/config/routes&gt;, #&lt;Pathname:/home/nameless_ghoul/.rbenv/versions/3.0.0/lib/ruby/gems/3.0.0/gems/activestorage-6.1.5/config/routes&gt;, #&lt;Pathname:/home/nameless_ghoul/.rbenv/versions/3.0.0/lib/ruby/gems/3.0.0/gems/actionview-6.1.5/config/routes&gt;], @eager_load=false, @updater=#&lt;ActiveSupport::FileUpdateChecker:0x0000558f2c3d3158 @files=[&quot;/home/nameless_ghoul/Documents/Work/LoudCloudPH/Learning/Learn Enough Projects/sample_app/config/routes.rb&quot;, &quot;/home/nameless_ghoul/.rbenv/versions/3.0.0/lib/ruby/gems/3.0.0/gems/actionmailbox-6.1.5/config/routes.rb&quot;, &quot;/home/nameless_ghoul/.rbenv/versions/3.0.0/lib/ruby/gems/3.0.0/gems/activestorage-6.1.5/config/routes.rb&quot;], @glob=&quot;{/home/nameless_ghoul/Documents/Work/LoudCloudPH/Learning/Learn Enough Projects/sample_app/config/routes/**/*.{rb},/home/nameless_ghoul/.rbenv/versions/3.0.0/lib/ruby/gems/3.0.0/gems/bootstrap-sass-3.4.1/config/routes/**/*.{rb},/home/nameless_ghoul/.rbenv/versions/3.0.0/lib/ruby/gems/3.0.0/gems/bootstrap-will_paginate-1.0.0/config/routes/**/*.{rb},/home/nameless_ghoul/.rbenv/versions/3.0.0/lib/ruby/gems/3.0.0/gems/active_storage_validations-0.9.7/config/routes/**/*.{rb},/home/nameless_ghoul/.rbenv/versions/3.0.0/lib/ruby/gems/3.0.0/gems/turbolinks-5.2.1/config/routes/**/*.{rb},/home/nameless_ghoul/.rbenv/versions/3.0.0/lib/ruby/gems/3.0.0/gems/webpacker-5.4.3/config/routes/**/*.{rb},/home/nameless_ghoul/.rbenv/versions/3.0.0/lib/ruby/gems/3.0.0/gems/actiontext-6.1.5/config/routes/**/*.{rb},/home/nameless_ghoul/.rbenv/versions/3.0.0/lib/ruby/gems/3.0.0/gems/actionmailbox-6.1.5/config/routes/**/*.{rb},/home/nameless_ghoul/.rbenv/versions/3.0.0/lib/ruby/gems/3.0.0/gems/actioncable-6.1.5/config/routes/**/*.{rb},/home/nameless_ghoul/.rbenv/versions/3.0.0/lib/ruby/gems/3.0.0/gems/activestorage-6.1.5/config/routes/**/*.{rb},/home/nameless_ghoul/.rbenv/versions/3.0.0/lib/ruby/gems/3.0.0/gems/actionview-6.1.5/config/routes/**/*.{rb}}&quot;, @block=#&lt;Proc:0x0000558f2c3d3108 /home/nameless_ghoul/.rbenv/versions/3.0.0/lib/ruby/gems/3.0.0/gems/railties-6.1.5/lib/rails/application/routes_reloader.rb:35&gt;, @watched=nil, @updated_at=nil, @last_watched=[&quot;/home/nameless_ghoul/Documents/Work/LoudCloudPH/Learning/Learn Enough Projects/sample_app/config/routes.rb&quot;, &quot;/home/nameless_ghoul/.rbenv/versions/3.0.0/lib/ruby/gems/3.0.0/gems/actionmailbox-6.1.5/config/routes.rb&quot;, &quot;/home/nameless_ghoul/.rbenv/versions/3.0.0/lib/ruby/gems/3.0.0/gems/activestorage-6.1.5/config/routes.rb&quot;], @last_update_at=2022-04-06 11:50:47.88913428 +0800&gt;&gt;, #&lt;ActiveSupport::FileUpdateChecker:0x0000558f2c5b3cc0 @files=[&quot;/home/nameless_ghoul/Documents/Work/LoudCloudPH/Learning/Learn Enough Projects/sample_app/db/schema.rb&quot;, &quot;/home/nameless_ghoul/Documents/Work/LoudCloudPH/Learning/Learn Enough Projects/sample_app/db/structure.sql&quot;], @glob=&quot;{/home/nameless_ghoul/Documents/Work/LoudCloudPH/Learning/Learn Enough Projects/sample_app/app/channels/**/*.{rb},/home/nameless_ghoul/Documents/Work/LoudCloudPH/Learning/Learn Enough Projects/sample_app/app/controllers/**/*.{rb},/home/nameless_ghoul/Documents/Work/LoudCloudPH/Learning/Learn Enough Projects/sample_app/app/controllers/concerns/**/*.{rb},/home/nameless_ghoul/Documents/Work/LoudCloudPH/Learning/Learn Enough Projects/sample_app/app/helpers/**/*.{rb},/home/nameless_ghoul/Documents/Work/LoudCloudPH/Learning/Learn Enough Projects/sample_app/app/jobs/**/*.{rb},/home/nameless_ghoul/Documents/Work/LoudCloudPH/Learning/Learn Enough Projects/sample_app/app/mailers/**/*.{rb},/home/nameless_ghoul/Documents/Work/LoudCloudPH/Learning/Learn Enough Projects/sample_app/app/models/**/*.{rb},/home/nameless_ghoul/Documents/Work/LoudCloudPH/Learning/Learn Enough Projects/sample_app/app/models/concerns/**/*.{rb},/home/nameless_ghoul/.rbenv/versions/3.0.0/lib/ruby/gems/3.0.0/gems/actiontext-6.1.5/app/helpers/**/*.{rb},/home/nameless_ghoul/.rbenv/versions/3.0.0/lib/ruby/gems/3.0.0/gems/actiontext-6.1.5/app/models/**/*.{rb},/home/nameless_ghoul/.rbenv/versions/3.0.0/lib/ruby/gems/3.0.0/gems/actionmailbox-6.1.5/app/controllers/**/*.{rb},/home/nameless_ghoul/.rbenv/versions/3.0.0/lib/ruby/gems/3.0.0/gems/actionmailbox-6.1.5/app/jobs/**/*.{rb},/home/nameless_ghoul/.rbenv/versions/3.0.0/lib/ruby/gems/3.0.0/gems/actionmailbox-6.1.5/app/models/**/*.{rb},/home/nameless_ghoul/.rbenv/versions/3.0.0/lib/ruby/gems/3.0.0/gems/activestorage-6.1.5/app/controllers/**/*.{rb},/home/nameless_ghoul/.rbenv/versions/3.0.0/lib/ruby/gems/3.0.0/gems/activestorage-6.1.5/app/controllers/concerns/**/*.{rb},/home/nameless_ghoul/.rbenv/versions/3.0.0/lib/ruby/gems/3.0.0/gems/activestorage-6.1.5/app/jobs/**/*.{rb},/home/nameless_ghoul/.rbenv/versions/3.0.0/lib/ruby/gems/3.0.0/gems/activestorage-6.1.5/app/models/**/*.{rb}}&quot;, @block=#&lt;Proc:0x0000558f2c5a8258 /home/nameless_ghoul/.rbenv/versions/3.0.0/lib/ruby/gems/3.0.0/gems/railties-6.1.5/lib/rails/application/finisher.rb:215 (lambda)&gt;, @watched=nil, @updated_at=nil, @last_watched=[&quot;/home/nameless_ghoul/Documents/Work/LoudCloudPH/Learning/Learn Enough Projects/sample_app/db/schema.rb&quot;, &quot;/home/nameless_ghoul/Documents/Work/LoudCloudPH/Learning/Learn Enough Projects/sample_app/app/channels/application_cable/channel.rb&quot;, &quot;/home/nameless_ghoul/Documents/Work/LoudCloudPH/Learning/Learn Enough Projects/sample_app/app/channels/application_cable/connection.rb&quot;, &quot;/home/nameless_ghoul/Documents/Work/LoudCloudPH/Learning/Learn Enough Projects/sample_app/app/controllers/application_controller.rb&quot;, &quot;/home/nameless_ghoul/Documents/Work/LoudCloudPH/Learning/Learn Enough Projects/sample_app/app/controllers/static_pages_controller.rb&quot;, &quot;/home/nameless_ghoul/Documents/Work/LoudCloudPH/Learning/Learn Enough Projects/sample_app/app/helpers/application_helper.rb&quot;, &quot;/home/nameless_ghoul/Documents/Work/LoudCloudPH/Learning/Learn Enough Projects/sample_app/app/helpers/static_pages_helper.rb&quot;, &quot;/home/nameless_ghoul/Documents/Work/LoudCloudPH/Learning/Learn Enough Projects/sample_app/app/jobs/application_job.rb&quot;, &quot;/home/nameless_ghoul/Documents/Work/LoudCloudPH/Learning/Learn Enough Projects/sample_app/app/mailers/application_mailer.rb&quot;, &quot;/home/nameless_ghoul/Documents/Work/LoudCloudPH/Learning/Learn Enough Projects/sample_app/app/models/application_record.rb&quot;, &quot;/home/nameless_ghoul/.rbenv/versions/3.0.0/lib/ruby/gems/3.0.0/gems/actiontext-6.1.5/app/helpers/action_text/content_helper.rb&quot;, &quot;/home/nameless_ghoul/.rbenv/versions/3.0.0/lib/ruby/gems/3.0.0/gems/actiontext-6.1.5/app/helpers/action_text/tag_helper.rb&quot;, &quot;/home/nameless_ghoul/.rbenv/versions/3.0.0/lib/ruby/gems/3.0.0/gems/actiontext-6.1.5/app/models/action_text/record.rb&quot;, &quot;/home/nameless_ghoul/.rbenv/versions/3.0.0/lib/ruby/gems/3.0.0/gems/actiontext-6.1.5/app/models/action_text/rich_text.rb&quot;, &quot;/home/nameless_ghoul/.rbenv/versions/3.0.0/lib/ruby/gems/3.0.0/gems/actionmailbox-6.1.5/app/controllers/action_mailbox/base_controller.rb&quot;, &quot;/home/nameless_ghoul/.rbenv/versions/3.0.0/lib/ruby/gems/3.0.0/gems/actionmailbox-6.1.5/app/controllers/action_mailbox/ingresses/mailgun/inbound_emails_controller.rb&quot;, &quot;/home/nameless_ghoul/.rbenv/versions/3.0.0/lib/ruby/gems/3.0.0/gems/actionmailbox-6.1.5/app/controllers/action_mailbox/ingresses/mandrill/inbound_emails_controller.rb&quot;, &quot;/home/nameless_ghoul/.rbenv/versions/3.0.0/lib/ruby/gems/3.0.0/gems/actionmailbox-6.1.5/app/controllers/action_mailbox/ingresses/postmark/inbound_emails_controller.rb&quot;, &quot;/home/nameless_ghoul/.rbenv/versions/3.0.0/lib/ruby/gems/3.0.0/gems/actionmailbox-6.1.5/app/controllers/action_mailbox/ingresses/relay/inbound_emails_controller.rb&quot;, &quot;/home/nameless_ghoul/.rbenv/versions/3.0.0/lib/ruby/gems/3.0.0/gems/actionmailbox-6.1.5/app/controllers/action_mailbox/ingresses/sendgrid/inbound_emails_controller.rb&quot;, &quot;/home/nameless_ghoul/.rbenv/versions/3.0.0/lib/ruby/gems/3.0.0/gems/actionmailbox-6.1.5/app/controllers/rails/conductor/action_mailbox/inbound_emails/sources_controller.rb&quot;, &quot;/home/nameless_ghoul/.rbenv/versions/3.0.0/lib/ruby/gems/3.0.0/gems/actionmailbox-6.1.5/app/controllers/rails/conductor/action_mailbox/inbound_emails_controller.rb&quot;, &quot;/home/nameless_ghoul/.rbenv/versions/3.0.0/lib/ruby/gems/3.0.0/gems/actionmailbox-6.1.5/app/controllers/rails/conductor/action_mailbox/reroutes_controller.rb&quot;, &quot;/home/nameless_ghoul/.rbenv/versions/3.0.0/lib/ruby/gems/3.0.0/gems/actionmailbox-6.1.5/app/controllers/rails/conductor/base_controller.rb&quot;, &quot;/home/nameless_ghoul/.rbenv/versions/3.0.0/lib/ruby/gems/3.0.0/gems/actionmailbox-6.1.5/app/jobs/action_mailbox/incineration_job.rb&quot;, &quot;/home/nameless_ghoul/.rbenv/versions/3.0.0/lib/ruby/gems/3.0.0/gems/actionmailbox-6.1.5/app/jobs/action_mailbox/routing_job.rb&quot;, &quot;/home/nameless_ghoul/.rbenv/versions/3.0.0/lib/ruby/gems/3.0.0/gems/actionmailbox-6.1.5/app/models/action_mailbox/inbound_email/incineratable/incineration.rb&quot;, &quot;/home/nameless_ghoul/.rbenv/versions/3.0.0/lib/ruby/gems/3.0.0/gems/actionmailbox-6.1.5/app/models/action_mailbox/inbound_email/incineratable.rb&quot;, &quot;/home/nameless_ghoul/.rbenv/versions/3.0.0/lib/ruby/gems/3.0.0/gems/actionmailbox-6.1.5/app/models/action_mailbox/inbound_email/message_id.rb&quot;, &quot;/home/nameless_ghoul/.rbenv/versions/3.0.0/lib/ruby/gems/3.0.0/gems/actionmailbox-6.1.5/app/models/action_mailbox/inbound_email/routable.rb&quot;, &quot;/home/nameless_ghoul/.rbenv/versions/3.0.0/lib/ruby/gems/3.0.0/gems/actionmailbox-6.1.5/app/models/action_mailbox/inbound_email.rb&quot;, &quot;/home/nameless_ghoul/.rbenv/versions/3.0.0/lib/ruby/gems/3.0.0/gems/actionmailbox-6.1.5/app/models/action_mailbox/record.rb&quot;, &quot;/home/nameless_ghoul/.rbenv/versions/3.0.0/lib/ruby/gems/3.0.0/gems/activestorage-6.1.5/app/controllers/active_storage/base_controller.rb&quot;, &quot;/home/nameless_ghoul/.rbenv/versions/3.0.0/lib/ruby/gems/3.0.0/gems/activestorage-6.1.5/app/controllers/active_storage/blobs/proxy_controller.rb&quot;, &quot;/home/nameless_ghoul/.rbenv/versions/3.0.0/lib/ruby/gems/3.0.0/gems/activestorage-6.1.5/app/controllers/active_storage/blobs/redirect_controller.rb&quot;, &quot;/home/nameless_ghoul/.rbenv/versions/3.0.0/lib/ruby/gems/3.0.0/gems/activestorage-6.1.5/app/controllers/active_storage/direct_uploads_controller.rb&quot;, &quot;/home/nameless_ghoul/.rbenv/versions/3.0.0/lib/ruby/gems/3.0.0/gems/activestorage-6.1.5/app/controllers/active_storage/disk_controller.rb&quot;, &quot;/home/nameless_ghoul/.rbenv/versions/3.0.0/lib/ruby/gems/3.0.0/gems/activestorage-6.1.5/app/controllers/active_storage/representations/base_controller.rb&quot;, &quot;/home/nameless_ghoul/.rbenv/versions/3.0.0/lib/ruby/gems/3.0.0/gems/activestorage-6.1.5/app/controllers/active_storage/representations/proxy_controller.rb&quot;, &quot;/home/nameless_ghoul/.rbenv/versions/3.0.0/lib/ruby/gems/3.0.0/gems/activestorage-6.1.5/app/controllers/active_storage/representations/redirect_controller.rb&quot;, &quot;/home/nameless_ghoul/.rbenv/versions/3.0.0/lib/ruby/gems/3.0.0/gems/activestorage-6.1.5/app/controllers/concerns/active_storage/file_server.rb&quot;, &quot;/home/nameless_ghoul/.rbenv/versions/3.0.0/lib/ruby/gems/3.0.0/gems/activestorage-6.1.5/app/controllers/concerns/active_storage/set_blob.rb&quot;, &quot;/home/nameless_ghoul/.rbenv/versions/3.0.0/lib/ruby/gems/3.0.0/gems/activestorage-6.1.5/app/controllers/concerns/active_storage/set_current.rb&quot;, &quot;/home/nameless_ghoul/.rbenv/versions/3.0.0/lib/ruby/gems/3.0.0/gems/activestorage-6.1.5/app/controllers/concerns/active_storage/set_headers.rb&quot;, &quot;/home/nameless_ghoul/.rbenv/versions/3.0.0/lib/ruby/gems/3.0.0/gems/activestorage-6.1.5/app/controllers/concerns/active_storage/file_server.rb&quot;, &quot;/home/nameless_ghoul/.rbenv/versions/3.0.0/lib/ruby/gems/3.0.0/gems/activestorage-6.1.5/app/controllers/concerns/active_storage/set_blob.rb&quot;, &quot;/home/nameless_ghoul/.rbenv/versions/3.0.0/lib/ruby/gems/3.0.0/gems/activestorage-6.1.5/app/controllers/concerns/active_storage/set_current.rb&quot;, &quot;/home/nameless_ghoul/.rbenv/versions/3.0.0/lib/ruby/gems/3.0.0/gems/activestorage-6.1.5/app/controllers/concerns/active_storage/set_headers.rb&quot;, &quot;/home/nameless_ghoul/.rbenv/versions/3.0.0/lib/ruby/gems/3.0.0/gems/activestorage-6.1.5/app/jobs/active_storage/analyze_job.rb&quot;, &quot;/home/nameless_ghoul/.rbenv/versions/3.0.0/lib/ruby/gems/3.0.0/gems/activestorage-6.1.5/app/jobs/active_storage/base_job.rb&quot;, &quot;/home/nameless_ghoul/.rbenv/versions/3.0.0/lib/ruby/gems/3.0.0/gems/activestorage-6.1.5/app/jobs/active_storage/mirror_job.rb&quot;, &quot;/home/nameless_ghoul/.rbenv/versions/3.0.0/lib/ruby/gems/3.0.0/gems/activestorage-6.1.5/app/jobs/active_storage/purge_job.rb&quot;, &quot;/home/nameless_ghoul/.rbenv/versions/3.0.0/lib/ruby/gems/3.0.0/gems/activestorage-6.1.5/app/models/active_storage/attachment.rb&quot;, &quot;/home/nameless_ghoul/.rbenv/versions/3.0.0/lib/ruby/gems/3.0.0/gems/activestorage-6.1.5/app/models/active_storage/blob/analyzable.rb&quot;, &quot;/home/nameless_ghoul/.rbenv/versions/3.0.0/lib/ruby/gems/3.0.0/gems/activestorage-6.1.5/app/models/active_storage/blob/identifiable.rb&quot;, &quot;/home/nameless_ghoul/.rbenv/versions/3.0.0/lib/ruby/gems/3.0.0/gems/activestorage-6.1.5/app/models/active_storage/blob/representable.rb&quot;, &quot;/home/nameless_ghoul/.rbenv/versions/3.0.0/lib/ruby/gems/3.0.0/gems/activestorage-6.1.5/app/models/active_storage/blob.rb&quot;, &quot;/home/nameless_ghoul/.rbenv/versions/3.0.0/lib/ruby/gems/3.0.0/gems/activestorage-6.1.5/app/models/active_storage/current.rb&quot;, &quot;/home/nameless_ghoul/.rbenv/versions/3.0.0/lib/ruby/gems/3.0.0/gems/activestorage-6.1.5/app/models/active_storage/filename.rb&quot;, &quot;/home/nameless_ghoul/.rbenv/versions/3.0.0/lib/ruby/gems/3.0.0/gems/activestorage-6.1.5/app/models/active_storage/preview.rb&quot;, &quot;/home/nameless_ghoul/.rbenv/versions/3.0.0/lib/ruby/gems/3.0.0/gems/activestorage-6.1.5/app/models/active_storage/record.rb&quot;, &quot;/home/nameless_ghoul/.rbenv/versions/3.0.0/lib/ruby/gems/3.0.0/gems/activestorage-6.1.5/app/models/active_storage/variant.rb&quot;, &quot;/home/nameless_ghoul/.rbenv/versions/3.0.0/lib/ruby/gems/3.0.0/gems/activestorage-6.1.5/app/models/active_storage/variant_record.rb&quot;, &quot;/home/nameless_ghoul/.rbenv/versions/3.0.0/lib/ruby/gems/3.0.0/gems/activestorage-6.1.5/app/models/active_storage/variant_with_record.rb&quot;, &quot;/home/nameless_ghoul/.rbenv/versions/3.0.0/lib/ruby/gems/3.0.0/gems/activestorage-6.1.5/app/models/active_storage/variation.rb&quot;], @last_update_at=2022-04-06 12:10:17.186942306 +0800&gt;], @routes_reloader=#&lt;Rails::Application::RoutesReloader:0x0000558f2c0014d0 @paths=[&quot;/home/nameless_ghoul/Documents/Work/LoudCloudPH/Learning/Learn Enough Projects/sample_app/config/routes.rb&quot;, &quot;/home/nameless_ghoul/.rbenv/versions/3.0.0/lib/ruby/gems/3.0.0/gems/actionmailbox-6.1.5/config/routes.rb&quot;, &quot;/home/nameless_ghoul/.rbenv/versions/3.0.0/lib/ruby/gems/3.0.0/gems/activestorage-6.1.5/config/routes.rb&quot;], @route_sets=[#&lt;ActionDispatch::Routing::RouteSet:0x0000558f2c003c08&gt;, #&lt;ActionDispatch::Routing::RouteSet:0x0000558f29538258&gt;, #&lt;ActionDispatch::Routing::RouteSet:0x0000558f2c000170&gt;, #&lt;ActionDispatch::Routing::RouteSet:0x0000558f2a0b0ef0&gt;, #&lt;ActionDispatch::Routing::RouteSet:0x0000558f2958c880&gt;, #&lt;ActionDispatch::Routing::RouteSet:0x0000558f2c022310&gt;, #&lt;ActionDispatch::Routing::RouteSet:0x0000558f2c021690&gt;, #&lt;ActionDispatch::Routing::RouteSet:0x0000558f2c020a10&gt;, #&lt;ActionDispatch::Routing::RouteSet:0x0000558f2c02bd70&gt;, #&lt;ActionDispatch::Routing::RouteSet:0x0000558f2c02b0f0&gt;, #&lt;ActionDispatch::Routing::RouteSet:0x0000558f2c02a3f8&gt;], @external_routes=[#&lt;Pathname:/home/nameless_ghoul/Documents/Work/LoudCloudPH/Learning/Learn Enough Projects/sample_app/config/routes&gt;, #&lt;Pathname:/home/nameless_ghoul/.rbenv/versions/3.0.0/lib/ruby/gems/3.0.0/gems/bootstrap-sass-3.4.1/config/routes&gt;, #&lt;Pathname:/home/nameless_ghoul/.rbenv/versions/3.0.0/lib/ruby/gems/3.0.0/gems/bootstrap-will_paginate-1.0.0/config/routes&gt;, #&lt;Pathname:/home/nameless_ghoul/.rbenv/versions/3.0.0/lib/ruby/gems/3.0.0/gems/active_storage_validations-0.9.7/config/routes&gt;, #&lt;Pathname:/home/nameless_ghoul/.rbenv/versions/3.0.0/lib/ruby/gems/3.0.0/gems/turbolinks-5.2.1/config/routes&gt;, #&lt;Pathname:/home/nameless_ghoul/.rbenv/versions/3.0.0/lib/ruby/gems/3.0.0/gems/webpacker-5.4.3/config/routes&gt;, #&lt;Pathname:/home/nameless_ghoul/.rbenv/versions/3.0.0/lib/ruby/gems/3.0.0/gems/actiontext-6.1.5/config/routes&gt;, #&lt;Pathname:/home/nameless_ghoul/.rbenv/versions/3.0.0/lib/ruby/gems/3.0.0/gems/actionmailbox-6.1.5/config/routes&gt;, #&lt;Pathname:/home/nameless_ghoul/.rbenv/versions/3.0.0/lib/ruby/gems/3.0.0/gems/actioncable-6.1.5/config/routes&gt;, #&lt;Pathname:/home/nameless_ghoul/.rbenv/versions/3.0.0/lib/ruby/gems/3.0.0/gems/activestorage-6.1.5/config/routes&gt;, #&lt;Pathname:/home/nameless_ghoul/.rbenv/versions/3.0.0/lib/ruby/gems/3.0.0/gems/actionview-6.1.5/config/routes&gt;], @eager_load=false, @updater=#&lt;ActiveSupport::FileUpdateChecker:0x0000558f2c3d3158 @files=[&quot;/home/nameless_ghoul/Documents/Work/LoudCloudPH/Learning/Learn Enough Projects/sample_app/config/routes.rb&quot;, &quot;/home/nameless_ghoul/.rbenv/versions/3.0.0/lib/ruby/gems/3.0.0/gems/actionmailbox-6.1.5/config/routes.rb&quot;, &quot;/home/nameless_ghoul/.rbenv/versions/3.0.0/lib/ruby/gems/3.0.0/gems/activestorage-6.1.5/config/routes.rb&quot;], @glob=&quot;{/home/nameless_ghoul/Documents/Work/LoudCloudPH/Learning/Learn Enough Projects/sample_app/config/routes/**/*.{rb},/home/nameless_ghoul/.rbenv/versions/3.0.0/lib/ruby/gems/3.0.0/gems/bootstrap-sass-3.4.1/config/routes/**/*.{rb},/home/nameless_ghoul/.rbenv/versions/3.0.0/lib/ruby/gems/3.0.0/gems/bootstrap-will_paginate-1.0.0/config/routes/**/*.{rb},/home/nameless_ghoul/.rbenv/versions/3.0.0/lib/ruby/gems/3.0.0/gems/active_storage_validations-0.9.7/config/routes/**/*.{rb},/home/nameless_ghoul/.rbenv/versions/3.0.0/lib/ruby/gems/3.0.0/gems/turbolinks-5.2.1/config/routes/**/*.{rb},/home/nameless_ghoul/.rbenv/versions/3.0.0/lib/ruby/gems/3.0.0/gems/webpacker-5.4.3/config/routes/**/*.{rb},/home/nameless_ghoul/.rbenv/versions/3.0.0/lib/ruby/gems/3.0.0/gems/actiontext-6.1.5/config/routes/**/*.{rb},/home/nameless_ghoul/.rbenv/versions/3.0.0/lib/ruby/gems/3.0.0/gems/actionmailbox-6.1.5/config/routes/**/*.{rb},/home/nameless_ghoul/.rbenv/versions/3.0.0/lib/ruby/gems/3.0.0/gems/actioncable-6.1.5/config/routes/**/*.{rb},/home/nameless_ghoul/.rbenv/versions/3.0.0/lib/ruby/gems/3.0.0/gems/activestorage-6.1.5/config/routes/**/*.{rb},/home/nameless_ghoul/.rbenv/versions/3.0.0/lib/ruby/gems/3.0.0/gems/actionview-6.1.5/config/routes/**/*.{rb}}&quot;, @block=#&lt;Proc:0x0000558f2c3d3108 /home/nameless_ghoul/.rbenv/versions/3.0.0/lib/ruby/gems/3.0.0/gems/railties-6.1.5/lib/rails/application/routes_reloader.rb:35&gt;, @watched=nil, @updated_at=nil, @last_watched=[&quot;/home/nameless_ghoul/Documents/Work/LoudCloudPH/Learning/Learn Enough Projects/sample_app/config/routes.rb&quot;, &quot;/home/nameless_ghoul/.rbenv/versions/3.0.0/lib/ruby/gems/3.0.0/gems/actionmailbox-6.1.5/config/routes.rb&quot;, &quot;/home/nameless_ghoul/.rbenv/versions/3.0.0/lib/ruby/gems/3.0.0/gems/activestorage-6.1.5/config/routes.rb&quot;], @last_update_at=2022-04-06 11:50:47.88913428 +0800&gt;&gt;, @app_env_config=nil, @ordered_railties=[[#&lt;I18n::Railtie:0x0000558f28f3dad8 @config=#&lt;Rails::Railtie::Configuration:0x0000558f29998690&gt;, @initializers=[]&gt;, #&lt;ActiveSupport::Railtie:0x0000558f29987048 @config=#&lt;Rails::Railtie::Configuration:0x0000558f29986f30&gt;, @initializers=[#&lt;Rails::Initializable::Initializer:0x0000558f2bcb2270 @name=&quot;active_support.set_authenticated_message_encryption&quot;, @context=#&lt;ActiveSupport::Railtie:0x0000558f29987048 ...&gt;, @options={:group=&gt;:default}, @block=#&lt;Proc:0x0000558f29986cb0 /home/nameless_ghoul/.rbenv/versions/3.0.0/lib/ruby/gems/3.0.0/gems/activesupport-6.1.5/lib/active_support/railtie.rb:12&gt;&gt;, #&lt;Rails::Initializable::Initializer:0x0000558f2bcb2220 @name=&quot;active_support.reset_all_current_attributes_instances&quot;, @context=#&lt;ActiveSupport::Railtie:0x0000558f29987048 ...&gt;, @options={:after=&gt;&quot;active_support.set_authenticated_message_encryption&quot;, :group=&gt;:default}, @block=#&lt;Proc:0x0000558f29986ad0 /home/nameless_ghoul/.rbenv/versions/3.0.0/lib/ruby/gems/3.0.0/gems/activesupport-6.1.5/lib/active_support/railtie.rb:21&gt;&gt;, #&lt;Rails::Initializable::Initializer:0x0000558f2bcb21d0 @name=&quot;active_support.deprecation_behavior&quot;, @context=#&lt;ActiveSupport::Railtie:0x0000558f29987048 ...&gt;, @options={:after=&gt;&quot;active_support.reset_all_current_attributes_instances&quot;, :group=&gt;:default}, @block=#&lt;Proc:0x0000558f299868c8 /home/nameless_ghoul/.rbenv/versions/3.0.0/lib/ruby/gems/3.0.0/gems/activesupport-6.1.5/lib/active_support/railtie.rb:32&gt;&gt;, #&lt;Rails::Initializable::Initializer:0x0000558f2bcb2180 @name=&quot;active_support.initialize_time_zone&quot;, @context=#&lt;ActiveSupport::Railtie:0x0000558f29987048 ...&gt;, @options={:after=&gt;&quot;active_support.deprecation_behavior&quot;, :group=&gt;:default}, @block=#&lt;Proc:0x0000558f299867d8 /home/nameless_ghoul/.rbenv/versions/3.0.0/lib/ruby/gems/3.0.0/gems/activesupport-6.1.5/lib/active_support/railtie.rb:48&gt;&gt;, #&lt;Rails::Initializable::Initializer:0x0000558f2bcb2130 @name=&quot;active_support.initialize_beginning_of_week&quot;, @context=#&lt;ActiveSupport::Railtie:0x0000558f29987048 ...&gt;, @options={:after=&gt;&quot;active_support.initialize_time_zone&quot;, :group=&gt;:default}, @block=#&lt;Proc:0x0000558f299866c0 /home/nameless_ghoul/.rbenv/versions/3.0.0/lib/ruby/gems/3.0.0/gems/activesupport-6.1.5/lib/active_support/railtie.rb:60&gt;&gt;, #&lt;Rails::Initializable::Initializer:0x0000558f2bcb20e0 @name=&quot;active_support.require_master_key&quot;, @context=#&lt;ActiveSupport::Railtie:0x0000558f29987048 ...&gt;, @options={:after=&gt;&quot;active_support.initialize_beginning_of_week&quot;, :group=&gt;:default}, @block=#&lt;Proc:0x0000558f29986558 /home/nameless_ghoul/.rbenv/versions/3.0.0/lib/ruby/gems/3.0.0/gems/activesupport-6.1.5/lib/active_support/railtie.rb:67&gt;&gt;, #&lt;Rails::Initializable::Initializer:0x0000558f2bcb2090 @name=&quot;active_support.set_configs&quot;, @context=#&lt;ActiveSupport::Railtie:0x0000558f29987048 ...&gt;, @options={:after=&gt;&quot;active_support.require_master_key&quot;, :group=&gt;:default}, @block=#&lt;Proc:0x0000558f299863f0 /home/nameless_ghoul/.rbenv/versions/3.0.0/lib/ruby/gems/3.0.0/gems/activesupport-6.1.5/lib/active_support/railtie.rb:78&gt;&gt;, #&lt;Rails::Initializable::Initializer:0x0000558f2bcb2040 @name=&quot;active_support.set_hash_digest_class&quot;, @context=#&lt;ActiveSupport::Railtie:0x0000558f29987048 ...&gt;, @options={:after=&gt;&quot;active_support.set_configs&quot;, :group=&gt;:default}, @block=#&lt;Proc:0x0000558f299862d8 /home/nameless_ghoul/.rbenv/versions/3.0.0/lib/ruby/gems/3.0.0/gems/activesupport-6.1.5/lib/active_support/railtie.rb:85&gt;&gt;]&gt;, #&lt;ActionDispatch::Railtie:0x0000558f297506a8 @config=#&lt;Rails::Railtie::Configuration:0x0000558f29750540&gt;, @initializers=[#&lt;Rails::Initializable::Initializer:0x0000558f2bcb1c80 @name=&quot;action_dispatch.configure&quot;, @context=#&lt;ActionDispatch::Railtie:0x0000558f297506a8 ...&gt;, @options={:group=&gt;:default}, @block=#&lt;Proc:0x0000558f29736578 /home/nameless_ghoul/.rbenv/versions/3.0.0/lib/ruby/gems/3.0.0/gems/actionpack-6.1.5/lib/action_dispatch/railtie.rb:41&gt;&gt;]&gt;, #&lt;ActiveModel::Railtie:0x0000558f298032f8 @config=#&lt;Rails::Railtie::Configuration:0x0000558f29803190&gt;, @initializers=[#&lt;Rails::Initializable::Initializer:0x0000558f2bcb18e8 @name=&quot;active_model.secure_password&quot;, @context=#&lt;ActiveModel::Railtie:0x0000558f298032f8 ...&gt;, @options={:group=&gt;:default}, @block=#&lt;Proc:0x0000558f29802da8 /home/nameless_ghoul/.rbenv/versions/3.0.0/lib/ruby/gems/3.0.0/gems/activemodel-6.1.5/lib/active_model/railtie.rb:12&gt;&gt;, #&lt;Rails::Initializable::Initializer:0x0000558f2bcb1898 @name=&quot;active_model.i18n_customize_full_message&quot;, @context=#&lt;ActiveModel::Railtie:0x0000558f298032f8 ...&gt;, @options={:after=&gt;&quot;active_model.secure_password&quot;, :group=&gt;:default}, @block=#&lt;Proc:0x0000558f29802ad8 /home/nameless_ghoul/.rbenv/versions/3.0.0/lib/ruby/gems/3.0.0/gems/activemodel-6.1.5/lib/active_model/railtie.rb:16&gt;&gt;]&gt;, #&lt;ActionController::Railtie:0x0000558f29ee2538 @config=#&lt;Rails::Railtie::Configuration:0x0000558f29ee2470&gt;, @initializers=[#&lt;Rails::Initializable::Initializer:0x0000558f2bcb14b0 @name=&quot;action_controller.assets_config&quot;, @context=#&lt;ActionController::Railtie:0x0000558f29ee2538 ...&gt;, @options={:group=&gt;:all}, @block=#&lt;Proc:0x0000558f29ee22e0 /home/nameless_ghoul/.rbenv/versions/3.0.0/lib/ruby/gems/3.0.0/gems/actionpack-6.1.5/lib/action_controller/railtie.rb:16&gt;&gt;, #&lt;Rails::Initializable::Initializer:0x0000558f2bcb1460 @name=&quot;action_controller.set_helpers_path&quot;, @context=#&lt;ActionController::Railtie:0x0000558f29ee2538 ...&gt;, @options={:after=&gt;&quot;action_controller.assets_config&quot;, :group=&gt;:default}, @block=#&lt;Proc:0x0000558f29ee21c8 /home/nameless_ghoul/.rbenv/versions/3.0.0/lib/ruby/gems/3.0.0/gems/actionpack-6.1.5/lib/action_controller/railtie.rb:20&gt;&gt;, #&lt;Rails::Initializable::Initializer:0x0000558f2bcb1410 @name=&quot;action_controller.parameters_config&quot;, @context=#&lt;ActionController::Railtie:0x0000558f29ee2538 ...&gt;, @options={:after=&gt;&quot;action_controller.set_helpers_path&quot;, :group=&gt;:default}, @block=#&lt;Proc:0x0000558f29ee20d8 /home/nameless_ghoul/.rbenv/versions/3.0.0/lib/ruby/gems/3.0.0/gems/actionpack-6.1.5/lib/action_controller/railtie.rb:24&gt;&gt;, #&lt;Rails::Initializable::Initializer:0x0000558f2bcb13c0 @name=&quot;action_controller.set_configs&quot;, @context=#&lt;ActionController::Railtie:0x0000558f29ee2538 ...&gt;, @options={:after=&gt;&quot;action_controller.parameters_config&quot;, :group=&gt;:default}, @block=#&lt;Proc:0x0000558f29ee1fe8 /home/nameless_ghoul/.rbenv/versions/3.0.0/lib/ruby/gems/3.0.0/gems/actionpack-6.1.5/lib/action_controller/railtie.rb:39&gt;&gt;, #&lt;Rails::Initializable::Initializer:0x0000558f2bcb1370 @name=&quot;action_controller.compile_config_methods&quot;, @context=#&lt;ActionController::Railtie:0x0000558f29ee2538 ...&gt;, @options={:after=&gt;&quot;action_controller.set_configs&quot;, :group=&gt;:default}, @block=#&lt;Proc:0x0000558f29ee1ef8 /home/nameless_ghoul/.rbenv/versions/3.0.0/lib/ruby/gems/3.0.0/gems/actionpack-6.1.5/lib/action_controller/railtie.rb:69&gt;&gt;, #&lt;Rails::Initializable::Initializer:0x0000558f2bcb1320 @name=&quot;action_controller.request_forgery_protection&quot;, @context=#&lt;ActionController::Railtie:0x0000558f29ee2538 ...&gt;, @options={:after=&gt;&quot;action_controller.compile_config_methods&quot;, :group=&gt;:default}, @block=#&lt;Proc:0x0000558f29ee1e08 /home/nameless_ghoul/.rbenv/versions/3.0.0/lib/ruby/gems/3.0.0/gems/actionpack-6.1.5/lib/action_controller/railtie.rb:75&gt;&gt;, #&lt;Rails::Initializable::Initializer:0x0000558f2bcb12d0 @name=&quot;action_controller.eager_load_actions&quot;, @context=#&lt;ActionController::Railtie:0x0000558f29ee2538 ...&gt;, @options={:after=&gt;&quot;action_controller.request_forgery_protection&quot;, :group=&gt;:default}, @block=#&lt;Proc:0x0000558f29ee1d18 /home/nameless_ghoul/.rbenv/versions/3.0.0/lib/ruby/gems/3.0.0/gems/actionpack-6.1.5/lib/action_controller/railtie.rb:83&gt;&gt;]&gt;, #&lt;ActiveRecord::Railtie:0x0000558f29ee19a8 @config=#&lt;Rails::Railtie::Configuration:0x0000558f29ee18e0&gt;, @initializers=[#&lt;Rails::Initializable::Initializer:0x0000558f2bcb0ec0 @name=&quot;active_record.initialize_timezone&quot;, @context=#&lt;ActiveRecord::Railtie:0x0000558f29ee19a8 ...&gt;, @options={:group=&gt;:default}, @block=#&lt;Proc:0x0000558f29ee0af8 /home/nameless_ghoul/.rbenv/versions/3.0.0/lib/ruby/gems/3.0.0/gems/activerecord-6.1.5/lib/active_record/railtie.rb:70&gt;&gt;, #&lt;Rails::Initializable::Initializer:0x0000558f2bcb0e70 @name=&quot;active_record.logger&quot;, @context=#&lt;ActiveRecord::Railtie:0x0000558f29ee19a8 ...&gt;, @options={:after=&gt;&quot;active_record.initialize_timezone&quot;, :group=&gt;:default}, @block=#&lt;Proc:0x0000558f29ee0a08 /home/nameless_ghoul/.rbenv/versions/3.0.0/lib/ruby/gems/3.0.0/gems/activerecord-6.1.5/lib/active_record/railtie.rb:77&gt;&gt;, #&lt;Rails::Initializable::Initializer:0x0000558f2bcb0e20 @name=&quot;active_record.backtrace_cleaner&quot;, @context=#&lt;ActiveRecord::Railtie:0x0000558f29ee19a8 ...&gt;, @options={:after=&gt;&quot;active_record.logger&quot;, :group=&gt;:default}, @block=#&lt;Proc:0x0000558f29ee0918 /home/nameless_ghoul/.rbenv/versions/3.0.0/lib/ruby/gems/3.0.0/gems/activerecord-6.1.5/lib/active_record/railtie.rb:81&gt;&gt;, #&lt;Rails::Initializable::Initializer:0x0000558f2bcb0dd0 @name=&quot;active_record.migration_error&quot;, @context=#&lt;ActiveRecord::Railtie:0x0000558f29ee19a8 ...&gt;, @options={:after=&gt;&quot;active_record.backtrace_cleaner&quot;, :group=&gt;:default}, @block=#&lt;Proc:0x0000558f29ee0828 /home/nameless_ghoul/.rbenv/versions/3.0.0/lib/ruby/gems/3.0.0/gems/activerecord-6.1.5/lib/active_record/railtie.rb:85&gt;&gt;, #&lt;Rails::Initializable::Initializer:0x0000558f2bcb0d80 @name=&quot;active_record.database_selector&quot;, @context=#&lt;ActiveRecord::Railtie:0x0000558f29ee19a8 ...&gt;, @options={:after=&gt;&quot;active_record.migration_error&quot;, :group=&gt;:default}, @block=#&lt;Proc:0x0000558f29ee0738 /home/nameless_ghoul/.rbenv/versions/3.0.0/lib/ruby/gems/3.0.0/gems/activerecord-6.1.5/lib/active_record/railtie.rb:93&gt;&gt;, #&lt;Rails::Initializable::Initializer:0x0000558f2bcb0d30 @name=&quot;Check for cache versioning support&quot;, @context=#&lt;ActiveRecord::Railtie:0x0000558f29ee19a8 ...&gt;, @options={:after=&gt;&quot;active_record.database_selector&quot;, :group=&gt;:default}, @block=#&lt;Proc:0x0000558f29ee0648 /home/nameless_ghoul/.rbenv/versions/3.0.0/lib/ruby/gems/3.0.0/gems/activerecord-6.1.5/lib/active_record/railtie.rb:101&gt;&gt;, #&lt;Rails::Initializable::Initializer:0x0000558f2bcb0ce0 @name=&quot;active_record.check_schema_cache_dump&quot;, @context=#&lt;ActiveRecord::Railtie:0x0000558f29ee19a8 ...&gt;, @options={:after=&gt;&quot;Check for cache versioning support&quot;, :group=&gt;:default}, @block=#&lt;Proc:0x0000558f29ee0558 /home/nameless_ghoul/.rbenv/versions/3.0.0/lib/ruby/gems/3.0.0/gems/activerecord-6.1.5/lib/active_record/railtie.rb:126&gt;&gt;, #&lt;Rails::Initializable::Initializer:0x0000558f2bcb0c90 @name=&quot;active_record.define_attribute_methods&quot;, @context=#&lt;ActiveRecord::Railtie:0x0000558f29ee19a8 ...&gt;, @options={:after=&gt;&quot;active_record.check_schema_cache_dump&quot;, :group=&gt;:default}, @block=#&lt;Proc:0x0000558f29ee0468 /home/nameless_ghoul/.rbenv/versions/3.0.0/lib/ruby/gems/3.0.0/gems/activerecord-6.1.5/lib/active_record/railtie.rb:163&gt;&gt;, #&lt;Rails::Initializable::Initializer:0x0000558f2bcb0c40 @name=&quot;active_record.warn_on_records_fetched_greater_than&quot;, @context=#&lt;ActiveRecord::Railtie:0x0000558f29ee19a8 ...&gt;, @options={:after=&gt;&quot;active_record.define_attribute_methods&quot;, :group=&gt;:default}, @block=#&lt;Proc:0x0000558f29ee0378 /home/nameless_ghoul/.rbenv/versions/3.0.0/lib/ruby/gems/3.0.0/gems/activerecord-6.1.5/lib/active_record/railtie.rb:196&gt;&gt;, #&lt;Rails::Initializable::Initializer:0x0000558f2bcb0bf0 @name=&quot;active_record.set_configs&quot;, @context=#&lt;ActiveRecord::Railtie:0x0000558f29ee19a8 ...&gt;, @options={:after=&gt;&quot;active_record.warn_on_records_fetched_greater_than&quot;, :group=&gt;:default}, @block=#&lt;Proc:0x0000558f29ee0288 /home/nameless_ghoul/.rbenv/versions/3.0.0/lib/ruby/gems/3.0.0/gems/activerecord-6.1.5/lib/active_record/railtie.rb:204&gt;&gt;, #&lt;Rails::Initializable::Initializer:0x0000558f2bcb0ba0 @name=&quot;active_record.initialize_database&quot;, @context=#&lt;ActiveRecord::Railtie:0x0000558f29ee19a8 ...&gt;, @options={:after=&gt;&quot;active_record.set_configs&quot;, :group=&gt;:default}, @block=#&lt;Proc:0x0000558f29ee0198 /home/nameless_ghoul/.rbenv/versions/3.0.0/lib/ruby/gems/3.0.0/gems/activerecord-6.1.5/lib/active_record/railtie.rb:216&gt;&gt;, #&lt;Rails::Initializable::Initializer:0x0000558f2bcb0b50 @name=&quot;active_record.log_runtime&quot;, @context=#&lt;ActiveRecord::Railtie:0x0000558f29ee19a8 ...&gt;, @options={:after=&gt;&quot;active_record.initialize_database&quot;, :group=&gt;:default}, @block=#&lt;Proc:0x0000558f29ee00a8 /home/nameless_ghoul/.rbenv/versions/3.0.0/lib/ruby/gems/3.0.0/gems/activerecord-6.1.5/lib/active_record/railtie.rb:227&gt;&gt;, #&lt;Rails::Initializable::Initializer:0x0000558f2bcb0b00 @name=&quot;active_record.set_reloader_hooks&quot;, @context=#&lt;ActiveRecord::Railtie:0x0000558f29ee19a8 ...&gt;, @options={:after=&gt;&quot;active_record.log_runtime&quot;, :group=&gt;:default}, @block=#&lt;Proc:0x0000558f29eeffa8 /home/nameless_ghoul/.rbenv/versions/3.0.0/lib/ruby/gems/3.0.0/gems/activerecord-6.1.5/lib/active_record/railtie.rb:234&gt;&gt;, #&lt;Rails::Initializable::Initializer:0x0000558f2bcb0ab0 @name=&quot;active_record.set_executor_hooks&quot;, @context=#&lt;ActiveRecord::Railtie:0x0000558f29ee19a8 ...&gt;, @options={:after=&gt;&quot;active_record.set_reloader_hooks&quot;, :group=&gt;:default}, @block=#&lt;Proc:0x0000558f29eefeb8 /home/nameless_ghoul/.rbenv/versions/3.0.0/lib/ruby/gems/3.0.0/gems/activerecord-6.1.5/lib/active_record/railtie.rb:245&gt;&gt;, #&lt;Rails::Initializable::Initializer:0x0000558f2bcb0a60 @name=&quot;active_record.add_watchable_files&quot;, @context=#&lt;ActiveRecord::Railtie:0x0000558f29ee19a8 ...&gt;, @options={:after=&gt;&quot;active_record.set_executor_hooks&quot;, :group=&gt;:default}, @block=#&lt;Proc:0x0000558f29eefdc8 /home/nameless_ghoul/.rbenv/versions/3.0.0/lib/ruby/gems/3.0.0/gems/activerecord-6.1.5/lib/active_record/railtie.rb:249&gt;&gt;, #&lt;Rails::Initializable::Initializer:0x0000558f2bcb0a10 @name=&quot;active_record.clear_active_connections&quot;, @context=#&lt;ActiveRecord::Railtie:0x0000558f29ee19a8 ...&gt;, @options={:after=&gt;&quot;active_record.add_watchable_files&quot;, :group=&gt;:default}, @block=#&lt;Proc:0x0000558f29eefcd8 /home/nameless_ghoul/.rbenv/versions/3.0.0/lib/ruby/gems/3.0.0/gems/activerecord-6.1.5/lib/active_record/railtie.rb:254&gt;&gt;, #&lt;Rails::Initializable::Initializer:0x0000558f2bcb09c0 @name=&quot;active_record.set_filter_attributes&quot;, @context=#&lt;ActiveRecord::Railtie:0x0000558f29ee19a8 ...&gt;, @options={:after=&gt;&quot;active_record.clear_active_connections&quot;, :group=&gt;:default}, @block=#&lt;Proc:0x0000558f29eefbe8 /home/nameless_ghoul/.rbenv/versions/3.0.0/lib/ruby/gems/3.0.0/gems/activerecord-6.1.5/lib/active_record/railtie.rb:271&gt;&gt;, #&lt;Rails::Initializable::Initializer:0x0000558f2bcb0970 @name=&quot;active_record.set_signed_id_verifier_secret&quot;, @context=#&lt;ActiveRecord::Railtie:0x0000558f29ee19a8 ...&gt;, @options={:after=&gt;&quot;active_record.set_filter_attributes&quot;, :group=&gt;:default}, @block=#&lt;Proc:0x0000558f29eefaf8 /home/nameless_ghoul/.rbenv/versions/3.0.0/lib/ruby/gems/3.0.0/gems/activerecord-6.1.5/lib/active_record/railtie.rb:277&gt;&gt;]&gt;, #&lt;GlobalID::Railtie:0x0000558f29f997b0 @config=#&lt;Rails::Railtie::Configuration:0x0000558f29f996e8&gt;, @initializers=[#&lt;Rails::Initializable::Initializer:0x0000558f2bcb05b0 @name=&quot;global_id&quot;, @context=#&lt;GlobalID::Railtie:0x0000558f29f997b0 ...&gt;, @options={:group=&gt;:default}, @block=#&lt;Proc:0x0000558f29f99530 /home/nameless_ghoul/.rbenv/versions/3.0.0/lib/ruby/gems/3.0.0/gems/globalid-1.0.0/lib/global_id/railtie.rb:17&gt;&gt;]&gt;, #&lt;ActiveJob::Railtie:0x0000558f29fa66e0 @config=#&lt;Rails::Railtie::Configuration:0x0000558f29fa6618&gt;, @initializers=[#&lt;Rails::Initializable::Initializer:0x0000558f2bcb01c8 @name=&quot;active_job.logger&quot;, @context=#&lt;ActiveJob::Railtie:0x0000558f29fa66e0 ...&gt;, @options={:group=&gt;:default}, @block=#&lt;Proc:0x0000558f29fa6398 /home/nameless_ghoul/.rbenv/versions/3.0.0/lib/ruby/gems/3.0.0/gems/activejob-6.1.5/lib/active_job/railtie.rb:12&gt;&gt;, #&lt;Rails::Initializable::Initializer:0x0000558f2bcb0178 @name=&quot;active_job.custom_serializers&quot;, @context=#&lt;ActiveJob::Railtie:0x0000558f29fa66e0 ...&gt;, @options={:after=&gt;&quot;active_job.logger&quot;, :group=&gt;:default}, @block=#&lt;Proc:0x0000558f29fa62a8 /home/nameless_ghoul/.rbenv/versions/3.0.0/lib/ruby/gems/3.0.0/gems/activejob-6.1.5/lib/active_job/railtie.rb:16&gt;&gt;, #&lt;Rails::Initializable::Initializer:0x0000558f2bcb0128 @name=&quot;active_job.set_configs&quot;, @context=#&lt;ActiveJob::Railtie:0x0000558f29fa66e0 ...&gt;, @options={:after=&gt;&quot;active_job.custom_serializers&quot;, :group=&gt;:default}, @block=#&lt;Proc:0x0000558f29fa61b8 /home/nameless_ghoul/.rbenv/versions/3.0.0/lib/ruby/gems/3.0.0/gems/activejob-6.1.5/lib/active_job/railtie.rb:23&gt;&gt;, #&lt;Rails::Initializable::Initializer:0x0000558f2bcb00d8 @name=&quot;active_job.set_reloader_hook&quot;, @context=#&lt;ActiveJob::Railtie:0x0000558f29fa66e0 ...&gt;, @options={:after=&gt;&quot;active_job.set_configs&quot;, :group=&gt;:default}, @block=#&lt;Proc:0x0000558f29fa60c8 /home/nameless_ghoul/.rbenv/versions/3.0.0/lib/ruby/gems/3.0.0/gems/activejob-6.1.5/lib/active_job/railtie.rb:43&gt;&gt;]&gt;, #&lt;ActionMailer::Railtie:0x0000558f296d6d58 @config=#&lt;Rails::Railtie::Configuration:0x0000558f296d6790&gt;, @initializers=[#&lt;Rails::Initializable::Initializer:0x0000558f2bcbbca8 @name=&quot;action_mailer.logger&quot;, @context=#&lt;ActionMailer::Railtie:0x0000558f296d6d58 ...&gt;, @options={:group=&gt;:default}, @block=#&lt;Proc:0x0000558f296d5d90 /home/nameless_ghoul/.rbenv/versions/3.0.0/lib/ruby/gems/3.0.0/gems/actionmailer-6.1.5/lib/action_mailer/railtie.rb:13&gt;&gt;, #&lt;Rails::Initializable::Initializer:0x0000558f2bcbbc58 @name=&quot;action_mailer.set_configs&quot;, @context=#&lt;ActionMailer::Railtie:0x0000558f296d6d58 ...&gt;, @options={:after=&gt;&quot;action_mailer.logger&quot;, :group=&gt;:default}, @block=#&lt;Proc:0x0000558f296d52f0 /home/nameless_ghoul/.rbenv/versions/3.0.0/lib/ruby/gems/3.0.0/gems/actionmailer-6.1.5/lib/action_mailer/railtie.rb:17&gt;&gt;, #&lt;Rails::Initializable::Initializer:0x0000558f2bcbbc08 @name=&quot;action_mailer.set_autoload_paths&quot;, @context=#&lt;ActionMailer::Railtie:0x0000558f296d6d58 ...&gt;, @options={:after=&gt;&quot;action_mailer.set_configs&quot;, :group=&gt;:default}, @block=#&lt;Proc:0x0000558f296d5070 /home/nameless_ghoul/.rbenv/versions/3.0.0/lib/ruby/gems/3.0.0/gems/actionmailer-6.1.5/lib/action_mailer/railtie.rb:57&gt;&gt;, #&lt;Rails::Initializable::Initializer:0x0000558f2bcbbbb8 @name=&quot;action_mailer.compile_config_methods&quot;, @context=#&lt;ActionMailer::Railtie:0x0000558f296d6d58 ...&gt;, @options={:after=&gt;&quot;action_mailer.set_autoload_paths&quot;, :group=&gt;:default}, @block=#&lt;Proc:0x0000558f296d4f08 /home/nameless_ghoul/.rbenv/versions/3.0.0/lib/ruby/gems/3.0.0/gems/actionmailer-6.1.5/lib/action_mailer/railtie.rb:65&gt;&gt;, #&lt;Rails::Initializable::Initializer:0x0000558f2bcbbb68 @name=&quot;action_mailer.eager_load_actions&quot;, @context=#&lt;ActionMailer::Railtie:0x0000558f296d6d58 ...&gt;, @options={:after=&gt;&quot;action_mailer.compile_config_methods&quot;, :group=&gt;:default}, @block=#&lt;Proc:0x0000558f296d4da0 /home/nameless_ghoul/.rbenv/versions/3.0.0/lib/ruby/gems/3.0.0/gems/actionmailer-6.1.5/lib/action_mailer/railtie.rb:71&gt;&gt;]&gt;, #&lt;Rails::TestUnitRailtie:0x0000558f29e41408 @config=#&lt;Rails::Railtie::Configuration:0x0000558f29e41318&gt;, @initializers=[#&lt;Rails::Initializable::Initializer:0x0000558f2bcbb7a8 @name=&quot;test_unit.line_filtering&quot;, @context=#&lt;Rails::TestUnitRailtie:0x0000558f29e41408 ...&gt;, @options={:group=&gt;:default}, @block=#&lt;Proc:0x0000558f29e40e90 /home/nameless_ghoul/.rbenv/versions/3.0.0/lib/ruby/gems/3.0.0/gems/railties-6.1.5/lib/rails/test_unit/railtie.rb:19&gt;&gt;]&gt;, #&lt;Sprockets::Railtie:0x0000558f29c707f0 @config=#&lt;Rails::Railtie::Configuration:0x0000558f29c70728&gt;, @initializers=[#&lt;Rails::Initializable::Initializer:0x0000558f2bcbb3c0 @name=:set_default_precompile, @context=#&lt;Sprockets::Railtie:0x0000558f29c707f0 ...&gt;, @options={:group=&gt;:default}, @block=#&lt;Proc:0x0000558f29c7ff48 /home/nameless_ghoul/.rbenv/versions/3.0.0/lib/ruby/gems/3.0.0/gems/sprockets-rails-3.4.2/lib/sprockets/railtie.rb:108&gt;&gt;, #&lt;Rails::Initializable::Initializer:0x0000558f2bcbb370 @name=:quiet_assets, @context=#&lt;Sprockets::Railtie:0x0000558f29c707f0 ...&gt;, @options={:after=&gt;:set_default_precompile, :group=&gt;:default}, @block=#&lt;Proc:0x0000558f29c7fe58 /home/nameless_ghoul/.rbenv/versions/3.0.0/lib/ruby/gems/3.0.0/gems/sprockets-rails-3.4.2/lib/sprockets/railtie.rb:117&gt;&gt;, #&lt;Rails::Initializable::Initializer:0x0000558f2bcbb320 @name=:asset_url_processor, @context=#&lt;Sprockets::Railtie:0x0000558f29c707f0 ...&gt;, @options={:after=&gt;:quiet_assets, :group=&gt;:default}, @block=#&lt;Proc:0x0000558f29c7fd68 /home/nameless_ghoul/.rbenv/versions/3.0.0/lib/ruby/gems/3.0.0/gems/sprockets-rails-3.4.2/lib/sprockets/railtie.rb:123&gt;&gt;, #&lt;Rails::Initializable::Initializer:0x0000558f2bcbb2d0 @name=:asset_sourcemap_url_processor, @context=#&lt;Sprockets::Railtie:0x0000558f29c707f0 ...&gt;, @options={:after=&gt;:asset_url_processor, :group=&gt;:default}, @block=#&lt;Proc:0x0000558f29c7fc78 /home/nameless_ghoul/.rbenv/versions/3.0.0/lib/ruby/gems/3.0.0/gems/sprockets-rails-3.4.2/lib/sprockets/railtie.rb:129&gt;&gt;]&gt;, #&lt;SassC::Rails::Railtie:0x0000558f2ab6c038 @config=#&lt;Rails::Railtie::Configuration:0x0000558f2ab7ff48&gt;, @initializers=[#&lt;Rails::Initializable::Initializer:0x0000558f2bcbaf10 @name=:setup_sass, @context=#&lt;SassC::Rails::Railtie:0x0000558f2ab6c038 ...&gt;, @options={:group=&gt;:all}, @block=#&lt;Proc:0x0000558f2ab7f868 /home/nameless_ghoul/.rbenv/versions/3.0.0/lib/ruby/gems/3.0.0/gems/sassc-rails-2.1.2/lib/sassc/rails/railtie.rb:34&gt;&gt;, #&lt;Rails::Initializable::Initializer:0x0000558f2bcbaec0 @name=:setup_compression, @context=#&lt;SassC::Rails::Railtie:0x0000558f2ab6c038 ...&gt;, @options={:group=&gt;:all, :after=&gt;:setup_sass}, @block=#&lt;Proc:0x0000558f2ab7f750 /home/nameless_ghoul/.rbenv/versions/3.0.0/lib/ruby/gems/3.0.0/gems/sassc-rails-2.1.2/lib/sassc/rails/railtie.rb:72&gt;&gt;]&gt;, #&lt;Jbuilder::Railtie:0x0000558f2bcb3bc0 @initializers=[#&lt;Rails::Initializable::Initializer:0x0000558f2bcbab50 @name=:jbuilder, @context=#&lt;Jbuilder::Railtie:0x0000558f2bcb3bc0 ...&gt;, @options={:group=&gt;:default}, @block=#&lt;Proc:0x0000558f2adad388 /home/nameless_ghoul/.rbenv/versions/3.0.0/lib/ruby/gems/3.0.0/gems/jbuilder-2.11.5/lib/jbuilder/railtie.rb:6&gt;&gt;]&gt;, #&lt;ActiveStorageValidations::Railtie:0x0000558f2bcb3b20 @initializers=[]&gt;, #&lt;WillPaginate::Railtie:0x0000558f2bcb3a80 @initializers=[#&lt;Rails::Initializable::Initializer:0x0000558f2bcba498 @name=&quot;will_paginate&quot;, @context=#&lt;WillPaginate::Railtie:0x0000558f2bcb3a80 ...&gt;, @options={:group=&gt;:default}, @block=#&lt;Proc:0x0000558f2b37e050 /home/nameless_ghoul/.rbenv/versions/3.0.0/lib/ruby/gems/3.0.0/gems/will_paginate-3.3.1/lib/will_paginate/railtie.rb:7&gt;&gt;]&gt;, #&lt;Webdrivers::Railtie:0x0000558f2bcb39e0 @initializers=[]&gt;, #&lt;Rails::Controller::Testing::Railtie:0x0000558f2bcb3940 @initializers=[#&lt;Rails::Initializable::Initializer:0x0000558f2bcb9de0 @name=&quot;rails_controller_testing&quot;, @context=#&lt;Rails::Controller::Testing::Railtie:0x0000558f2bcb3940 ...&gt;, @options={:group=&gt;:default}, @block=#&lt;Proc:0x0000558f2b3bdb10 /home/nameless_ghoul/.rbenv/versions/3.0.0/lib/ruby/gems/3.0.0/gems/rails-controller-testing-1.0.5/lib/rails/controller/testing/railtie.rb:2&gt;&gt;]&gt;, #&lt;ActionView::Railtie:0x0000558f29ed2660 @_all_autoload_paths=[], @_all_load_paths=[&quot;/home/nameless_ghoul/.rbenv/versions/3.0.0/lib/ruby/gems/3.0.0/gems/actionview-6.1.5/lib&quot;], @app=nil, @config=#&lt;Rails::Engine::Configuration:0x0000558f29ee3b90 @root=#&lt;Pathname:/home/nameless_ghoul/.rbenv/versions/3.0.0/lib/ruby/gems/3.0.0/gems/actionview-6.1.5&gt;, @generators=#&lt;Rails::Configuration::Generators:0x0000558f29ee38c0 @aliases={}, @options={}, @fallbacks={}, @templates=[], @colorize_logging=true, @api_only=false, @hidden_namespaces=[&quot;sass&quot;], @after_generate_callbacks=[]&gt;, @middleware=#&lt;Rails::Configuration::MiddlewareStackProxy:0x0000558f29ee3730 @operations=[], @delete_operations=[]&gt;, @javascript_path=&quot;javascript&quot;, @autoload_once_paths=[], @paths=#&lt;Rails::Paths::Root:0x0000558f2bcda9c8 @path=#&lt;Pathname:/home/nameless_ghoul/.rbenv/versions/3.0.0/lib/ruby/gems/3.0.0/gems/actionview-6.1.5&gt;, @root={&quot;app&quot;=&gt;#&lt;Rails::Paths::Path:0x0000558f2bcda838 @paths=[&quot;app&quot;], @current=&quot;app&quot;, @root=#&lt;Rails::Paths::Root:0x0000558f2bcda9c8 ...&gt;, @glob=&quot;{*,*/concerns}&quot;, @exclude=[&quot;assets&quot;, &quot;javascript&quot;], @autoload_once=false, @eager_load=true, @autoload=false, @load_path=false&gt;, &quot;app/assets&quot;=&gt;#&lt;Rails::Paths::Path:0x0000558f2bcda6f8 @paths=[&quot;app/assets&quot;], @current=&quot;app/assets&quot;, @root=#&lt;Rails::Paths::Root:0x0000558f2bcda9c8 ...&gt;, @glob=&quot;*&quot;, @exclude=nil, @autoload_once=false, @eager_load=false, @autoload=false, @load_path=false&gt;, &quot;app/controllers&quot;=&gt;#&lt;Rails::Paths::Path:0x0000558f2bcda630 @paths=[&quot;app/controllers&quot;], @current=&quot;app/controllers&quot;, @root=#&lt;Rails::Paths::Root:0x0000558f2bcda9c8 ...&gt;, @glob=nil, @exclude=nil, @autoload_once=false, @eager_load=true, @autoload=false, @load_path=false&gt;, &quot;app/channels&quot;=&gt;#&lt;Rails::Paths::Path:0x0000558f2bcda590 @paths=[&quot;app/channels&quot;], @current=&quot;app/channels&quot;, @root=#&lt;Rails::Paths::Root:0x0000558f2bcda9c8 ...&gt;, @glob=&quot;**/*_channel.rb&quot;, @exclude=nil, @autoload_once=false, @eager_load=true, @autoload=false, @load_path=false&gt;, &quot;app/helpers&quot;=&gt;#&lt;Rails::Paths::Path:0x0000558f2bcda4f0 @paths=[&quot;app/helpers&quot;], @current=&quot;app/helpers&quot;, @root=#&lt;Rails::Paths::Root:0x0000558f2bcda9c8 ...&gt;, @glob=nil, @exclude=nil, @autoload_once=false, @eager_load=true, @autoload=false, @load_path=false&gt;, &quot;app/models&quot;=&gt;#&lt;Rails::Paths::Path:0x0000558f2bcda450 @paths=[&quot;app/models&quot;], @current=&quot;app/models&quot;, @root=#&lt;Rails::Paths::Root:0x0000558f2bcda9c8 ...&gt;, @glob=nil, @exclude=nil, @autoload_once=false, @eager_load=true, @autoload=false, @load_path=false&gt;, &quot;app/mailers&quot;=&gt;#&lt;Rails::Paths::Path:0x0000558f2bcda3b0 @paths=[&quot;app/mailers&quot;], @current=&quot;app/mailers&quot;, @root=#&lt;Rails::Paths::Root:0x0000558f2bcda9c8 ...&gt;, @glob=nil, @exclude=nil, @autoload_once=false, @eager_load=true, @autoload=false, @load_path=false&gt;, &quot;app/views&quot;=&gt;#&lt;Rails::Paths::Path:0x0000558f2bcda310 @paths=[&quot;app/views&quot;], @current=&quot;app/views&quot;, @root=#&lt;Rails::Paths::Root:0x0000558f2bcda9c8 ...&gt;, @glob=nil, @exclude=nil, @autoload_once=false, @eager_load=false, @autoload=false, @load_path=false&gt;, &quot;lib&quot;=&gt;#&lt;Rails::Paths::Path:0x0000558f2bcda270 @paths=[&quot;lib&quot;], @current=&quot;lib&quot;, @root=#&lt;Rails::Paths::Root:0x0000558f2bcda9c8 ...&gt;, @glob=nil, @exclude=nil, @autoload_once=false, @eager_load=false, @autoload=false, @load_path=true&gt;, &quot;lib/assets&quot;=&gt;#&lt;Rails::Paths::Path:0x0000558f2bcda1a8 @paths=[&quot;lib/assets&quot;], @current=&quot;lib/assets&quot;, @root=#&lt;Rails::Paths::Root:0x0000558f2bcda9c8 ...&gt;, @glob=&quot;*&quot;, @exclude=nil, @autoload_once=false, @eager_load=false, @autoload=false, @load_path=false&gt;, &quot;lib/tasks&quot;=&gt;#&lt;Rails::Paths::Path:0x0000558f2bcda108 @paths=[&quot;lib/tasks&quot;], @current=&quot;lib/tasks&quot;, @root=#&lt;Rails::Paths::Root:0x0000558f2bcda9c8 ...&gt;, @glob=&quot;**/*.rake&quot;, @exclude=nil, @autoload_once=false, @eager_load=false, @autoload=false, @load_path=false&gt;, &quot;config&quot;=&gt;#&lt;Rails::Paths::Path:0x0000558f2bcda090 @paths=[&quot;config&quot;], @current=&quot;config&quot;, @root=#&lt;Rails::Paths::Root:0x0000558f2bcda9c8 ...&gt;, @glob=nil, @exclude=nil, @autoload_once=false, @eager_load=false, @autoload=false, @load_path=false&gt;, &quot;config/environments&quot;=&gt;#&lt;Rails::Paths::Path:0x0000558f2bcd9fc8 @paths=[&quot;config/environments&quot;], @current=&quot;config/environments&quot;, @root=#&lt;Rails::Paths::Root:0x0000558f2bcda9c8 ...&gt;, @glob=&quot;test.rb&quot;, @exclude=nil, @autoload_once=false, @eager_load=false, @autoload=false, @load_path=false&gt;, &quot;config/initializers&quot;=&gt;#&lt;Rails::Paths::Path:0x0000558f2bcd9f28 @paths=[&quot;config/initializers&quot;], @current=&quot;config/initializers&quot;, @root=#&lt;Rails::Paths::Root:0x0000558f2bcda9c8 ...&gt;, @glob=&quot;**/*.rb&quot;, @exclude=nil, @autoload_once=false, @eager_load=false, @autoload=false, @load_path=false&gt;, &quot;config/locales&quot;=&gt;#&lt;Rails::Paths::Path:0x0000558f2bcd9e88 @paths=[&quot;config/locales&quot;], @current=&quot;config/locales&quot;, @root=#&lt;Rails::Paths::Root:0x0000558f2bcda9c8 ...&gt;, @glob=&quot;*.{rb,yml}&quot;, @exclude=nil, @autoload_once=false, @eager_load=false, @autoload=false, @load_path=false&gt;, &quot;config/routes.rb&quot;=&gt;#&lt;Rails::Paths::Path:0x0000558f2bcd9e10 @paths=[&quot;config/routes.rb&quot;], @current=&quot;config/routes.rb&quot;, @root=#&lt;Rails::Paths::Root:0x0000558f2bcda9c8 ...&gt;, @glob=nil, @exclude=nil, @autoload_once=false, @eager_load=false, @autoload=false, @load_path=false&gt;, &quot;config/routes&quot;=&gt;#&lt;Rails::Paths::Path:0x0000558f2bcd9d70 @paths=[&quot;config/routes&quot;], @current=&quot;config/routes&quot;, @root=#&lt;Rails::Paths::Root:0x0000558f2bcda9c8 ...&gt;, @glob=&quot;**/*.rb&quot;, @exclude=nil, @autoload_once=false, @eager_load=false, @autoload=false, @load_path=false&gt;, &quot;db&quot;=&gt;#&lt;Rails::Paths::Path:0x0000558f2bcd9cf8 @paths=[&quot;db&quot;], @current=&quot;db&quot;, @root=#&lt;Rails::Paths::Root:0x0000558f2bcda9c8 ...&gt;, @glob=nil, @exclude=nil, @autoload_once=false, @eager_load=false, @autoload=false, @load_path=false&gt;, &quot;db/migrate&quot;=&gt;#&lt;Rails::Paths::Path:0x0000558f2bcd9c80 @paths=[&quot;db/migrate&quot;], @current=&quot;db/migrate&quot;, @root=#&lt;Rails::Paths::Root:0x0000558f2bcda9c8 ...&gt;, @glob=nil, @exclude=nil, @autoload_once=false, @eager_load=false, @autoload=false, @load_path=false&gt;, &quot;db/seeds.rb&quot;=&gt;#&lt;Rails::Paths::Path:0x0000558f2bcd9c08 @paths=[&quot;db/seeds.rb&quot;], @current=&quot;db/seeds.rb&quot;, @root=#&lt;Rails::Paths::Root:0x0000558f2bcda9c8 ...&gt;, @glob=nil, @exclude=nil, @autoload_once=false, @eager_load=false, @autoload=false, @load_path=false&gt;, &quot;vendor&quot;=&gt;#&lt;Rails::Paths::Path:0x0000558f2bcd9b68 @paths=[&quot;vendor&quot;], @current=&quot;vendor&quot;, @root=#&lt;Rails::Paths::Root:0x0000558f2bcda9c8 ...&gt;, @glob=nil, @exclude=nil, @autoload_once=false, @eager_load=false, @autoload=false, @load_path=true&gt;, &quot;vendor/assets&quot;=&gt;#&lt;Rails::Paths::Path:0x0000558f2bcd9ac8 @paths=[&quot;vendor/assets&quot;], @current=&quot;vendor/assets&quot;, @root=#&lt;Rails::Paths::Root:0x0000558f2bcda9c8 ...&gt;, @glob=&quot;*&quot;, @exclude=nil, @autoload_once=false, @eager_load=false, @autoload=false, @load_path=false&gt;}&gt;, @autoload_paths=[], @eager_load_paths=[]&gt;, @env_config=nil, @helpers=nil, @routes=#&lt;ActionDispatch::Routing::RouteSet:0x0000558f2c003c08&gt;, @app_build_lock=#&lt;Thread::Mutex:0x0000558f29ed2610&gt;, @initializers=[#&lt;Rails::Initializable::Initializer:0x0000558f2bcb9930 @name=:load_environment_config, @context=#&lt;ActionView::Railtie:0x0000558f29ed2660 ...&gt;, @options={:before=&gt;:load_environment_hook, :group=&gt;:all}, @block=#&lt;Proc:0x0000558f29b2c858 /home/nameless_ghoul/.rbenv/versions/3.0.0/lib/ruby/gems/3.0.0/gems/railties-6.1.5/lib/rails/engine.rb:569&gt;&gt;, #&lt;Rails::Initializable::Initializer:0x0000558f2bcb98e0 @name=:set_load_path, @context=#&lt;ActionView::Railtie:0x0000558f29ed2660 ...&gt;, @options={:before=&gt;:bootstrap_hook, :after=&gt;:load_environment_config, :group=&gt;:default}, @block=#&lt;Proc:0x0000558f29b2c678 /home/nameless_ghoul/.rbenv/versions/3.0.0/lib/ruby/gems/3.0.0/gems/railties-6.1.5/lib/rails/engine.rb:575&gt;&gt;, #&lt;Rails::Initializable::Initializer:0x0000558f2bcb9890 @name=:set_autoload_paths, @context=#&lt;ActionView::Railtie:0x0000558f29ed2660 ...&gt;, @options={:before=&gt;:bootstrap_hook, :after=&gt;:set_load_path, :group=&gt;:default}, @block=#&lt;Proc:0x0000558f29b2c4e8 /home/nameless_ghoul/.rbenv/versions/3.0.0/lib/ruby/gems/3.0.0/gems/railties-6.1.5/lib/rails/engine.rb:587&gt;&gt;, #&lt;Rails::Initializable::Initializer:0x0000558f2bcb9840 @name=:set_eager_load_paths, @context=#&lt;ActionView::Railtie:0x0000558f29ed2660 ...&gt;, @options={:before=&gt;:bootstrap_hook, :after=&gt;:set_autoload_paths, :group=&gt;:default}, @block=#&lt;Proc:0x0000558f29b2c3d0 /home/nameless_ghoul/.rbenv/versions/3.0.0/lib/ruby/gems/3.0.0/gems/railties-6.1.5/lib/rails/engine.rb:595&gt;&gt;, #&lt;Rails::Initializable::Initializer:0x0000558f2bcb97f0 @name=:add_routing_paths, @context=#&lt;ActionView::Railtie:0x0000558f29ed2660 ...&gt;, @options={:after=&gt;:set_eager_load_paths, :group=&gt;:default}, @block=#&lt;Proc:0x0000558f29b2c2b8 /home/nameless_ghoul/.rbenv/versions/3.0.0/lib/ruby/gems/3.0.0/gems/railties-6.1.5/lib/rails/engine.rb:600&gt;&gt;, #&lt;Rails::Initializable::Initializer:0x0000558f2bcb97a0 @name=:add_locales, @context=#&lt;ActionView::Railtie:0x0000558f29ed2660 ...&gt;, @options={:after=&gt;:add_routing_paths, :group=&gt;:default}, @block=#&lt;Proc:0x0000558f29b2c1c8 /home/nameless_ghoul/.rbenv/versions/3.0.0/lib/ruby/gems/3.0.0/gems/railties-6.1.5/lib/rails/engine.rb:614&gt;&gt;, #&lt;Rails::Initializable::Initializer:0x0000558f2bcb9750 @name=:add_view_paths, @context=#&lt;ActionView::Railtie:0x0000558f29ed2660 ...&gt;, @options={:after=&gt;:add_locales, :group=&gt;:default}, @block=#&lt;Proc:0x0000558f29b2c0d8 /home/nameless_ghoul/.rbenv/versions/3.0.0/lib/ruby/gems/3.0.0/gems/railties-6.1.5/lib/rails/engine.rb:618&gt;&gt;, #&lt;Rails::Initializable::Initializer:0x0000558f2bcb9700 @name=:prepend_helpers_path, @context=#&lt;ActionView::Railtie:0x0000558f29ed2660 ...&gt;, @options={:after=&gt;:add_view_paths, :group=&gt;:default}, @block=#&lt;Proc:0x0000558f28f17f18 /home/nameless_ghoul/.rbenv/versions/3.0.0/lib/ruby/gems/3.0.0/gems/railties-6.1.5/lib/rails/engine.rb:626&gt;&gt;, #&lt;Rails::Initializable::Initializer:0x0000558f2bcb96b0 @name=:load_config_initializers, @context=#&lt;ActionView::Railtie:0x0000558f29ed2660 ...&gt;, @options={:after=&gt;:prepend_helpers_path, :group=&gt;:default}, @block=#&lt;Proc:0x0000558f28f17608 /home/nameless_ghoul/.rbenv/versions/3.0.0/lib/ruby/gems/3.0.0/gems/railties-6.1.5/lib/rails/engine.rb:632&gt;&gt;, #&lt;Rails::Initializable::Initializer:0x0000558f2bcb9660 @name=:wrap_executor_around_load_seed, @context=#&lt;ActionView::Railtie:0x0000558f29ed2660 ...&gt;, @options={:after=&gt;:load_config_initializers, :group=&gt;:default}, @block=#&lt;Proc:0x0000558f28f16e60 /home/nameless_ghoul/.rbenv/versions/3.0.0/lib/ruby/gems/3.0.0/gems/railties-6.1.5/lib/rails/engine.rb:638&gt;&gt;, #&lt;Rails::Initializable::Initializer:0x0000558f2bcb9610 @name=:engines_blank_point, @context=#&lt;ActionView::Railtie:0x0000558f29ed2660 ...&gt;, @options={:after=&gt;:wrap_executor_around_load_seed, :group=&gt;:default}, @block=#&lt;Proc:0x0000558f28f16960 /home/nameless_ghoul/.rbenv/versions/3.0.0/lib/ruby/gems/3.0.0/gems/railties-6.1.5/lib/rails/engine.rb:644&gt;&gt;, #&lt;Rails::Initializable::Initializer:0x0000558f2bcb95c0 @name=:append_assets_path, @context=#&lt;ActionView::Railtie:0x0000558f29ed2660 ...&gt;, @options={:group=&gt;:all, :after=&gt;:engines_blank_point}, @block=#&lt;Proc:0x0000558f29c70d40 /home/nameless_ghoul/.rbenv/versions/3.0.0/lib/ruby/gems/3.0.0/gems/sprockets-rails-3.4.2/lib/sprockets/railtie.rb:60&gt;&gt;, #&lt;Rails::Initializable::Initializer:0x0000558f2bcb9570 @name=&quot;action_view.logger&quot;, @context=#&lt;ActionView::Railtie:0x0000558f29ed2660 ...&gt;, @options={:group=&gt;:default}, @block=#&lt;Proc:0x0000558f29ee2d80 /home/nameless_ghoul/.rbenv/versions/3.0.0/lib/ruby/gems/3.0.0/gems/actionview-6.1.5/lib/action_view/railtie.rb:58&gt;&gt;, #&lt;Rails::Initializable::Initializer:0x0000558f2bcb9520 @name=&quot;action_view.caching&quot;, @context=#&lt;ActionView::Railtie:0x0000558f29ed2660 ...&gt;, @options={:after=&gt;&quot;action_view.logger&quot;, :group=&gt;:default}, @block=#&lt;Proc:0x0000558f29ee2c90 /home/nameless_ghoul/.rbenv/versions/3.0.0/lib/ruby/gems/3.0.0/gems/actionview-6.1.5/lib/action_view/railtie.rb:62&gt;&gt;, #&lt;Rails::Initializable::Initializer:0x0000558f2bcb94d0 @name=&quot;action_view.setup_action_pack&quot;, @context=#&lt;ActionView::Railtie:0x0000558f29ed2660 ...&gt;, @options={:after=&gt;&quot;action_view.caching&quot;, :group=&gt;:default}, @block=#&lt;Proc:0x0000558f29ee2ba0 /home/nameless_ghoul/.rbenv/versions/3.0.0/lib/ruby/gems/3.0.0/gems/actionview-6.1.5/lib/action_view/railtie.rb:70&gt;&gt;, #&lt;Rails::Initializable::Initializer:0x0000558f2bcb9480 @name=&quot;action_view.collection_caching&quot;, @context=#&lt;ActionView::Railtie:0x0000558f29ed2660 ...&gt;, @options={:after=&gt;&quot;action_controller.set_configs&quot;, :group=&gt;:default}, @block=#&lt;Proc:0x0000558f29ee2a88 /home/nameless_ghoul/.rbenv/versions/3.0.0/lib/ruby/gems/3.0.0/gems/actionview-6.1.5/lib/action_view/railtie.rb:76&gt;&gt;]&gt;, #&lt;ActiveStorage::Engine:0x0000558f2a1d6aa0 @_all_autoload_paths=[&quot;/home/nameless_ghoul/.rbenv/versions/3.0.0/lib/ruby/gems/3.0.0/gems/activestorage-6.1.5/app/controllers&quot;, &quot;/home/nameless_ghoul/.rbenv/versions/3.0.0/lib/ruby/gems/3.0.0/gems/activestorage-6.1.5/app/controllers/concerns&quot;, &quot;/home/nameless_ghoul/.rbenv/versions/3.0.0/lib/ruby/gems/3.0.0/gems/activestorage-6.1.5/app/jobs&quot;, &quot;/home/nameless_ghoul/.rbenv/versions/3.0.0/lib/ruby/gems/3.0.0/gems/activestorage-6.1.5/app/models&quot;], @_all_load_paths=[&quot;/home/nameless_ghoul/.rbenv/versions/3.0.0/lib/ruby/gems/3.0.0/gems/activestorage-6.1.5/lib&quot;, &quot;/home/nameless_ghoul/.rbenv/versions/3.0.0/lib/ruby/gems/3.0.0/gems/activestorage-6.1.5/app/controllers&quot;, &quot;/home/nameless_ghoul/.rbenv/versions/3.0.0/lib/ruby/gems/3.0.0/gems/activestorage-6.1.5/app/controllers/concerns&quot;, &quot;/home/nameless_ghoul/.rbenv/versions/3.0.0/lib/ruby/gems/3.0.0/gems/activestorage-6.1.5/app/jobs&quot;, &quot;/home/nameless_ghoul/.rbenv/versions/3.0.0/lib/ruby/gems/3.0.0/gems/activestorage-6.1.5/app/models&quot;], @app=nil, @config=#&lt;Rails::Engine::Configuration:0x0000558f29538910 @root=#&lt;Pathname:/home/nameless_ghoul/.rbenv/versions/3.0.0/lib/ruby/gems/3.0.0/gems/activestorage-6.1.5&gt;, @generators=#&lt;Rails::Configuration::Generators:0x0000558f29538870 @aliases={}, @options={:rails=&gt;{:orm=&gt;:active_record}, :active_record=&gt;{:migration=&gt;true, :timestamps=&gt;true}}, @fallbacks={}, @templates=[], @colorize_logging=true, @api_only=false, @hidden_namespaces=[&quot;sass&quot;], @after_generate_callbacks=[]&gt;, @middleware=#&lt;Rails::Configuration::MiddlewareStackProxy:0x0000558f295384b0 @operations=[], @delete_operations=[]&gt;, @javascript_path=&quot;javascript&quot;, @autoload_once_paths=[], @paths=#&lt;Rails::Paths::Root:0x0000558f2bcd9640 @path=#&lt;Pathname:/home/nameless_ghoul/.rbenv/versions/3.0.0/lib/ruby/gems/3.0.0/gems/activestorage-6.1.5&gt;, @root={&quot;app&quot;=&gt;#&lt;Rails::Paths::Path:0x0000558f2bcd9578 @paths=[&quot;app&quot;], @current=&quot;app&quot;, @root=#&lt;Rails::Paths::Root:0x0000558f2bcd9640 ...&gt;, @glob=&quot;{*,*/concerns}&quot;, @exclude=[&quot;assets&quot;, &quot;javascript&quot;], @autoload_once=false, @eager_load=true, @autoload=false, @load_path=false&gt;, &quot;app/assets&quot;=&gt;#&lt;Rails::Paths::Path:0x0000558f2bcd9500 @paths=[&quot;app/assets&quot;], @current=&quot;app/assets&quot;, @root=#&lt;Rails::Paths::Root:0x0000558f2bcd9640 ...&gt;, @glob=&quot;*&quot;, @exclude=nil, @autoload_once=false, @eager_load=false, @autoload=false, @load_path=false&gt;, &quot;app/controllers&quot;=&gt;#&lt;Rails::Paths::Path:0x0000558f2bcd9488 @paths=[&quot;app/controllers&quot;], @current=&quot;app/controllers&quot;, @root=#&lt;Rails::Paths::Root:0x0000558f2bcd9640 ...&gt;, @glob=nil, @exclude=nil, @autoload_once=false, @eager_load=true, @autoload=false, @load_path=false&gt;, &quot;app/channels&quot;=&gt;#&lt;Rails::Paths::Path:0x0000558f2bcd9410 @paths=[&quot;app/channels&quot;], @current=&quot;app/channels&quot;, @root=#&lt;Rails::Paths::Root:0x0000558f2bcd9640 ...&gt;, @glob=&quot;**/*_channel.rb&quot;, @exclude=nil, @autoload_once=false, @eager_load=true, @autoload=false, @load_path=false&gt;, &quot;app/helpers&quot;=&gt;#&lt;Rails::Paths::Path:0x0000558f2bcd9398 @paths=[&quot;app/helpers&quot;], @current=&quot;app/helpers&quot;, @root=#&lt;Rails::Paths::Root:0x0000558f2bcd9640 ...&gt;, @glob=nil, @exclude=nil, @autoload_once=false, @eager_load=true, @autoload=false, @load_path=false&gt;, &quot;app/models&quot;=&gt;#&lt;Rails::Paths::Path:0x0000558f2bcd9320 @paths=[&quot;app/models&quot;], @current=&quot;app/models&quot;, @root=#&lt;Rails::Paths::Root:0x0000558f2bcd9640 ...&gt;, @glob=nil, @exclude=nil, @autoload_once=false, @eager_load=true, @autoload=false, @load_path=false&gt;, &quot;app/mailers&quot;=&gt;#&lt;Rails::Paths::Path:0x0000558f2bcd92a8 @paths=[&quot;app/mailers&quot;], @current=&quot;app/mailers&quot;, @root=#&lt;Rails::Paths::Root:0x0000558f2bcd9640 ...&gt;, @glob=nil, @exclude=nil, @autoload_once=false, @eager_load=true, @autoload=false, @load_path=false&gt;, &quot;app/views&quot;=&gt;#&lt;Rails::Paths::Path:0x0000558f2bcd9230 @paths=[&quot;app/views&quot;], @current=&quot;app/views&quot;, @root=#&lt;Rails::Paths::Root:0x0000558f2bcd9640 ...&gt;, @glob=nil, @exclude=nil, @autoload_once=false, @eager_load=false, @autoload=false, @load_path=false&gt;, &quot;lib&quot;=&gt;#&lt;Rails::Paths::Path:0x0000558f2bcd91b8 @paths=[&quot;lib&quot;], @current=&quot;lib&quot;, @root=#&lt;Rails::Paths::Root:0x0000558f2bcd9640 ...&gt;, @glob=nil, @exclude=nil, @autoload_once=false, @eager_load=false, @autoload=false, @load_path=true&gt;, &quot;lib/assets&quot;=&gt;#&lt;Rails::Paths::Path:0x0000558f2bcd9140 @paths=[&quot;lib/assets&quot;], @current=&quot;lib/assets&quot;, @root=#&lt;Rails::Paths::Root:0x0000558f2bcd9640 ...&gt;, @glob=&quot;*&quot;, @exclude=nil, @autoload_once=false, @eager_load=false, @autoload=false, @load_path=false&gt;, &quot;lib/tasks&quot;=&gt;#&lt;Rails::Paths::Path:0x0000558f2bcd90c8 @paths=[&quot;lib/tasks&quot;], @current=&quot;lib/tasks&quot;, @root=#&lt;Rails::Paths::Root:0x0000558f2bcd9640 ...&gt;, @glob=&quot;**/*.rake&quot;, @exclude=nil, @autoload_once=false, @eager_load=false, @autoload=false, @load_path=false&gt;, &quot;config&quot;=&gt;#&lt;Rails::Paths::Path:0x0000558f2bcd9050 @paths=[&quot;config&quot;], @current=&quot;config&quot;, @root=#&lt;Rails::Paths::Root:0x0000558f2bcd9640 ...&gt;, @glob=nil, @exclude=nil, @autoload_once=false, @eager_load=false, @autoload=false, @load_path=false&gt;, &quot;config/environments&quot;=&gt;#&lt;Rails::Paths::Path:0x0000558f2bcd8fb0 @paths=[&quot;config/environments&quot;], @current=&quot;config/environments&quot;, @root=#&lt;Rails::Paths::Root:0x0000558f2bcd9640 ...&gt;, @glob=&quot;test.rb&quot;, @exclude=nil, @autoload_once=false, @eager_load=false, @autoload=false, @load_path=false&gt;, &quot;config/initializers&quot;=&gt;#&lt;Rails::Paths::Path:0x0000558f2bcd8f38 @paths=[&quot;config/initializers&quot;], @current=&quot;config/initializers&quot;, @root=#&lt;Rails::Paths::Root:0x0000558f2bcd9640 ...&gt;, @glob=&quot;**/*.rb&quot;, @exclude=nil, @autoload_once=false, @eager_load=false, @autoload=false, @load_path=false&gt;, &quot;config/locales&quot;=&gt;#&lt;Rails::Paths::Path:0x0000558f2bcd8ec0 @paths=[&quot;config/locales&quot;], @current=&quot;config/locales&quot;, @root=#&lt;Rails::Paths::Root:0x0000558f2bcd9640 ...&gt;, @glob=&quot;*.{rb,yml}&quot;, @exclude=nil, @autoload_once=false, @eager_load=false, @autoload=false, @load_path=false&gt;, &quot;config/routes.rb&quot;=&gt;#&lt;Rails::Paths::Path:0x0000558f2bcd8e48 @paths=[&quot;config/routes.rb&quot;], @current=&quot;config/routes.rb&quot;, @root=#&lt;Rails::Paths::Root:0x0000558f2bcd9640 ...&gt;, @glob=nil, @exclude=nil, @autoload_once=false, @eager_load=false, @autoload=false, @load_path=false&gt;, &quot;config/routes&quot;=&gt;#&lt;Rails::Paths::Path:0x0000558f2bcd8dd0 @paths=[&quot;config/routes&quot;], @current=&quot;config/routes&quot;, @root=#&lt;Rails::Paths::Root:0x0000558f2bcd9640 ...&gt;, @glob=&quot;**/*.rb&quot;, @exclude=nil, @autoload_once=false, @eager_load=false, @autoload=false, @load_path=false&gt;, &quot;db&quot;=&gt;#&lt;Rails::Paths::Path:0x0000558f2bcd8d58 @paths=[&quot;db&quot;], @current=&quot;db&quot;, @root=#&lt;Rails::Paths::Root:0x0000558f2bcd9640 ...&gt;, @glob=nil, @exclude=nil, @autoload_once=false, @eager_load=false, @autoload=false, @load_path=false&gt;, &quot;db/migrate&quot;=&gt;#&lt;Rails::Paths::Path:0x0000558f2bcd8ce0 @paths=[&quot;db/migrate&quot;], @current=&quot;db/migrate&quot;, @root=#&lt;Rails::Paths::Root:0x0000558f2bcd9640 ...&gt;, @glob=nil, @exclude=nil, @autoload_once=false, @eager_load=false, @autoload=false, @load_path=false&gt;, &quot;db/seeds.rb&quot;=&gt;#&lt;Rails::Paths::Path:0x0000558f2bcd8c68 @paths=[&quot;db/seeds.rb&quot;], @current=&quot;db/seeds.rb&quot;, @root=#&lt;Rails::Paths::Root:0x0000558f2bcd9640 ...&gt;, @glob=nil, @exclude=nil, @autoload_once=false, @eager_load=false, @autoload=false, @load_path=false&gt;, &quot;vendor&quot;=&gt;#&lt;Rails::Paths::Path:0x0000558f2bcd8bf0 @paths=[&quot;vendor&quot;], @current=&quot;vendor&quot;, @root=#&lt;Rails::Paths::Root:0x0000558f2bcd9640 ...&gt;, @glob=nil, @exclude=nil, @autoload_once=false, @eager_load=false, @autoload=false, @load_path=true&gt;, &quot;vendor/assets&quot;=&gt;#&lt;Rails::Paths::Path:0x0000558f2bcd8b78 @paths=[&quot;vendor/assets&quot;], @current=&quot;vendor/assets&quot;, @root=#&lt;Rails::Paths::Root:0x0000558f2bcd9640 ...&gt;, @glob=&quot;*&quot;, @exclude=nil, @autoload_once=false, @eager_load=false, @autoload=false, @load_path=false&gt;}&gt;, @autoload_paths=[], @eager_load_paths=[&quot;/home/nameless_ghoul/.rbenv/versions/3.0.0/lib/ruby/gems/3.0.0/gems/activestorage-6.1.5/app/controllers&quot;, &quot;/home/nameless_ghoul/.rbenv/versions/3.0.0/lib/ruby/gems/3.0.0/gems/activestorage-6.1.5/app/controllers/concerns&quot;, &quot;/home/nameless_ghoul/.rbenv/versions/3.0.0/lib/ruby/gems/3.0.0/gems/activestorage-6.1.5/app/jobs&quot;, &quot;/home/nameless_ghoul/.rbenv/versions/3.0.0/lib/ruby/gems/3.0.0/gems/activestorage-6.1.5/app/models&quot;]&gt;, @env_config=nil, @helpers=nil, @routes=#&lt;ActionDispatch::Routing::RouteSet:0x0000558f29538258&gt;, @app_build_lock=#&lt;Thread::Mutex:0x0000558f2a1d6a78&gt;, @initializers=[#&lt;Rails::Initializable::Initializer:0x0000558f2bcb8fa8 @name=:load_environment_config, @context=#&lt;ActiveStorage::Engine:0x0000558f2a1d6aa0 ...&gt;, @options={:before=&gt;:load_environment_hook, :group=&gt;:all}, @block=#&lt;Proc:0x0000558f29b2c858 /home/nameless_ghoul/.rbenv/versions/3.0.0/lib/ruby/gems/3.0.0/gems/railties-6.1.5/lib/rails/engine.rb:569&gt;&gt;, #&lt;Rails::Initializable::Initializer:0x0000558f2bcb8f58 @name=:set_load_path, @context=#&lt;ActiveStorage::Engine:0x0000558f2a1d6aa0 ...&gt;, @options={:before=&gt;:bootstrap_hook, :after=&gt;:load_environment_config, :group=&gt;:default}, @block=#&lt;Proc:0x0000558f29b2c678 /home/nameless_ghoul/.rbenv/versions/3.0.0/lib/ruby/gems/3.0.0/gems/railties-6.1.5/lib/rails/engine.rb:575&gt;&gt;, #&lt;Rails::Initializable::Initializer:0x0000558f2bcb8f08 @name=:set_autoload_paths, @context=#&lt;ActiveStorage::Engine:0x0000558f2a1d6aa0 ...&gt;, @options={:before=&gt;:bootstrap_hook, :after=&gt;:set_load_path, :group=&gt;:default}, @block=#&lt;Proc:0x0000558f29b2c4e8 /home/nameless_ghoul/.rbenv/versions/3.0.0/lib/ruby/gems/3.0.0/gems/railties-6.1.5/lib/rails/engine.rb:587&gt;&gt;, #&lt;Rails::Initializable::Initializer:0x0000558f2bcb8eb8 @name=:set_eager_load_paths, @context=#&lt;ActiveStorage::Engine:0x0000558f2a1d6aa0 ...&gt;, @options={:before=&gt;:bootstrap_hook, :after=&gt;:set_autoload_paths, :group=&gt;:default}, @block=#&lt;Proc:0x0000558f29b2c3d0 /home/nameless_ghoul/.rbenv/versions/3.0.0/lib/ruby/gems/3.0.0/gems/railties-6.1.5/lib/rails/engine.rb:595&gt;&gt;, #&lt;Rails::Initializable::Initializer:0x0000558f2bcb8e68 @name=:add_routing_paths, @context=#&lt;ActiveStorage::Engine:0x0000558f2a1d6aa0 ...&gt;, @options={:after=&gt;:set_eager_load_paths, :group=&gt;:default}, @block=#&lt;Proc:0x0000558f29b2c2b8 /home/nameless_ghoul/.rbenv/versions/3.0.0/lib/ruby/gems/3.0.0/gems/railties-6.1.5/lib/rails/engine.rb:600&gt;&gt;, #&lt;Rails::Initializable::Initializer:0x0000558f2bcb8e18 @name=:add_locales, @context=#&lt;ActiveStorage::Engine:0x0000558f2a1d6aa0 ...&gt;, @options={:after=&gt;:add_routing_paths, :group=&gt;:default}, @block=#&lt;Proc:0x0000558f29b2c1c8 /home/nameless_ghoul/.rbenv/versions/3.0.0/lib/ruby/gems/3.0.0/gems/railties-6.1.5/lib/rails/engine.rb:614&gt;&gt;, #&lt;Rails::Initializable::Initializer:0x0000558f2bcb8dc8 @name=:add_view_paths, @context=#&lt;ActiveStorage::Engine:0x0000558f2a1d6aa0 ...&gt;, @options={:after=&gt;:add_locales, :group=&gt;:default}, @block=#&lt;Proc:0x0000558f29b2c0d8 /home/nameless_ghoul/.rbenv/versions/3.0.0/lib/ruby/gems/3.0.0/gems/railties-6.1.5/lib/rails/engine.rb:618&gt;&gt;, #&lt;Rails::Initializable::Initializer:0x0000558f2bcb8d78 @name=:prepend_helpers_path, @context=#&lt;ActiveStorage::Engine:0x0000558f2a1d6aa0 ...&gt;, @options={:after=&gt;:add_view_paths, :group=&gt;:default}, @block=#&lt;Proc:0x0000558f28f17f18 /home/nameless_ghoul/.rbenv/versions/3.0.0/lib/ruby/gems/3.0.0/gems/railties-6.1.5/lib/rails/engine.rb:626&gt;&gt;, #&lt;Rails::Initializable::Initializer:0x0000558f2bcb8d28 @name=:load_config_initializers, @context=#&lt;ActiveStorage::Engine:0x0000558f2a1d6aa0 ...&gt;, @options={:after=&gt;:prepend_helpers_path, :group=&gt;:default}, @block=#&lt;Proc:0x0000558f28f17608 /home/nameless_ghoul/.rbenv/versions/3.0.0/lib/ruby/gems/3.0.0/gems/railties-6.1.5/lib/rails/engine.rb:632&gt;&gt;, #&lt;Rails::Initializable::Initializer:0x0000558f2bcb8cd8 @name=:wrap_executor_around_load_seed, @context=#&lt;ActiveStorage::Engine:0x0000558f2a1d6aa0 ...&gt;, @options={:after=&gt;:load_config_initializers, :group=&gt;:default}, @block=#&lt;Proc:0x0000558f28f16e60 /home/nameless_ghoul/.rbenv/versions/3.0.0/lib/ruby/gems/3.0.0/gems/railties-6.1.5/lib/rails/engine.rb:638&gt;&gt;, #&lt;Rails::Initializable::Initializer:0x0000558f2bcb8c88 @name=:engines_blank_point, @context=#&lt;ActiveStorage::Engine:0x0000558f2a1d6aa0 ...&gt;, @options={:after=&gt;:wrap_executor_around_load_seed, :group=&gt;:default}, @block=#&lt;Proc:0x0000558f28f16960 /home/nameless_ghoul/.rbenv/versions/3.0.0/lib/ruby/gems/3.0.0/gems/railties-6.1.5/lib/rails/engine.rb:644&gt;&gt;, #&lt;Rails::Initializable::Initializer:0x0000558f2bcb8c38 @name=:append_assets_path, @context=#&lt;ActiveStorage::Engine:0x0000558f2a1d6aa0 ...&gt;, @options={:group=&gt;:all, :after=&gt;:engines_blank_point}, @block=#&lt;Proc:0x0000558f29c70d40 /home/nameless_ghoul/.rbenv/versions/3.0.0/lib/ruby/gems/3.0.0/gems/sprockets-rails-3.4.2/lib/sprockets/railtie.rb:60&gt;&gt;, #&lt;Rails::Initializable::Initializer:0x0000558f2bcb8be8 @name=&quot;active_storage.configs&quot;, @context=#&lt;ActiveStorage::Engine:0x0000558f2a1d6aa0 ...&gt;, @options={:group=&gt;:default}, @block=#&lt;Proc:0x0000558f2952cae8 /home/nameless_ghoul/.rbenv/versions/3.0.0/lib/ruby/gems/3.0.0/gems/activestorage-6.1.5/lib/active_storage/engine.rb:92&gt;&gt;, #&lt;Rails::Initializable::Initializer:0x0000558f2bcb8b98 @name=&quot;active_storage.attached&quot;, @context=#&lt;ActiveStorage::Engine:0x0000558f2a1d6aa0 ...&gt;, @options={:after=&gt;&quot;active_storage.configs&quot;, :group=&gt;:default}, @block=#&lt;Proc:0x0000558f2952c980 /home/nameless_ghoul/.rbenv/versions/3.0.0/lib/ruby/gems/3.0.0/gems/activestorage-6.1.5/lib/active_storage/engine.rb:119&gt;&gt;, #&lt;Rails::Initializable::Initializer:0x0000558f2bcb8b48 @name=&quot;active_storage.verifier&quot;, @context=#&lt;ActiveStorage::Engine:0x0000558f2a1d6aa0 ...&gt;, @options={:after=&gt;&quot;active_storage.attached&quot;, :group=&gt;:default}, @block=#&lt;Proc:0x0000558f2952c818 /home/nameless_ghoul/.rbenv/versions/3.0.0/lib/ruby/gems/3.0.0/gems/activestorage-6.1.5/lib/active_storage/engine.rb:127&gt;&gt;, #&lt;Rails::Initializable::Initializer:0x0000558f2bcb8af8 @name=&quot;active_storage.services&quot;, @context=#&lt;ActiveStorage::Engine:0x0000558f2a1d6aa0 ...&gt;, @options={:after=&gt;&quot;active_storage.verifier&quot;, :group=&gt;:default}, @block=#&lt;Proc:0x0000558f2952c700 /home/nameless_ghoul/.rbenv/versions/3.0.0/lib/ruby/gems/3.0.0/gems/activestorage-6.1.5/lib/active_storage/engine.rb:133&gt;&gt;, #&lt;Rails::Initializable::Initializer:0x0000558f2bcb8aa8 @name=&quot;active_storage.queues&quot;, @context=#&lt;ActiveStorage::Engine:0x0000558f2a1d6aa0 ...&gt;, @options={:after=&gt;&quot;active_storage.services&quot;, :group=&gt;:default}, @block=#&lt;Proc:0x0000558f2952c610 /home/nameless_ghoul/.rbenv/versions/3.0.0/lib/ruby/gems/3.0.0/gems/activestorage-6.1.5/lib/active_storage/engine.rb:152&gt;&gt;, #&lt;Rails::Initializable::Initializer:0x0000558f2bcb8a58 @name=&quot;active_storage.reflection&quot;, @context=#&lt;ActiveStorage::Engine:0x0000558f2a1d6aa0 ...&gt;, @options={:after=&gt;&quot;active_storage.queues&quot;, :group=&gt;:default}, @block=#&lt;Proc:0x0000558f2952c4d0 /home/nameless_ghoul/.rbenv/versions/3.0.0/lib/ruby/gems/3.0.0/gems/activestorage-6.1.5/lib/active_storage/engine.rb:158&gt;&gt;]&gt;, #&lt;ActionCable::Engine:0x0000558f292a3948 @_all_autoload_paths=[], @_all_load_paths=[&quot;/home/nameless_ghoul/.rbenv/versions/3.0.0/lib/ruby/gems/3.0.0/gems/actioncable-6.1.5/lib&quot;], @app=nil, @config=#&lt;Rails::Engine::Configuration:0x0000558f292a3178 @root=#&lt;Pathname:/home/nameless_ghoul/.rbenv/versions/3.0.0/lib/ruby/gems/3.0.0/gems/actioncable-6.1.5&gt;, @generators=#&lt;Rails::Configuration::Generators:0x0000558f292a3128 @aliases={}, @options={:rails=&gt;{:orm=&gt;:active_record}, :active_record=&gt;{:migration=&gt;true, :timestamps=&gt;true}}, @fallbacks={}, @templates=[], @colorize_logging=true, @api_only=false, @hidden_namespaces=[&quot;sass&quot;], @after_generate_callbacks=[]&gt;, @middleware=#&lt;Rails::Configuration::MiddlewareStackProxy:0x0000558f292a2d90 @operations=[], @delete_operations=[]&gt;, @javascript_path=&quot;javascript&quot;, @autoload_once_paths=[], @paths=#&lt;Rails::Paths::Root:0x0000558f2bcd8830 @path=#&lt;Pathname:/home/nameless_ghoul/.rbenv/versions/3.0.0/lib/ruby/gems/3.0.0/gems/actioncable-6.1.5&gt;, @root={&quot;app&quot;=&gt;#&lt;Rails::Paths::Path:0x0000558f2bcd8768 @paths=[&quot;app&quot;], @current=&quot;app&quot;, @root=#&lt;Rails::Paths::Root:0x0000558f2bcd8830 ...&gt;, @glob=&quot;{*,*/concerns}&quot;, @exclude=[&quot;assets&quot;, &quot;javascript&quot;], @autoload_once=false, @eager_load=true, @autoload=false, @load_path=false&gt;, &quot;app/assets&quot;=&gt;#&lt;Rails::Paths::Path:0x0000558f2bcd86f0 @paths=[&quot;app/assets&quot;], @current=&quot;app/assets&quot;, @root=#&lt;Rails::Paths::Root:0x0000558f2bcd8830 ...&gt;, @glob=&quot;*&quot;, @exclude=nil, @autoload_once=false, @eager_load=false, @autoload=false, @load_path=false&gt;, &quot;app/controllers&quot;=&gt;#&lt;Rails::Paths::Path:0x0000558f2bcd8678 @paths=[&quot;app/controllers&quot;], @current=&quot;app/controllers&quot;, @root=#&lt;Rails::Paths::Root:0x0000558f2bcd8830 ...&gt;, @glob=nil, @exclude=nil, @autoload_once=false, @eager_load=true, @autoload=false, @load_path=false&gt;, &quot;app/channels&quot;=&gt;#&lt;Rails::Paths::Path:0x0000558f2bcd8600 @paths=[&quot;app/channels&quot;], @current=&quot;app/channels&quot;, @root=#&lt;Rails::Paths::Root:0x0000558f2bcd8830 ...&gt;, @glob=&quot;**/*_channel.rb&quot;, @exclude=nil, @autoload_once=false, @eager_load=true, @autoload=false, @load_path=false&gt;, &quot;app/helpers&quot;=&gt;#&lt;Rails::Paths::Path:0x0000558f2bcd8588 @paths=[&quot;app/helpers&quot;], @current=&quot;app/helpers&quot;, @root=#&lt;Rails::Paths::Root:0x0000558f2bcd8830 ...&gt;, @glob=nil, @exclude=nil, @autoload_once=false, @eager_load=true, @autoload=false, @load_path=false&gt;, &quot;app/models&quot;=&gt;#&lt;Rails::Paths::Path:0x0000558f2bcd8510 @paths=[&quot;app/models&quot;], @current=&quot;app/models&quot;, @root=#&lt;Rails::Paths::Root:0x0000558f2bcd8830 ...&gt;, @glob=nil, @exclude=nil, @autoload_once=false, @eager_load=true, @autoload=false, @load_path=false&gt;, &quot;app/mailers&quot;=&gt;#&lt;Rails::Paths::Path:0x0000558f2bcd8498 @paths=[&quot;app/mailers&quot;], @current=&quot;app/mailers&quot;, @root=#&lt;Rails::Paths::Root:0x0000558f2bcd8830 ...&gt;, @glob=nil, @exclude=nil, @autoload_once=false, @eager_load=true, @autoload=false, @load_path=false&gt;, &quot;app/views&quot;=&gt;#&lt;Rails::Paths::Path:0x0000558f2bcd8420 @paths=[&quot;app/views&quot;], @current=&quot;app/views&quot;, @root=#&lt;Rails::Paths::Root:0x0000558f2bcd8830 ...&gt;, @glob=nil, @exclude=nil, @autoload_once=false, @eager_load=false, @autoload=false, @load_path=false&gt;, &quot;lib&quot;=&gt;#&lt;Rails::Paths::Path:0x0000558f2bcd83a8 @paths=[&quot;lib&quot;], @current=&quot;lib&quot;, @root=#&lt;Rails::Paths::Root:0x0000558f2bcd8830 ...&gt;, @glob=nil, @exclude=nil, @autoload_once=false, @eager_load=false, @autoload=false, @load_path=true&gt;, &quot;lib/assets&quot;=&gt;#&lt;Rails::Paths::Path:0x0000558f2bcd8330 @paths=[&quot;lib/assets&quot;], @current=&quot;lib/assets&quot;, @root=#&lt;Rails::Paths::Root:0x0000558f2bcd8830 ...&gt;, @glob=&quot;*&quot;, @exclude=nil, @autoload_once=false, @eager_load=false, @autoload=false, @load_path=false&gt;, &quot;lib/tasks&quot;=&gt;#&lt;Rails::Paths::Path:0x0000558f2bcd82b8 @paths=[&quot;lib/tasks&quot;], @current=&quot;lib/tasks&quot;, @root=#&lt;Rails::Paths::Root:0x0000558f2bcd8830 ...&gt;, @glob=&quot;**/*.rake&quot;, @exclude=nil, @autoload_once=false, @eager_load=false, @autoload=false, @load_path=false&gt;, &quot;config&quot;=&gt;#&lt;Rails::Paths::Path:0x0000558f2bcd8240 @paths=[&quot;config&quot;], @current=&quot;config&quot;, @root=#&lt;Rails::Paths::Root:0x0000558f2bcd8830 ...&gt;, @glob=nil, @exclude=nil, @autoload_once=false, @eager_load=false, @autoload=false, @load_path=false&gt;, &quot;config/environments&quot;=&gt;#&lt;Rails::Paths::Path:0x0000558f2bcd81a0 @paths=[&quot;config/environments&quot;], @current=&quot;config/environments&quot;, @root=#&lt;Rails::Paths::Root:0x0000558f2bcd8830 ...&gt;, @glob=&quot;test.rb&quot;, @exclude=nil, @autoload_once=false, @eager_load=false, @autoload=false, @load_path=false&gt;, &quot;config/initializers&quot;=&gt;#&lt;Rails::Paths::Path:0x0000558f2bcd8128 @paths=[&quot;config/initializers&quot;], @current=&quot;config/initializers&quot;, @root=#&lt;Rails::Paths::Root:0x0000558f2bcd8830 ...&gt;, @glob=&quot;**/*.rb&quot;, @exclude=nil, @autoload_once=false, @eager_load=false, @autoload=false, @load_path=false&gt;, &quot;config/locales&quot;=&gt;#&lt;Rails::Paths::Path:0x0000558f2bcd80b0 @paths=[&quot;config/locales&quot;], @current=&quot;config/locales&quot;, @root=#&lt;Rails::Paths::Root:0x0000558f2bcd8830 ...&gt;, @glob=&quot;*.{rb,yml}&quot;, @exclude=nil, @autoload_once=false, @eager_load=false, @autoload=false, @load_path=false&gt;, &quot;config/routes.rb&quot;=&gt;#&lt;Rails::Paths::Path:0x0000558f2bcd8038 @paths=[&quot;config/routes.rb&quot;], @current=&quot;config/routes.rb&quot;, @root=#&lt;Rails::Paths::Root:0x0000558f2bcd8830 ...&gt;, @glob=nil, @exclude=nil, @autoload_once=false, @eager_load=false, @autoload=false, @load_path=false&gt;, &quot;config/routes&quot;=&gt;#&lt;Rails::Paths::Path:0x0000558f2bce7fb0 @paths=[&quot;config/routes&quot;], @current=&quot;config/routes&quot;, @root=#&lt;Rails::Paths::Root:0x0000558f2bcd8830 ...&gt;, @glob=&quot;**/*.rb&quot;, @exclude=nil, @autoload_once=false, @eager_load=false, @autoload=false, @load_path=false&gt;, &quot;db&quot;=&gt;#&lt;Rails::Paths::Path:0x0000558f2bce7f38 @paths=[&quot;db&quot;], @current=&quot;db&quot;, @root=#&lt;Rails::Paths::Root:0x0000558f2bcd8830 ...&gt;, @glob=nil, @exclude=nil, @autoload_once=false, @eager_load=false, @autoload=false, @load_path=false&gt;, &quot;db/migrate&quot;=&gt;#&lt;Rails::Paths::Path:0x0000558f2bce7ec0 @paths=[&quot;db/migrate&quot;], @current=&quot;db/migrate&quot;, @root=#&lt;Rails::Paths::Root:0x0000558f2bcd8830 ...&gt;, @glob=nil, @exclude=nil, @autoload_once=false, @eager_load=false, @autoload=false, @load_path=false&gt;, &quot;db/seeds.rb&quot;=&gt;#&lt;Rails::Paths::Path:0x0000558f2bce7e48 @paths=[&quot;db/seeds.rb&quot;], @current=&quot;db/seeds.rb&quot;, @root=#&lt;Rails::Paths::Root:0x0000558f2bcd8830 ...&gt;, @glob=nil, @exclude=nil, @autoload_once=false, @eager_load=false, @autoload=false, @load_path=false&gt;, &quot;vendor&quot;=&gt;#&lt;Rails::Paths::Path:0x0000558f2bce7dd0 @paths=[&quot;vendor&quot;], @current=&quot;vendor&quot;, @root=#&lt;Rails::Paths::Root:0x0000558f2bcd8830 ...&gt;, @glob=nil, @exclude=nil, @autoload_once=false, @eager_load=false, @autoload=false, @load_path=true&gt;, &quot;vendor/assets&quot;=&gt;#&lt;Rails::Paths::Path:0x0000558f2bce7d58 @paths=[&quot;vendor/assets&quot;], @current=&quot;vendor/assets&quot;, @root=#&lt;Rails::Paths::Root:0x0000558f2bcd8830 ...&gt;, @glob=&quot;*&quot;, @exclude=nil, @autoload_once=false, @eager_load=false, @autoload=false, @load_path=false&gt;}&gt;, @autoload_paths=[], @eager_load_paths=[]&gt;, @env_config=nil, @helpers=nil, @routes=#&lt;ActionDispatch::Routing::RouteSet:0x0000558f2c000170&gt;, @app_build_lock=#&lt;Thread::Mutex:0x0000558f292a3920&gt;, @initializers=[#&lt;Rails::Initializable::Initializer:0x0000558f2bcb8580 @name=:load_environment_config, @context=#&lt;ActionCable::Engine:0x0000558f292a3948 ...&gt;, @options={:before=&gt;:load_environment_hook, :group=&gt;:all}, @block=#&lt;Proc:0x0000558f29b2c858 /home/nameless_ghoul/.rbenv/versions/3.0.0/lib/ruby/gems/3.0.0/gems/railties-6.1.5/lib/rails/engine.rb:569&gt;&gt;, #&lt;Rails::Initializable::Initializer:0x0000558f2bcb8530 @name=:set_load_path, @context=#&lt;ActionCable::Engine:0x0000558f292a3948 ...&gt;, @options={:before=&gt;:bootstrap_hook, :after=&gt;:load_environment_config, :group=&gt;:default}, @block=#&lt;Proc:0x0000558f29b2c678 /home/nameless_ghoul/.rbenv/versions/3.0.0/lib/ruby/gems/3.0.0/gems/railties-6.1.5/lib/rails/engine.rb:575&gt;&gt;, #&lt;Rails::Initializable::Initializer:0x0000558f2bcb84e0 @name=:set_autoload_paths, @context=#&lt;ActionCable::Engine:0x0000558f292a3948 ...&gt;, @options={:before=&gt;:bootstrap_hook, :after=&gt;:set_load_path, :group=&gt;:default}, @block=#&lt;Proc:0x0000558f29b2c4e8 /home/nameless_ghoul/.rbenv/versions/3.0.0/lib/ruby/gems/3.0.0/gems/railties-6.1.5/lib/rails/engine.rb:587&gt;&gt;, #&lt;Rails::Initializable::Initializer:0x0000558f2bcb8490 @name=:set_eager_load_paths, @context=#&lt;ActionCable::Engine:0x0000558f292a3948 ...&gt;, @options={:before=&gt;:bootstrap_hook, :after=&gt;:set_autoload_paths, :group=&gt;:default}, @block=#&lt;Proc:0x0000558f29b2c3d0 /home/nameless_ghoul/.rbenv/versions/3.0.0/lib/ruby/gems/3.0.0/gems/railties-6.1.5/lib/rails/engine.rb:595&gt;&gt;, #&lt;Rails::Initializable::Initializer:0x0000558f2bcb8440 @name=:add_routing_paths, @context=#&lt;ActionCable::Engine:0x0000558f292a3948 ...&gt;, @options={:after=&gt;:set_eager_load_paths, :group=&gt;:default}, @block=#&lt;Proc:0x0000558f29b2c2b8 /home/nameless_ghoul/.rbenv/versions/3.0.0/lib/ruby/gems/3.0.0/gems/railties-6.1.5/lib/rails/engine.rb:600&gt;&gt;, #&lt;Rails::Initializable::Initializer:0x0000558f2bcb83f0 @name=:add_locales, @context=#&lt;ActionCable::Engine:0x0000558f292a3948 ...&gt;, @options={:after=&gt;:add_routing_paths, :group=&gt;:default}, @block=#&lt;Proc:0x0000558f29b2c1c8 /home/nameless_ghoul/.rbenv/versions/3.0.0/lib/ruby/gems/3.0.0/gems/railties-6.1.5/lib/rails/engine.rb:614&gt;&gt;, #&lt;Rails::Initializable::Initializer:0x0000558f2bcb83a0 @name=:add_view_paths, @context=#&lt;ActionCable::Engine:0x0000558f292a3948 ...&gt;, @options={:after=&gt;:add_locales, :group=&gt;:default}, @block=#&lt;Proc:0x0000558f29b2c0d8 /home/nameless_ghoul/.rbenv/versions/3.0.0/lib/ruby/gems/3.0.0/gems/railties-6.1.5/lib/rails/engine.rb:618&gt;&gt;, #&lt;Rails::Initializable::Initializer:0x0000558f2bcb8350 @name=:prepend_helpers_path, @context=#&lt;ActionCable::Engine:0x0000558f292a3948 ...&gt;, @options={:after=&gt;:add_view_paths, :group=&gt;:default}, @block=#&lt;Proc:0x0000558f28f17f18 /home/nameless_ghoul/.rbenv/versions/3.0.0/lib/ruby/gems/3.0.0/gems/railties-6.1.5/lib/rails/engine.rb:626&gt;&gt;, #&lt;Rails::Initializable::Initializer:0x0000558f2bcb8300 @name=:load_config_initializers, @context=#&lt;ActionCable::Engine:0x0000558f292a3948 ...&gt;, @options={:after=&gt;:prepend_helpers_path, :group=&gt;:default}, @block=#&lt;Proc:0x0000558f28f17608 /home/nameless_ghoul/.rbenv/versions/3.0.0/lib/ruby/gems/3.0.0/gems/railties-6.1.5/lib/rails/engine.rb:632&gt;&gt;, #&lt;Rails::Initializable::Initializer:0x0000558f2bcb82b0 @name=:wrap_executor_around_load_seed, @context=#&lt;ActionCable::Engine:0x0000558f292a3948 ...&gt;, @options={:after=&gt;:load_config_initializers, :group=&gt;:default}, @block=#&lt;Proc:0x0000558f28f16e60 /home/nameless_ghoul/.rbenv/versions/3.0.0/lib/ruby/gems/3.0.0/gems/railties-6.1.5/lib/rails/engine.rb:638&gt;&gt;, #&lt;Rails::Initializable::Initializer:0x0000558f2bcb8260 @name=:engines_blank_point, @context=#&lt;ActionCable::Engine:0x0000558f292a3948 ...&gt;, @options={:after=&gt;:wrap_executor_around_load_seed, :group=&gt;:default}, @block=#&lt;Proc:0x0000558f28f16960 /home/nameless_ghoul/.rbenv/versions/3.0.0/lib/ruby/gems/3.0.0/gems/railties-6.1.5/lib/rails/engine.rb:644&gt;&gt;, #&lt;Rails::Initializable::Initializer:0x0000558f2bcb8210 @name=:append_assets_path, @context=#&lt;ActionCable::Engine:0x0000558f292a3948 ...&gt;, @options={:group=&gt;:all, :after=&gt;:engines_blank_point}, @block=#&lt;Proc:0x0000558f29c70d40 /home/nameless_ghoul/.rbenv/versions/3.0.0/lib/ruby/gems/3.0.0/gems/sprockets-rails-3.4.2/lib/sprockets/railtie.rb:60&gt;&gt;, #&lt;Rails::Initializable::Initializer:0x0000558f2bcb81c0 @name=&quot;action_cable.helpers&quot;, @context=#&lt;ActionCable::Engine:0x0000558f292a3948 ...&gt;, @options={:group=&gt;:default}, @block=#&lt;Proc:0x0000558f292a28b8 /home/nameless_ghoul/.rbenv/versions/3.0.0/lib/ruby/gems/3.0.0/gems/actioncable-6.1.5/lib/action_cable/engine.rb:15&gt;&gt;, #&lt;Rails::Initializable::Initializer:0x0000558f2bcb8170 @name=&quot;action_cable.logger&quot;, @context=#&lt;ActionCable::Engine:0x0000558f292a3948 ...&gt;, @options={:after=&gt;&quot;action_cable.helpers&quot;, :group=&gt;:default}, @block=#&lt;Proc:0x0000558f292a2700 /home/nameless_ghoul/.rbenv/versions/3.0.0/lib/ruby/gems/3.0.0/gems/actioncable-6.1.5/lib/action_cable/engine.rb:21&gt;&gt;, #&lt;Rails::Initializable::Initializer:0x0000558f2bcb8120 @name=&quot;action_cable.set_configs&quot;, @context=#&lt;ActionCable::Engine:0x0000558f292a3948 ...&gt;, @options={:after=&gt;&quot;action_cable.logger&quot;, :group=&gt;:default}, @block=#&lt;Proc:0x0000558f292a24f8 /home/nameless_ghoul/.rbenv/versions/3.0.0/lib/ruby/gems/3.0.0/gems/actioncable-6.1.5/lib/action_cable/engine.rb:25&gt;&gt;, #&lt;Rails::Initializable::Initializer:0x0000558f2bcb80d0 @name=&quot;action_cable.routes&quot;, @context=#&lt;ActionCable::Engine:0x0000558f292a3948 ...&gt;, @options={:after=&gt;&quot;action_cable.set_configs&quot;, :group=&gt;:default}, @block=#&lt;Proc:0x0000558f292a2390 /home/nameless_ghoul/.rbenv/versions/3.0.0/lib/ruby/gems/3.0.0/gems/actioncable-6.1.5/lib/action_cable/engine.rb:43&gt;&gt;, #&lt;Rails::Initializable::Initializer:0x0000558f2bcb8080 @name=&quot;action_cable.set_work_hooks&quot;, @context=#&lt;ActionCable::Engine:0x0000558f292a3948 ...&gt;, @options={:after=&gt;&quot;action_cable.routes&quot;, :group=&gt;:default}, @block=#&lt;Proc:0x0000558f292a2200 /home/nameless_ghoul/.rbenv/versions/3.0.0/lib/ruby/gems/3.0.0/gems/actioncable-6.1.5/lib/action_cable/engine.rb:54&gt;&gt;]&gt;, #&lt;ActionMailbox::Engine:0x0000558f2a0b1bc0 @_all_autoload_paths=[&quot;/home/nameless_ghoul/.rbenv/versions/3.0.0/lib/ruby/gems/3.0.0/gems/actionmailbox-6.1.5/app/controllers&quot;, &quot;/home/nameless_ghoul/.rbenv/versions/3.0.0/lib/ruby/gems/3.0.0/gems/actionmailbox-6.1.5/app/jobs&quot;, &quot;/home/nameless_ghoul/.rbenv/versions/3.0.0/lib/ruby/gems/3.0.0/gems/actionmailbox-6.1.5/app/models&quot;], @_all_load_paths=[&quot;/home/nameless_ghoul/.rbenv/versions/3.0.0/lib/ruby/gems/3.0.0/gems/actionmailbox-6.1.5/lib&quot;, &quot;/home/nameless_ghoul/.rbenv/versions/3.0.0/lib/ruby/gems/3.0.0/gems/actionmailbox-6.1.5/app/controllers&quot;, &quot;/home/nameless_ghoul/.rbenv/versions/3.0.0/lib/ruby/gems/3.0.0/gems/actionmailbox-6.1.5/app/jobs&quot;, &quot;/home/nameless_ghoul/.rbenv/versions/3.0.0/lib/ruby/gems/3.0.0/gems/actionmailbox-6.1.5/app/models&quot;], @app=nil, @config=#&lt;Rails::Engine::Configuration:0x0000558f2a0b1300 @root=#&lt;Pathname:/home/nameless_ghoul/.rbenv/versions/3.0.0/lib/ruby/gems/3.0.0/gems/actionmailbox-6.1.5&gt;, @generators=#&lt;Rails::Configuration::Generators:0x0000558f2a0b1238 @aliases={}, @options={:rails=&gt;{:orm=&gt;:active_record}, :active_record=&gt;{:migration=&gt;true, :timestamps=&gt;true}}, @fallbacks={}, @templates=[], @colorize_logging=true, @api_only=false, @hidden_namespaces=[&quot;sass&quot;], @after_generate_callbacks=[]&gt;, @middleware=#&lt;Rails::Configuration::MiddlewareStackProxy:0x0000558f2a0b0f90 @operations=[], @delete_operations=[]&gt;, @javascript_path=&quot;javascript&quot;, @autoload_once_paths=[], @paths=#&lt;Rails::Paths::Root:0x0000558f2bce7a10 @path=#&lt;Pathname:/home/nameless_ghoul/.rbenv/versions/3.0.0/lib/ruby/gems/3.0.0/gems/actionmailbox-6.1.5&gt;, @root={&quot;app&quot;=&gt;#&lt;Rails::Paths::Path:0x0000558f2bce7948 @paths=[&quot;app&quot;], @current=&quot;app&quot;, @root=#&lt;Rails::Paths::Root:0x0000558f2bce7a10 ...&gt;, @glob=&quot;{*,*/concerns}&quot;, @exclude=[&quot;assets&quot;, &quot;javascript&quot;], @autoload_once=false, @eager_load=true, @autoload=false, @load_path=false&gt;, &quot;app/assets&quot;=&gt;#&lt;Rails::Paths::Path:0x0000558f2bce78d0 @paths=[&quot;app/assets&quot;], @current=&quot;app/assets&quot;, @root=#&lt;Rails::Paths::Root:0x0000558f2bce7a10 ...&gt;, @glob=&quot;*&quot;, @exclude=nil, @autoload_once=false, @eager_load=false, @autoload=false, @load_path=false&gt;, &quot;app/controllers&quot;=&gt;#&lt;Rails::Paths::Path:0x0000558f2bce7858 @paths=[&quot;app/controllers&quot;], @current=&quot;app/controllers&quot;, @root=#&lt;Rails::Paths::Root:0x0000558f2bce7a10 ...&gt;, @glob=nil, @exclude=nil, @autoload_once=false, @eager_load=true, @autoload=false, @load_path=false&gt;, &quot;app/channels&quot;=&gt;#&lt;Rails::Paths::Path:0x0000558f2bce77e0 @paths=[&quot;app/channels&quot;], @current=&quot;app/channels&quot;, @root=#&lt;Rails::Paths::Root:0x0000558f2bce7a10 ...&gt;, @glob=&quot;**/*_channel.rb&quot;, @exclude=nil, @autoload_once=false, @eager_load=true, @autoload=false, @load_path=false&gt;, &quot;app/helpers&quot;=&gt;#&lt;Rails::Paths::Path:0x0000558f2bce7768 @paths=[&quot;app/helpers&quot;], @current=&quot;app/helpers&quot;, @root=#&lt;Rails::Paths::Root:0x0000558f2bce7a10 ...&gt;, @glob=nil, @exclude=nil, @autoload_once=false, @eager_load=true, @autoload=false, @load_path=false&gt;, &quot;app/models&quot;=&gt;#&lt;Rails::Paths::Path:0x0000558f2bce76f0 @paths=[&quot;app/models&quot;], @current=&quot;app/models&quot;, @root=#&lt;Rails::Paths::Root:0x0000558f2bce7a10 ...&gt;, @glob=nil, @exclude=nil, @autoload_once=false, @eager_load=true, @autoload=false, @load_path=false&gt;, &quot;app/mailers&quot;=&gt;#&lt;Rails::Paths::Path:0x0000558f2bce7678 @paths=[&quot;app/mailers&quot;], @current=&quot;app/mailers&quot;, @root=#&lt;Rails::Paths::Root:0x0000558f2bce7a10 ...&gt;, @glob=nil, @exclude=nil, @autoload_once=false, @eager_load=true, @autoload=false, @load_path=false&gt;, &quot;app/views&quot;=&gt;#&lt;Rails::Paths::Path:0x0000558f2bce7600 @paths=[&quot;app/views&quot;], @current=&quot;app/views&quot;, @root=#&lt;Rails::Paths::Root:0x0000558f2bce7a10 ...&gt;, @glob=nil, @exclude=nil, @autoload_once=false, @eager_load=false, @autoload=false, @load_path=false&gt;, &quot;lib&quot;=&gt;#&lt;Rails::Paths::Path:0x0000558f2bce7588 @paths=[&quot;lib&quot;], @current=&quot;lib&quot;, @root=#&lt;Rails::Paths::Root:0x0000558f2bce7a10 ...&gt;, @glob=nil, @exclude=nil, @autoload_once=false, @eager_load=false, @autoload=false, @load_path=true&gt;, &quot;lib/assets&quot;=&gt;#&lt;Rails::Paths::Path:0x0000558f2bce7510 @paths=[&quot;lib/assets&quot;], @current=&quot;lib/assets&quot;, @root=#&lt;Rails::Paths::Root:0x0000558f2bce7a10 ...&gt;, @glob=&quot;*&quot;, @exclude=nil, @autoload_once=false, @eager_load=false, @autoload=false, @load_path=false&gt;, &quot;lib/tasks&quot;=&gt;#&lt;Rails::Paths::Path:0x0000558f2bce7498 @paths=[&quot;lib/tasks&quot;], @current=&quot;lib/tasks&quot;, @root=#&lt;Rails::Paths::Root:0x0000558f2bce7a10 ...&gt;, @glob=&quot;**/*.rake&quot;, @exclude=nil, @autoload_once=false, @eager_load=false, @autoload=false, @load_path=false&gt;, &quot;config&quot;=&gt;#&lt;Rails::Paths::Path:0x0000558f2bce7420 @paths=[&quot;config&quot;], @current=&quot;config&quot;, @root=#&lt;Rails::Paths::Root:0x0000558f2bce7a10 ...&gt;, @glob=nil, @exclude=nil, @autoload_once=false, @eager_load=false, @autoload=false, @load_path=false&gt;, &quot;config/environments&quot;=&gt;#&lt;Rails::Paths::Path:0x0000558f2bce7380 @paths=[&quot;config/environments&quot;], @current=&quot;config/environments&quot;, @root=#&lt;Rails::Paths::Root:0x0000558f2bce7a10 ...&gt;, @glob=&quot;test.rb&quot;, @exclude=nil, @autoload_once=false, @eager_load=false, @autoload=false, @load_path=false&gt;, &quot;config/initializers&quot;=&gt;#&lt;Rails::Paths::Path:0x0000558f2bce7308 @paths=[&quot;config/initializers&quot;], @current=&quot;config/initializers&quot;, @root=#&lt;Rails::Paths::Root:0x0000558f2bce7a10 ...&gt;, @glob=&quot;**/*.rb&quot;, @exclude=nil, @autoload_once=false, @eager_load=false, @autoload=false, @load_path=false&gt;, &quot;config/locales&quot;=&gt;#&lt;Rails::Paths::Path:0x0000558f2bce7290 @paths=[&quot;config/locales&quot;], @current=&quot;config/locales&quot;, @root=#&lt;Rails::Paths::Root:0x0000558f2bce7a10 ...&gt;, @glob=&quot;*.{rb,yml}&quot;, @exclude=nil, @autoload_once=false, @eager_load=false, @autoload=false, @load_path=false&gt;, &quot;config/routes.rb&quot;=&gt;#&lt;Rails::Paths::Path:0x0000558f2bce7218 @paths=[&quot;config/routes.rb&quot;], @current=&quot;config/routes.rb&quot;, @root=#&lt;Rails::Paths::Root:0x0000558f2bce7a10 ...&gt;, @glob=nil, @exclude=nil, @autoload_once=false, @eager_load=false, @autoload=false, @load_path=false&gt;, &quot;config/routes&quot;=&gt;#&lt;Rails::Paths::Path:0x0000558f2bce71a0 @paths=[&quot;config/routes&quot;], @current=&quot;config/routes&quot;, @root=#&lt;Rails::Paths::Root:0x0000558f2bce7a10 ...&gt;, @glob=&quot;**/*.rb&quot;, @exclude=nil, @autoload_once=false, @eager_load=false, @autoload=false, @load_path=false&gt;, &quot;db&quot;=&gt;#&lt;Rails::Paths::Path:0x0000558f2bce7128 @paths=[&quot;db&quot;], @current=&quot;db&quot;, @root=#&lt;Rails::Paths::Root:0x0000558f2bce7a10 ...&gt;, @glob=nil, @exclude=nil, @autoload_once=false, @eager_load=false, @autoload=false, @load_path=false&gt;, &quot;db/migrate&quot;=&gt;#&lt;Rails::Paths::Path:0x0000558f2bce70b0 @paths=[&quot;db/migrate&quot;], @current=&quot;db/migrate&quot;, @root=#&lt;Rails::Paths::Root:0x0000558f2bce7a10 ...&gt;, @glob=nil, @exclude=nil, @autoload_once=false, @eager_load=false, @autoload=false, @load_path=false&gt;, &quot;db/seeds.rb&quot;=&gt;#&lt;Rails::Paths::Path:0x0000558f2bce7038 @paths=[&quot;db/seeds.rb&quot;], @current=&quot;db/seeds.rb&quot;, @root=#&lt;Rails::Paths::Root:0x0000558f2bce7a10 ...&gt;, @glob=nil, @exclude=nil, @autoload_once=false, @eager_load=false, @autoload=false, @load_path=false&gt;, &quot;vendor&quot;=&gt;#&lt;Rails::Paths::Path:0x0000558f2bce6fc0 @paths=[&quot;vendor&quot;], @current=&quot;vendor&quot;, @root=#&lt;Rails::Paths::Root:0x0000558f2bce7a10 ...&gt;, @glob=nil, @exclude=nil, @autoload_once=false, @eager_load=false, @autoload=false, @load_path=true&gt;, &quot;vendor/assets&quot;=&gt;#&lt;Rails::Paths::Path:0x0000558f2bce6f48 @paths=[&quot;vendor/assets&quot;], @current=&quot;vendor/assets&quot;, @root=#&lt;Rails::Paths::Root:0x0000558f2bce7a10 ...&gt;, @glob=&quot;*&quot;, @exclude=nil, @autoload_once=false, @eager_load=false, @autoload=false, @load_path=false&gt;}&gt;, @autoload_paths=[], @eager_load_paths=[&quot;/home/nameless_ghoul/.rbenv/versions/3.0.0/lib/ruby/gems/3.0.0/gems/actionmailbox-6.1.5/app/controllers&quot;, &quot;/home/nameless_ghoul/.rbenv/versions/3.0.0/lib/ruby/gems/3.0.0/gems/actionmailbox-6.1.5/app/jobs&quot;, &quot;/home/nameless_ghoul/.rbenv/versions/3.0.0/lib/ruby/gems/3.0.0/gems/actionmailbox-6.1.5/app/models&quot;]&gt;, @env_config=nil, @helpers=nil, @routes=#&lt;ActionDispatch::Routing::RouteSet:0x0000558f2a0b0ef0&gt;, @app_build_lock=#&lt;Thread::Mutex:0x0000558f2a0b1b70&gt;, @initializers=[#&lt;Rails::Initializable::Initializer:0x0000558f2bcc3bb0 @name=:load_environment_config, @context=#&lt;ActionMailbox::Engine:0x0000558f2a0b1bc0 ...&gt;, @options={:before=&gt;:load_environment_hook, :group=&gt;:all}, @block=#&lt;Proc:0x0000558f29b2c858 /home/nameless_ghoul/.rbenv/versions/3.0.0/lib/ruby/gems/3.0.0/gems/railties-6.1.5/lib/rails/engine.rb:569&gt;&gt;, #&lt;Rails::Initializable::Initializer:0x0000558f2bcc3b60 @name=:set_load_path, @context=#&lt;ActionMailbox::Engine:0x0000558f2a0b1bc0 ...&gt;, @options={:before=&gt;:bootstrap_hook, :after=&gt;:load_environment_config, :group=&gt;:default}, @block=#&lt;Proc:0x0000558f29b2c678 /home/nameless_ghoul/.rbenv/versions/3.0.0/lib/ruby/gems/3.0.0/gems/railties-6.1.5/lib/rails/engine.rb:575&gt;&gt;, #&lt;Rails::Initializable::Initializer:0x0000558f2bcc3b10 @name=:set_autoload_paths, @context=#&lt;ActionMailbox::Engine:0x0000558f2a0b1bc0 ...&gt;, @options={:before=&gt;:bootstrap_hook, :after=&gt;:set_load_path, :group=&gt;:default}, @block=#&lt;Proc:0x0000558f29b2c4e8 /home/nameless_ghoul/.rbenv/versions/3.0.0/lib/ruby/gems/3.0.0/gems/railties-6.1.5/lib/rails/engine.rb:587&gt;&gt;, #&lt;Rails::Initializable::Initializer:0x0000558f2bcc3ac0 @name=:set_eager_load_paths, @context=#&lt;ActionMailbox::Engine:0x0000558f2a0b1bc0 ...&gt;, @options={:before=&gt;:bootstrap_hook, :after=&gt;:set_autoload_paths, :group=&gt;:default}, @block=#&lt;Proc:0x0000558f29b2c3d0 /home/nameless_ghoul/.rbenv/versions/3.0.0/lib/ruby/gems/3.0.0/gems/railties-6.1.5/lib/rails/engine.rb:595&gt;&gt;, #&lt;Rails::Initializable::Initializer:0x0000558f2bcc3a70 @name=:add_routing_paths, @context=#&lt;ActionMailbox::Engine:0x0000558f2a0b1bc0 ...&gt;, @options={:after=&gt;:set_eager_load_paths, :group=&gt;:default}, @block=#&lt;Proc:0x0000558f29b2c2b8 /home/nameless_ghoul/.rbenv/versions/3.0.0/lib/ruby/gems/3.0.0/gems/railties-6.1.5/lib/rails/engine.rb:600&gt;&gt;, #&lt;Rails::Initializable::Initializer:0x0000558f2bcc3a20 @name=:add_locales, @context=#&lt;ActionMailbox::Engine:0x0000558f2a0b1bc0 ...&gt;, @options={:after=&gt;:add_routing_paths, :group=&gt;:default}, @block=#&lt;Proc:0x0000558f29b2c1c8 /home/nameless_ghoul/.rbenv/versions/3.0.0/lib/ruby/gems/3.0.0/gems/railties-6.1.5/lib/rails/engine.rb:614&gt;&gt;, #&lt;Rails::Initializable::Initializer:0x0000558f2bcc39d0 @name=:add_view_paths, @context=#&lt;ActionMailbox::Engine:0x0000558f2a0b1bc0 ...&gt;, @options={:after=&gt;:add_locales, :group=&gt;:default}, @block=#&lt;Proc:0x0000558f29b2c0d8 /home/nameless_ghoul/.rbenv/versions/3.0.0/lib/ruby/gems/3.0.0/gems/railties-6.1.5/lib/rails/engine.rb:618&gt;&gt;, #&lt;Rails::Initializable::Initializer:0x0000558f2bcc3980 @name=:prepend_helpers_path, @context=#&lt;ActionMailbox::Engine:0x0000558f2a0b1bc0 ...&gt;, @options={:after=&gt;:add_view_paths, :group=&gt;:default}, @block=#&lt;Proc:0x0000558f28f17f18 /home/nameless_ghoul/.rbenv/versions/3.0.0/lib/ruby/gems/3.0.0/gems/railties-6.1.5/lib/rails/engine.rb:626&gt;&gt;, #&lt;Rails::Initializable::Initializer:0x0000558f2bcc3930 @name=:load_config_initializers, @context=#&lt;ActionMailbox::Engine:0x0000558f2a0b1bc0 ...&gt;, @options={:after=&gt;:prepend_helpers_path, :group=&gt;:default}, @block=#&lt;Proc:0x0000558f28f17608 /home/nameless_ghoul/.rbenv/versions/3.0.0/lib/ruby/gems/3.0.0/gems/railties-6.1.5/lib/rails/engine.rb:632&gt;&gt;, #&lt;Rails::Initializable::Initializer:0x0000558f2bcc38e0 @name=:wrap_executor_around_load_seed, @context=#&lt;ActionMailbox::Engine:0x0000558f2a0b1bc0 ...&gt;, @options={:after=&gt;:load_config_initializers, :group=&gt;:default}, @block=#&lt;Proc:0x0000558f28f16e60 /home/nameless_ghoul/.rbenv/versions/3.0.0/lib/ruby/gems/3.0.0/gems/railties-6.1.5/lib/rails/engine.rb:638&gt;&gt;, #&lt;Rails::Initializable::Initializer:0x0000558f2bcc3890 @name=:engines_blank_point, @context=#&lt;ActionMailbox::Engine:0x0000558f2a0b1bc0 ...&gt;, @options={:after=&gt;:wrap_executor_around_load_seed, :group=&gt;:default}, @block=#&lt;Proc:0x0000558f28f16960 /home/nameless_ghoul/.rbenv/versions/3.0.0/lib/ruby/gems/3.0.0/gems/railties-6.1.5/lib/rails/engine.rb:644&gt;&gt;, #&lt;Rails::Initializable::Initializer:0x0000558f2bcc3840 @name=:append_assets_path, @context=#&lt;ActionMailbox::Engine:0x0000558f2a0b1bc0 ...&gt;, @options={:group=&gt;:all, :after=&gt;:engines_blank_point}, @block=#&lt;Proc:0x0000558f29c70d40 /home/nameless_ghoul/.rbenv/versions/3.0.0/lib/ruby/gems/3.0.0/gems/sprockets-rails-3.4.2/lib/sprockets/railtie.rb:60&gt;&gt;, #&lt;Rails::Initializable::Initializer:0x0000558f2bcc37f0 @name=&quot;action_mailbox.config&quot;, @context=#&lt;ActionMailbox::Engine:0x0000558f2a0b1bc0 ...&gt;, @options={:group=&gt;:default}, @block=#&lt;Proc:0x0000558f2a0ab6f8 /home/nameless_ghoul/.rbenv/versions/3.0.0/lib/ruby/gems/3.0.0/gems/actionmailbox-6.1.5/lib/action_mailbox/engine.rb:23&gt;&gt;]&gt;, #&lt;ActionText::Engine:0x0000558f2959d0b8 @_all_autoload_paths=[&quot;/home/nameless_ghoul/.rbenv/versions/3.0.0/lib/ruby/gems/3.0.0/gems/actiontext-6.1.5/app/helpers&quot;, &quot;/home/nameless_ghoul/.rbenv/versions/3.0.0/lib/ruby/gems/3.0.0/gems/actiontext-6.1.5/app/models&quot;], @_all_load_paths=[&quot;/home/nameless_ghoul/.rbenv/versions/3.0.0/lib/ruby/gems/3.0.0/gems/actiontext-6.1.5/lib&quot;, &quot;/home/nameless_ghoul/.rbenv/versions/3.0.0/lib/ruby/gems/3.0.0/gems/actiontext-6.1.5/app/helpers&quot;, &quot;/home/nameless_ghoul/.rbenv/versions/3.0.0/lib/ruby/gems/3.0.0/gems/actiontext-6.1.5/app/models&quot;], @app=nil, @config=#&lt;Rails::Engine::Configuration:0x0000558f2958da00 @root=#&lt;Pathname:/home/nameless_ghoul/.rbenv/versions/3.0.0/lib/ruby/gems/3.0.0/gems/actiontext-6.1.5&gt;, @generators=#&lt;Rails::Configuration::Generators:0x0000558f2958d910 @aliases={}, @options={:rails=&gt;{:orm=&gt;:active_record}, :active_record=&gt;{:migration=&gt;true, :timestamps=&gt;true}}, @fallbacks={}, @templates=[], @colorize_logging=true, @api_only=false, @hidden_namespaces=[&quot;sass&quot;], @after_generate_callbacks=[]&gt;, @middleware=#&lt;Rails::Configuration::MiddlewareStackProxy:0x0000558f2958ce70 @operations=[], @delete_operations=[]&gt;, @javascript_path=&quot;javascript&quot;, @autoload_once_paths=[&quot;/home/nameless_ghoul/.rbenv/versions/3.0.0/lib/ruby/gems/3.0.0/gems/actiontext-6.1.5/app/helpers&quot;, &quot;/home/nameless_ghoul/.rbenv/versions/3.0.0/lib/ruby/gems/3.0.0/gems/actiontext-6.1.5/app/models&quot;], @paths=#&lt;Rails::Paths::Root:0x0000558f2bce6c00 @path=#&lt;Pathname:/home/nameless_ghoul/.rbenv/versions/3.0.0/lib/ruby/gems/3.0.0/gems/actiontext-6.1.5&gt;, @root={&quot;app&quot;=&gt;#&lt;Rails::Paths::Path:0x0000558f2bce6b38 @paths=[&quot;app&quot;], @current=&quot;app&quot;, @root=#&lt;Rails::Paths::Root:0x0000558f2bce6c00 ...&gt;, @glob=&quot;{*,*/concerns}&quot;, @exclude=[&quot;assets&quot;, &quot;javascript&quot;], @autoload_once=false, @eager_load=true, @autoload=false, @load_path=false&gt;, &quot;app/assets&quot;=&gt;#&lt;Rails::Paths::Path:0x0000558f2bce6ac0 @paths=[&quot;app/assets&quot;], @current=&quot;app/assets&quot;, @root=#&lt;Rails::Paths::Root:0x0000558f2bce6c00 ...&gt;, @glob=&quot;*&quot;, @exclude=nil, @autoload_once=false, @eager_load=false, @autoload=false, @load_path=false&gt;, &quot;app/controllers&quot;=&gt;#&lt;Rails::Paths::Path:0x0000558f2bce6a48 @paths=[&quot;app/controllers&quot;], @current=&quot;app/controllers&quot;, @root=#&lt;Rails::Paths::Root:0x0000558f2bce6c00 ...&gt;, @glob=nil, @exclude=nil, @autoload_once=false, @eager_load=true, @autoload=false, @load_path=false&gt;, &quot;app/channels&quot;=&gt;#&lt;Rails::Paths::Path:0x0000558f2bce69d0 @paths=[&quot;app/channels&quot;], @current=&quot;app/channels&quot;, @root=#&lt;Rails::Paths::Root:0x0000558f2bce6c00 ...&gt;, @glob=&quot;**/*_channel.rb&quot;, @exclude=nil, @autoload_once=false, @eager_load=true, @autoload=false, @load_path=false&gt;, &quot;app/helpers&quot;=&gt;#&lt;Rails::Paths::Path:0x0000558f2bce6958 @paths=[&quot;app/helpers&quot;], @current=&quot;app/helpers&quot;, @root=#&lt;Rails::Paths::Root:0x0000558f2bce6c00 ...&gt;, @glob=nil, @exclude=nil, @autoload_once=false, @eager_load=true, @autoload=false, @load_path=false&gt;, &quot;app/models&quot;=&gt;#&lt;Rails::Paths::Path:0x0000558f2bce68e0 @paths=[&quot;app/models&quot;], @current=&quot;app/models&quot;, @root=#&lt;Rails::Paths::Root:0x0000558f2bce6c00 ...&gt;, @glob=nil, @exclude=nil, @autoload_once=false, @eager_load=true, @autoload=false, @load_path=false&gt;, &quot;app/mailers&quot;=&gt;#&lt;Rails::Paths::Path:0x0000558f2bce6868 @paths=[&quot;app/mailers&quot;], @current=&quot;app/mailers&quot;, @root=#&lt;Rails::Paths::Root:0x0000558f2bce6c00 ...&gt;, @glob=nil, @exclude=nil, @autoload_once=false, @eager_load=true, @autoload=false, @load_path=false&gt;, &quot;app/views&quot;=&gt;#&lt;Rails::Paths::Path:0x0000558f2bce67f0 @paths=[&quot;app/views&quot;], @current=&quot;app/views&quot;, @root=#&lt;Rails::Paths::Root:0x0000558f2bce6c00 ...&gt;, @glob=nil, @exclude=nil, @autoload_once=false, @eager_load=false, @autoload=false, @load_path=false&gt;, &quot;lib&quot;=&gt;#&lt;Rails::Paths::Path:0x0000558f2bce6778 @paths=[&quot;lib&quot;], @current=&quot;lib&quot;, @root=#&lt;Rails::Paths::Root:0x0000558f2bce6c00 ...&gt;, @glob=nil, @exclude=nil, @autoload_once=false, @eager_load=false, @autoload=false, @load_path=true&gt;, &quot;lib/assets&quot;=&gt;#&lt;Rails::Paths::Path:0x0000558f2bce6700 @paths=[&quot;lib/assets&quot;], @current=&quot;lib/assets&quot;, @root=#&lt;Rails::Paths::Root:0x0000558f2bce6c00 ...&gt;, @glob=&quot;*&quot;, @exclude=nil, @autoload_once=false, @eager_load=false, @autoload=false, @load_path=false&gt;, &quot;lib/tasks&quot;=&gt;#&lt;Rails::Paths::Path:0x0000558f2bce6688 @paths=[&quot;lib/tasks&quot;], @current=&quot;lib/tasks&quot;, @root=#&lt;Rails::Paths::Root:0x0000558f2bce6c00 ...&gt;, @glob=&quot;**/*.rake&quot;, @exclude=nil, @autoload_once=false, @eager_load=false, @autoload=false, @load_path=false&gt;, &quot;config&quot;=&gt;#&lt;Rails::Paths::Path:0x0000558f2bce6610 @paths=[&quot;config&quot;], @current=&quot;config&quot;, @root=#&lt;Rails::Paths::Root:0x0000558f2bce6c00 ...&gt;, @glob=nil, @exclude=nil, @autoload_once=false, @eager_load=false, @autoload=false, @load_path=false&gt;, &quot;config/environments&quot;=&gt;#&lt;Rails::Paths::Path:0x0000558f2bce6570 @paths=[&quot;config/environments&quot;], @current=&quot;config/environments&quot;, @root=#&lt;Rails::Paths::Root:0x0000558f2bce6c00 ...&gt;, @glob=&quot;test.rb&quot;, @exclude=nil, @autoload_once=false, @eager_load=false, @autoload=false, @load_path=false&gt;, &quot;config/initializers&quot;=&gt;#&lt;Rails::Paths::Path:0x0000558f2bce64f8 @paths=[&quot;config/initializers&quot;], @current=&quot;config/initializers&quot;, @root=#&lt;Rails::Paths::Root:0x0000558f2bce6c00 ...&gt;, @glob=&quot;**/*.rb&quot;, @exclude=nil, @autoload_once=false, @eager_load=false, @autoload=false, @load_path=false&gt;, &quot;config/locales&quot;=&gt;#&lt;Rails::Paths::Path:0x0000558f2bce6480 @paths=[&quot;config/locales&quot;], @current=&quot;config/locales&quot;, @root=#&lt;Rails::Paths::Root:0x0000558f2bce6c00 ...&gt;, @glob=&quot;*.{rb,yml}&quot;, @exclude=nil, @autoload_once=false, @eager_load=false, @autoload=false, @load_path=false&gt;, &quot;config/routes.rb&quot;=&gt;#&lt;Rails::Paths::Path:0x0000558f2bce6408 @paths=[&quot;config/routes.rb&quot;], @current=&quot;config/routes.rb&quot;, @root=#&lt;Rails::Paths::Root:0x0000558f2bce6c00 ...&gt;, @glob=nil, @exclude=nil, @autoload_once=false, @eager_load=false, @autoload=false, @load_path=false&gt;, &quot;config/routes&quot;=&gt;#&lt;Rails::Paths::Path:0x0000558f2bce6390 @paths=[&quot;config/routes&quot;], @current=&quot;config/routes&quot;, @root=#&lt;Rails::Paths::Root:0x0000558f2bce6c00 ...&gt;, @glob=&quot;**/*.rb&quot;, @exclude=nil, @autoload_once=false, @eager_load=false, @autoload=false, @load_path=false&gt;, &quot;db&quot;=&gt;#&lt;Rails::Paths::Path:0x0000558f2bce6318 @paths=[&quot;db&quot;], @current=&quot;db&quot;, @root=#&lt;Rails::Paths::Root:0x0000558f2bce6c00 ...&gt;, @glob=nil, @exclude=nil, @autoload_once=false, @eager_load=false, @autoload=false, @load_path=false&gt;, &quot;db/migrate&quot;=&gt;#&lt;Rails::Paths::Path:0x0000558f2bce62a0 @paths=[&quot;db/migrate&quot;], @current=&quot;db/migrate&quot;, @root=#&lt;Rails::Paths::Root:0x0000558f2bce6c00 ...&gt;, @glob=nil, @exclude=nil, @autoload_once=false, @eager_load=false, @autoload=false, @load_path=false&gt;, &quot;db/seeds.rb&quot;=&gt;#&lt;Rails::Paths::Path:0x0000558f2bce6228 @paths=[&quot;db/seeds.rb&quot;], @current=&quot;db/seeds.rb&quot;, @root=#&lt;Rails::Paths::Root:0x0000558f2bce6c00 ...&gt;, @glob=nil, @exclude=nil, @autoload_once=false, @eager_load=false, @autoload=false, @load_path=false&gt;, &quot;vendor&quot;=&gt;#&lt;Rails::Paths::Path:0x0000558f2bce61b0 @paths=[&quot;vendor&quot;], @current=&quot;vendor&quot;, @root=#&lt;Rails::Paths::Root:0x0000558f2bce6c00 ...&gt;, @glob=nil, @exclude=nil, @autoload_once=false, @eager_load=false, @autoload=false, @load_path=true&gt;, &quot;vendor/assets&quot;=&gt;#&lt;Rails::Paths::Path:0x0000558f2bce6138 @paths=[&quot;vendor/assets&quot;], @current=&quot;vendor/assets&quot;, @root=#&lt;Rails::Paths::Root:0x0000558f2bce6c00 ...&gt;, @glob=&quot;*&quot;, @exclude=nil, @autoload_once=false, @eager_load=false, @autoload=false, @load_path=false&gt;}&gt;, @autoload_paths=[], @eager_load_paths=[&quot;/home/nameless_ghoul/.rbenv/versions/3.0.0/lib/ruby/gems/3.0.0/gems/actiontext-6.1.5/app/helpers&quot;, &quot;/home/nameless_ghoul/.rbenv/versions/3.0.0/lib/ruby/gems/3.0.0/gems/actiontext-6.1.5/app/models&quot;]&gt;, @env_config=nil, @helpers=#&lt;Module:0x0000558f2c0f08c8&gt;, @routes=#&lt;ActionDispatch::Routing::RouteSet:0x0000558f2958c880&gt;, @app_build_lock=#&lt;Thread::Mutex:0x0000558f2959d068&gt;, @initializers=[#&lt;Rails::Initializable::Initializer:0x0000558f2bcc3318 @name=:load_environment_config, @context=#&lt;ActionText::Engine:0x0000558f2959d0b8 ...&gt;, @options={:before=&gt;:load_environment_hook, :group=&gt;:all}, @block=#&lt;Proc:0x0000558f29b2c858 /home/nameless_ghoul/.rbenv/versions/3.0.0/lib/ruby/gems/3.0.0/gems/railties-6.1.5/lib/rails/engine.rb:569&gt;&gt;, #&lt;Rails::Initializable::Initializer:0x0000558f2bcc32c8 @name=:set_load_path, @context=#&lt;ActionText::Engine:0x0000558f2959d0b8 ...&gt;, @options={:before=&gt;:bootstrap_hook, :after=&gt;:load_environment_config, :group=&gt;:default}, @block=#&lt;Proc:0x0000558f29b2c678 /home/nameless_ghoul/.rbenv/versions/3.0.0/lib/ruby/gems/3.0.0/gems/railties-6.1.5/lib/rails/engine.rb:575&gt;&gt;, #&lt;Rails::Initializable::Initializer:0x0000558f2bcc3278 @name=:set_autoload_paths, @context=#&lt;ActionText::Engine:0x0000558f2959d0b8 ...&gt;, @options={:before=&gt;:bootstrap_hook, :after=&gt;:set_load_path, :group=&gt;:default}, @block=#&lt;Proc:0x0000558f29b2c4e8 /home/nameless_ghoul/.rbenv/versions/3.0.0/lib/ruby/gems/3.0.0/gems/railties-6.1.5/lib/rails/engine.rb:587&gt;&gt;, #&lt;Rails::Initializable::Initializer:0x0000558f2bcc3228 @name=:set_eager_load_paths, @context=#&lt;ActionText::Engine:0x0000558f2959d0b8 ...&gt;, @options={:before=&gt;:bootstrap_hook, :after=&gt;:set_autoload_paths, :group=&gt;:default}, @block=#&lt;Proc:0x0000558f29b2c3d0 /home/nameless_ghoul/.rbenv/versions/3.0.0/lib/ruby/gems/3.0.0/gems/railties-6.1.5/lib/rails/engine.rb:595&gt;&gt;, #&lt;Rails::Initializable::Initializer:0x0000558f2bcc31d8 @name=:add_routing_paths, @context=#&lt;ActionText::Engine:0x0000558f2959d0b8 ...&gt;, @options={:after=&gt;:set_eager_load_paths, :group=&gt;:default}, @block=#&lt;Proc:0x0000558f29b2c2b8 /home/nameless_ghoul/.rbenv/versions/3.0.0/lib/ruby/gems/3.0.0/gems/railties-6.1.5/lib/rails/engine.rb:600&gt;&gt;, #&lt;Rails::Initializable::Initializer:0x0000558f2bcc3188 @name=:add_locales, @context=#&lt;ActionText::Engine:0x0000558f2959d0b8 ...&gt;, @options={:after=&gt;:add_routing_paths, :group=&gt;:default}, @block=#&lt;Proc:0x0000558f29b2c1c8 /home/nameless_ghoul/.rbenv/versions/3.0.0/lib/ruby/gems/3.0.0/gems/railties-6.1.5/lib/rails/engine.rb:614&gt;&gt;, #&lt;Rails::Initializable::Initializer:0x0000558f2bcc3138 @name=:add_view_paths, @context=#&lt;ActionText::Engine:0x0000558f2959d0b8 ...&gt;, @options={:after=&gt;:add_locales, :group=&gt;:default}, @block=#&lt;Proc:0x0000558f29b2c0d8 /home/nameless_ghoul/.rbenv/versions/3.0.0/lib/ruby/gems/3.0.0/gems/railties-6.1.5/lib/rails/engine.rb:618&gt;&gt;, #&lt;Rails::Initializable::Initializer:0x0000558f2bcc30e8 @name=:prepend_helpers_path, @context=#&lt;ActionText::Engine:0x0000558f2959d0b8 ...&gt;, @options={:after=&gt;:add_view_paths, :group=&gt;:default}, @block=#&lt;Proc:0x0000558f28f17f18 /home/nameless_ghoul/.rbenv/versions/3.0.0/lib/ruby/gems/3.0.0/gems/railties-6.1.5/lib/rails/engine.rb:626&gt;&gt;, #&lt;Rails::Initializable::Initializer:0x0000558f2bcc3098 @name=:load_config_initializers, @context=#&lt;ActionText::Engine:0x0000558f2959d0b8 ...&gt;, @options={:after=&gt;:prepend_helpers_path, :group=&gt;:default}, @block=#&lt;Proc:0x0000558f28f17608 /home/nameless_ghoul/.rbenv/versions/3.0.0/lib/ruby/gems/3.0.0/gems/railties-6.1.5/lib/rails/engine.rb:632&gt;&gt;, #&lt;Rails::Initializable::Initializer:0x0000558f2bcc3048 @name=:wrap_executor_around_load_seed, @context=#&lt;ActionText::Engine:0x0000558f2959d0b8 ...&gt;, @options={:after=&gt;:load_config_initializers, :group=&gt;:default}, @block=#&lt;Proc:0x0000558f28f16e60 /home/nameless_ghoul/.rbenv/versions/3.0.0/lib/ruby/gems/3.0.0/gems/railties-6.1.5/lib/rails/engine.rb:638&gt;&gt;, #&lt;Rails::Initializable::Initializer:0x0000558f2bcc2ff8 @name=:engines_blank_point, @context=#&lt;ActionText::Engine:0x0000558f2959d0b8 ...&gt;, @options={:after=&gt;:wrap_executor_around_load_seed, :group=&gt;:default}, @block=#&lt;Proc:0x0000558f28f16960 /home/nameless_ghoul/.rbenv/versions/3.0.0/lib/ruby/gems/3.0.0/gems/railties-6.1.5/lib/rails/engine.rb:644&gt;&gt;, #&lt;Rails::Initializable::Initializer:0x0000558f2bcc2fa8 @name=:append_assets_path, @context=#&lt;ActionText::Engine:0x0000558f2959d0b8 ...&gt;, @options={:group=&gt;:all, :after=&gt;:engines_blank_point}, @block=#&lt;Proc:0x0000558f29c70d40 /home/nameless_ghoul/.rbenv/versions/3.0.0/lib/ruby/gems/3.0.0/gems/sprockets-rails-3.4.2/lib/sprockets/railtie.rb:60&gt;&gt;, #&lt;Rails::Initializable::Initializer:0x0000558f2bcc2f58 @name=&quot;action_text.attribute&quot;, @context=#&lt;ActionText::Engine:0x0000558f2959d0b8 ...&gt;, @options={:group=&gt;:default}, @block=#&lt;Proc:0x0000558f29570b80 /home/nameless_ghoul/.rbenv/versions/3.0.0/lib/ruby/gems/3.0.0/gems/actiontext-6.1.5/lib/action_text/engine.rb:19&gt;&gt;, #&lt;Rails::Initializable::Initializer:0x0000558f2bcc2f08 @name=&quot;action_text.attachable&quot;, @context=#&lt;ActionText::Engine:0x0000558f2959d0b8 ...&gt;, @options={:after=&gt;&quot;action_text.attribute&quot;, :group=&gt;:default}, @block=#&lt;Proc:0x0000558f295705e0 /home/nameless_ghoul/.rbenv/versions/3.0.0/lib/ruby/gems/3.0.0/gems/actiontext-6.1.5/lib/action_text/engine.rb:25&gt;&gt;, #&lt;Rails::Initializable::Initializer:0x0000558f2bcc2eb8 @name=&quot;action_text.helper&quot;, @context=#&lt;ActionText::Engine:0x0000558f2959d0b8 ...&gt;, @options={:after=&gt;&quot;action_text.attachable&quot;, :group=&gt;:default}, @block=#&lt;Proc:0x0000558f29570130 /home/nameless_ghoul/.rbenv/versions/3.0.0/lib/ruby/gems/3.0.0/gems/actiontext-6.1.5/lib/action_text/engine.rb:43&gt;&gt;, #&lt;Rails::Initializable::Initializer:0x0000558f2bcc2e68 @name=&quot;action_text.renderer&quot;, @context=#&lt;ActionText::Engine:0x0000558f2959d0b8 ...&gt;, @options={:after=&gt;&quot;action_text.helper&quot;, :group=&gt;:default}, @block=#&lt;Proc:0x0000558f29563e58 /home/nameless_ghoul/.rbenv/versions/3.0.0/lib/ruby/gems/3.0.0/gems/actiontext-6.1.5/lib/action_text/engine.rb:51&gt;&gt;, #&lt;Rails::Initializable::Initializer:0x0000558f2bcc2e18 @name=&quot;action_text.system_test_helper&quot;, @context=#&lt;ActionText::Engine:0x0000558f2959d0b8 ...&gt;, @options={:after=&gt;&quot;action_text.renderer&quot;, :group=&gt;:default}, @block=#&lt;Proc:0x0000558f29563c28 /home/nameless_ghoul/.rbenv/versions/3.0.0/lib/ruby/gems/3.0.0/gems/actiontext-6.1.5/lib/action_text/engine.rb:65&gt;&gt;]&gt;, #&lt;Webpacker::Engine:0x0000558f2acdc670 @_all_autoload_paths=[], @_all_load_paths=[&quot;/home/nameless_ghoul/.rbenv/versions/3.0.0/lib/ruby/gems/3.0.0/gems/webpacker-5.4.3/lib&quot;], @app=nil, @config=#&lt;Rails::Engine::Configuration:0x0000558f2acdc080 @root=#&lt;Pathname:/home/nameless_ghoul/.rbenv/versions/3.0.0/lib/ruby/gems/3.0.0/gems/webpacker-5.4.3&gt;, @generators=#&lt;Rails::Configuration::Generators:0x0000558f2acdc058 @aliases={}, @options={:rails=&gt;{:orm=&gt;:active_record, :test_framework=&gt;:test_unit, :integration_tool=&gt;:test_unit, :system_tests=&gt;:test_unit, :stylesheet_engine=&gt;:scss}, :active_record=&gt;{:migration=&gt;true, :timestamps=&gt;true}, :test_unit=&gt;{:fixture=&gt;true, :fixture_replacement=&gt;nil}}, @fallbacks={}, @templates=[], @colorize_logging=true, @api_only=false, @hidden_namespaces=[&quot;sass&quot;], @after_generate_callbacks=[]&gt;, @middleware=#&lt;Rails::Configuration::MiddlewareStackProxy:0x0000558f2acefe28 @operations=[], @delete_operations=[]&gt;, @javascript_path=&quot;javascript&quot;, @autoload_once_paths=[], @paths=#&lt;Rails::Paths::Root:0x0000558f2bce5df0 @path=#&lt;Pathname:/home/nameless_ghoul/.rbenv/versions/3.0.0/lib/ruby/gems/3.0.0/gems/webpacker-5.4.3&gt;, @root={&quot;app&quot;=&gt;#&lt;Rails::Paths::Path:0x0000558f2bce5d28 @paths=[&quot;app&quot;], @current=&quot;app&quot;, @root=#&lt;Rails::Paths::Root:0x0000558f2bce5df0 ...&gt;, @glob=&quot;{*,*/concerns}&quot;, @exclude=[&quot;assets&quot;, &quot;javascript&quot;], @autoload_once=false, @eager_load=true, @autoload=false, @load_path=false&gt;, &quot;app/assets&quot;=&gt;#&lt;Rails::Paths::Path:0x0000558f2bce5cb0 @paths=[&quot;app/assets&quot;], @current=&quot;app/assets&quot;, @root=#&lt;Rails::Paths::Root:0x0000558f2bce5df0 ...&gt;, @glob=&quot;*&quot;, @exclude=nil, @autoload_once=false, @eager_load=false, @autoload=false, @load_path=false&gt;, &quot;app/controllers&quot;=&gt;#&lt;Rails::Paths::Path:0x0000558f2bce5c38 @paths=[&quot;app/controllers&quot;], @current=&quot;app/controllers&quot;, @root=#&lt;Rails::Paths::Root:0x0000558f2bce5df0 ...&gt;, @glob=nil, @exclude=nil, @autoload_once=false, @eager_load=true, @autoload=false, @load_path=false&gt;, &quot;app/channels&quot;=&gt;#&lt;Rails::Paths::Path:0x0000558f2bce5bc0 @paths=[&quot;app/channels&quot;], @current=&quot;app/channels&quot;, @root=#&lt;Rails::Paths::Root:0x0000558f2bce5df0 ...&gt;, @glob=&quot;**/*_channel.rb&quot;, @exclude=nil, @autoload_once=false, @eager_load=true, @autoload=false, @load_path=false&gt;, &quot;app/helpers&quot;=&gt;#&lt;Rails::Paths::Path:0x0000558f2bce5b48 @paths=[&quot;app/helpers&quot;], @current=&quot;app/helpers&quot;, @root=#&lt;Rails::Paths::Root:0x0000558f2bce5df0 ...&gt;, @glob=nil, @exclude=nil, @autoload_once=false, @eager_load=true, @autoload=false, @load_path=false&gt;, &quot;app/models&quot;=&gt;#&lt;Rails::Paths::Path:0x0000558f2bce5ad0 @paths=[&quot;app/models&quot;], @current=&quot;app/models&quot;, @root=#&lt;Rails::Paths::Root:0x0000558f2bce5df0 ...&gt;, @glob=nil, @exclude=nil, @autoload_once=false, @eager_load=true, @autoload=false, @load_path=false&gt;, &quot;app/mailers&quot;=&gt;#&lt;Rails::Paths::Path:0x0000558f2bce5a58 @paths=[&quot;app/mailers&quot;], @current=&quot;app/mailers&quot;, @root=#&lt;Rails::Paths::Root:0x0000558f2bce5df0 ...&gt;, @glob=nil, @exclude=nil, @autoload_once=false, @eager_load=true, @autoload=false, @load_path=false&gt;, &quot;app/views&quot;=&gt;#&lt;Rails::Paths::Path:0x0000558f2bce59e0 @paths=[&quot;app/views&quot;], @current=&quot;app/views&quot;, @root=#&lt;Rails::Paths::Root:0x0000558f2bce5df0 ...&gt;, @glob=nil, @exclude=nil, @autoload_once=false, @eager_load=false, @autoload=false, @load_path=false&gt;, &quot;lib&quot;=&gt;#&lt;Rails::Paths::Path:0x0000558f2bce5968 @paths=[&quot;lib&quot;], @current=&quot;lib&quot;, @root=#&lt;Rails::Paths::Root:0x0000558f2bce5df0 ...&gt;, @glob=nil, @exclude=nil, @autoload_once=false, @eager_load=false, @autoload=false, @load_path=true&gt;, &quot;lib/assets&quot;=&gt;#&lt;Rails::Paths::Path:0x0000558f2bce58f0 @paths=[&quot;lib/assets&quot;], @current=&quot;lib/assets&quot;, @root=#&lt;Rails::Paths::Root:0x0000558f2bce5df0 ...&gt;, @glob=&quot;*&quot;, @exclude=nil, @autoload_once=false, @eager_load=false, @autoload=false, @load_path=false&gt;, &quot;lib/tasks&quot;=&gt;#&lt;Rails::Paths::Path:0x0000558f2bce5878 @paths=[&quot;lib/tasks&quot;], @current=&quot;lib/tasks&quot;, @root=#&lt;Rails::Paths::Root:0x0000558f2bce5df0 ...&gt;, @glob=&quot;**/*.rake&quot;, @exclude=nil, @autoload_once=false, @eager_load=false, @autoload=false, @load_path=false&gt;, &quot;config&quot;=&gt;#&lt;Rails::Paths::Path:0x0000558f2bce5800 @paths=[&quot;config&quot;], @current=&quot;config&quot;, @root=#&lt;Rails::Paths::Root:0x0000558f2bce5df0 ...&gt;, @glob=nil, @exclude=nil, @autoload_once=false, @eager_load=false, @autoload=false, @load_path=false&gt;, &quot;config/environments&quot;=&gt;#&lt;Rails::Paths::Path:0x0000558f2bce5760 @paths=[&quot;config/environments&quot;], @current=&quot;config/environments&quot;, @root=#&lt;Rails::Paths::Root:0x0000558f2bce5df0 ...&gt;, @glob=&quot;test.rb&quot;, @exclude=nil, @autoload_once=false, @eager_load=false, @autoload=false, @load_path=false&gt;, &quot;config/initializers&quot;=&gt;#&lt;Rails::Paths::Path:0x0000558f2bce56e8 @paths=[&quot;config/initializers&quot;], @current=&quot;config/initializers&quot;, @root=#&lt;Rails::Paths::Root:0x0000558f2bce5df0 ...&gt;, @glob=&quot;**/*.rb&quot;, @exclude=nil, @autoload_once=false, @eager_load=false, @autoload=false, @load_path=false&gt;, &quot;config/locales&quot;=&gt;#&lt;Rails::Paths::Path:0x0000558f2bce5670 @paths=[&quot;config/locales&quot;], @current=&quot;config/locales&quot;, @root=#&lt;Rails::Paths::Root:0x0000558f2bce5df0 ...&gt;, @glob=&quot;*.{rb,yml}&quot;, @exclude=nil, @autoload_once=false, @eager_load=false, @autoload=false, @load_path=false&gt;, &quot;config/routes.rb&quot;=&gt;#&lt;Rails::Paths::Path:0x0000558f2bce55f8 @paths=[&quot;config/routes.rb&quot;], @current=&quot;config/routes.rb&quot;, @root=#&lt;Rails::Paths::Root:0x0000558f2bce5df0 ...&gt;, @glob=nil, @exclude=nil, @autoload_once=false, @eager_load=false, @autoload=false, @load_path=false&gt;, &quot;config/routes&quot;=&gt;#&lt;Rails::Paths::Path:0x0000558f2bce5580 @paths=[&quot;config/routes&quot;], @current=&quot;config/routes&quot;, @root=#&lt;Rails::Paths::Root:0x0000558f2bce5df0 ...&gt;, @glob=&quot;**/*.rb&quot;, @exclude=nil, @autoload_once=false, @eager_load=false, @autoload=false, @load_path=false&gt;, &quot;db&quot;=&gt;#&lt;Rails::Paths::Path:0x0000558f2bce5508 @paths=[&quot;db&quot;], @current=&quot;db&quot;, @root=#&lt;Rails::Paths::Root:0x0000558f2bce5df0 ...&gt;, @glob=nil, @exclude=nil, @autoload_once=false, @eager_load=false, @autoload=false, @load_path=false&gt;, &quot;db/migrate&quot;=&gt;#&lt;Rails::Paths::Path:0x0000558f2bce5490 @paths=[&quot;db/migrate&quot;], @current=&quot;db/migrate&quot;, @root=#&lt;Rails::Paths::Root:0x0000558f2bce5df0 ...&gt;, @glob=nil, @exclude=nil, @autoload_once=false, @eager_load=false, @autoload=false, @load_path=false&gt;, &quot;db/seeds.rb&quot;=&gt;#&lt;Rails::Paths::Path:0x0000558f2bce5418 @paths=[&quot;db/seeds.rb&quot;], @current=&quot;db/seeds.rb&quot;, @root=#&lt;Rails::Paths::Root:0x0000558f2bce5df0 ...&gt;, @glob=nil, @exclude=nil, @autoload_once=false, @eager_load=false, @autoload=false, @load_path=false&gt;, &quot;vendor&quot;=&gt;#&lt;Rails::Paths::Path:0x0000558f2bce53a0 @paths=[&quot;vendor&quot;], @current=&quot;vendor&quot;, @root=#&lt;Rails::Paths::Root:0x0000558f2bce5df0 ...&gt;, @glob=nil, @exclude=nil, @autoload_once=false, @eager_load=false, @autoload=false, @load_path=true&gt;, &quot;vendor/assets&quot;=&gt;#&lt;Rails::Paths::Path:0x0000558f2bce5328 @paths=[&quot;vendor/assets&quot;], @current=&quot;vendor/assets&quot;, @root=#&lt;Rails::Paths::Root:0x0000558f2bce5df0 ...&gt;, @glob=&quot;*&quot;, @exclude=nil, @autoload_once=false, @eager_load=false, @autoload=false, @load_path=false&gt;}&gt;, @autoload_paths=[], @eager_load_paths=[]&gt;, @env_config=nil, @helpers=nil, @routes=#&lt;ActionDispatch::Routing::RouteSet:0x0000558f2c022310&gt;, @app_build_lock=#&lt;Thread::Mutex:0x0000558f2acdc648&gt;, @initializers=[#&lt;Rails::Initializable::Initializer:0x0000558f2bcc2940 @name=:load_environment_config, @context=#&lt;Webpacker::Engine:0x0000558f2acdc670 ...&gt;, @options={:before=&gt;:load_environment_hook, :group=&gt;:all}, @block=#&lt;Proc:0x0000558f29b2c858 /home/nameless_ghoul/.rbenv/versions/3.0.0/lib/ruby/gems/3.0.0/gems/railties-6.1.5/lib/rails/engine.rb:569&gt;&gt;, #&lt;Rails::Initializable::Initializer:0x0000558f2bcc28f0 @name=:set_load_path, @context=#&lt;Webpacker::Engine:0x0000558f2acdc670 ...&gt;, @options={:before=&gt;:bootstrap_hook, :after=&gt;:load_environment_config, :group=&gt;:default}, @block=#&lt;Proc:0x0000558f29b2c678 /home/nameless_ghoul/.rbenv/versions/3.0.0/lib/ruby/gems/3.0.0/gems/railties-6.1.5/lib/rails/engine.rb:575&gt;&gt;, #&lt;Rails::Initializable::Initializer:0x0000558f2bcc28a0 @name=:set_autoload_paths, @context=#&lt;Webpacker::Engine:0x0000558f2acdc670 ...&gt;, @options={:before=&gt;:bootstrap_hook, :after=&gt;:set_load_path, :group=&gt;:default}, @block=#&lt;Proc:0x0000558f29b2c4e8 /home/nameless_ghoul/.rbenv/versions/3.0.0/lib/ruby/gems/3.0.0/gems/railties-6.1.5/lib/rails/engine.rb:587&gt;&gt;, #&lt;Rails::Initializable::Initializer:0x0000558f2bcc2850 @name=:set_eager_load_paths, @context=#&lt;Webpacker::Engine:0x0000558f2acdc670 ...&gt;, @options={:before=&gt;:bootstrap_hook, :after=&gt;:set_autoload_paths, :group=&gt;:default}, @block=#&lt;Proc:0x0000558f29b2c3d0 /home/nameless_ghoul/.rbenv/versions/3.0.0/lib/ruby/gems/3.0.0/gems/railties-6.1.5/lib/rails/engine.rb:595&gt;&gt;, #&lt;Rails::Initializable::Initializer:0x0000558f2bcc2800 @name=:add_routing_paths, @context=#&lt;Webpacker::Engine:0x0000558f2acdc670 ...&gt;, @options={:after=&gt;:set_eager_load_paths, :group=&gt;:default}, @block=#&lt;Proc:0x0000558f29b2c2b8 /home/nameless_ghoul/.rbenv/versions/3.0.0/lib/ruby/gems/3.0.0/gems/railties-6.1.5/lib/rails/engine.rb:600&gt;&gt;, #&lt;Rails::Initializable::Initializer:0x0000558f2bcc27b0 @name=:add_locales, @context=#&lt;Webpacker::Engine:0x0000558f2acdc670 ...&gt;, @options={:after=&gt;:add_routing_paths, :group=&gt;:default}, @block=#&lt;Proc:0x0000558f29b2c1c8 /home/nameless_ghoul/.rbenv/versions/3.0.0/lib/ruby/gems/3.0.0/gems/railties-6.1.5/lib/rails/engine.rb:614&gt;&gt;, #&lt;Rails::Initializable::Initializer:0x0000558f2bcc2760 @name=:add_view_paths, @context=#&lt;Webpacker::Engine:0x0000558f2acdc670 ...&gt;, @options={:after=&gt;:add_locales, :group=&gt;:default}, @block=#&lt;Proc:0x0000558f29b2c0d8 /home/nameless_ghoul/.rbenv/versions/3.0.0/lib/ruby/gems/3.0.0/gems/railties-6.1.5/lib/rails/engine.rb:618&gt;&gt;, #&lt;Rails::Initializable::Initializer:0x0000558f2bcc2710 @name=:prepend_helpers_path, @context=#&lt;Webpacker::Engine:0x0000558f2acdc670 ...&gt;, @options={:after=&gt;:add_view_paths, :group=&gt;:default}, @block=#&lt;Proc:0x0000558f28f17f18 /home/nameless_ghoul/.rbenv/versions/3.0.0/lib/ruby/gems/3.0.0/gems/railties-6.1.5/lib/rails/engine.rb:626&gt;&gt;, #&lt;Rails::Initializable::Initializer:0x0000558f2bcc26c0 @name=:load_config_initializers, @context=#&lt;Webpacker::Engine:0x0000558f2acdc670 ...&gt;, @options={:after=&gt;:prepend_helpers_path, :group=&gt;:default}, @block=#&lt;Proc:0x0000558f28f17608 /home/nameless_ghoul/.rbenv/versions/3.0.0/lib/ruby/gems/3.0.0/gems/railties-6.1.5/lib/rails/engine.rb:632&gt;&gt;, #&lt;Rails::Initializable::Initializer:0x0000558f2bcc2670 @name=:wrap_executor_around_load_seed, @context=#&lt;Webpacker::Engine:0x0000558f2acdc670 ...&gt;, @options={:after=&gt;:load_config_initializers, :group=&gt;:default}, @block=#&lt;Proc:0x0000558f28f16e60 /home/nameless_ghoul/.rbenv/versions/3.0.0/lib/ruby/gems/3.0.0/gems/railties-6.1.5/lib/rails/engine.rb:638&gt;&gt;, #&lt;Rails::Initializable::Initializer:0x0000558f2bcc2620 @name=:engines_blank_point, @context=#&lt;Webpacker::Engine:0x0000558f2acdc670 ...&gt;, @options={:after=&gt;:wrap_executor_around_load_seed, :group=&gt;:default}, @block=#&lt;Proc:0x0000558f28f16960 /home/nameless_ghoul/.rbenv/versions/3.0.0/lib/ruby/gems/3.0.0/gems/railties-6.1.5/lib/rails/engine.rb:644&gt;&gt;, #&lt;Rails::Initializable::Initializer:0x0000558f2bcc25d0 @name=:append_assets_path, @context=#&lt;Webpacker::Engine:0x0000558f2acdc670 ...&gt;, @options={:group=&gt;:all, :after=&gt;:engines_blank_point}, @block=#&lt;Proc:0x0000558f29c70d40 /home/nameless_ghoul/.rbenv/versions/3.0.0/lib/ruby/gems/3.0.0/gems/sprockets-rails-3.4.2/lib/sprockets/railtie.rb:60&gt;&gt;, #&lt;Rails::Initializable::Initializer:0x0000558f2bcc2580 @name=&quot;webpacker.proxy&quot;, @context=#&lt;Webpacker::Engine:0x0000558f2acdc670 ...&gt;, @options={:group=&gt;:default}, @block=#&lt;Proc:0x0000558f2acefc48 /home/nameless_ghoul/.rbenv/versions/3.0.0/lib/ruby/gems/3.0.0/gems/webpacker-5.4.3/lib/webpacker/railtie.rb:10&gt;&gt;, #&lt;Rails::Initializable::Initializer:0x0000558f2bcc2530 @name=&quot;webpacker.helper&quot;, @context=#&lt;Webpacker::Engine:0x0000558f2acdc670 ...&gt;, @options={:after=&gt;&quot;webpacker.proxy&quot;, :group=&gt;:default}, @block=#&lt;Proc:0x0000558f2acefb30 /home/nameless_ghoul/.rbenv/versions/3.0.0/lib/ruby/gems/3.0.0/gems/webpacker-5.4.3/lib/webpacker/railtie.rb:19&gt;&gt;, #&lt;Rails::Initializable::Initializer:0x0000558f2bcc24e0 @name=&quot;webpacker.logger&quot;, @context=#&lt;Webpacker::Engine:0x0000558f2acdc670 ...&gt;, @options={:after=&gt;&quot;webpacker.helper&quot;, :group=&gt;:default}, @block=#&lt;Proc:0x0000558f2acefa18 /home/nameless_ghoul/.rbenv/versions/3.0.0/lib/ruby/gems/3.0.0/gems/webpacker-5.4.3/lib/webpacker/railtie.rb:29&gt;&gt;, #&lt;Rails::Initializable::Initializer:0x0000558f2bcc2490 @name=&quot;webpacker.bootstrap&quot;, @context=#&lt;Webpacker::Engine:0x0000558f2acdc670 ...&gt;, @options={:after=&gt;&quot;webpacker.logger&quot;, :group=&gt;:default}, @block=#&lt;Proc:0x0000558f2acef900 /home/nameless_ghoul/.rbenv/versions/3.0.0/lib/ruby/gems/3.0.0/gems/webpacker-5.4.3/lib/webpacker/railtie.rb:39&gt;&gt;, #&lt;Rails::Initializable::Initializer:0x0000558f2bcc2440 @name=&quot;webpacker.set_source&quot;, @context=#&lt;Webpacker::Engine:0x0000558f2acdc670 ...&gt;, @options={:after=&gt;&quot;webpacker.bootstrap&quot;, :group=&gt;:default}, @block=#&lt;Proc:0x0000558f2acef7e8 /home/nameless_ghoul/.rbenv/versions/3.0.0/lib/ruby/gems/3.0.0/gems/webpacker-5.4.3/lib/webpacker/railtie.rb:50&gt;&gt;]&gt;, #&lt;Turbolinks::Engine:0x0000558f2acfaaf8 @_all_autoload_paths=[], @_all_load_paths=[&quot;/home/nameless_ghoul/.rbenv/versions/3.0.0/lib/ruby/gems/3.0.0/gems/turbolinks-5.2.1/lib&quot;], @app=nil, @config=#&lt;Rails::Engine::Configuration:0x0000558f2acfa7d8 @root=#&lt;Pathname:/home/nameless_ghoul/.rbenv/versions/3.0.0/lib/ruby/gems/3.0.0/gems/turbolinks-5.2.1&gt;, @generators=#&lt;Rails::Configuration::Generators:0x0000558f2acfa7b0 @aliases={}, @options={:rails=&gt;{:orm=&gt;:active_record, :test_framework=&gt;:test_unit, :integration_tool=&gt;:test_unit, :system_tests=&gt;:test_unit, :stylesheet_engine=&gt;:scss}, :active_record=&gt;{:migration=&gt;true, :timestamps=&gt;true}, :test_unit=&gt;{:fixture=&gt;true, :fixture_replacement=&gt;nil}}, @fallbacks={}, @templates=[], @colorize_logging=true, @api_only=false, @hidden_namespaces=[&quot;sass&quot;], @after_generate_callbacks=[]&gt;, @middleware=#&lt;Rails::Configuration::MiddlewareStackProxy:0x0000558f2acfa670 @operations=[], @delete_operations=[]&gt;, @javascript_path=&quot;javascript&quot;, @autoload_once_paths=[], @paths=#&lt;Rails::Paths::Root:0x0000558f2bce4fe0 @path=#&lt;Pathname:/home/nameless_ghoul/.rbenv/versions/3.0.0/lib/ruby/gems/3.0.0/gems/turbolinks-5.2.1&gt;, @root={&quot;app&quot;=&gt;#&lt;Rails::Paths::Path:0x0000558f2bce4f18 @paths=[&quot;app&quot;], @current=&quot;app&quot;, @root=#&lt;Rails::Paths::Root:0x0000558f2bce4fe0 ...&gt;, @glob=&quot;{*,*/concerns}&quot;, @exclude=[&quot;assets&quot;, &quot;javascript&quot;], @autoload_once=false, @eager_load=true, @autoload=false, @load_path=false&gt;, &quot;app/assets&quot;=&gt;#&lt;Rails::Paths::Path:0x0000558f2bce4ea0 @paths=[&quot;app/assets&quot;], @current=&quot;app/assets&quot;, @root=#&lt;Rails::Paths::Root:0x0000558f2bce4fe0 ...&gt;, @glob=&quot;*&quot;, @exclude=nil, @autoload_once=false, @eager_load=false, @autoload=false, @load_path=false&gt;, &quot;app/controllers&quot;=&gt;#&lt;Rails::Paths::Path:0x0000558f2bce4e28 @paths=[&quot;app/controllers&quot;], @current=&quot;app/controllers&quot;, @root=#&lt;Rails::Paths::Root:0x0000558f2bce4fe0 ...&gt;, @glob=nil, @exclude=nil, @autoload_once=false, @eager_load=true, @autoload=false, @load_path=false&gt;, &quot;app/channels&quot;=&gt;#&lt;Rails::Paths::Path:0x0000558f2bce4db0 @paths=[&quot;app/channels&quot;], @current=&quot;app/channels&quot;, @root=#&lt;Rails::Paths::Root:0x0000558f2bce4fe0 ...&gt;, @glob=&quot;**/*_channel.rb&quot;, @exclude=nil, @autoload_once=false, @eager_load=true, @autoload=false, @load_path=false&gt;, &quot;app/helpers&quot;=&gt;#&lt;Rails::Paths::Path:0x0000558f2bce4d38 @paths=[&quot;app/helpers&quot;], @current=&quot;app/helpers&quot;, @root=#&lt;Rails::Paths::Root:0x0000558f2bce4fe0 ...&gt;, @glob=nil, @exclude=nil, @autoload_once=false, @eager_load=true, @autoload=false, @load_path=false&gt;, &quot;app/models&quot;=&gt;#&lt;Rails::Paths::Path:0x0000558f2bce4cc0 @paths=[&quot;app/models&quot;], @current=&quot;app/models&quot;, @root=#&lt;Rails::Paths::Root:0x0000558f2bce4fe0 ...&gt;, @glob=nil, @exclude=nil, @autoload_once=false, @eager_load=true, @autoload=false, @load_path=false&gt;, &quot;app/mailers&quot;=&gt;#&lt;Rails::Paths::Path:0x0000558f2bce4c48 @paths=[&quot;app/mailers&quot;], @current=&quot;app/mailers&quot;, @root=#&lt;Rails::Paths::Root:0x0000558f2bce4fe0 ...&gt;, @glob=nil, @exclude=nil, @autoload_once=false, @eager_load=true, @autoload=false, @load_path=false&gt;, &quot;app/views&quot;=&gt;#&lt;Rails::Paths::Path:0x0000558f2bce4bd0 @paths=[&quot;app/views&quot;], @current=&quot;app/views&quot;, @root=#&lt;Rails::Paths::Root:0x0000558f2bce4fe0 ...&gt;, @glob=nil, @exclude=nil, @autoload_once=false, @eager_load=false, @autoload=false, @load_path=false&gt;, &quot;lib&quot;=&gt;#&lt;Rails::Paths::Path:0x0000558f2bce4b58 @paths=[&quot;lib&quot;], @current=&quot;lib&quot;, @root=#&lt;Rails::Paths::Root:0x0000558f2bce4fe0 ...&gt;, @glob=nil, @exclude=nil, @autoload_once=false, @eager_load=false, @autoload=false, @load_path=true&gt;, &quot;lib/assets&quot;=&gt;#&lt;Rails::Paths::Path:0x0000558f2bce4ae0 @paths=[&quot;lib/assets&quot;], @current=&quot;lib/assets&quot;, @root=#&lt;Rails::Paths::Root:0x0000558f2bce4fe0 ...&gt;, @glob=&quot;*&quot;, @exclude=nil, @autoload_once=false, @eager_load=false, @autoload=false, @load_path=false&gt;, &quot;lib/tasks&quot;=&gt;#&lt;Rails::Paths::Path:0x0000558f2bce4a68 @paths=[&quot;lib/tasks&quot;], @current=&quot;lib/tasks&quot;, @root=#&lt;Rails::Paths::Root:0x0000558f2bce4fe0 ...&gt;, @glob=&quot;**/*.rake&quot;, @exclude=nil, @autoload_once=false, @eager_load=false, @autoload=false, @load_path=false&gt;, &quot;config&quot;=&gt;#&lt;Rails::Paths::Path:0x0000558f2bce49f0 @paths=[&quot;config&quot;], @current=&quot;config&quot;, @root=#&lt;Rails::Paths::Root:0x0000558f2bce4fe0 ...&gt;, @glob=nil, @exclude=nil, @autoload_once=false, @eager_load=false, @autoload=false, @load_path=false&gt;, &quot;config/environments&quot;=&gt;#&lt;Rails::Paths::Path:0x0000558f2bce4950 @paths=[&quot;config/environments&quot;], @current=&quot;config/environments&quot;, @root=#&lt;Rails::Paths::Root:0x0000558f2bce4fe0 ...&gt;, @glob=&quot;test.rb&quot;, @exclude=nil, @autoload_once=false, @eager_load=false, @autoload=false, @load_path=false&gt;, &quot;config/initializers&quot;=&gt;#&lt;Rails::Paths::Path:0x0000558f2bce48d8 @paths=[&quot;config/initializers&quot;], @current=&quot;config/initializers&quot;, @root=#&lt;Rails::Paths::Root:0x0000558f2bce4fe0 ...&gt;, @glob=&quot;**/*.rb&quot;, @exclude=nil, @autoload_once=false, @eager_load=false, @autoload=false, @load_path=false&gt;, &quot;config/locales&quot;=&gt;#&lt;Rails::Paths::Path:0x0000558f2bce4860 @paths=[&quot;config/locales&quot;], @current=&quot;config/locales&quot;, @root=#&lt;Rails::Paths::Root:0x0000558f2bce4fe0 ...&gt;, @glob=&quot;*.{rb,yml}&quot;, @exclude=nil, @autoload_once=false, @eager_load=false, @autoload=false, @load_path=false&gt;, &quot;config/routes.rb&quot;=&gt;#&lt;Rails::Paths::Path:0x0000558f2bce47e8 @paths=[&quot;config/routes.rb&quot;], @current=&quot;config/routes.rb&quot;, @root=#&lt;Rails::Paths::Root:0x0000558f2bce4fe0 ...&gt;, @glob=nil, @exclude=nil, @autoload_once=false, @eager_load=false, @autoload=false, @load_path=false&gt;, &quot;config/routes&quot;=&gt;#&lt;Rails::Paths::Path:0x0000558f2bce4770 @paths=[&quot;config/routes&quot;], @current=&quot;config/routes&quot;, @root=#&lt;Rails::Paths::Root:0x0000558f2bce4fe0 ...&gt;, @glob=&quot;**/*.rb&quot;, @exclude=nil, @autoload_once=false, @eager_load=false, @autoload=false, @load_path=false&gt;, &quot;db&quot;=&gt;#&lt;Rails::Paths::Path:0x0000558f2bce46f8 @paths=[&quot;db&quot;], @current=&quot;db&quot;, @root=#&lt;Rails::Paths::Root:0x0000558f2bce4fe0 ...&gt;, @glob=nil, @exclude=nil, @autoload_once=false, @eager_load=false, @autoload=false, @load_path=false&gt;, &quot;db/migrate&quot;=&gt;#&lt;Rails::Paths::Path:0x0000558f2bce4680 @paths=[&quot;db/migrate&quot;], @current=&quot;db/migrate&quot;, @root=#&lt;Rails::Paths::Root:0x0000558f2bce4fe0 ...&gt;, @glob=nil, @exclude=nil, @autoload_once=false, @eager_load=false, @autoload=false, @load_path=false&gt;, &quot;db/seeds.rb&quot;=&gt;#&lt;Rails::Paths::Path:0x0000558f2bce4608 @paths=[&quot;db/seeds.rb&quot;], @current=&quot;db/seeds.rb&quot;, @root=#&lt;Rails::Paths::Root:0x0000558f2bce4fe0 ...&gt;, @glob=nil, @exclude=nil, @autoload_once=false, @eager_load=false, @autoload=false, @load_path=false&gt;, &quot;vendor&quot;=&gt;#&lt;Rails::Paths::Path:0x0000558f2bce4590 @paths=[&quot;vendor&quot;], @current=&quot;vendor&quot;, @root=#&lt;Rails::Paths::Root:0x0000558f2bce4fe0 ...&gt;, @glob=nil, @exclude=nil, @autoload_once=false, @eager_load=false, @autoload=false, @load_path=true&gt;, &quot;vendor/assets&quot;=&gt;#&lt;Rails::Paths::Path:0x0000558f2bce4518 @paths=[&quot;vendor/assets&quot;], @current=&quot;vendor/assets&quot;, @root=#&lt;Rails::Paths::Root:0x0000558f2bce4fe0 ...&gt;, @glob=&quot;*&quot;, @exclude=nil, @autoload_once=false, @eager_load=false, @autoload=false, @load_path=false&gt;}&gt;, @autoload_paths=[], @eager_load_paths=[]&gt;, @env_config=nil, @helpers=nil, @routes=#&lt;ActionDispatch::Routing::RouteSet:0x0000558f2c021690&gt;, @app_build_lock=#&lt;Thread::Mutex:0x0000558f2acfaad0&gt;, @initializers=[#&lt;Rails::Initializable::Initializer:0x0000558f2bcc1f90 @name=:load_environment_config, @context=#&lt;Turbolinks::Engine:0x0000558f2acfaaf8 ...&gt;, @options={:before=&gt;:load_environment_hook, :group=&gt;:all}, @block=#&lt;Proc:0x0000558f29b2c858 /home/nameless_ghoul/.rbenv/versions/3.0.0/lib/ruby/gems/3.0.0/gems/railties-6.1.5/lib/rails/engine.rb:569&gt;&gt;, #&lt;Rails::Initializable::Initializer:0x0000558f2bcc1f40 @name=:set_load_path, @context=#&lt;Turbolinks::Engine:0x0000558f2acfaaf8 ...&gt;, @options={:before=&gt;:bootstrap_hook, :after=&gt;:load_environment_config, :group=&gt;:default}, @block=#&lt;Proc:0x0000558f29b2c678 /home/nameless_ghoul/.rbenv/versions/3.0.0/lib/ruby/gems/3.0.0/gems/railties-6.1.5/lib/rails/engine.rb:575&gt;&gt;, #&lt;Rails::Initializable::Initializer:0x0000558f2bcc1ef0 @name=:set_autoload_paths, @context=#&lt;Turbolinks::Engine:0x0000558f2acfaaf8 ...&gt;, @options={:before=&gt;:bootstrap_hook, :after=&gt;:set_load_path, :group=&gt;:default}, @block=#&lt;Proc:0x0000558f29b2c4e8 /home/nameless_ghoul/.rbenv/versions/3.0.0/lib/ruby/gems/3.0.0/gems/railties-6.1.5/lib/rails/engine.rb:587&gt;&gt;, #&lt;Rails::Initializable::Initializer:0x0000558f2bcc1ea0 @name=:set_eager_load_paths, @context=#&lt;Turbolinks::Engine:0x0000558f2acfaaf8 ...&gt;, @options={:before=&gt;:bootstrap_hook, :after=&gt;:set_autoload_paths, :group=&gt;:default}, @block=#&lt;Proc:0x0000558f29b2c3d0 /home/nameless_ghoul/.rbenv/versions/3.0.0/lib/ruby/gems/3.0.0/gems/railties-6.1.5/lib/rails/engine.rb:595&gt;&gt;, #&lt;Rails::Initializable::Initializer:0x0000558f2bcc1e50 @name=:add_routing_paths, @context=#&lt;Turbolinks::Engine:0x0000558f2acfaaf8 ...&gt;, @options={:after=&gt;:set_eager_load_paths, :group=&gt;:default}, @block=#&lt;Proc:0x0000558f29b2c2b8 /home/nameless_ghoul/.rbenv/versions/3.0.0/lib/ruby/gems/3.0.0/gems/railties-6.1.5/lib/rails/engine.rb:600&gt;&gt;, #&lt;Rails::Initializable::Initializer:0x0000558f2bcc1e00 @name=:add_locales, @context=#&lt;Turbolinks::Engine:0x0000558f2acfaaf8 ...&gt;, @options={:after=&gt;:add_routing_paths, :group=&gt;:default}, @block=#&lt;Proc:0x0000558f29b2c1c8 /home/nameless_ghoul/.rbenv/versions/3.0.0/lib/ruby/gems/3.0.0/gems/railties-6.1.5/lib/rails/engine.rb:614&gt;&gt;, #&lt;Rails::Initializable::Initializer:0x0000558f2bcc1db0 @name=:add_view_paths, @context=#&lt;Turbolinks::Engine:0x0000558f2acfaaf8 ...&gt;, @options={:after=&gt;:add_locales, :group=&gt;:default}, @block=#&lt;Proc:0x0000558f29b2c0d8 /home/nameless_ghoul/.rbenv/versions/3.0.0/lib/ruby/gems/3.0.0/gems/railties-6.1.5/lib/rails/engine.rb:618&gt;&gt;, #&lt;Rails::Initializable::Initializer:0x0000558f2bcc1d60 @name=:prepend_helpers_path, @context=#&lt;Turbolinks::Engine:0x0000558f2acfaaf8 ...&gt;, @options={:after=&gt;:add_view_paths, :group=&gt;:default}, @block=#&lt;Proc:0x0000558f28f17f18 /home/nameless_ghoul/.rbenv/versions/3.0.0/lib/ruby/gems/3.0.0/gems/railties-6.1.5/lib/rails/engine.rb:626&gt;&gt;, #&lt;Rails::Initializable::Initializer:0x0000558f2bcc1d10 @name=:load_config_initializers, @context=#&lt;Turbolinks::Engine:0x0000558f2acfaaf8 ...&gt;, @options={:after=&gt;:prepend_helpers_path, :group=&gt;:default}, @block=#&lt;Proc:0x0000558f28f17608 /home/nameless_ghoul/.rbenv/versions/3.0.0/lib/ruby/gems/3.0.0/gems/railties-6.1.5/lib/rails/engine.rb:632&gt;&gt;, #&lt;Rails::Initializable::Initializer:0x0000558f2bcc1cc0 @name=:wrap_executor_around_load_seed, @context=#&lt;Turbolinks::Engine:0x0000558f2acfaaf8 ...&gt;, @options={:after=&gt;:load_config_initializers, :group=&gt;:default}, @block=#&lt;Proc:0x0000558f28f16e60 /home/nameless_ghoul/.rbenv/versions/3.0.0/lib/ruby/gems/3.0.0/gems/railties-6.1.5/lib/rails/engine.rb:638&gt;&gt;, #&lt;Rails::Initializable::Initializer:0x0000558f2bcc1c70 @name=:engines_blank_point, @context=#&lt;Turbolinks::Engine:0x0000558f2acfaaf8 ...&gt;, @options={:after=&gt;:wrap_executor_around_load_seed, :group=&gt;:default}, @block=#&lt;Proc:0x0000558f28f16960 /home/nameless_ghoul/.rbenv/versions/3.0.0/lib/ruby/gems/3.0.0/gems/railties-6.1.5/lib/rails/engine.rb:644&gt;&gt;, #&lt;Rails::Initializable::Initializer:0x0000558f2bcc1c20 @name=:append_assets_path, @context=#&lt;Turbolinks::Engine:0x0000558f2acfaaf8 ...&gt;, @options={:group=&gt;:all, :after=&gt;:engines_blank_point}, @block=#&lt;Proc:0x0000558f29c70d40 /home/nameless_ghoul/.rbenv/versions/3.0.0/lib/ruby/gems/3.0.0/gems/sprockets-rails-3.4.2/lib/sprockets/railtie.rb:60&gt;&gt;, #&lt;Rails::Initializable::Initializer:0x0000558f2bcc1bd0 @name=:turbolinks, @context=#&lt;Turbolinks::Engine:0x0000558f2acfaaf8 ...&gt;, @options={:group=&gt;:default}, @block=#&lt;Proc:0x0000558f2acfa198 /home/nameless_ghoul/.rbenv/versions/3.0.0/lib/ruby/gems/3.0.0/gems/turbolinks-5.2.1/lib/turbolinks.rb:20&gt;&gt;]&gt;, #&lt;ActiveStorageValidations::Engine:0x0000558f2bcb3620 @_all_autoload_paths=[], @_all_load_paths=[&quot;/home/nameless_ghoul/.rbenv/versions/3.0.0/lib/ruby/gems/3.0.0/gems/active_storage_validations-0.9.7/lib&quot;], @app=nil, @config=#&lt;Rails::Engine::Configuration:0x0000558f2bcefe40 @root=#&lt;Pathname:/home/nameless_ghoul/.rbenv/versions/3.0.0/lib/ruby/gems/3.0.0/gems/active_storage_validations-0.9.7&gt;, @generators=#&lt;Rails::Configuration::Generators:0x0000558f2bcefdc8 @aliases={}, @options={:rails=&gt;{:orm=&gt;:active_record, :test_framework=&gt;:test_unit, :integration_tool=&gt;:test_unit, :system_tests=&gt;:test_unit, :stylesheet_engine=&gt;:scss}, :active_record=&gt;{:migration=&gt;true, :timestamps=&gt;true}, :test_unit=&gt;{:fixture=&gt;true, :fixture_replacement=&gt;nil}}, @fallbacks={}, @templates=[], @colorize_logging=true, @api_only=false, @hidden_namespaces=[&quot;sass&quot;], @after_generate_callbacks=[]&gt;, @middleware=#&lt;Rails::Configuration::MiddlewareStackProxy:0x0000558f2bcefc88 @operations=[], @delete_operations=[]&gt;, @javascript_path=&quot;javascript&quot;, @autoload_once_paths=[], @paths=#&lt;Rails::Paths::Root:0x0000558f2bcefc10 @path=#&lt;Pathname:/home/nameless_ghoul/.rbenv/versions/3.0.0/lib/ruby/gems/3.0.0/gems/active_storage_validations-0.9.7&gt;, @root={&quot;app&quot;=&gt;#&lt;Rails::Paths::Path:0x0000558f2bcefb48 @paths=[&quot;app&quot;], @current=&quot;app&quot;, @root=#&lt;Rails::Paths::Root:0x0000558f2bcefc10 ...&gt;, @glob=&quot;{*,*/concerns}&quot;, @exclude=[&quot;assets&quot;, &quot;javascript&quot;], @autoload_once=false, @eager_load=true, @autoload=false, @load_path=false&gt;, &quot;app/assets&quot;=&gt;#&lt;Rails::Paths::Path:0x0000558f2bcefad0 @paths=[&quot;app/assets&quot;], @current=&quot;app/assets&quot;, @root=#&lt;Rails::Paths::Root:0x0000558f2bcefc10 ...&gt;, @glob=&quot;*&quot;, @exclude=nil, @autoload_once=false, @eager_load=false, @autoload=false, @load_path=false&gt;, &quot;app/controllers&quot;=&gt;#&lt;Rails::Paths::Path:0x0000558f2bcefa58 @paths=[&quot;app/controllers&quot;], @current=&quot;app/controllers&quot;, @root=#&lt;Rails::Paths::Root:0x0000558f2bcefc10 ...&gt;, @glob=nil, @exclude=nil, @autoload_once=false, @eager_load=true, @autoload=false, @load_path=false&gt;, &quot;app/channels&quot;=&gt;#&lt;Rails::Paths::Path:0x0000558f2bcef9e0 @paths=[&quot;app/channels&quot;], @current=&quot;app/channels&quot;, @root=#&lt;Rails::Paths::Root:0x0000558f2bcefc10 ...&gt;, @glob=&quot;**/*_channel.rb&quot;, @exclude=nil, @autoload_once=false, @eager_load=true, @autoload=false, @load_path=false&gt;, &quot;app/helpers&quot;=&gt;#&lt;Rails::Paths::Path:0x0000558f2bcef968 @paths=[&quot;app/helpers&quot;], @current=&quot;app/helpers&quot;, @root=#&lt;Rails::Paths::Root:0x0000558f2bcefc10 ...&gt;, @glob=nil, @exclude=nil, @autoload_once=false, @eager_load=true, @autoload=false, @load_path=false&gt;, &quot;app/models&quot;=&gt;#&lt;Rails::Paths::Path:0x0000558f2bcef8f0 @paths=[&quot;app/models&quot;], @current=&quot;app/models&quot;, @root=#&lt;Rails::Paths::Root:0x0000558f2bcefc10 ...&gt;, @glob=nil, @exclude=nil, @autoload_once=false, @eager_load=true, @autoload=false, @load_path=false&gt;, &quot;app/mailers&quot;=&gt;#&lt;Rails::Paths::Path:0x0000558f2bcef878 @paths=[&quot;app/mailers&quot;], @current=&quot;app/mailers&quot;, @root=#&lt;Rails::Paths::Root:0x0000558f2bcefc10 ...&gt;, @glob=nil, @exclude=nil, @autoload_once=false, @eager_load=true, @autoload=false, @load_path=false&gt;, &quot;app/views&quot;=&gt;#&lt;Rails::Paths::Path:0x0000558f2bcef800 @paths=[&quot;app/views&quot;], @current=&quot;app/views&quot;, @root=#&lt;Rails::Paths::Root:0x0000558f2bcefc10 ...&gt;, @glob=nil, @exclude=nil, @autoload_once=false, @eager_load=false, @autoload=false, @load_path=false&gt;, &quot;lib&quot;=&gt;#&lt;Rails::Paths::Path:0x0000558f2bcef788 @paths=[&quot;lib&quot;], @current=&quot;lib&quot;, @root=#&lt;Rails::Paths::Root:0x0000558f2bcefc10 ...&gt;, @glob=nil, @exclude=nil, @autoload_once=false, @eager_load=false, @autoload=false, @load_path=true&gt;, &quot;lib/assets&quot;=&gt;#&lt;Rails::Paths::Path:0x0000558f2bcef710 @paths=[&quot;lib/assets&quot;], @current=&quot;lib/assets&quot;, @root=#&lt;Rails::Paths::Root:0x0000558f2bcefc10 ...&gt;, @glob=&quot;*&quot;, @exclude=nil, @autoload_once=false, @eager_load=false, @autoload=false, @load_path=false&gt;, &quot;lib/tasks&quot;=&gt;#&lt;Rails::Paths::Path:0x0000558f2bcef698 @paths=[&quot;lib/tasks&quot;], @current=&quot;lib/tasks&quot;, @root=#&lt;Rails::Paths::Root:0x0000558f2bcefc10 ...&gt;, @glob=&quot;**/*.rake&quot;, @exclude=nil, @autoload_once=false, @eager_load=false, @autoload=false, @load_path=false&gt;, &quot;config&quot;=&gt;#&lt;Rails::Paths::Path:0x0000558f2bcef620 @paths=[&quot;config&quot;], @current=&quot;config&quot;, @root=#&lt;Rails::Paths::Root:0x0000558f2bcefc10 ...&gt;, @glob=nil, @exclude=nil, @autoload_once=false, @eager_load=false, @autoload=false, @load_path=false&gt;, &quot;config/environments&quot;=&gt;#&lt;Rails::Paths::Path:0x0000558f2bcef580 @paths=[&quot;config/environments&quot;], @current=&quot;config/environments&quot;, @root=#&lt;Rails::Paths::Root:0x0000558f2bcefc10 ...&gt;, @glob=&quot;test.rb&quot;, @exclude=nil, @autoload_once=false, @eager_load=false, @autoload=false, @load_path=false&gt;, &quot;config/initializers&quot;=&gt;#&lt;Rails::Paths::Path:0x0000558f2bcef508 @paths=[&quot;config/initializers&quot;], @current=&quot;config/initializers&quot;, @root=#&lt;Rails::Paths::Root:0x0000558f2bcefc10 ...&gt;, @glob=&quot;**/*.rb&quot;, @exclude=nil, @autoload_once=false, @eager_load=false, @autoload=false, @load_path=false&gt;, &quot;config/locales&quot;=&gt;#&lt;Rails::Paths::Path:0x0000558f2bcef490 @paths=[&quot;config/locales&quot;], @current=&quot;config/locales&quot;, @root=#&lt;Rails::Paths::Root:0x0000558f2bcefc10 ...&gt;, @glob=&quot;*.{rb,yml}&quot;, @exclude=nil, @autoload_once=false, @eager_load=false, @autoload=false, @load_path=false&gt;, &quot;config/routes.rb&quot;=&gt;#&lt;Rails::Paths::Path:0x0000558f2bcef418 @paths=[&quot;config/routes.rb&quot;], @current=&quot;config/routes.rb&quot;, @root=#&lt;Rails::Paths::Root:0x0000558f2bcefc10 ...&gt;, @glob=nil, @exclude=nil, @autoload_once=false, @eager_load=false, @autoload=false, @load_path=false&gt;, &quot;config/routes&quot;=&gt;#&lt;Rails::Paths::Path:0x0000558f2bcef3a0 @paths=[&quot;config/routes&quot;], @current=&quot;config/routes&quot;, @root=#&lt;Rails::Paths::Root:0x0000558f2bcefc10 ...&gt;, @glob=&quot;**/*.rb&quot;, @exclude=nil, @autoload_once=false, @eager_load=false, @autoload=false, @load_path=false&gt;, &quot;db&quot;=&gt;#&lt;Rails::Paths::Path:0x0000558f2bcef328 @paths=[&quot;db&quot;], @current=&quot;db&quot;, @root=#&lt;Rails::Paths::Root:0x0000558f2bcefc10 ...&gt;, @glob=nil, @exclude=nil, @autoload_once=false, @eager_load=false, @autoload=false, @load_path=false&gt;, &quot;db/migrate&quot;=&gt;#&lt;Rails::Paths::Path:0x0000558f2bcef2b0 @paths=[&quot;db/migrate&quot;], @current=&quot;db/migrate&quot;, @root=#&lt;Rails::Paths::Root:0x0000558f2bcefc10 ...&gt;, @glob=nil, @exclude=nil, @autoload_once=false, @eager_load=false, @autoload=false, @load_path=false&gt;, &quot;db/seeds.rb&quot;=&gt;#&lt;Rails::Paths::Path:0x0000558f2bcef238 @paths=[&quot;db/seeds.rb&quot;], @current=&quot;db/seeds.rb&quot;, @root=#&lt;Rails::Paths::Root:0x0000558f2bcefc10 ...&gt;, @glob=nil, @exclude=nil, @autoload_once=false, @eager_load=false, @autoload=false, @load_path=false&gt;, &quot;vendor&quot;=&gt;#&lt;Rails::Paths::Path:0x0000558f2bcef1c0 @paths=[&quot;vendor&quot;], @current=&quot;vendor&quot;, @root=#&lt;Rails::Paths::Root:0x0000558f2bcefc10 ...&gt;, @glob=nil, @exclude=nil, @autoload_once=false, @eager_load=false, @autoload=false, @load_path=true&gt;, &quot;vendor/assets&quot;=&gt;#&lt;Rails::Paths::Path:0x0000558f2bcef148 @paths=[&quot;vendor/assets&quot;], @current=&quot;vendor/assets&quot;, @root=#&lt;Rails::Paths::Root:0x0000558f2bcefc10 ...&gt;, @glob=&quot;*&quot;, @exclude=nil, @autoload_once=false, @eager_load=false, @autoload=false, @load_path=false&gt;}&gt;, @autoload_paths=[], @eager_load_paths=[]&gt;, @env_config=nil, @helpers=nil, @routes=#&lt;ActionDispatch::Routing::RouteSet:0x0000558f2c020a10&gt;, @app_build_lock=#&lt;Thread::Mutex:0x0000558f2bcb35f8&gt;, @initializers=[#&lt;Rails::Initializable::Initializer:0x0000558f2bcc1720 @name=:load_environment_config, @context=#&lt;ActiveStorageValidations::Engine:0x0000558f2bcb3620 ...&gt;, @options={:before=&gt;:load_environment_hook, :group=&gt;:all}, @block=#&lt;Proc:0x0000558f29b2c858 /home/nameless_ghoul/.rbenv/versions/3.0.0/lib/ruby/gems/3.0.0/gems/railties-6.1.5/lib/rails/engine.rb:569&gt;&gt;, #&lt;Rails::Initializable::Initializer:0x0000558f2bcc16d0 @name=:set_load_path, @context=#&lt;ActiveStorageValidations::Engine:0x0000558f2bcb3620 ...&gt;, @options={:before=&gt;:bootstrap_hook, :after=&gt;:load_environment_config, :group=&gt;:default}, @block=#&lt;Proc:0x0000558f29b2c678 /home/nameless_ghoul/.rbenv/versions/3.0.0/lib/ruby/gems/3.0.0/gems/railties-6.1.5/lib/rails/engine.rb:575&gt;&gt;, #&lt;Rails::Initializable::Initializer:0x0000558f2bcc1680 @name=:set_autoload_paths, @context=#&lt;ActiveStorageValidations::Engine:0x0000558f2bcb3620 ...&gt;, @options={:before=&gt;:bootstrap_hook, :after=&gt;:set_load_path, :group=&gt;:default}, @block=#&lt;Proc:0x0000558f29b2c4e8 /home/nameless_ghoul/.rbenv/versions/3.0.0/lib/ruby/gems/3.0.0/gems/railties-6.1.5/lib/rails/engine.rb:587&gt;&gt;, #&lt;Rails::Initializable::Initializer:0x0000558f2bcc1630 @name=:set_eager_load_paths, @context=#&lt;ActiveStorageValidations::Engine:0x0000558f2bcb3620 ...&gt;, @options={:before=&gt;:bootstrap_hook, :after=&gt;:set_autoload_paths, :group=&gt;:default}, @block=#&lt;Proc:0x0000558f29b2c3d0 /home/nameless_ghoul/.rbenv/versions/3.0.0/lib/ruby/gems/3.0.0/gems/railties-6.1.5/lib/rails/engine.rb:595&gt;&gt;, #&lt;Rails::Initializable::Initializer:0x0000558f2bcc15e0 @name=:add_routing_paths, @context=#&lt;ActiveStorageValidations::Engine:0x0000558f2bcb3620 ...&gt;, @options={:after=&gt;:set_eager_load_paths, :group=&gt;:default}, @block=#&lt;Proc:0x0000558f29b2c2b8 /home/nameless_ghoul/.rbenv/versions/3.0.0/lib/ruby/gems/3.0.0/gems/railties-6.1.5/lib/rails/engine.rb:600&gt;&gt;, #&lt;Rails::Initializable::Initializer:0x0000558f2bcc1590 @name=:add_locales, @context=#&lt;ActiveStorageValidations::Engine:0x0000558f2bcb3620 ...&gt;, @options={:after=&gt;:add_routing_paths, :group=&gt;:default}, @block=#&lt;Proc:0x0000558f29b2c1c8 /home/nameless_ghoul/.rbenv/versions/3.0.0/lib/ruby/gems/3.0.0/gems/railties-6.1.5/lib/rails/engine.rb:614&gt;&gt;, #&lt;Rails::Initializable::Initializer:0x0000558f2bcc1540 @name=:add_view_paths, @context=#&lt;ActiveStorageValidations::Engine:0x0000558f2bcb3620 ...&gt;, @options={:after=&gt;:add_locales, :group=&gt;:default}, @block=#&lt;Proc:0x0000558f29b2c0d8 /home/nameless_ghoul/.rbenv/versions/3.0.0/lib/ruby/gems/3.0.0/gems/railties-6.1.5/lib/rails/engine.rb:618&gt;&gt;, #&lt;Rails::Initializable::Initializer:0x0000558f2bcc14f0 @name=:prepend_helpers_path, @context=#&lt;ActiveStorageValidations::Engine:0x0000558f2bcb3620 ...&gt;, @options={:after=&gt;:add_view_paths, :group=&gt;:default}, @block=#&lt;Proc:0x0000558f28f17f18 /home/nameless_ghoul/.rbenv/versions/3.0.0/lib/ruby/gems/3.0.0/gems/railties-6.1.5/lib/rails/engine.rb:626&gt;&gt;, #&lt;Rails::Initializable::Initializer:0x0000558f2bcc14a0 @name=:load_config_initializers, @context=#&lt;ActiveStorageValidations::Engine:0x0000558f2bcb3620 ...&gt;, @options={:after=&gt;:prepend_helpers_path, :group=&gt;:default}, @block=#&lt;Proc:0x0000558f28f17608 /home/nameless_ghoul/.rbenv/versions/3.0.0/lib/ruby/gems/3.0.0/gems/railties-6.1.5/lib/rails/engine.rb:632&gt;&gt;, #&lt;Rails::Initializable::Initializer:0x0000558f2bcc1450 @name=:wrap_executor_around_load_seed, @context=#&lt;ActiveStorageValidations::Engine:0x0000558f2bcb3620 ...&gt;, @options={:after=&gt;:load_config_initializers, :group=&gt;:default}, @block=#&lt;Proc:0x0000558f28f16e60 /home/nameless_ghoul/.rbenv/versions/3.0.0/lib/ruby/gems/3.0.0/gems/railties-6.1.5/lib/rails/engine.rb:638&gt;&gt;, #&lt;Rails::Initializable::Initializer:0x0000558f2bcc1400 @name=:engines_blank_point, @context=#&lt;ActiveStorageValidations::Engine:0x0000558f2bcb3620 ...&gt;, @options={:after=&gt;:wrap_executor_around_load_seed, :group=&gt;:default}, @block=#&lt;Proc:0x0000558f28f16960 /home/nameless_ghoul/.rbenv/versions/3.0.0/lib/ruby/gems/3.0.0/gems/railties-6.1.5/lib/rails/engine.rb:644&gt;&gt;, #&lt;Rails::Initializable::Initializer:0x0000558f2bcc13b0 @name=:append_assets_path, @context=#&lt;ActiveStorageValidations::Engine:0x0000558f2bcb3620 ...&gt;, @options={:group=&gt;:all, :after=&gt;:engines_blank_point}, @block=#&lt;Proc:0x0000558f29c70d40 /home/nameless_ghoul/.rbenv/versions/3.0.0/lib/ruby/gems/3.0.0/gems/sprockets-rails-3.4.2/lib/sprockets/railtie.rb:60&gt;&gt;]&gt;, #&lt;Bootstrap::Willpaginate::Engine:0x0000558f2bcb3558 @_all_autoload_paths=[], @_all_load_paths=[&quot;/home/nameless_ghoul/.rbenv/versions/3.0.0/lib/ruby/gems/3.0.0/gems/bootstrap-will_paginate-1.0.0/lib&quot;], @app=nil, @config=#&lt;Rails::Engine::Configuration:0x0000558f2bceeb58 @root=#&lt;Pathname:/home/nameless_ghoul/.rbenv/versions/3.0.0/lib/ruby/gems/3.0.0/gems/bootstrap-will_paginate-1.0.0&gt;, @generators=#&lt;Rails::Configuration::Generators:0x0000558f2bceeb30 @aliases={}, @options={:rails=&gt;{:orm=&gt;:active_record, :test_framework=&gt;:test_unit, :integration_tool=&gt;:test_unit, :system_tests=&gt;:test_unit, :stylesheet_engine=&gt;:scss}, :active_record=&gt;{:migration=&gt;true, :timestamps=&gt;true}, :test_unit=&gt;{:fixture=&gt;true, :fixture_replacement=&gt;nil}}, @fallbacks={}, @templates=[], @colorize_logging=true, @api_only=false, @hidden_namespaces=[&quot;sass&quot;], @after_generate_callbacks=[]&gt;, @middleware=#&lt;Rails::Configuration::MiddlewareStackProxy:0x0000558f2bcee9f0 @operations=[], @delete_operations=[]&gt;, @javascript_path=&quot;javascript&quot;, @autoload_once_paths=[], @paths=#&lt;Rails::Paths::Root:0x0000558f2bcee978 @path=#&lt;Pathname:/home/nameless_ghoul/.rbenv/versions/3.0.0/lib/ruby/gems/3.0.0/gems/bootstrap-will_paginate-1.0.0&gt;, @root={&quot;app&quot;=&gt;#&lt;Rails::Paths::Path:0x0000558f2bcee8b0 @paths=[&quot;app&quot;], @current=&quot;app&quot;, @root=#&lt;Rails::Paths::Root:0x0000558f2bcee978 ...&gt;, @glob=&quot;{*,*/concerns}&quot;, @exclude=[&quot;assets&quot;, &quot;javascript&quot;], @autoload_once=false, @eager_load=true, @autoload=false, @load_path=false&gt;, &quot;app/assets&quot;=&gt;#&lt;Rails::Paths::Path:0x0000558f2bcee838 @paths=[&quot;app/assets&quot;], @current=&quot;app/assets&quot;, @root=#&lt;Rails::Paths::Root:0x0000558f2bcee978 ...&gt;, @glob=&quot;*&quot;, @exclude=nil, @autoload_once=false, @eager_load=false, @autoload=false, @load_path=false&gt;, &quot;app/controllers&quot;=&gt;#&lt;Rails::Paths::Path:0x0000558f2bcee7c0 @paths=[&quot;app/controllers&quot;], @current=&quot;app/controllers&quot;, @root=#&lt;Rails::Paths::Root:0x0000558f2bcee978 ...&gt;, @glob=nil, @exclude=nil, @autoload_once=false, @eager_load=true, @autoload=false, @load_path=false&gt;, &quot;app/channels&quot;=&gt;#&lt;Rails::Paths::Path:0x0000558f2bcee748 @paths=[&quot;app/channels&quot;], @current=&quot;app/channels&quot;, @root=#&lt;Rails::Paths::Root:0x0000558f2bcee978 ...&gt;, @glob=&quot;**/*_channel.rb&quot;, @exclude=nil, @autoload_once=false, @eager_load=true, @autoload=false, @load_path=false&gt;, &quot;app/helpers&quot;=&gt;#&lt;Rails::Paths::Path:0x0000558f2bcee6d0 @paths=[&quot;app/helpers&quot;], @current=&quot;app/helpers&quot;, @root=#&lt;Rails::Paths::Root:0x0000558f2bcee978 ...&gt;, @glob=nil, @exclude=nil, @autoload_once=false, @eager_load=true, @autoload=false, @load_path=false&gt;, &quot;app/models&quot;=&gt;#&lt;Rails::Paths::Path:0x0000558f2bcee658 @paths=[&quot;app/models&quot;], @current=&quot;app/models&quot;, @root=#&lt;Rails::Paths::Root:0x0000558f2bcee978 ...&gt;, @glob=nil, @exclude=nil, @autoload_once=false, @eager_load=true, @autoload=false, @load_path=false&gt;, &quot;app/mailers&quot;=&gt;#&lt;Rails::Paths::Path:0x0000558f2bcee5e0 @paths=[&quot;app/mailers&quot;], @current=&quot;app/mailers&quot;, @root=#&lt;Rails::Paths::Root:0x0000558f2bcee978 ...&gt;, @glob=nil, @exclude=nil, @autoload_once=false, @eager_load=true, @autoload=false, @load_path=false&gt;, &quot;app/views&quot;=&gt;#&lt;Rails::Paths::Path:0x0000558f2bcee568 @paths=[&quot;app/views&quot;], @current=&quot;app/views&quot;, @root=#&lt;Rails::Paths::Root:0x0000558f2bcee978 ...&gt;, @glob=nil, @exclude=nil, @autoload_once=false, @eager_load=false, @autoload=false, @load_path=false&gt;, &quot;lib&quot;=&gt;#&lt;Rails::Paths::Path:0x0000558f2bcee4f0 @paths=[&quot;lib&quot;], @current=&quot;lib&quot;, @root=#&lt;Rails::Paths::Root:0x0000558f2bcee978 ...&gt;, @glob=nil, @exclude=nil, @autoload_once=false, @eager_load=false, @autoload=false, @load_path=true&gt;, &quot;lib/assets&quot;=&gt;#&lt;Rails::Paths::Path:0x0000558f2bcee478 @paths=[&quot;lib/assets&quot;], @current=&quot;lib/assets&quot;, @root=#&lt;Rails::Paths::Root:0x0000558f2bcee978 ...&gt;, @glob=&quot;*&quot;, @exclude=nil, @autoload_once=false, @eager_load=false, @autoload=false, @load_path=false&gt;, &quot;lib/tasks&quot;=&gt;#&lt;Rails::Paths::Path:0x0000558f2bcee400 @paths=[&quot;lib/tasks&quot;], @current=&quot;lib/tasks&quot;, @root=#&lt;Rails::Paths::Root:0x0000558f2bcee978 ...&gt;, @glob=&quot;**/*.rake&quot;, @exclude=nil, @autoload_once=false, @eager_load=false, @autoload=false, @load_path=false&gt;, &quot;config&quot;=&gt;#&lt;Rails::Paths::Path:0x0000558f2bcee388 @paths=[&quot;config&quot;], @current=&quot;config&quot;, @root=#&lt;Rails::Paths::Root:0x0000558f2bcee978 ...&gt;, @glob=nil, @exclude=nil, @autoload_once=false, @eager_load=false, @autoload=false, @load_path=false&gt;, &quot;config/environments&quot;=&gt;#&lt;Rails::Paths::Path:0x0000558f2bcee2e8 @paths=[&quot;config/environments&quot;], @current=&quot;config/environments&quot;, @root=#&lt;Rails::Paths::Root:0x0000558f2bcee978 ...&gt;, @glob=&quot;test.rb&quot;, @exclude=nil, @autoload_once=false, @eager_load=false, @autoload=false, @load_path=false&gt;, &quot;config/initializers&quot;=&gt;#&lt;Rails::Paths::Path:0x0000558f2bcee270 @paths=[&quot;config/initializers&quot;], @current=&quot;config/initializers&quot;, @root=#&lt;Rails::Paths::Root:0x0000558f2bcee978 ...&gt;, @glob=&quot;**/*.rb&quot;, @exclude=nil, @autoload_once=false, @eager_load=false, @autoload=false, @load_path=false&gt;, &quot;config/locales&quot;=&gt;#&lt;Rails::Paths::Path:0x0000558f2bcee1f8 @paths=[&quot;config/locales&quot;], @current=&quot;config/locales&quot;, @root=#&lt;Rails::Paths::Root:0x0000558f2bcee978 ...&gt;, @glob=&quot;*.{rb,yml}&quot;, @exclude=nil, @autoload_once=false, @eager_load=false, @autoload=false, @load_path=false&gt;, &quot;config/routes.rb&quot;=&gt;#&lt;Rails::Paths::Path:0x0000558f2bcee180 @paths=[&quot;config/routes.rb&quot;], @current=&quot;config/routes.rb&quot;, @root=#&lt;Rails::Paths::Root:0x0000558f2bcee978 ...&gt;, @glob=nil, @exclude=nil, @autoload_once=false, @eager_load=false, @autoload=false, @load_path=false&gt;, &quot;config/routes&quot;=&gt;#&lt;Rails::Paths::Path:0x0000558f2bcee108 @paths=[&quot;config/routes&quot;], @current=&quot;config/routes&quot;, @root=#&lt;Rails::Paths::Root:0x0000558f2bcee978 ...&gt;, @glob=&quot;**/*.rb&quot;, @exclude=nil, @autoload_once=false, @eager_load=false, @autoload=false, @load_path=false&gt;, &quot;db&quot;=&gt;#&lt;Rails::Paths::Path:0x0000558f2bcee090 @paths=[&quot;db&quot;], @current=&quot;db&quot;, @root=#&lt;Rails::Paths::Root:0x0000558f2bcee978 ...&gt;, @glob=nil, @exclude=nil, @autoload_once=false, @eager_load=false, @autoload=false, @load_path=false&gt;, &quot;db/migrate&quot;=&gt;#&lt;Rails::Paths::Path:0x0000558f2bcee018 @paths=[&quot;db/migrate&quot;], @current=&quot;db/migrate&quot;, @root=#&lt;Rails::Paths::Root:0x0000558f2bcee978 ...&gt;, @glob=nil, @exclude=nil, @autoload_once=false, @eager_load=false, @autoload=false, @load_path=false&gt;, &quot;db/seeds.rb&quot;=&gt;#&lt;Rails::Paths::Path:0x0000558f2bcedfa0 @paths=[&quot;db/seeds.rb&quot;], @current=&quot;db/seeds.rb&quot;, @root=#&lt;Rails::Paths::Root:0x0000558f2bcee978 ...&gt;, @glob=nil, @exclude=nil, @autoload_once=false, @eager_load=false, @autoload=false, @load_path=false&gt;, &quot;vendor&quot;=&gt;#&lt;Rails::Paths::Path:0x0000558f2bcedf28 @paths=[&quot;vendor&quot;], @current=&quot;vendor&quot;, @root=#&lt;Rails::Paths::Root:0x0000558f2bcee978 ...&gt;, @glob=nil, @exclude=nil, @autoload_once=false, @eager_load=false, @autoload=false, @load_path=true&gt;, &quot;vendor/assets&quot;=&gt;#&lt;Rails::Paths::Path:0x0000558f2bcedeb0 @paths=[&quot;vendor/assets&quot;], @current=&quot;vendor/assets&quot;, @root=#&lt;Rails::Paths::Root:0x0000558f2bcee978 ...&gt;, @glob=&quot;*&quot;, @exclude=nil, @autoload_once=false, @eager_load=false, @autoload=false, @load_path=false&gt;}&gt;, @autoload_paths=[], @eager_load_paths=[]&gt;, @env_config=nil, @helpers=nil, @routes=#&lt;ActionDispatch::Routing::RouteSet:0x0000558f2c02bd70&gt;, @app_build_lock=#&lt;Thread::Mutex:0x0000558f2bcb3530&gt;, @initializers=[#&lt;Rails::Initializable::Initializer:0x0000558f2bcc0f00 @name=:load_environment_config, @context=#&lt;Bootstrap::Willpaginate::Engine:0x0000558f2bcb3558 ...&gt;, @options={:before=&gt;:load_environment_hook, :group=&gt;:all}, @block=#&lt;Proc:0x0000558f29b2c858 /home/nameless_ghoul/.rbenv/versions/3.0.0/lib/ruby/gems/3.0.0/gems/railties-6.1.5/lib/rails/engine.rb:569&gt;&gt;, #&lt;Rails::Initializable::Initializer:0x0000558f2bcc0eb0 @name=:set_load_path, @context=#&lt;Bootstrap::Willpaginate::Engine:0x0000558f2bcb3558 ...&gt;, @options={:before=&gt;:bootstrap_hook, :after=&gt;:load_environment_config, :group=&gt;:default}, @block=#&lt;Proc:0x0000558f29b2c678 /home/nameless_ghoul/.rbenv/versions/3.0.0/lib/ruby/gems/3.0.0/gems/railties-6.1.5/lib/rails/engine.rb:575&gt;&gt;, #&lt;Rails::Initializable::Initializer:0x0000558f2bcc0e60 @name=:set_autoload_paths, @context=#&lt;Bootstrap::Willpaginate::Engine:0x0000558f2bcb3558 ...&gt;, @options={:before=&gt;:bootstrap_hook, :after=&gt;:set_load_path, :group=&gt;:default}, @block=#&lt;Proc:0x0000558f29b2c4e8 /home/nameless_ghoul/.rbenv/versions/3.0.0/lib/ruby/gems/3.0.0/gems/railties-6.1.5/lib/rails/engine.rb:587&gt;&gt;, #&lt;Rails::Initializable::Initializer:0x0000558f2bcc0e10 @name=:set_eager_load_paths, @context=#&lt;Bootstrap::Willpaginate::Engine:0x0000558f2bcb3558 ...&gt;, @options={:before=&gt;:bootstrap_hook, :after=&gt;:set_autoload_paths, :group=&gt;:default}, @block=#&lt;Proc:0x0000558f29b2c3d0 /home/nameless_ghoul/.rbenv/versions/3.0.0/lib/ruby/gems/3.0.0/gems/railties-6.1.5/lib/rails/engine.rb:595&gt;&gt;, #&lt;Rails::Initializable::Initializer:0x0000558f2bcc0dc0 @name=:add_routing_paths, @context=#&lt;Bootstrap::Willpaginate::Engine:0x0000558f2bcb3558 ...&gt;, @options={:after=&gt;:set_eager_load_paths, :group=&gt;:default}, @block=#&lt;Proc:0x0000558f29b2c2b8 /home/nameless_ghoul/.rbenv/versions/3.0.0/lib/ruby/gems/3.0.0/gems/railties-6.1.5/lib/rails/engine.rb:600&gt;&gt;, #&lt;Rails::Initializable::Initializer:0x0000558f2bcc0d70 @name=:add_locales, @context=#&lt;Bootstrap::Willpaginate::Engine:0x0000558f2bcb3558 ...&gt;, @options={:after=&gt;:add_routing_paths, :group=&gt;:default}, @block=#&lt;Proc:0x0000558f29b2c1c8 /home/nameless_ghoul/.rbenv/versions/3.0.0/lib/ruby/gems/3.0.0/gems/railties-6.1.5/lib/rails/engine.rb:614&gt;&gt;, #&lt;Rails::Initializable::Initializer:0x0000558f2bcc0d20 @name=:add_view_paths, @context=#&lt;Bootstrap::Willpaginate::Engine:0x0000558f2bcb3558 ...&gt;, @options={:after=&gt;:add_locales, :group=&gt;:default}, @block=#&lt;Proc:0x0000558f29b2c0d8 /home/nameless_ghoul/.rbenv/versions/3.0.0/lib/ruby/gems/3.0.0/gems/railties-6.1.5/lib/rails/engine.rb:618&gt;&gt;, #&lt;Rails::Initializable::Initializer:0x0000558f2bcc0cd0 @name=:prepend_helpers_path, @context=#&lt;Bootstrap::Willpaginate::Engine:0x0000558f2bcb3558 ...&gt;, @options={:after=&gt;:add_view_paths, :group=&gt;:default}, @block=#&lt;Proc:0x0000558f28f17f18 /home/nameless_ghoul/.rbenv/versions/3.0.0/lib/ruby/gems/3.0.0/gems/railties-6.1.5/lib/rails/engine.rb:626&gt;&gt;, #&lt;Rails::Initializable::Initializer:0x0000558f2bcc0c80 @name=:load_config_initializers, @context=#&lt;Bootstrap::Willpaginate::Engine:0x0000558f2bcb3558 ...&gt;, @options={:after=&gt;:prepend_helpers_path, :group=&gt;:default}, @block=#&lt;Proc:0x0000558f28f17608 /home/nameless_ghoul/.rbenv/versions/3.0.0/lib/ruby/gems/3.0.0/gems/railties-6.1.5/lib/rails/engine.rb:632&gt;&gt;, #&lt;Rails::Initializable::Initializer:0x0000558f2bcc0c30 @name=:wrap_executor_around_load_seed, @context=#&lt;Bootstrap::Willpaginate::Engine:0x0000558f2bcb3558 ...&gt;, @options={:after=&gt;:load_config_initializers, :group=&gt;:default}, @block=#&lt;Proc:0x0000558f28f16e60 /home/nameless_ghoul/.rbenv/versions/3.0.0/lib/ruby/gems/3.0.0/gems/railties-6.1.5/lib/rails/engine.rb:638&gt;&gt;, #&lt;Rails::Initializable::Initializer:0x0000558f2bcc0be0 @name=:engines_blank_point, @context=#&lt;Bootstrap::Willpaginate::Engine:0x0000558f2bcb3558 ...&gt;, @options={:after=&gt;:wrap_executor_around_load_seed, :group=&gt;:default}, @block=#&lt;Proc:0x0000558f28f16960 /home/nameless_ghoul/.rbenv/versions/3.0.0/lib/ruby/gems/3.0.0/gems/railties-6.1.5/lib/rails/engine.rb:644&gt;&gt;, #&lt;Rails::Initializable::Initializer:0x0000558f2bcc0b90 @name=:append_assets_path, @context=#&lt;Bootstrap::Willpaginate::Engine:0x0000558f2bcb3558 ...&gt;, @options={:group=&gt;:all, :after=&gt;:engines_blank_point}, @block=#&lt;Proc:0x0000558f29c70d40 /home/nameless_ghoul/.rbenv/versions/3.0.0/lib/ruby/gems/3.0.0/gems/sprockets-rails-3.4.2/lib/sprockets/railtie.rb:60&gt;&gt;]&gt;, #&lt;Bootstrap::Rails::Engine:0x0000558f2bcb3490 @_all_autoload_paths=[], @_all_load_paths=[&quot;/home/nameless_ghoul/.rbenv/versions/3.0.0/lib/ruby/gems/3.0.0/gems/bootstrap-sass-3.4.1/lib&quot;], @app=nil, @config=#&lt;Rails::Engine::Configuration:0x0000558f2bced820 @root=#&lt;Pathname:/home/nameless_ghoul/.rbenv/versions/3.0.0/lib/ruby/gems/3.0.0/gems/bootstrap-sass-3.4.1&gt;, @generators=#&lt;Rails::Configuration::Generators:0x0000558f2bced7f8 @aliases={}, @options={:rails=&gt;{:orm=&gt;:active_record, :test_framework=&gt;:test_unit, :integration_tool=&gt;:test_unit, :system_tests=&gt;:test_unit, :stylesheet_engine=&gt;:scss}, :active_record=&gt;{:migration=&gt;true, :timestamps=&gt;true}, :test_unit=&gt;{:fixture=&gt;true, :fixture_replacement=&gt;nil}}, @fallbacks={}, @templates=[], @colorize_logging=true, @api_only=false, @hidden_namespaces=[&quot;sass&quot;], @after_generate_callbacks=[]&gt;, @middleware=#&lt;Rails::Configuration::MiddlewareStackProxy:0x0000558f2bced6b8 @operations=[], @delete_operations=[]&gt;, @javascript_path=&quot;javascript&quot;, @autoload_once_paths=[], @paths=#&lt;Rails::Paths::Root:0x0000558f2bced640 @path=#&lt;Pathname:/home/nameless_ghoul/.rbenv/versions/3.0.0/lib/ruby/gems/3.0.0/gems/bootstrap-sass-3.4.1&gt;, @root={&quot;app&quot;=&gt;#&lt;Rails::Paths::Path:0x0000558f2bced578 @paths=[&quot;app&quot;], @current=&quot;app&quot;, @root=#&lt;Rails::Paths::Root:0x0000558f2bced640 ...&gt;, @glob=&quot;{*,*/concerns}&quot;, @exclude=[&quot;assets&quot;, &quot;javascript&quot;], @autoload_once=false, @eager_load=true, @autoload=false, @load_path=false&gt;, &quot;app/assets&quot;=&gt;#&lt;Rails::Paths::Path:0x0000558f2bced500 @paths=[&quot;app/assets&quot;], @current=&quot;app/assets&quot;, @root=#&lt;Rails::Paths::Root:0x0000558f2bced640 ...&gt;, @glob=&quot;*&quot;, @exclude=nil, @autoload_once=false, @eager_load=false, @autoload=false, @load_path=false&gt;, &quot;app/controllers&quot;=&gt;#&lt;Rails::Paths::Path:0x0000558f2bced488 @paths=[&quot;app/controllers&quot;], @current=&quot;app/controllers&quot;, @root=#&lt;Rails::Paths::Root:0x0000558f2bced640 ...&gt;, @glob=nil, @exclude=nil, @autoload_once=false, @eager_load=true, @autoload=false, @load_path=false&gt;, &quot;app/channels&quot;=&gt;#&lt;Rails::Paths::Path:0x0000558f2bced410 @paths=[&quot;app/channels&quot;], @current=&quot;app/channels&quot;, @root=#&lt;Rails::Paths::Root:0x0000558f2bced640 ...&gt;, @glob=&quot;**/*_channel.rb&quot;, @exclude=nil, @autoload_once=false, @eager_load=true, @autoload=false, @load_path=false&gt;, &quot;app/helpers&quot;=&gt;#&lt;Rails::Paths::Path:0x0000558f2bced398 @paths=[&quot;app/helpers&quot;], @current=&quot;app/helpers&quot;, @root=#&lt;Rails::Paths::Root:0x0000558f2bced640 ...&gt;, @glob=nil, @exclude=nil, @autoload_once=false, @eager_load=true, @autoload=false, @load_path=false&gt;, &quot;app/models&quot;=&gt;#&lt;Rails::Paths::Path:0x0000558f2bced320 @paths=[&quot;app/models&quot;], @current=&quot;app/models&quot;, @root=#&lt;Rails::Paths::Root:0x0000558f2bced640 ...&gt;, @glob=nil, @exclude=nil, @autoload_once=false, @eager_load=true, @autoload=false, @load_path=false&gt;, &quot;app/mailers&quot;=&gt;#&lt;Rails::Paths::Path:0x0000558f2bced2a8 @paths=[&quot;app/mailers&quot;], @current=&quot;app/mailers&quot;, @root=#&lt;Rails::Paths::Root:0x0000558f2bced640 ...&gt;, @glob=nil, @exclude=nil, @autoload_once=false, @eager_load=true, @autoload=false, @load_path=false&gt;, &quot;app/views&quot;=&gt;#&lt;Rails::Paths::Path:0x0000558f2bced230 @paths=[&quot;app/views&quot;], @current=&quot;app/views&quot;, @root=#&lt;Rails::Paths::Root:0x0000558f2bced640 ...&gt;, @glob=nil, @exclude=nil, @autoload_once=false, @eager_load=false, @autoload=false, @load_path=false&gt;, &quot;lib&quot;=&gt;#&lt;Rails::Paths::Path:0x0000558f2bced1b8 @paths=[&quot;lib&quot;], @current=&quot;lib&quot;, @root=#&lt;Rails::Paths::Root:0x0000558f2bced640 ...&gt;, @glob=nil, @exclude=nil, @autoload_once=false, @eager_load=false, @autoload=false, @load_path=true&gt;, &quot;lib/assets&quot;=&gt;#&lt;Rails::Paths::Path:0x0000558f2bced140 @paths=[&quot;lib/assets&quot;], @current=&quot;lib/assets&quot;, @root=#&lt;Rails::Paths::Root:0x0000558f2bced640 ...&gt;, @glob=&quot;*&quot;, @exclude=nil, @autoload_once=false, @eager_load=false, @autoload=false, @load_path=false&gt;, &quot;lib/tasks&quot;=&gt;#&lt;Rails::Paths::Path:0x0000558f2bced0c8 @paths=[&quot;lib/tasks&quot;], @current=&quot;lib/tasks&quot;, @root=#&lt;Rails::Paths::Root:0x0000558f2bced640 ...&gt;, @glob=&quot;**/*.rake&quot;, @exclude=nil, @autoload_once=false, @eager_load=false, @autoload=false, @load_path=false&gt;, &quot;config&quot;=&gt;#&lt;Rails::Paths::Path:0x0000558f2bced050 @paths=[&quot;config&quot;], @current=&quot;config&quot;, @root=#&lt;Rails::Paths::Root:0x0000558f2bced640 ...&gt;, @glob=nil, @exclude=nil, @autoload_once=false, @eager_load=false, @autoload=false, @load_path=false&gt;, &quot;config/environments&quot;=&gt;#&lt;Rails::Paths::Path:0x0000558f2bcecfb0 @paths=[&quot;config/environments&quot;], @current=&quot;config/environments&quot;, @root=#&lt;Rails::Paths::Root:0x0000558f2bced640 ...&gt;, @glob=&quot;test.rb&quot;, @exclude=nil, @autoload_once=false, @eager_load=false, @autoload=false, @load_path=false&gt;, &quot;config/initializers&quot;=&gt;#&lt;Rails::Paths::Path:0x0000558f2bcecf38 @paths=[&quot;config/initializers&quot;], @current=&quot;config/initializers&quot;, @root=#&lt;Rails::Paths::Root:0x0000558f2bced640 ...&gt;, @glob=&quot;**/*.rb&quot;, @exclude=nil, @autoload_once=false, @eager_load=false, @autoload=false, @load_path=false&gt;, &quot;config/locales&quot;=&gt;#&lt;Rails::Paths::Path:0x0000558f2bcecec0 @paths=[&quot;config/locales&quot;], @current=&quot;config/locales&quot;, @root=#&lt;Rails::Paths::Root:0x0000558f2bced640 ...&gt;, @glob=&quot;*.{rb,yml}&quot;, @exclude=nil, @autoload_once=false, @eager_load=false, @autoload=false, @load_path=false&gt;, &quot;config/routes.rb&quot;=&gt;#&lt;Rails::Paths::Path:0x0000558f2bcece48 @paths=[&quot;config/routes.rb&quot;], @current=&quot;config/routes.rb&quot;, @root=#&lt;Rails::Paths::Root:0x0000558f2bced640 ...&gt;, @glob=nil, @exclude=nil, @autoload_once=false, @eager_load=false, @autoload=false, @load_path=false&gt;, &quot;config/routes&quot;=&gt;#&lt;Rails::Paths::Path:0x0000558f2bcecdd0 @paths=[&quot;config/routes&quot;], @current=&quot;config/routes&quot;, @root=#&lt;Rails::Paths::Root:0x0000558f2bced640 ...&gt;, @glob=&quot;**/*.rb&quot;, @exclude=nil, @autoload_once=false, @eager_load=false, @autoload=false, @load_path=false&gt;, &quot;db&quot;=&gt;#&lt;Rails::Paths::Path:0x0000558f2bcecd58 @paths=[&quot;db&quot;], @current=&quot;db&quot;, @root=#&lt;Rails::Paths::Root:0x0000558f2bced640 ...&gt;, @glob=nil, @exclude=nil, @autoload_once=false, @eager_load=false, @autoload=false, @load_path=false&gt;, &quot;db/migrate&quot;=&gt;#&lt;Rails::Paths::Path:0x0000558f2bcecce0 @paths=[&quot;db/migrate&quot;], @current=&quot;db/migrate&quot;, @root=#&lt;Rails::Paths::Root:0x0000558f2bced640 ...&gt;, @glob=nil, @exclude=nil, @autoload_once=false, @eager_load=false, @autoload=false, @load_path=false&gt;, &quot;db/seeds.rb&quot;=&gt;#&lt;Rails::Paths::Path:0x0000558f2bcecc68 @paths=[&quot;db/seeds.rb&quot;], @current=&quot;db/seeds.rb&quot;, @root=#&lt;Rails::Paths::Root:0x0000558f2bced640 ...&gt;, @glob=nil, @exclude=nil, @autoload_once=false, @eager_load=false, @autoload=false, @load_path=false&gt;, &quot;vendor&quot;=&gt;#&lt;Rails::Paths::Path:0x0000558f2bcecbf0 @paths=[&quot;vendor&quot;], @current=&quot;vendor&quot;, @root=#&lt;Rails::Paths::Root:0x0000558f2bced640 ...&gt;, @glob=nil, @exclude=nil, @autoload_once=false, @eager_load=false, @autoload=false, @load_path=true&gt;, &quot;vendor/assets&quot;=&gt;#&lt;Rails::Paths::Path:0x0000558f2bcecb78 @paths=[&quot;vendor/assets&quot;], @current=&quot;vendor/assets&quot;, @root=#&lt;Rails::Paths::Root:0x0000558f2bced640 ...&gt;, @glob=&quot;*&quot;, @exclude=nil, @autoload_once=false, @eager_load=false, @autoload=false, @load_path=false&gt;}&gt;, @autoload_paths=[], @eager_load_paths=[]&gt;, @env_config=nil, @helpers=nil, @routes=#&lt;ActionDispatch::Routing::RouteSet:0x0000558f2c02b0f0&gt;, @app_build_lock=#&lt;Thread::Mutex:0x0000558f2bcb3468&gt;, @initializers=[#&lt;Rails::Initializable::Initializer:0x0000558f2bcc0708 @name=:load_environment_config, @context=#&lt;Bootstrap::Rails::Engine:0x0000558f2bcb3490 ...&gt;, @options={:before=&gt;:load_environment_hook, :group=&gt;:all}, @block=#&lt;Proc:0x0000558f29b2c858 /home/nameless_ghoul/.rbenv/versions/3.0.0/lib/ruby/gems/3.0.0/gems/railties-6.1.5/lib/rails/engine.rb:569&gt;&gt;, #&lt;Rails::Initializable::Initializer:0x0000558f2bcc06b8 @name=:set_load_path, @context=#&lt;Bootstrap::Rails::Engine:0x0000558f2bcb3490 ...&gt;, @options={:before=&gt;:bootstrap_hook, :after=&gt;:load_environment_config, :group=&gt;:default}, @block=#&lt;Proc:0x0000558f29b2c678 /home/nameless_ghoul/.rbenv/versions/3.0.0/lib/ruby/gems/3.0.0/gems/railties-6.1.5/lib/rails/engine.rb:575&gt;&gt;, #&lt;Rails::Initializable::Initializer:0x0000558f2bcc0668 @name=:set_autoload_paths, @context=#&lt;Bootstrap::Rails::Engine:0x0000558f2bcb3490 ...&gt;, @options={:before=&gt;:bootstrap_hook, :after=&gt;:set_load_path, :group=&gt;:default}, @block=#&lt;Proc:0x0000558f29b2c4e8 /home/nameless_ghoul/.rbenv/versions/3.0.0/lib/ruby/gems/3.0.0/gems/railties-6.1.5/lib/rails/engine.rb:587&gt;&gt;, #&lt;Rails::Initializable::Initializer:0x0000558f2bcc0618 @name=:set_eager_load_paths, @context=#&lt;Bootstrap::Rails::Engine:0x0000558f2bcb3490 ...&gt;, @options={:before=&gt;:bootstrap_hook, :after=&gt;:set_autoload_paths, :group=&gt;:default}, @block=#&lt;Proc:0x0000558f29b2c3d0 /home/nameless_ghoul/.rbenv/versions/3.0.0/lib/ruby/gems/3.0.0/gems/railties-6.1.5/lib/rails/engine.rb:595&gt;&gt;, #&lt;Rails::Initializable::Initializer:0x0000558f2bcc05c8 @name=:add_routing_paths, @context=#&lt;Bootstrap::Rails::Engine:0x0000558f2bcb3490 ...&gt;, @options={:after=&gt;:set_eager_load_paths, :group=&gt;:default}, @block=#&lt;Proc:0x0000558f29b2c2b8 /home/nameless_ghoul/.rbenv/versions/3.0.0/lib/ruby/gems/3.0.0/gems/railties-6.1.5/lib/rails/engine.rb:600&gt;&gt;, #&lt;Rails::Initializable::Initializer:0x0000558f2bcc0578 @name=:add_locales, @context=#&lt;Bootstrap::Rails::Engine:0x0000558f2bcb3490 ...&gt;, @options={:after=&gt;:add_routing_paths, :group=&gt;:default}, @block=#&lt;Proc:0x0000558f29b2c1c8 /home/nameless_ghoul/.rbenv/versions/3.0.0/lib/ruby/gems/3.0.0/gems/railties-6.1.5/lib/rails/engine.rb:614&gt;&gt;, #&lt;Rails::Initializable::Initializer:0x0000558f2bcc0528 @name=:add_view_paths, @context=#&lt;Bootstrap::Rails::Engine:0x0000558f2bcb3490 ...&gt;, @options={:after=&gt;:add_locales, :group=&gt;:default}, @block=#&lt;Proc:0x0000558f29b2c0d8 /home/nameless_ghoul/.rbenv/versions/3.0.0/lib/ruby/gems/3.0.0/gems/railties-6.1.5/lib/rails/engine.rb:618&gt;&gt;, #&lt;Rails::Initializable::Initializer:0x0000558f2bcc04d8 @name=:prepend_helpers_path, @context=#&lt;Bootstrap::Rails::Engine:0x0000558f2bcb3490 ...&gt;, @options={:after=&gt;:add_view_paths, :group=&gt;:default}, @block=#&lt;Proc:0x0000558f28f17f18 /home/nameless_ghoul/.rbenv/versions/3.0.0/lib/ruby/gems/3.0.0/gems/railties-6.1.5/lib/rails/engine.rb:626&gt;&gt;, #&lt;Rails::Initializable::Initializer:0x0000558f2bcc0488 @name=:load_config_initializers, @context=#&lt;Bootstrap::Rails::Engine:0x0000558f2bcb3490 ...&gt;, @options={:after=&gt;:prepend_helpers_path, :group=&gt;:default}, @block=#&lt;Proc:0x0000558f28f17608 /home/nameless_ghoul/.rbenv/versions/3.0.0/lib/ruby/gems/3.0.0/gems/railties-6.1.5/lib/rails/engine.rb:632&gt;&gt;, #&lt;Rails::Initializable::Initializer:0x0000558f2bcc0438 @name=:wrap_executor_around_load_seed, @context=#&lt;Bootstrap::Rails::Engine:0x0000558f2bcb3490 ...&gt;, @options={:after=&gt;:load_config_initializers, :group=&gt;:default}, @block=#&lt;Proc:0x0000558f28f16e60 /home/nameless_ghoul/.rbenv/versions/3.0.0/lib/ruby/gems/3.0.0/gems/railties-6.1.5/lib/rails/engine.rb:638&gt;&gt;, #&lt;Rails::Initializable::Initializer:0x0000558f2bcc03e8 @name=:engines_blank_point, @context=#&lt;Bootstrap::Rails::Engine:0x0000558f2bcb3490 ...&gt;, @options={:after=&gt;:wrap_executor_around_load_seed, :group=&gt;:default}, @block=#&lt;Proc:0x0000558f28f16960 /home/nameless_ghoul/.rbenv/versions/3.0.0/lib/ruby/gems/3.0.0/gems/railties-6.1.5/lib/rails/engine.rb:644&gt;&gt;, #&lt;Rails::Initializable::Initializer:0x0000558f2bcc0398 @name=:append_assets_path, @context=#&lt;Bootstrap::Rails::Engine:0x0000558f2bcb3490 ...&gt;, @options={:group=&gt;:all, :after=&gt;:engines_blank_point}, @block=#&lt;Proc:0x0000558f29c70d40 /home/nameless_ghoul/.rbenv/versions/3.0.0/lib/ruby/gems/3.0.0/gems/sprockets-rails-3.4.2/lib/sprockets/railtie.rb:60&gt;&gt;, #&lt;Rails::Initializable::Initializer:0x0000558f2bcc0348 @name=&quot;bootstrap-sass.assets.precompile&quot;, @context=#&lt;Bootstrap::Rails::Engine:0x0000558f2bcb3490 ...&gt;, @options={:group=&gt;:default}, @block=#&lt;Proc:0x0000558f2b3a1320 /home/nameless_ghoul/.rbenv/versions/3.0.0/lib/ruby/gems/3.0.0/gems/bootstrap-sass-3.4.1/lib/bootstrap-sass/engine.rb:4&gt;&gt;]&gt;, #&lt;SampleApp::Application:0x0000558f2bc127e8 ...&gt;]], @railties=#&lt;Rails::Engine::Railties:0x0000558f2bca0160 @_all=[#&lt;I18n::Railtie:0x0000558f28f3dad8 @config=#&lt;Rails::Railtie::Configuration:0x0000558f29998690&gt;, @initializers=[]&gt;, #&lt;ActiveSupport::Railtie:0x0000558f29987048 @config=#&lt;Rails::Railtie::Configuration:0x0000558f29986f30&gt;, @initializers=[#&lt;Rails::Initializable::Initializer:0x0000558f2bcb2270 @name=&quot;active_support.set_authenticated_message_encryption&quot;, @context=#&lt;ActiveSupport::Railtie:0x0000558f29987048 ...&gt;, @options={:group=&gt;:default}, @block=#&lt;Proc:0x0000558f29986cb0 /home/nameless_ghoul/.rbenv/versions/3.0.0/lib/ruby/gems/3.0.0/gems/activesupport-6.1.5/lib/active_support/railtie.rb:12&gt;&gt;, #&lt;Rails::Initializable::Initializer:0x0000558f2bcb2220 @name=&quot;active_support.reset_all_current_attributes_instances&quot;, @context=#&lt;ActiveSupport::Railtie:0x0000558f29987048 ...&gt;, @options={:after=&gt;&quot;active_support.set_authenticated_message_encryption&quot;, :group=&gt;:default}, @block=#&lt;Proc:0x0000558f29986ad0 /home/nameless_ghoul/.rbenv/versions/3.0.0/lib/ruby/gems/3.0.0/gems/activesupport-6.1.5/lib/active_support/railtie.rb:21&gt;&gt;, #&lt;Rails::Initializable::Initializer:0x0000558f2bcb21d0 @name=&quot;active_support.deprecation_behavior&quot;, @context=#&lt;ActiveSupport::Railtie:0x0000558f29987048 ...&gt;, @options={:after=&gt;&quot;active_support.reset_all_current_attributes_instances&quot;, :group=&gt;:default}, @block=#&lt;Proc:0x0000558f299868c8 /home/nameless_ghoul/.rbenv/versions/3.0.0/lib/ruby/gems/3.0.0/gems/activesupport-6.1.5/lib/active_support/railtie.rb:32&gt;&gt;, #&lt;Rails::Initializable::Initializer:0x0000558f2bcb2180 @name=&quot;active_support.initialize_time_zone&quot;, @context=#&lt;ActiveSupport::Railtie:0x0000558f29987048 ...&gt;, @options={:after=&gt;&quot;active_support.deprecation_behavior&quot;, :group=&gt;:default}, @block=#&lt;Proc:0x0000558f299867d8 /home/nameless_ghoul/.rbenv/versions/3.0.0/lib/ruby/gems/3.0.0/gems/activesupport-6.1.5/lib/active_support/railtie.rb:48&gt;&gt;, #&lt;Rails::Initializable::Initializer:0x0000558f2bcb2130 @name=&quot;active_support.initialize_beginning_of_week&quot;, @context=#&lt;ActiveSupport::Railtie:0x0000558f29987048 ...&gt;, @options={:after=&gt;&quot;active_support.initialize_time_zone&quot;, :group=&gt;:default}, @block=#&lt;Proc:0x0000558f299866c0 /home/nameless_ghoul/.rbenv/versions/3.0.0/lib/ruby/gems/3.0.0/gems/activesupport-6.1.5/lib/active_support/railtie.rb:60&gt;&gt;, #&lt;Rails::Initializable::Initializer:0x0000558f2bcb20e0 @name=&quot;active_support.require_master_key&quot;, @context=#&lt;ActiveSupport::Railtie:0x0000558f29987048 ...&gt;, @options={:after=&gt;&quot;active_support.initialize_beginning_of_week&quot;, :group=&gt;:default}, @block=#&lt;Proc:0x0000558f29986558 /home/nameless_ghoul/.rbenv/versions/3.0.0/lib/ruby/gems/3.0.0/gems/activesupport-6.1.5/lib/active_support/railtie.rb:67&gt;&gt;, #&lt;Rails::Initializable::Initializer:0x0000558f2bcb2090 @name=&quot;active_support.set_configs&quot;, @context=#&lt;ActiveSupport::Railtie:0x0000558f29987048 ...&gt;, @options={:after=&gt;&quot;active_support.require_master_key&quot;, :group=&gt;:default}, @block=#&lt;Proc:0x0000558f299863f0 /home/nameless_ghoul/.rbenv/versions/3.0.0/lib/ruby/gems/3.0.0/gems/activesupport-6.1.5/lib/active_support/railtie.rb:78&gt;&gt;, #&lt;Rails::Initializable::Initializer:0x0000558f2bcb2040 @name=&quot;active_support.set_hash_digest_class&quot;, @context=#&lt;ActiveSupport::Railtie:0x0000558f29987048 ...&gt;, @options={:after=&gt;&quot;active_support.set_configs&quot;, :group=&gt;:default}, @block=#&lt;Proc:0x0000558f299862d8 /home/nameless_ghoul/.rbenv/versions/3.0.0/lib/ruby/gems/3.0.0/gems/activesupport-6.1.5/lib/active_support/railtie.rb:85&gt;&gt;]&gt;, #&lt;ActionDispatch::Railtie:0x0000558f297506a8 @config=#&lt;Rails::Railtie::Configuration:0x0000558f29750540&gt;, @initializers=[#&lt;Rails::Initializable::Initializer:0x0000558f2bcb1c80 @name=&quot;action_dispatch.configure&quot;, @context=#&lt;ActionDispatch::Railtie:0x0000558f297506a8 ...&gt;, @options={:group=&gt;:default}, @block=#&lt;Proc:0x0000558f29736578 /home/nameless_ghoul/.rbenv/versions/3.0.0/lib/ruby/gems/3.0.0/gems/actionpack-6.1.5/lib/action_dispatch/railtie.rb:41&gt;&gt;]&gt;, #&lt;ActiveModel::Railtie:0x0000558f298032f8 @config=#&lt;Rails::Railtie::Configuration:0x0000558f29803190&gt;, @initializers=[#&lt;Rails::Initializable::Initializer:0x0000558f2bcb18e8 @name=&quot;active_model.secure_password&quot;, @context=#&lt;ActiveModel::Railtie:0x0000558f298032f8 ...&gt;, @options={:group=&gt;:default}, @block=#&lt;Proc:0x0000558f29802da8 /home/nameless_ghoul/.rbenv/versions/3.0.0/lib/ruby/gems/3.0.0/gems/activemodel-6.1.5/lib/active_model/railtie.rb:12&gt;&gt;, #&lt;Rails::Initializable::Initializer:0x0000558f2bcb1898 @name=&quot;active_model.i18n_customize_full_message&quot;, @context=#&lt;ActiveModel::Railtie:0x0000558f298032f8 ...&gt;, @options={:after=&gt;&quot;active_model.secure_password&quot;, :group=&gt;:default}, @block=#&lt;Proc:0x0000558f29802ad8 /home/nameless_ghoul/.rbenv/versions/3.0.0/lib/ruby/gems/3.0.0/gems/activemodel-6.1.5/lib/active_model/railtie.rb:16&gt;&gt;]&gt;, #&lt;ActionController::Railtie:0x0000558f29ee2538 @config=#&lt;Rails::Railtie::Configuration:0x0000558f29ee2470&gt;, @initializers=[#&lt;Rails::Initializable::Initializer:0x0000558f2bcb14b0 @name=&quot;action_controller.assets_config&quot;, @context=#&lt;ActionController::Railtie:0x0000558f29ee2538 ...&gt;, @options={:group=&gt;:all}, @block=#&lt;Proc:0x0000558f29ee22e0 /home/nameless_ghoul/.rbenv/versions/3.0.0/lib/ruby/gems/3.0.0/gems/actionpack-6.1.5/lib/action_controller/railtie.rb:16&gt;&gt;, #&lt;Rails::Initializable::Initializer:0x0000558f2bcb1460 @name=&quot;action_controller.set_helpers_path&quot;, @context=#&lt;ActionController::Railtie:0x0000558f29ee2538 ...&gt;, @options={:after=&gt;&quot;action_controller.assets_config&quot;, :group=&gt;:default}, @block=#&lt;Proc:0x0000558f29ee21c8 /home/nameless_ghoul/.rbenv/versions/3.0.0/lib/ruby/gems/3.0.0/gems/actionpack-6.1.5/lib/action_controller/railtie.rb:20&gt;&gt;, #&lt;Rails::Initializable::Initializer:0x0000558f2bcb1410 @name=&quot;action_controller.parameters_config&quot;, @context=#&lt;ActionController::Railtie:0x0000558f29ee2538 ...&gt;, @options={:after=&gt;&quot;action_controller.set_helpers_path&quot;, :group=&gt;:default}, @block=#&lt;Proc:0x0000558f29ee20d8 /home/nameless_ghoul/.rbenv/versions/3.0.0/lib/ruby/gems/3.0.0/gems/actionpack-6.1.5/lib/action_controller/railtie.rb:24&gt;&gt;, #&lt;Rails::Initializable::Initializer:0x0000558f2bcb13c0 @name=&quot;action_controller.set_configs&quot;, @context=#&lt;ActionController::Railtie:0x0000558f29ee2538 ...&gt;, @options={:after=&gt;&quot;action_controller.parameters_config&quot;, :group=&gt;:default}, @block=#&lt;Proc:0x0000558f29ee1fe8 /home/nameless_ghoul/.rbenv/versions/3.0.0/lib/ruby/gems/3.0.0/gems/actionpack-6.1.5/lib/action_controller/railtie.rb:39&gt;&gt;, #&lt;Rails::Initializable::Initializer:0x0000558f2bcb1370 @name=&quot;action_controller.compile_config_methods&quot;, @context=#&lt;ActionController::Railtie:0x0000558f29ee2538 ...&gt;, @options={:after=&gt;&quot;action_controller.set_configs&quot;, :group=&gt;:default}, @block=#&lt;Proc:0x0000558f29ee1ef8 /home/nameless_ghoul/.rbenv/versions/3.0.0/lib/ruby/gems/3.0.0/gems/actionpack-6.1.5/lib/action_controller/railtie.rb:69&gt;&gt;, #&lt;Rails::Initializable::Initializer:0x0000558f2bcb1320 @name=&quot;action_controller.request_forgery_protection&quot;, @context=#&lt;ActionController::Railtie:0x0000558f29ee2538 ...&gt;, @options={:after=&gt;&quot;action_controller.compile_config_methods&quot;, :group=&gt;:default}, @block=#&lt;Proc:0x0000558f29ee1e08 /home/nameless_ghoul/.rbenv/versions/3.0.0/lib/ruby/gems/3.0.0/gems/actionpack-6.1.5/lib/action_controller/railtie.rb:75&gt;&gt;, #&lt;Rails::Initializable::Initializer:0x0000558f2bcb12d0 @name=&quot;action_controller.eager_load_actions&quot;, @context=#&lt;ActionController::Railtie:0x0000558f29ee2538 ...&gt;, @options={:after=&gt;&quot;action_controller.request_forgery_protection&quot;, :group=&gt;:default}, @block=#&lt;Proc:0x0000558f29ee1d18 /home/nameless_ghoul/.rbenv/versions/3.0.0/lib/ruby/gems/3.0.0/gems/actionpack-6.1.5/lib/action_controller/railtie.rb:83&gt;&gt;]&gt;, #&lt;ActiveRecord::Railtie:0x0000558f29ee19a8 @config=#&lt;Rails::Railtie::Configuration:0x0000558f29ee18e0&gt;, @initializers=[#&lt;Rails::Initializable::Initializer:0x0000558f2bcb0ec0 @name=&quot;active_record.initialize_timezone&quot;, @context=#&lt;ActiveRecord::Railtie:0x0000558f29ee19a8 ...&gt;, @options={:group=&gt;:default}, @block=#&lt;Proc:0x0000558f29ee0af8 /home/nameless_ghoul/.rbenv/versions/3.0.0/lib/ruby/gems/3.0.0/gems/activerecord-6.1.5/lib/active_record/railtie.rb:70&gt;&gt;, #&lt;Rails::Initializable::Initializer:0x0000558f2bcb0e70 @name=&quot;active_record.logger&quot;, @context=#&lt;ActiveRecord::Railtie:0x0000558f29ee19a8 ...&gt;, @options={:after=&gt;&quot;active_record.initialize_timezone&quot;, :group=&gt;:default}, @block=#&lt;Proc:0x0000558f29ee0a08 /home/nameless_ghoul/.rbenv/versions/3.0.0/lib/ruby/gems/3.0.0/gems/activerecord-6.1.5/lib/active_record/railtie.rb:77&gt;&gt;, #&lt;Rails::Initializable::Initializer:0x0000558f2bcb0e20 @name=&quot;active_record.backtrace_cleaner&quot;, @context=#&lt;ActiveRecord::Railtie:0x0000558f29ee19a8 ...&gt;, @options={:after=&gt;&quot;active_record.logger&quot;, :group=&gt;:default}, @block=#&lt;Proc:0x0000558f29ee0918 /home/nameless_ghoul/.rbenv/versions/3.0.0/lib/ruby/gems/3.0.0/gems/activerecord-6.1.5/lib/active_record/railtie.rb:81&gt;&gt;, #&lt;Rails::Initializable::Initializer:0x0000558f2bcb0dd0 @name=&quot;active_record.migration_error&quot;, @context=#&lt;ActiveRecord::Railtie:0x0000558f29ee19a8 ...&gt;, @options={:after=&gt;&quot;active_record.backtrace_cleaner&quot;, :group=&gt;:default}, @block=#&lt;Proc:0x0000558f29ee0828 /home/nameless_ghoul/.rbenv/versions/3.0.0/lib/ruby/gems/3.0.0/gems/activerecord-6.1.5/lib/active_record/railtie.rb:85&gt;&gt;, #&lt;Rails::Initializable::Initializer:0x0000558f2bcb0d80 @name=&quot;active_record.database_selector&quot;, @context=#&lt;ActiveRecord::Railtie:0x0000558f29ee19a8 ...&gt;, @options={:after=&gt;&quot;active_record.migration_error&quot;, :group=&gt;:default}, @block=#&lt;Proc:0x0000558f29ee0738 /home/nameless_ghoul/.rbenv/versions/3.0.0/lib/ruby/gems/3.0.0/gems/activerecord-6.1.5/lib/active_record/railtie.rb:93&gt;&gt;, #&lt;Rails::Initializable::Initializer:0x0000558f2bcb0d30 @name=&quot;Check for cache versioning support&quot;, @context=#&lt;ActiveRecord::Railtie:0x0000558f29ee19a8 ...&gt;, @options={:after=&gt;&quot;active_record.database_selector&quot;, :group=&gt;:default}, @block=#&lt;Proc:0x0000558f29ee0648 /home/nameless_ghoul/.rbenv/versions/3.0.0/lib/ruby/gems/3.0.0/gems/activerecord-6.1.5/lib/active_record/railtie.rb:101&gt;&gt;, #&lt;Rails::Initializable::Initializer:0x0000558f2bcb0ce0 @name=&quot;active_record.check_schema_cache_dump&quot;, @context=#&lt;ActiveRecord::Railtie:0x0000558f29ee19a8 ...&gt;, @options={:after=&gt;&quot;Check for cache versioning support&quot;, :group=&gt;:default}, @block=#&lt;Proc:0x0000558f29ee0558 /home/nameless_ghoul/.rbenv/versions/3.0.0/lib/ruby/gems/3.0.0/gems/activerecord-6.1.5/lib/active_record/railtie.rb:126&gt;&gt;, #&lt;Rails::Initializable::Initializer:0x0000558f2bcb0c90 @name=&quot;active_record.define_attribute_methods&quot;, @context=#&lt;ActiveRecord::Railtie:0x0000558f29ee19a8 ...&gt;, @options={:after=&gt;&quot;active_record.check_schema_cache_dump&quot;, :group=&gt;:default}, @block=#&lt;Proc:0x0000558f29ee0468 /home/nameless_ghoul/.rbenv/versions/3.0.0/lib/ruby/gems/3.0.0/gems/activerecord-6.1.5/lib/active_record/railtie.rb:163&gt;&gt;, #&lt;Rails::Initializable::Initializer:0x0000558f2bcb0c40 @name=&quot;active_record.warn_on_records_fetched_greater_than&quot;, @context=#&lt;ActiveRecord::Railtie:0x0000558f29ee19a8 ...&gt;, @options={:after=&gt;&quot;active_record.define_attribute_methods&quot;, :group=&gt;:default}, @block=#&lt;Proc:0x0000558f29ee0378 /home/nameless_ghoul/.rbenv/versions/3.0.0/lib/ruby/gems/3.0.0/gems/activerecord-6.1.5/lib/active_record/railtie.rb:196&gt;&gt;, #&lt;Rails::Initializable::Initializer:0x0000558f2bcb0bf0 @name=&quot;active_record.set_configs&quot;, @context=#&lt;ActiveRecord::Railtie:0x0000558f29ee19a8 ...&gt;, @options={:after=&gt;&quot;active_record.warn_on_records_fetched_greater_than&quot;, :group=&gt;:default}, @block=#&lt;Proc:0x0000558f29ee0288 /home/nameless_ghoul/.rbenv/versions/3.0.0/lib/ruby/gems/3.0.0/gems/activerecord-6.1.5/lib/active_record/railtie.rb:204&gt;&gt;, #&lt;Rails::Initializable::Initializer:0x0000558f2bcb0ba0 @name=&quot;active_record.initialize_database&quot;, @context=#&lt;ActiveRecord::Railtie:0x0000558f29ee19a8 ...&gt;, @options={:after=&gt;&quot;active_record.set_configs&quot;, :group=&gt;:default}, @block=#&lt;Proc:0x0000558f29ee0198 /home/nameless_ghoul/.rbenv/versions/3.0.0/lib/ruby/gems/3.0.0/gems/activerecord-6.1.5/lib/active_record/railtie.rb:216&gt;&gt;, #&lt;Rails::Initializable::Initializer:0x0000558f2bcb0b50 @name=&quot;active_record.log_runtime&quot;, @context=#&lt;ActiveRecord::Railtie:0x0000558f29ee19a8 ...&gt;, @options={:after=&gt;&quot;active_record.initialize_database&quot;, :group=&gt;:default}, @block=#&lt;Proc:0x0000558f29ee00a8 /home/nameless_ghoul/.rbenv/versions/3.0.0/lib/ruby/gems/3.0.0/gems/activerecord-6.1.5/lib/active_record/railtie.rb:227&gt;&gt;, #&lt;Rails::Initializable::Initializer:0x0000558f2bcb0b00 @name=&quot;active_record.set_reloader_hooks&quot;, @context=#&lt;ActiveRecord::Railtie:0x0000558f29ee19a8 ...&gt;, @options={:after=&gt;&quot;active_record.log_runtime&quot;, :group=&gt;:default}, @block=#&lt;Proc:0x0000558f29eeffa8 /home/nameless_ghoul/.rbenv/versions/3.0.0/lib/ruby/gems/3.0.0/gems/activerecord-6.1.5/lib/active_record/railtie.rb:234&gt;&gt;, #&lt;Rails::Initializable::Initializer:0x0000558f2bcb0ab0 @name=&quot;active_record.set_executor_hooks&quot;, @context=#&lt;ActiveRecord::Railtie:0x0000558f29ee19a8 ...&gt;, @options={:after=&gt;&quot;active_record.set_reloader_hooks&quot;, :group=&gt;:default}, @block=#&lt;Proc:0x0000558f29eefeb8 /home/nameless_ghoul/.rbenv/versions/3.0.0/lib/ruby/gems/3.0.0/gems/activerecord-6.1.5/lib/active_record/railtie.rb:245&gt;&gt;, #&lt;Rails::Initializable::Initializer:0x0000558f2bcb0a60 @name=&quot;active_record.add_watchable_files&quot;, @context=#&lt;ActiveRecord::Railtie:0x0000558f29ee19a8 ...&gt;, @options={:after=&gt;&quot;active_record.set_executor_hooks&quot;, :group=&gt;:default}, @block=#&lt;Proc:0x0000558f29eefdc8 /home/nameless_ghoul/.rbenv/versions/3.0.0/lib/ruby/gems/3.0.0/gems/activerecord-6.1.5/lib/active_record/railtie.rb:249&gt;&gt;, #&lt;Rails::Initializable::Initializer:0x0000558f2bcb0a10 @name=&quot;active_record.clear_active_connections&quot;, @context=#&lt;ActiveRecord::Railtie:0x0000558f29ee19a8 ...&gt;, @options={:after=&gt;&quot;active_record.add_watchable_files&quot;, :group=&gt;:default}, @block=#&lt;Proc:0x0000558f29eefcd8 /home/nameless_ghoul/.rbenv/versions/3.0.0/lib/ruby/gems/3.0.0/gems/activerecord-6.1.5/lib/active_record/railtie.rb:254&gt;&gt;, #&lt;Rails::Initializable::Initializer:0x0000558f2bcb09c0 @name=&quot;active_record.set_filter_attributes&quot;, @context=#&lt;ActiveRecord::Railtie:0x0000558f29ee19a8 ...&gt;, @options={:after=&gt;&quot;active_record.clear_active_connections&quot;, :group=&gt;:default}, @block=#&lt;Proc:0x0000558f29eefbe8 /home/nameless_ghoul/.rbenv/versions/3.0.0/lib/ruby/gems/3.0.0/gems/activerecord-6.1.5/lib/active_record/railtie.rb:271&gt;&gt;, #&lt;Rails::Initializable::Initializer:0x0000558f2bcb0970 @name=&quot;active_record.set_signed_id_verifier_secret&quot;, @context=#&lt;ActiveRecord::Railtie:0x0000558f29ee19a8 ...&gt;, @options={:after=&gt;&quot;active_record.set_filter_attributes&quot;, :group=&gt;:default}, @block=#&lt;Proc:0x0000558f29eefaf8 /home/nameless_ghoul/.rbenv/versions/3.0.0/lib/ruby/gems/3.0.0/gems/activerecord-6.1.5/lib/active_record/railtie.rb:277&gt;&gt;]&gt;, #&lt;GlobalID::Railtie:0x0000558f29f997b0 @config=#&lt;Rails::Railtie::Configuration:0x0000558f29f996e8&gt;, @initializers=[#&lt;Rails::Initializable::Initializer:0x0000558f2bcb05b0 @name=&quot;global_id&quot;, @context=#&lt;GlobalID::Railtie:0x0000558f29f997b0 ...&gt;, @options={:group=&gt;:default}, @block=#&lt;Proc:0x0000558f29f99530 /home/nameless_ghoul/.rbenv/versions/3.0.0/lib/ruby/gems/3.0.0/gems/globalid-1.0.0/lib/global_id/railtie.rb:17&gt;&gt;]&gt;, #&lt;ActiveJob::Railtie:0x0000558f29fa66e0 @config=#&lt;Rails::Railtie::Configuration:0x0000558f29fa6618&gt;, @initializers=[#&lt;Rails::Initializable::Initializer:0x0000558f2bcb01c8 @name=&quot;active_job.logger&quot;, @context=#&lt;ActiveJob::Railtie:0x0000558f29fa66e0 ...&gt;, @options={:group=&gt;:default}, @block=#&lt;Proc:0x0000558f29fa6398 /home/nameless_ghoul/.rbenv/versions/3.0.0/lib/ruby/gems/3.0.0/gems/activejob-6.1.5/lib/active_job/railtie.rb:12&gt;&gt;, #&lt;Rails::Initializable::Initializer:0x0000558f2bcb0178 @name=&quot;active_job.custom_serializers&quot;, @context=#&lt;ActiveJob::Railtie:0x0000558f29fa66e0 ...&gt;, @options={:after=&gt;&quot;active_job.logger&quot;, :group=&gt;:default}, @block=#&lt;Proc:0x0000558f29fa62a8 /home/nameless_ghoul/.rbenv/versions/3.0.0/lib/ruby/gems/3.0.0/gems/activejob-6.1.5/lib/active_job/railtie.rb:16&gt;&gt;, #&lt;Rails::Initializable::Initializer:0x0000558f2bcb0128 @name=&quot;active_job.set_configs&quot;, @context=#&lt;ActiveJob::Railtie:0x0000558f29fa66e0 ...&gt;, @options={:after=&gt;&quot;active_job.custom_serializers&quot;, :group=&gt;:default}, @block=#&lt;Proc:0x0000558f29fa61b8 /home/nameless_ghoul/.rbenv/versions/3.0.0/lib/ruby/gems/3.0.0/gems/activejob-6.1.5/lib/active_job/railtie.rb:23&gt;&gt;, #&lt;Rails::Initializable::Initializer:0x0000558f2bcb00d8 @name=&quot;active_job.set_reloader_hook&quot;, @context=#&lt;ActiveJob::Railtie:0x0000558f29fa66e0 ...&gt;, @options={:after=&gt;&quot;active_job.set_configs&quot;, :group=&gt;:default}, @block=#&lt;Proc:0x0000558f29fa60c8 /home/nameless_ghoul/.rbenv/versions/3.0.0/lib/ruby/gems/3.0.0/gems/activejob-6.1.5/lib/active_job/railtie.rb:43&gt;&gt;]&gt;, #&lt;ActionMailer::Railtie:0x0000558f296d6d58 @config=#&lt;Rails::Railtie::Configuration:0x0000558f296d6790&gt;, @initializers=[#&lt;Rails::Initializable::Initializer:0x0000558f2bcbbca8 @name=&quot;action_mailer.logger&quot;, @context=#&lt;ActionMailer::Railtie:0x0000558f296d6d58 ...&gt;, @options={:group=&gt;:default}, @block=#&lt;Proc:0x0000558f296d5d90 /home/nameless_ghoul/.rbenv/versions/3.0.0/lib/ruby/gems/3.0.0/gems/actionmailer-6.1.5/lib/action_mailer/railtie.rb:13&gt;&gt;, #&lt;Rails::Initializable::Initializer:0x0000558f2bcbbc58 @name=&quot;action_mailer.set_configs&quot;, @context=#&lt;ActionMailer::Railtie:0x0000558f296d6d58 ...&gt;, @options={:after=&gt;&quot;action_mailer.logger&quot;, :group=&gt;:default}, @block=#&lt;Proc:0x0000558f296d52f0 /home/nameless_ghoul/.rbenv/versions/3.0.0/lib/ruby/gems/3.0.0/gems/actionmailer-6.1.5/lib/action_mailer/railtie.rb:17&gt;&gt;, #&lt;Rails::Initializable::Initializer:0x0000558f2bcbbc08 @name=&quot;action_mailer.set_autoload_paths&quot;, @context=#&lt;ActionMailer::Railtie:0x0000558f296d6d58 ...&gt;, @options={:after=&gt;&quot;action_mailer.set_configs&quot;, :group=&gt;:default}, @block=#&lt;Proc:0x0000558f296d5070 /home/nameless_ghoul/.rbenv/versions/3.0.0/lib/ruby/gems/3.0.0/gems/actionmailer-6.1.5/lib/action_mailer/railtie.rb:57&gt;&gt;, #&lt;Rails::Initializable::Initializer:0x0000558f2bcbbbb8 @name=&quot;action_mailer.compile_config_methods&quot;, @context=#&lt;ActionMailer::Railtie:0x0000558f296d6d58 ...&gt;, @options={:after=&gt;&quot;action_mailer.set_autoload_paths&quot;, :group=&gt;:default}, @block=#&lt;Proc:0x0000558f296d4f08 /home/nameless_ghoul/.rbenv/versions/3.0.0/lib/ruby/gems/3.0.0/gems/actionmailer-6.1.5/lib/action_mailer/railtie.rb:65&gt;&gt;, #&lt;Rails::Initializable::Initializer:0x0000558f2bcbbb68 @name=&quot;action_mailer.eager_load_actions&quot;, @context=#&lt;ActionMailer::Railtie:0x0000558f296d6d58 ...&gt;, @options={:after=&gt;&quot;action_mailer.compile_config_methods&quot;, :group=&gt;:default}, @block=#&lt;Proc:0x0000558f296d4da0 /home/nameless_ghoul/.rbenv/versions/3.0.0/lib/ruby/gems/3.0.0/gems/actionmailer-6.1.5/lib/action_mailer/railtie.rb:71&gt;&gt;]&gt;, #&lt;Rails::TestUnitRailtie:0x0000558f29e41408 @config=#&lt;Rails::Railtie::Configuration:0x0000558f29e41318&gt;, @initializers=[#&lt;Rails::Initializable::Initializer:0x0000558f2bcbb7a8 @name=&quot;test_unit.line_filtering&quot;, @context=#&lt;Rails::TestUnitRailtie:0x0000558f29e41408 ...&gt;, @options={:group=&gt;:default}, @block=#&lt;Proc:0x0000558f29e40e90 /home/nameless_ghoul/.rbenv/versions/3.0.0/lib/ruby/gems/3.0.0/gems/railties-6.1.5/lib/rails/test_unit/railtie.rb:19&gt;&gt;]&gt;, #&lt;Sprockets::Railtie:0x0000558f29c707f0 @config=#&lt;Rails::Railtie::Configuration:0x0000558f29c70728&gt;, @initializers=[#&lt;Rails::Initializable::Initializer:0x0000558f2bcbb3c0 @name=:set_default_precompile, @context=#&lt;Sprockets::Railtie:0x0000558f29c707f0 ...&gt;, @options={:group=&gt;:default}, @block=#&lt;Proc:0x0000558f29c7ff48 /home/nameless_ghoul/.rbenv/versions/3.0.0/lib/ruby/gems/3.0.0/gems/sprockets-rails-3.4.2/lib/sprockets/railtie.rb:108&gt;&gt;, #&lt;Rails::Initializable::Initializer:0x0000558f2bcbb370 @name=:quiet_assets, @context=#&lt;Sprockets::Railtie:0x0000558f29c707f0 ...&gt;, @options={:after=&gt;:set_default_precompile, :group=&gt;:default}, @block=#&lt;Proc:0x0000558f29c7fe58 /home/nameless_ghoul/.rbenv/versions/3.0.0/lib/ruby/gems/3.0.0/gems/sprockets-rails-3.4.2/lib/sprockets/railtie.rb:117&gt;&gt;, #&lt;Rails::Initializable::Initializer:0x0000558f2bcbb320 @name=:asset_url_processor, @context=#&lt;Sprockets::Railtie:0x0000558f29c707f0 ...&gt;, @options={:after=&gt;:quiet_assets, :group=&gt;:default}, @block=#&lt;Proc:0x0000558f29c7fd68 /home/nameless_ghoul/.rbenv/versions/3.0.0/lib/ruby/gems/3.0.0/gems/sprockets-rails-3.4.2/lib/sprockets/railtie.rb:123&gt;&gt;, #&lt;Rails::Initializable::Initializer:0x0000558f2bcbb2d0 @name=:asset_sourcemap_url_processor, @context=#&lt;Sprockets::Railtie:0x0000558f29c707f0 ...&gt;, @options={:after=&gt;:asset_url_processor, :group=&gt;:default}, @block=#&lt;Proc:0x0000558f29c7fc78 /home/nameless_ghoul/.rbenv/versions/3.0.0/lib/ruby/gems/3.0.0/gems/sprockets-rails-3.4.2/lib/sprockets/railtie.rb:129&gt;&gt;]&gt;, #&lt;SassC::Rails::Railtie:0x0000558f2ab6c038 @config=#&lt;Rails::Railtie::Configuration:0x0000558f2ab7ff48&gt;, @initializers=[#&lt;Rails::Initializable::Initializer:0x0000558f2bcbaf10 @name=:setup_sass, @context=#&lt;SassC::Rails::Railtie:0x0000558f2ab6c038 ...&gt;, @options={:group=&gt;:all}, @block=#&lt;Proc:0x0000558f2ab7f868 /home/nameless_ghoul/.rbenv/versions/3.0.0/lib/ruby/gems/3.0.0/gems/sassc-rails-2.1.2/lib/sassc/rails/railtie.rb:34&gt;&gt;, #&lt;Rails::Initializable::Initializer:0x0000558f2bcbaec0 @name=:setup_compression, @context=#&lt;SassC::Rails::Railtie:0x0000558f2ab6c038 ...&gt;, @options={:group=&gt;:all, :after=&gt;:setup_sass}, @block=#&lt;Proc:0x0000558f2ab7f750 /home/nameless_ghoul/.rbenv/versions/3.0.0/lib/ruby/gems/3.0.0/gems/sassc-rails-2.1.2/lib/sassc/rails/railtie.rb:72&gt;&gt;]&gt;, #&lt;Jbuilder::Railtie:0x0000558f2bcb3bc0 @initializers=[#&lt;Rails::Initializable::Initializer:0x0000558f2bcbab50 @name=:jbuilder, @context=#&lt;Jbuilder::Railtie:0x0000558f2bcb3bc0 ...&gt;, @options={:group=&gt;:default}, @block=#&lt;Proc:0x0000558f2adad388 /home/nameless_ghoul/.rbenv/versions/3.0.0/lib/ruby/gems/3.0.0/gems/jbuilder-2.11.5/lib/jbuilder/railtie.rb:6&gt;&gt;]&gt;, #&lt;ActiveStorageValidations::Railtie:0x0000558f2bcb3b20 @initializers=[]&gt;, #&lt;WillPaginate::Railtie:0x0000558f2bcb3a80 @initializers=[#&lt;Rails::Initializable::Initializer:0x0000558f2bcba498 @name=&quot;will_paginate&quot;, @context=#&lt;WillPaginate::Railtie:0x0000558f2bcb3a80 ...&gt;, @options={:group=&gt;:default}, @block=#&lt;Proc:0x0000558f2b37e050 /home/nameless_ghoul/.rbenv/versions/3.0.0/lib/ruby/gems/3.0.0/gems/will_paginate-3.3.1/lib/will_paginate/railtie.rb:7&gt;&gt;]&gt;, #&lt;Webdrivers::Railtie:0x0000558f2bcb39e0 @initializers=[]&gt;, #&lt;Rails::Controller::Testing::Railtie:0x0000558f2bcb3940 @initializers=[#&lt;Rails::Initializable::Initializer:0x0000558f2bcb9de0 @name=&quot;rails_controller_testing&quot;, @context=#&lt;Rails::Controller::Testing::Railtie:0x0000558f2bcb3940 ...&gt;, @options={:group=&gt;:default}, @block=#&lt;Proc:0x0000558f2b3bdb10 /home/nameless_ghoul/.rbenv/versions/3.0.0/lib/ruby/gems/3.0.0/gems/rails-controller-testing-1.0.5/lib/rails/controller/testing/railtie.rb:2&gt;&gt;]&gt;, #&lt;ActionView::Railtie:0x0000558f29ed2660 @_all_autoload_paths=[], @_all_load_paths=[&quot;/home/nameless_ghoul/.rbenv/versions/3.0.0/lib/ruby/gems/3.0.0/gems/actionview-6.1.5/lib&quot;], @app=nil, @config=#&lt;Rails::Engine::Configuration:0x0000558f29ee3b90 @root=#&lt;Pathname:/home/nameless_ghoul/.rbenv/versions/3.0.0/lib/ruby/gems/3.0.0/gems/actionview-6.1.5&gt;, @generators=#&lt;Rails::Configuration::Generators:0x0000558f29ee38c0 @aliases={}, @options={}, @fallbacks={}, @templates=[], @colorize_logging=true, @api_only=false, @hidden_namespaces=[&quot;sass&quot;], @after_generate_callbacks=[]&gt;, @middleware=#&lt;Rails::Configuration::MiddlewareStackProxy:0x0000558f29ee3730 @operations=[], @delete_operations=[]&gt;, @javascript_path=&quot;javascript&quot;, @autoload_once_paths=[], @paths=#&lt;Rails::Paths::Root:0x0000558f2bcda9c8 @path=#&lt;Pathname:/home/nameless_ghoul/.rbenv/versions/3.0.0/lib/ruby/gems/3.0.0/gems/actionview-6.1.5&gt;, @root={&quot;app&quot;=&gt;#&lt;Rails::Paths::Path:0x0000558f2bcda838 @paths=[&quot;app&quot;], @current=&quot;app&quot;, @root=#&lt;Rails::Paths::Root:0x0000558f2bcda9c8 ...&gt;, @glob=&quot;{*,*/concerns}&quot;, @exclude=[&quot;assets&quot;, &quot;javascript&quot;], @autoload_once=false, @eager_load=true, @autoload=false, @load_path=false&gt;, &quot;app/assets&quot;=&gt;#&lt;Rails::Paths::Path:0x0000558f2bcda6f8 @paths=[&quot;app/assets&quot;], @current=&quot;app/assets&quot;, @root=#&lt;Rails::Paths::Root:0x0000558f2bcda9c8 ...&gt;, @glob=&quot;*&quot;, @exclude=nil, @autoload_once=false, @eager_load=false, @autoload=false, @load_path=false&gt;, &quot;app/controllers&quot;=&gt;#&lt;Rails::Paths::Path:0x0000558f2bcda630 @paths=[&quot;app/controllers&quot;], @current=&quot;app/controllers&quot;, @root=#&lt;Rails::Paths::Root:0x0000558f2bcda9c8 ...&gt;, @glob=nil, @exclude=nil, @autoload_once=false, @eager_load=true, @autoload=false, @load_path=false&gt;, &quot;app/channels&quot;=&gt;#&lt;Rails::Paths::Path:0x0000558f2bcda590 @paths=[&quot;app/channels&quot;], @current=&quot;app/channels&quot;, @root=#&lt;Rails::Paths::Root:0x0000558f2bcda9c8 ...&gt;, @glob=&quot;**/*_channel.rb&quot;, @exclude=nil, @autoload_once=false, @eager_load=true, @autoload=false, @load_path=false&gt;, &quot;app/helpers&quot;=&gt;#&lt;Rails::Paths::Path:0x0000558f2bcda4f0 @paths=[&quot;app/helpers&quot;], @current=&quot;app/helpers&quot;, @root=#&lt;Rails::Paths::Root:0x0000558f2bcda9c8 ...&gt;, @glob=nil, @exclude=nil, @autoload_once=false, @eager_load=true, @autoload=false, @load_path=false&gt;, &quot;app/models&quot;=&gt;#&lt;Rails::Paths::Path:0x0000558f2bcda450 @paths=[&quot;app/models&quot;], @current=&quot;app/models&quot;, @root=#&lt;Rails::Paths::Root:0x0000558f2bcda9c8 ...&gt;, @glob=nil, @exclude=nil, @autoload_once=false, @eager_load=true, @autoload=false, @load_path=false&gt;, &quot;app/mailers&quot;=&gt;#&lt;Rails::Paths::Path:0x0000558f2bcda3b0 @paths=[&quot;app/mailers&quot;], @current=&quot;app/mailers&quot;, @root=#&lt;Rails::Paths::Root:0x0000558f2bcda9c8 ...&gt;, @glob=nil, @exclude=nil, @autoload_once=false, @eager_load=true, @autoload=false, @load_path=false&gt;, &quot;app/views&quot;=&gt;#&lt;Rails::Paths::Path:0x0000558f2bcda310 @paths=[&quot;app/views&quot;], @current=&quot;app/views&quot;, @root=#&lt;Rails::Paths::Root:0x0000558f2bcda9c8 ...&gt;, @glob=nil, @exclude=nil, @autoload_once=false, @eager_load=false, @autoload=false, @load_path=false&gt;, &quot;lib&quot;=&gt;#&lt;Rails::Paths::Path:0x0000558f2bcda270 @paths=[&quot;lib&quot;], @current=&quot;lib&quot;, @root=#&lt;Rails::Paths::Root:0x0000558f2bcda9c8 ...&gt;, @glob=nil, @exclude=nil, @autoload_once=false, @eager_load=false, @autoload=false, @load_path=true&gt;, &quot;lib/assets&quot;=&gt;#&lt;Rails::Paths::Path:0x0000558f2bcda1a8 @paths=[&quot;lib/assets&quot;], @current=&quot;lib/assets&quot;, @root=#&lt;Rails::Paths::Root:0x0000558f2bcda9c8 ...&gt;, @glob=&quot;*&quot;, @exclude=nil, @autoload_once=false, @eager_load=false, @autoload=false, @load_path=false&gt;, &quot;lib/tasks&quot;=&gt;#&lt;Rails::Paths::Path:0x0000558f2bcda108 @paths=[&quot;lib/tasks&quot;], @current=&quot;lib/tasks&quot;, @root=#&lt;Rails::Paths::Root:0x0000558f2bcda9c8 ...&gt;, @glob=&quot;**/*.rake&quot;, @exclude=nil, @autoload_once=false, @eager_load=false, @autoload=false, @load_path=false&gt;, &quot;config&quot;=&gt;#&lt;Rails::Paths::Path:0x0000558f2bcda090 @paths=[&quot;config&quot;], @current=&quot;config&quot;, @root=#&lt;Rails::Paths::Root:0x0000558f2bcda9c8 ...&gt;, @glob=nil, @exclude=nil, @autoload_once=false, @eager_load=false, @autoload=false, @load_path=false&gt;, &quot;config/environments&quot;=&gt;#&lt;Rails::Paths::Path:0x0000558f2bcd9fc8 @paths=[&quot;config/environments&quot;], @current=&quot;config/environments&quot;, @root=#&lt;Rails::Paths::Root:0x0000558f2bcda9c8 ...&gt;, @glob=&quot;test.rb&quot;, @exclude=nil, @autoload_once=false, @eager_load=false, @autoload=false, @load_path=false&gt;, &quot;config/initializers&quot;=&gt;#&lt;Rails::Paths::Path:0x0000558f2bcd9f28 @paths=[&quot;config/initializers&quot;], @current=&quot;config/initializers&quot;, @root=#&lt;Rails::Paths::Root:0x0000558f2bcda9c8 ...&gt;, @glob=&quot;**/*.rb&quot;, @exclude=nil, @autoload_once=false, @eager_load=false, @autoload=false, @load_path=false&gt;, &quot;config/locales&quot;=&gt;#&lt;Rails::Paths::Path:0x0000558f2bcd9e88 @paths=[&quot;config/locales&quot;], @current=&quot;config/locales&quot;, @root=#&lt;Rails::Paths::Root:0x0000558f2bcda9c8 ...&gt;, @glob=&quot;*.{rb,yml}&quot;, @exclude=nil, @autoload_once=false, @eager_load=false, @autoload=false, @load_path=false&gt;, &quot;config/routes.rb&quot;=&gt;#&lt;Rails::Paths::Path:0x0000558f2bcd9e10 @paths=[&quot;config/routes.rb&quot;], @current=&quot;config/routes.rb&quot;, @root=#&lt;Rails::Paths::Root:0x0000558f2bcda9c8 ...&gt;, @glob=nil, @exclude=nil, @autoload_once=false, @eager_load=false, @autoload=false, @load_path=false&gt;, &quot;config/routes&quot;=&gt;#&lt;Rails::Paths::Path:0x0000558f2bcd9d70 @paths=[&quot;config/routes&quot;], @current=&quot;config/routes&quot;, @root=#&lt;Rails::Paths::Root:0x0000558f2bcda9c8 ...&gt;, @glob=&quot;**/*.rb&quot;, @exclude=nil, @autoload_once=false, @eager_load=false, @autoload=false, @load_path=false&gt;, &quot;db&quot;=&gt;#&lt;Rails::Paths::Path:0x0000558f2bcd9cf8 @paths=[&quot;db&quot;], @current=&quot;db&quot;, @root=#&lt;Rails::Paths::Root:0x0000558f2bcda9c8 ...&gt;, @glob=nil, @exclude=nil, @autoload_once=false, @eager_load=false, @autoload=false, @load_path=false&gt;, &quot;db/migrate&quot;=&gt;#&lt;Rails::Paths::Path:0x0000558f2bcd9c80 @paths=[&quot;db/migrate&quot;], @current=&quot;db/migrate&quot;, @root=#&lt;Rails::Paths::Root:0x0000558f2bcda9c8 ...&gt;, @glob=nil, @exclude=nil, @autoload_once=false, @eager_load=false, @autoload=false, @load_path=false&gt;, &quot;db/seeds.rb&quot;=&gt;#&lt;Rails::Paths::Path:0x0000558f2bcd9c08 @paths=[&quot;db/seeds.rb&quot;], @current=&quot;db/seeds.rb&quot;, @root=#&lt;Rails::Paths::Root:0x0000558f2bcda9c8 ...&gt;, @glob=nil, @exclude=nil, @autoload_once=false, @eager_load=false, @autoload=false, @load_path=false&gt;, &quot;vendor&quot;=&gt;#&lt;Rails::Paths::Path:0x0000558f2bcd9b68 @paths=[&quot;vendor&quot;], @current=&quot;vendor&quot;, @root=#&lt;Rails::Paths::Root:0x0000558f2bcda9c8 ...&gt;, @glob=nil, @exclude=nil, @autoload_once=false, @eager_load=false, @autoload=false, @load_path=true&gt;, &quot;vendor/assets&quot;=&gt;#&lt;Rails::Paths::Path:0x0000558f2bcd9ac8 @paths=[&quot;vendor/assets&quot;], @current=&quot;vendor/assets&quot;, @root=#&lt;Rails::Paths::Root:0x0000558f2bcda9c8 ...&gt;, @glob=&quot;*&quot;, @exclude=nil, @autoload_once=false, @eager_load=false, @autoload=false, @load_path=false&gt;}&gt;, @autoload_paths=[], @eager_load_paths=[]&gt;, @env_config=nil, @helpers=nil, @routes=#&lt;ActionDispatch::Routing::RouteSet:0x0000558f2c003c08&gt;, @app_build_lock=#&lt;Thread::Mutex:0x0000558f29ed2610&gt;, @initializers=[#&lt;Rails::Initializable::Initializer:0x0000558f2bcb9930 @name=:load_environment_config, @context=#&lt;ActionView::Railtie:0x0000558f29ed2660 ...&gt;, @options={:before=&gt;:load_environment_hook, :group=&gt;:all}, @block=#&lt;Proc:0x0000558f29b2c858 /home/nameless_ghoul/.rbenv/versions/3.0.0/lib/ruby/gems/3.0.0/gems/railties-6.1.5/lib/rails/engine.rb:569&gt;&gt;, #&lt;Rails::Initializable::Initializer:0x0000558f2bcb98e0 @name=:set_load_path, @context=#&lt;ActionView::Railtie:0x0000558f29ed2660 ...&gt;, @options={:before=&gt;:bootstrap_hook, :after=&gt;:load_environment_config, :group=&gt;:default}, @block=#&lt;Proc:0x0000558f29b2c678 /home/nameless_ghoul/.rbenv/versions/3.0.0/lib/ruby/gems/3.0.0/gems/railties-6.1.5/lib/rails/engine.rb:575&gt;&gt;, #&lt;Rails::Initializable::Initializer:0x0000558f2bcb9890 @name=:set_autoload_paths, @context=#&lt;ActionView::Railtie:0x0000558f29ed2660 ...&gt;, @options={:before=&gt;:bootstrap_hook, :after=&gt;:set_load_path, :group=&gt;:default}, @block=#&lt;Proc:0x0000558f29b2c4e8 /home/nameless_ghoul/.rbenv/versions/3.0.0/lib/ruby/gems/3.0.0/gems/railties-6.1.5/lib/rails/engine.rb:587&gt;&gt;, #&lt;Rails::Initializable::Initializer:0x0000558f2bcb9840 @name=:set_eager_load_paths, @context=#&lt;ActionView::Railtie:0x0000558f29ed2660 ...&gt;, @options={:before=&gt;:bootstrap_hook, :after=&gt;:set_autoload_paths, :group=&gt;:default}, @block=#&lt;Proc:0x0000558f29b2c3d0 /home/nameless_ghoul/.rbenv/versions/3.0.0/lib/ruby/gems/3.0.0/gems/railties-6.1.5/lib/rails/engine.rb:595&gt;&gt;, #&lt;Rails::Initializable::Initializer:0x0000558f2bcb97f0 @name=:add_routing_paths, @context=#&lt;ActionView::Railtie:0x0000558f29ed2660 ...&gt;, @options={:after=&gt;:set_eager_load_paths, :group=&gt;:default}, @block=#&lt;Proc:0x0000558f29b2c2b8 /home/nameless_ghoul/.rbenv/versions/3.0.0/lib/ruby/gems/3.0.0/gems/railties-6.1.5/lib/rails/engine.rb:600&gt;&gt;, #&lt;Rails::Initializable::Initializer:0x0000558f2bcb97a0 @name=:add_locales, @context=#&lt;ActionView::Railtie:0x0000558f29ed2660 ...&gt;, @options={:after=&gt;:add_routing_paths, :group=&gt;:default}, @block=#&lt;Proc:0x0000558f29b2c1c8 /home/nameless_ghoul/.rbenv/versions/3.0.0/lib/ruby/gems/3.0.0/gems/railties-6.1.5/lib/rails/engine.rb:614&gt;&gt;, #&lt;Rails::Initializable::Initializer:0x0000558f2bcb9750 @name=:add_view_paths, @context=#&lt;ActionView::Railtie:0x0000558f29ed2660 ...&gt;, @options={:after=&gt;:add_locales, :group=&gt;:default}, @block=#&lt;Proc:0x0000558f29b2c0d8 /home/nameless_ghoul/.rbenv/versions/3.0.0/lib/ruby/gems/3.0.0/gems/railties-6.1.5/lib/rails/engine.rb:618&gt;&gt;, #&lt;Rails::Initializable::Initializer:0x0000558f2bcb9700 @name=:prepend_helpers_path, @context=#&lt;ActionView::Railtie:0x0000558f29ed2660 ...&gt;, @options={:after=&gt;:add_view_paths, :group=&gt;:default}, @block=#&lt;Proc:0x0000558f28f17f18 /home/nameless_ghoul/.rbenv/versions/3.0.0/lib/ruby/gems/3.0.0/gems/railties-6.1.5/lib/rails/engine.rb:626&gt;&gt;, #&lt;Rails::Initializable::Initializer:0x0000558f2bcb96b0 @name=:load_config_initializers, @context=#&lt;ActionView::Railtie:0x0000558f29ed2660 ...&gt;, @options={:after=&gt;:prepend_helpers_path, :group=&gt;:default}, @block=#&lt;Proc:0x0000558f28f17608 /home/nameless_ghoul/.rbenv/versions/3.0.0/lib/ruby/gems/3.0.0/gems/railties-6.1.5/lib/rails/engine.rb:632&gt;&gt;, #&lt;Rails::Initializable::Initializer:0x0000558f2bcb9660 @name=:wrap_executor_around_load_seed, @context=#&lt;ActionView::Railtie:0x0000558f29ed2660 ...&gt;, @options={:after=&gt;:load_config_initializers, :group=&gt;:default}, @block=#&lt;Proc:0x0000558f28f16e60 /home/nameless_ghoul/.rbenv/versions/3.0.0/lib/ruby/gems/3.0.0/gems/railties-6.1.5/lib/rails/engine.rb:638&gt;&gt;, #&lt;Rails::Initializable::Initializer:0x0000558f2bcb9610 @name=:engines_blank_point, @context=#&lt;ActionView::Railtie:0x0000558f29ed2660 ...&gt;, @options={:after=&gt;:wrap_executor_around_load_seed, :group=&gt;:default}, @block=#&lt;Proc:0x0000558f28f16960 /home/nameless_ghoul/.rbenv/versions/3.0.0/lib/ruby/gems/3.0.0/gems/railties-6.1.5/lib/rails/engine.rb:644&gt;&gt;, #&lt;Rails::Initializable::Initializer:0x0000558f2bcb95c0 @name=:append_assets_path, @context=#&lt;ActionView::Railtie:0x0000558f29ed2660 ...&gt;, @options={:group=&gt;:all, :after=&gt;:engines_blank_point}, @block=#&lt;Proc:0x0000558f29c70d40 /home/nameless_ghoul/.rbenv/versions/3.0.0/lib/ruby/gems/3.0.0/gems/sprockets-rails-3.4.2/lib/sprockets/railtie.rb:60&gt;&gt;, #&lt;Rails::Initializable::Initializer:0x0000558f2bcb9570 @name=&quot;action_view.logger&quot;, @context=#&lt;ActionView::Railtie:0x0000558f29ed2660 ...&gt;, @options={:group=&gt;:default}, @block=#&lt;Proc:0x0000558f29ee2d80 /home/nameless_ghoul/.rbenv/versions/3.0.0/lib/ruby/gems/3.0.0/gems/actionview-6.1.5/lib/action_view/railtie.rb:58&gt;&gt;, #&lt;Rails::Initializable::Initializer:0x0000558f2bcb9520 @name=&quot;action_view.caching&quot;, @context=#&lt;ActionView::Railtie:0x0000558f29ed2660 ...&gt;, @options={:after=&gt;&quot;action_view.logger&quot;, :group=&gt;:default}, @block=#&lt;Proc:0x0000558f29ee2c90 /home/nameless_ghoul/.rbenv/versions/3.0.0/lib/ruby/gems/3.0.0/gems/actionview-6.1.5/lib/action_view/railtie.rb:62&gt;&gt;, #&lt;Rails::Initializable::Initializer:0x0000558f2bcb94d0 @name=&quot;action_view.setup_action_pack&quot;, @context=#&lt;ActionView::Railtie:0x0000558f29ed2660 ...&gt;, @options={:after=&gt;&quot;action_view.caching&quot;, :group=&gt;:default}, @block=#&lt;Proc:0x0000558f29ee2ba0 /home/nameless_ghoul/.rbenv/versions/3.0.0/lib/ruby/gems/3.0.0/gems/actionview-6.1.5/lib/action_view/railtie.rb:70&gt;&gt;, #&lt;Rails::Initializable::Initializer:0x0000558f2bcb9480 @name=&quot;action_view.collection_caching&quot;, @context=#&lt;ActionView::Railtie:0x0000558f29ed2660 ...&gt;, @options={:after=&gt;&quot;action_controller.set_configs&quot;, :group=&gt;:default}, @block=#&lt;Proc:0x0000558f29ee2a88 /home/nameless_ghoul/.rbenv/versions/3.0.0/lib/ruby/gems/3.0.0/gems/actionview-6.1.5/lib/action_view/railtie.rb:76&gt;&gt;]&gt;, #&lt;ActiveStorage::Engine:0x0000558f2a1d6aa0 @_all_autoload_paths=[&quot;/home/nameless_ghoul/.rbenv/versions/3.0.0/lib/ruby/gems/3.0.0/gems/activestorage-6.1.5/app/controllers&quot;, &quot;/home/nameless_ghoul/.rbenv/versions/3.0.0/lib/ruby/gems/3.0.0/gems/activestorage-6.1.5/app/controllers/concerns&quot;, &quot;/home/nameless_ghoul/.rbenv/versions/3.0.0/lib/ruby/gems/3.0.0/gems/activestorage-6.1.5/app/jobs&quot;, &quot;/home/nameless_ghoul/.rbenv/versions/3.0.0/lib/ruby/gems/3.0.0/gems/activestorage-6.1.5/app/models&quot;], @_all_load_paths=[&quot;/home/nameless_ghoul/.rbenv/versions/3.0.0/lib/ruby/gems/3.0.0/gems/activestorage-6.1.5/lib&quot;, &quot;/home/nameless_ghoul/.rbenv/versions/3.0.0/lib/ruby/gems/3.0.0/gems/activestorage-6.1.5/app/controllers&quot;, &quot;/home/nameless_ghoul/.rbenv/versions/3.0.0/lib/ruby/gems/3.0.0/gems/activestorage-6.1.5/app/controllers/concerns&quot;, &quot;/home/nameless_ghoul/.rbenv/versions/3.0.0/lib/ruby/gems/3.0.0/gems/activestorage-6.1.5/app/jobs&quot;, &quot;/home/nameless_ghoul/.rbenv/versions/3.0.0/lib/ruby/gems/3.0.0/gems/activestorage-6.1.5/app/models&quot;], @app=nil, @config=#&lt;Rails::Engine::Configuration:0x0000558f29538910 @root=#&lt;Pathname:/home/nameless_ghoul/.rbenv/versions/3.0.0/lib/ruby/gems/3.0.0/gems/activestorage-6.1.5&gt;, @generators=#&lt;Rails::Configuration::Generators:0x0000558f29538870 @aliases={}, @options={:rails=&gt;{:orm=&gt;:active_record}, :active_record=&gt;{:migration=&gt;true, :timestamps=&gt;true}}, @fallbacks={}, @templates=[], @colorize_logging=true, @api_only=false, @hidden_namespaces=[&quot;sass&quot;], @after_generate_callbacks=[]&gt;, @middleware=#&lt;Rails::Configuration::MiddlewareStackProxy:0x0000558f295384b0 @operations=[], @delete_operations=[]&gt;, @javascript_path=&quot;javascript&quot;, @autoload_once_paths=[], @paths=#&lt;Rails::Paths::Root:0x0000558f2bcd9640 @path=#&lt;Pathname:/home/nameless_ghoul/.rbenv/versions/3.0.0/lib/ruby/gems/3.0.0/gems/activestorage-6.1.5&gt;, @root={&quot;app&quot;=&gt;#&lt;Rails::Paths::Path:0x0000558f2bcd9578 @paths=[&quot;app&quot;], @current=&quot;app&quot;, @root=#&lt;Rails::Paths::Root:0x0000558f2bcd9640 ...&gt;, @glob=&quot;{*,*/concerns}&quot;, @exclude=[&quot;assets&quot;, &quot;javascript&quot;], @autoload_once=false, @eager_load=true, @autoload=false, @load_path=false&gt;, &quot;app/assets&quot;=&gt;#&lt;Rails::Paths::Path:0x0000558f2bcd9500 @paths=[&quot;app/assets&quot;], @current=&quot;app/assets&quot;, @root=#&lt;Rails::Paths::Root:0x0000558f2bcd9640 ...&gt;, @glob=&quot;*&quot;, @exclude=nil, @autoload_once=false, @eager_load=false, @autoload=false, @load_path=false&gt;, &quot;app/controllers&quot;=&gt;#&lt;Rails::Paths::Path:0x0000558f2bcd9488 @paths=[&quot;app/controllers&quot;], @current=&quot;app/controllers&quot;, @root=#&lt;Rails::Paths::Root:0x0000558f2bcd9640 ...&gt;, @glob=nil, @exclude=nil, @autoload_once=false, @eager_load=true, @autoload=false, @load_path=false&gt;, &quot;app/channels&quot;=&gt;#&lt;Rails::Paths::Path:0x0000558f2bcd9410 @paths=[&quot;app/channels&quot;], @current=&quot;app/channels&quot;, @root=#&lt;Rails::Paths::Root:0x0000558f2bcd9640 ...&gt;, @glob=&quot;**/*_channel.rb&quot;, @exclude=nil, @autoload_once=false, @eager_load=true, @autoload=false, @load_path=false&gt;, &quot;app/helpers&quot;=&gt;#&lt;Rails::Paths::Path:0x0000558f2bcd9398 @paths=[&quot;app/helpers&quot;], @current=&quot;app/helpers&quot;, @root=#&lt;Rails::Paths::Root:0x0000558f2bcd9640 ...&gt;, @glob=nil, @exclude=nil, @autoload_once=false, @eager_load=true, @autoload=false, @load_path=false&gt;, &quot;app/models&quot;=&gt;#&lt;Rails::Paths::Path:0x0000558f2bcd9320 @paths=[&quot;app/models&quot;], @current=&quot;app/models&quot;, @root=#&lt;Rails::Paths::Root:0x0000558f2bcd9640 ...&gt;, @glob=nil, @exclude=nil, @autoload_once=false, @eager_load=true, @autoload=false, @load_path=false&gt;, &quot;app/mailers&quot;=&gt;#&lt;Rails::Paths::Path:0x0000558f2bcd92a8 @paths=[&quot;app/mailers&quot;], @current=&quot;app/mailers&quot;, @root=#&lt;Rails::Paths::Root:0x0000558f2bcd9640 ...&gt;, @glob=nil, @exclude=nil, @autoload_once=false, @eager_load=true, @autoload=false, @load_path=false&gt;, &quot;app/views&quot;=&gt;#&lt;Rails::Paths::Path:0x0000558f2bcd9230 @paths=[&quot;app/views&quot;], @current=&quot;app/views&quot;, @root=#&lt;Rails::Paths::Root:0x0000558f2bcd9640 ...&gt;, @glob=nil, @exclude=nil, @autoload_once=false, @eager_load=false, @autoload=false, @load_path=false&gt;, &quot;lib&quot;=&gt;#&lt;Rails::Paths::Path:0x0000558f2bcd91b8 @paths=[&quot;lib&quot;], @current=&quot;lib&quot;, @root=#&lt;Rails::Paths::Root:0x0000558f2bcd9640 ...&gt;, @glob=nil, @exclude=nil, @autoload_once=false, @eager_load=false, @autoload=false, @load_path=true&gt;, &quot;lib/assets&quot;=&gt;#&lt;Rails::Paths::Path:0x0000558f2bcd9140 @paths=[&quot;lib/assets&quot;], @current=&quot;lib/assets&quot;, @root=#&lt;Rails::Paths::Root:0x0000558f2bcd9640 ...&gt;, @glob=&quot;*&quot;, @exclude=nil, @autoload_once=false, @eager_load=false, @autoload=false, @load_path=false&gt;, &quot;lib/tasks&quot;=&gt;#&lt;Rails::Paths::Path:0x0000558f2bcd90c8 @paths=[&quot;lib/tasks&quot;], @current=&quot;lib/tasks&quot;, @root=#&lt;Rails::Paths::Root:0x0000558f2bcd9640 ...&gt;, @glob=&quot;**/*.rake&quot;, @exclude=nil, @autoload_once=false, @eager_load=false, @autoload=false, @load_path=false&gt;, &quot;config&quot;=&gt;#&lt;Rails::Paths::Path:0x0000558f2bcd9050 @paths=[&quot;config&quot;], @current=&quot;config&quot;, @root=#&lt;Rails::Paths::Root:0x0000558f2bcd9640 ...&gt;, @glob=nil, @exclude=nil, @autoload_once=false, @eager_load=false, @autoload=false, @load_path=false&gt;, &quot;config/environments&quot;=&gt;#&lt;Rails::Paths::Path:0x0000558f2bcd8fb0 @paths=[&quot;config/environments&quot;], @current=&quot;config/environments&quot;, @root=#&lt;Rails::Paths::Root:0x0000558f2bcd9640 ...&gt;, @glob=&quot;test.rb&quot;, @exclude=nil, @autoload_once=false, @eager_load=false, @autoload=false, @load_path=false&gt;, &quot;config/initializers&quot;=&gt;#&lt;Rails::Paths::Path:0x0000558f2bcd8f38 @paths=[&quot;config/initializers&quot;], @current=&quot;config/initializers&quot;, @root=#&lt;Rails::Paths::Root:0x0000558f2bcd9640 ...&gt;, @glob=&quot;**/*.rb&quot;, @exclude=nil, @autoload_once=false, @eager_load=false, @autoload=false, @load_path=false&gt;, &quot;config/locales&quot;=&gt;#&lt;Rails::Paths::Path:0x0000558f2bcd8ec0 @paths=[&quot;config/locales&quot;], @current=&quot;config/locales&quot;, @root=#&lt;Rails::Paths::Root:0x0000558f2bcd9640 ...&gt;, @glob=&quot;*.{rb,yml}&quot;, @exclude=nil, @autoload_once=false, @eager_load=false, @autoload=false, @load_path=false&gt;, &quot;config/routes.rb&quot;=&gt;#&lt;Rails::Paths::Path:0x0000558f2bcd8e48 @paths=[&quot;config/routes.rb&quot;], @current=&quot;config/routes.rb&quot;, @root=#&lt;Rails::Paths::Root:0x0000558f2bcd9640 ...&gt;, @glob=nil, @exclude=nil, @autoload_once=false, @eager_load=false, @autoload=false, @load_path=false&gt;, &quot;config/routes&quot;=&gt;#&lt;Rails::Paths::Path:0x0000558f2bcd8dd0 @paths=[&quot;config/routes&quot;], @current=&quot;config/routes&quot;, @root=#&lt;Rails::Paths::Root:0x0000558f2bcd9640 ...&gt;, @glob=&quot;**/*.rb&quot;, @exclude=nil, @autoload_once=false, @eager_load=false, @autoload=false, @load_path=false&gt;, &quot;db&quot;=&gt;#&lt;Rails::Paths::Path:0x0000558f2bcd8d58 @paths=[&quot;db&quot;], @current=&quot;db&quot;, @root=#&lt;Rails::Paths::Root:0x0000558f2bcd9640 ...&gt;, @glob=nil, @exclude=nil, @autoload_once=false, @eager_load=false, @autoload=false, @load_path=false&gt;, &quot;db/migrate&quot;=&gt;#&lt;Rails::Paths::Path:0x0000558f2bcd8ce0 @paths=[&quot;db/migrate&quot;], @current=&quot;db/migrate&quot;, @root=#&lt;Rails::Paths::Root:0x0000558f2bcd9640 ...&gt;, @glob=nil, @exclude=nil, @autoload_once=false, @eager_load=false, @autoload=false, @load_path=false&gt;, &quot;db/seeds.rb&quot;=&gt;#&lt;Rails::Paths::Path:0x0000558f2bcd8c68 @paths=[&quot;db/seeds.rb&quot;], @current=&quot;db/seeds.rb&quot;, @root=#&lt;Rails::Paths::Root:0x0000558f2bcd9640 ...&gt;, @glob=nil, @exclude=nil, @autoload_once=false, @eager_load=false, @autoload=false, @load_path=false&gt;, &quot;vendor&quot;=&gt;#&lt;Rails::Paths::Path:0x0000558f2bcd8bf0 @paths=[&quot;vendor&quot;], @current=&quot;vendor&quot;, @root=#&lt;Rails::Paths::Root:0x0000558f2bcd9640 ...&gt;, @glob=nil, @exclude=nil, @autoload_once=false, @eager_load=false, @autoload=false, @load_path=true&gt;, &quot;vendor/assets&quot;=&gt;#&lt;Rails::Paths::Path:0x0000558f2bcd8b78 @paths=[&quot;vendor/assets&quot;], @current=&quot;vendor/assets&quot;, @root=#&lt;Rails::Paths::Root:0x0000558f2bcd9640 ...&gt;, @glob=&quot;*&quot;, @exclude=nil, @autoload_once=false, @eager_load=false, @autoload=false, @load_path=false&gt;}&gt;, @autoload_paths=[], @eager_load_paths=[&quot;/home/nameless_ghoul/.rbenv/versions/3.0.0/lib/ruby/gems/3.0.0/gems/activestorage-6.1.5/app/controllers&quot;, &quot;/home/nameless_ghoul/.rbenv/versions/3.0.0/lib/ruby/gems/3.0.0/gems/activestorage-6.1.5/app/controllers/concerns&quot;, &quot;/home/nameless_ghoul/.rbenv/versions/3.0.0/lib/ruby/gems/3.0.0/gems/activestorage-6.1.5/app/jobs&quot;, &quot;/home/nameless_ghoul/.rbenv/versions/3.0.0/lib/ruby/gems/3.0.0/gems/activestorage-6.1.5/app/models&quot;]&gt;, @env_config=nil, @helpers=nil, @routes=#&lt;ActionDispatch::Routing::RouteSet:0x0000558f29538258&gt;, @app_build_lock=#&lt;Thread::Mutex:0x0000558f2a1d6a78&gt;, @initializers=[#&lt;Rails::Initializable::Initializer:0x0000558f2bcb8fa8 @name=:load_environment_config, @context=#&lt;ActiveStorage::Engine:0x0000558f2a1d6aa0 ...&gt;, @options={:before=&gt;:load_environment_hook, :group=&gt;:all}, @block=#&lt;Proc:0x0000558f29b2c858 /home/nameless_ghoul/.rbenv/versions/3.0.0/lib/ruby/gems/3.0.0/gems/railties-6.1.5/lib/rails/engine.rb:569&gt;&gt;, #&lt;Rails::Initializable::Initializer:0x0000558f2bcb8f58 @name=:set_load_path, @context=#&lt;ActiveStorage::Engine:0x0000558f2a1d6aa0 ...&gt;, @options={:before=&gt;:bootstrap_hook, :after=&gt;:load_environment_config, :group=&gt;:default}, @block=#&lt;Proc:0x0000558f29b2c678 /home/nameless_ghoul/.rbenv/versions/3.0.0/lib/ruby/gems/3.0.0/gems/railties-6.1.5/lib/rails/engine.rb:575&gt;&gt;, #&lt;Rails::Initializable::Initializer:0x0000558f2bcb8f08 @name=:set_autoload_paths, @context=#&lt;ActiveStorage::Engine:0x0000558f2a1d6aa0 ...&gt;, @options={:before=&gt;:bootstrap_hook, :after=&gt;:set_load_path, :group=&gt;:default}, @block=#&lt;Proc:0x0000558f29b2c4e8 /home/nameless_ghoul/.rbenv/versions/3.0.0/lib/ruby/gems/3.0.0/gems/railties-6.1.5/lib/rails/engine.rb:587&gt;&gt;, #&lt;Rails::Initializable::Initializer:0x0000558f2bcb8eb8 @name=:set_eager_load_paths, @context=#&lt;ActiveStorage::Engine:0x0000558f2a1d6aa0 ...&gt;, @options={:before=&gt;:bootstrap_hook, :after=&gt;:set_autoload_paths, :group=&gt;:default}, @block=#&lt;Proc:0x0000558f29b2c3d0 /home/nameless_ghoul/.rbenv/versions/3.0.0/lib/ruby/gems/3.0.0/gems/railties-6.1.5/lib/rails/engine.rb:595&gt;&gt;, #&lt;Rails::Initializable::Initializer:0x0000558f2bcb8e68 @name=:add_routing_paths, @context=#&lt;ActiveStorage::Engine:0x0000558f2a1d6aa0 ...&gt;, @options={:after=&gt;:set_eager_load_paths, :group=&gt;:default}, @block=#&lt;Proc:0x0000558f29b2c2b8 /home/nameless_ghoul/.rbenv/versions/3.0.0/lib/ruby/gems/3.0.0/gems/railties-6.1.5/lib/rails/engine.rb:600&gt;&gt;, #&lt;Rails::Initializable::Initializer:0x0000558f2bcb8e18 @name=:add_locales, @context=#&lt;ActiveStorage::Engine:0x0000558f2a1d6aa0 ...&gt;, @options={:after=&gt;:add_routing_paths, :group=&gt;:default}, @block=#&lt;Proc:0x0000558f29b2c1c8 /home/nameless_ghoul/.rbenv/versions/3.0.0/lib/ruby/gems/3.0.0/gems/railties-6.1.5/lib/rails/engine.rb:614&gt;&gt;, #&lt;Rails::Initializable::Initializer:0x0000558f2bcb8dc8 @name=:add_view_paths, @context=#&lt;ActiveStorage::Engine:0x0000558f2a1d6aa0 ...&gt;, @options={:after=&gt;:add_locales, :group=&gt;:default}, @block=#&lt;Proc:0x0000558f29b2c0d8 /home/nameless_ghoul/.rbenv/versions/3.0.0/lib/ruby/gems/3.0.0/gems/railties-6.1.5/lib/rails/engine.rb:618&gt;&gt;, #&lt;Rails::Initializable::Initializer:0x0000558f2bcb8d78 @name=:prepend_helpers_path, @context=#&lt;ActiveStorage::Engine:0x0000558f2a1d6aa0 ...&gt;, @options={:after=&gt;:add_view_paths, :group=&gt;:default}, @block=#&lt;Proc:0x0000558f28f17f18 /home/nameless_ghoul/.rbenv/versions/3.0.0/lib/ruby/gems/3.0.0/gems/railties-6.1.5/lib/rails/engine.rb:626&gt;&gt;, #&lt;Rails::Initializable::Initializer:0x0000558f2bcb8d28 @name=:load_config_initializers, @context=#&lt;ActiveStorage::Engine:0x0000558f2a1d6aa0 ...&gt;, @options={:after=&gt;:prepend_helpers_path, :group=&gt;:default}, @block=#&lt;Proc:0x0000558f28f17608 /home/nameless_ghoul/.rbenv/versions/3.0.0/lib/ruby/gems/3.0.0/gems/railties-6.1.5/lib/rails/engine.rb:632&gt;&gt;, #&lt;Rails::Initializable::Initializer:0x0000558f2bcb8cd8 @name=:wrap_executor_around_load_seed, @context=#&lt;ActiveStorage::Engine:0x0000558f2a1d6aa0 ...&gt;, @options={:after=&gt;:load_config_initializers, :group=&gt;:default}, @block=#&lt;Proc:0x0000558f28f16e60 /home/nameless_ghoul/.rbenv/versions/3.0.0/lib/ruby/gems/3.0.0/gems/railties-6.1.5/lib/rails/engine.rb:638&gt;&gt;, #&lt;Rails::Initializable::Initializer:0x0000558f2bcb8c88 @name=:engines_blank_point, @context=#&lt;ActiveStorage::Engine:0x0000558f2a1d6aa0 ...&gt;, @options={:after=&gt;:wrap_executor_around_load_seed, :group=&gt;:default}, @block=#&lt;Proc:0x0000558f28f16960 /home/nameless_ghoul/.rbenv/versions/3.0.0/lib/ruby/gems/3.0.0/gems/railties-6.1.5/lib/rails/engine.rb:644&gt;&gt;, #&lt;Rails::Initializable::Initializer:0x0000558f2bcb8c38 @name=:append_assets_path, @context=#&lt;ActiveStorage::Engine:0x0000558f2a1d6aa0 ...&gt;, @options={:group=&gt;:all, :after=&gt;:engines_blank_point}, @block=#&lt;Proc:0x0000558f29c70d40 /home/nameless_ghoul/.rbenv/versions/3.0.0/lib/ruby/gems/3.0.0/gems/sprockets-rails-3.4.2/lib/sprockets/railtie.rb:60&gt;&gt;, #&lt;Rails::Initializable::Initializer:0x0000558f2bcb8be8 @name=&quot;active_storage.configs&quot;, @context=#&lt;ActiveStorage::Engine:0x0000558f2a1d6aa0 ...&gt;, @options={:group=&gt;:default}, @block=#&lt;Proc:0x0000558f2952cae8 /home/nameless_ghoul/.rbenv/versions/3.0.0/lib/ruby/gems/3.0.0/gems/activestorage-6.1.5/lib/active_storage/engine.rb:92&gt;&gt;, #&lt;Rails::Initializable::Initializer:0x0000558f2bcb8b98 @name=&quot;active_storage.attached&quot;, @context=#&lt;ActiveStorage::Engine:0x0000558f2a1d6aa0 ...&gt;, @options={:after=&gt;&quot;active_storage.configs&quot;, :group=&gt;:default}, @block=#&lt;Proc:0x0000558f2952c980 /home/nameless_ghoul/.rbenv/versions/3.0.0/lib/ruby/gems/3.0.0/gems/activestorage-6.1.5/lib/active_storage/engine.rb:119&gt;&gt;, #&lt;Rails::Initializable::Initializer:0x0000558f2bcb8b48 @name=&quot;active_storage.verifier&quot;, @context=#&lt;ActiveStorage::Engine:0x0000558f2a1d6aa0 ...&gt;, @options={:after=&gt;&quot;active_storage.attached&quot;, :group=&gt;:default}, @block=#&lt;Proc:0x0000558f2952c818 /home/nameless_ghoul/.rbenv/versions/3.0.0/lib/ruby/gems/3.0.0/gems/activestorage-6.1.5/lib/active_storage/engine.rb:127&gt;&gt;, #&lt;Rails::Initializable::Initializer:0x0000558f2bcb8af8 @name=&quot;active_storage.services&quot;, @context=#&lt;ActiveStorage::Engine:0x0000558f2a1d6aa0 ...&gt;, @options={:after=&gt;&quot;active_storage.verifier&quot;, :group=&gt;:default}, @block=#&lt;Proc:0x0000558f2952c700 /home/nameless_ghoul/.rbenv/versions/3.0.0/lib/ruby/gems/3.0.0/gems/activestorage-6.1.5/lib/active_storage/engine.rb:133&gt;&gt;, #&lt;Rails::Initializable::Initializer:0x0000558f2bcb8aa8 @name=&quot;active_storage.queues&quot;, @context=#&lt;ActiveStorage::Engine:0x0000558f2a1d6aa0 ...&gt;, @options={:after=&gt;&quot;active_storage.services&quot;, :group=&gt;:default}, @block=#&lt;Proc:0x0000558f2952c610 /home/nameless_ghoul/.rbenv/versions/3.0.0/lib/ruby/gems/3.0.0/gems/activestorage-6.1.5/lib/active_storage/engine.rb:152&gt;&gt;, #&lt;Rails::Initializable::Initializer:0x0000558f2bcb8a58 @name=&quot;active_storage.reflection&quot;, @context=#&lt;ActiveStorage::Engine:0x0000558f2a1d6aa0 ...&gt;, @options={:after=&gt;&quot;active_storage.queues&quot;, :group=&gt;:default}, @block=#&lt;Proc:0x0000558f2952c4d0 /home/nameless_ghoul/.rbenv/versions/3.0.0/lib/ruby/gems/3.0.0/gems/activestorage-6.1.5/lib/active_storage/engine.rb:158&gt;&gt;]&gt;, #&lt;ActionCable::Engine:0x0000558f292a3948 @_all_autoload_paths=[], @_all_load_paths=[&quot;/home/nameless_ghoul/.rbenv/versions/3.0.0/lib/ruby/gems/3.0.0/gems/actioncable-6.1.5/lib&quot;], @app=nil, @config=#&lt;Rails::Engine::Configuration:0x0000558f292a3178 @root=#&lt;Pathname:/home/nameless_ghoul/.rbenv/versions/3.0.0/lib/ruby/gems/3.0.0/gems/actioncable-6.1.5&gt;, @generators=#&lt;Rails::Configuration::Generators:0x0000558f292a3128 @aliases={}, @options={:rails=&gt;{:orm=&gt;:active_record}, :active_record=&gt;{:migration=&gt;true, :timestamps=&gt;true}}, @fallbacks={}, @templates=[], @colorize_logging=true, @api_only=false, @hidden_namespaces=[&quot;sass&quot;], @after_generate_callbacks=[]&gt;, @middleware=#&lt;Rails::Configuration::MiddlewareStackProxy:0x0000558f292a2d90 @operations=[], @delete_operations=[]&gt;, @javascript_path=&quot;javascript&quot;, @autoload_once_paths=[], @paths=#&lt;Rails::Paths::Root:0x0000558f2bcd8830 @path=#&lt;Pathname:/home/nameless_ghoul/.rbenv/versions/3.0.0/lib/ruby/gems/3.0.0/gems/actioncable-6.1.5&gt;, @root={&quot;app&quot;=&gt;#&lt;Rails::Paths::Path:0x0000558f2bcd8768 @paths=[&quot;app&quot;], @current=&quot;app&quot;, @root=#&lt;Rails::Paths::Root:0x0000558f2bcd8830 ...&gt;, @glob=&quot;{*,*/concerns}&quot;, @exclude=[&quot;assets&quot;, &quot;javascript&quot;], @autoload_once=false, @eager_load=true, @autoload=false, @load_path=false&gt;, &quot;app/assets&quot;=&gt;#&lt;Rails::Paths::Path:0x0000558f2bcd86f0 @paths=[&quot;app/assets&quot;], @current=&quot;app/assets&quot;, @root=#&lt;Rails::Paths::Root:0x0000558f2bcd8830 ...&gt;, @glob=&quot;*&quot;, @exclude=nil, @autoload_once=false, @eager_load=false, @autoload=false, @load_path=false&gt;, &quot;app/controllers&quot;=&gt;#&lt;Rails::Paths::Path:0x0000558f2bcd8678 @paths=[&quot;app/controllers&quot;], @current=&quot;app/controllers&quot;, @root=#&lt;Rails::Paths::Root:0x0000558f2bcd8830 ...&gt;, @glob=nil, @exclude=nil, @autoload_once=false, @eager_load=true, @autoload=false, @load_path=false&gt;, &quot;app/channels&quot;=&gt;#&lt;Rails::Paths::Path:0x0000558f2bcd8600 @paths=[&quot;app/channels&quot;], @current=&quot;app/channels&quot;, @root=#&lt;Rails::Paths::Root:0x0000558f2bcd8830 ...&gt;, @glob=&quot;**/*_channel.rb&quot;, @exclude=nil, @autoload_once=false, @eager_load=true, @autoload=false, @load_path=false&gt;, &quot;app/helpers&quot;=&gt;#&lt;Rails::Paths::Path:0x0000558f2bcd8588 @paths=[&quot;app/helpers&quot;], @current=&quot;app/helpers&quot;, @root=#&lt;Rails::Paths::Root:0x0000558f2bcd8830 ...&gt;, @glob=nil, @exclude=nil, @autoload_once=false, @eager_load=true, @autoload=false, @load_path=false&gt;, &quot;app/models&quot;=&gt;#&lt;Rails::Paths::Path:0x0000558f2bcd8510 @paths=[&quot;app/models&quot;], @current=&quot;app/models&quot;, @root=#&lt;Rails::Paths::Root:0x0000558f2bcd8830 ...&gt;, @glob=nil, @exclude=nil, @autoload_once=false, @eager_load=true, @autoload=false, @load_path=false&gt;, &quot;app/mailers&quot;=&gt;#&lt;Rails::Paths::Path:0x0000558f2bcd8498 @paths=[&quot;app/mailers&quot;], @current=&quot;app/mailers&quot;, @root=#&lt;Rails::Paths::Root:0x0000558f2bcd8830 ...&gt;, @glob=nil, @exclude=nil, @autoload_once=false, @eager_load=true, @autoload=false, @load_path=false&gt;, &quot;app/views&quot;=&gt;#&lt;Rails::Paths::Path:0x0000558f2bcd8420 @paths=[&quot;app/views&quot;], @current=&quot;app/views&quot;, @root=#&lt;Rails::Paths::Root:0x0000558f2bcd8830 ...&gt;, @glob=nil, @exclude=nil, @autoload_once=false, @eager_load=false, @autoload=false, @load_path=false&gt;, &quot;lib&quot;=&gt;#&lt;Rails::Paths::Path:0x0000558f2bcd83a8 @paths=[&quot;lib&quot;], @current=&quot;lib&quot;, @root=#&lt;Rails::Paths::Root:0x0000558f2bcd8830 ...&gt;, @glob=nil, @exclude=nil, @autoload_once=false, @eager_load=false, @autoload=false, @load_path=true&gt;, &quot;lib/assets&quot;=&gt;#&lt;Rails::Paths::Path:0x0000558f2bcd8330 @paths=[&quot;lib/assets&quot;], @current=&quot;lib/assets&quot;, @root=#&lt;Rails::Paths::Root:0x0000558f2bcd8830 ...&gt;, @glob=&quot;*&quot;, @exclude=nil, @autoload_once=false, @eager_load=false, @autoload=false, @load_path=false&gt;, &quot;lib/tasks&quot;=&gt;#&lt;Rails::Paths::Path:0x0000558f2bcd82b8 @paths=[&quot;lib/tasks&quot;], @current=&quot;lib/tasks&quot;, @root=#&lt;Rails::Paths::Root:0x0000558f2bcd8830 ...&gt;, @glob=&quot;**/*.rake&quot;, @exclude=nil, @autoload_once=false, @eager_load=false, @autoload=false, @load_path=false&gt;, &quot;config&quot;=&gt;#&lt;Rails::Paths::Path:0x0000558f2bcd8240 @paths=[&quot;config&quot;], @current=&quot;config&quot;, @root=#&lt;Rails::Paths::Root:0x0000558f2bcd8830 ...&gt;, @glob=nil, @exclude=nil, @autoload_once=false, @eager_load=false, @autoload=false, @load_path=false&gt;, &quot;config/environments&quot;=&gt;#&lt;Rails::Paths::Path:0x0000558f2bcd81a0 @paths=[&quot;config/environments&quot;], @current=&quot;config/environments&quot;, @root=#&lt;Rails::Paths::Root:0x0000558f2bcd8830 ...&gt;, @glob=&quot;test.rb&quot;, @exclude=nil, @autoload_once=false, @eager_load=false, @autoload=false, @load_path=false&gt;, &quot;config/initializers&quot;=&gt;#&lt;Rails::Paths::Path:0x0000558f2bcd8128 @paths=[&quot;config/initializers&quot;], @current=&quot;config/initializers&quot;, @root=#&lt;Rails::Paths::Root:0x0000558f2bcd8830 ...&gt;, @glob=&quot;**/*.rb&quot;, @exclude=nil, @autoload_once=false, @eager_load=false, @autoload=false, @load_path=false&gt;, &quot;config/locales&quot;=&gt;#&lt;Rails::Paths::Path:0x0000558f2bcd80b0 @paths=[&quot;config/locales&quot;], @current=&quot;config/locales&quot;, @root=#&lt;Rails::Paths::Root:0x0000558f2bcd8830 ...&gt;, @glob=&quot;*.{rb,yml}&quot;, @exclude=nil, @autoload_once=false, @eager_load=false, @autoload=false, @load_path=false&gt;, &quot;config/routes.rb&quot;=&gt;#&lt;Rails::Paths::Path:0x0000558f2bcd8038 @paths=[&quot;config/routes.rb&quot;], @current=&quot;config/routes.rb&quot;, @root=#&lt;Rails::Paths::Root:0x0000558f2bcd8830 ...&gt;, @glob=nil, @exclude=nil, @autoload_once=false, @eager_load=false, @autoload=false, @load_path=false&gt;, &quot;config/routes&quot;=&gt;#&lt;Rails::Paths::Path:0x0000558f2bce7fb0 @paths=[&quot;config/routes&quot;], @current=&quot;config/routes&quot;, @root=#&lt;Rails::Paths::Root:0x0000558f2bcd8830 ...&gt;, @glob=&quot;**/*.rb&quot;, @exclude=nil, @autoload_once=false, @eager_load=false, @autoload=false, @load_path=false&gt;, &quot;db&quot;=&gt;#&lt;Rails::Paths::Path:0x0000558f2bce7f38 @paths=[&quot;db&quot;], @current=&quot;db&quot;, @root=#&lt;Rails::Paths::Root:0x0000558f2bcd8830 ...&gt;, @glob=nil, @exclude=nil, @autoload_once=false, @eager_load=false, @autoload=false, @load_path=false&gt;, &quot;db/migrate&quot;=&gt;#&lt;Rails::Paths::Path:0x0000558f2bce7ec0 @paths=[&quot;db/migrate&quot;], @current=&quot;db/migrate&quot;, @root=#&lt;Rails::Paths::Root:0x0000558f2bcd8830 ...&gt;, @glob=nil, @exclude=nil, @autoload_once=false, @eager_load=false, @autoload=false, @load_path=false&gt;, &quot;db/seeds.rb&quot;=&gt;#&lt;Rails::Paths::Path:0x0000558f2bce7e48 @paths=[&quot;db/seeds.rb&quot;], @current=&quot;db/seeds.rb&quot;, @root=#&lt;Rails::Paths::Root:0x0000558f2bcd8830 ...&gt;, @glob=nil, @exclude=nil, @autoload_once=false, @eager_load=false, @autoload=false, @load_path=false&gt;, &quot;vendor&quot;=&gt;#&lt;Rails::Paths::Path:0x0000558f2bce7dd0 @paths=[&quot;vendor&quot;], @current=&quot;vendor&quot;, @root=#&lt;Rails::Paths::Root:0x0000558f2bcd8830 ...&gt;, @glob=nil, @exclude=nil, @autoload_once=false, @eager_load=false, @autoload=false, @load_path=true&gt;, &quot;vendor/assets&quot;=&gt;#&lt;Rails::Paths::Path:0x0000558f2bce7d58 @paths=[&quot;vendor/assets&quot;], @current=&quot;vendor/assets&quot;, @root=#&lt;Rails::Paths::Root:0x0000558f2bcd8830 ...&gt;, @glob=&quot;*&quot;, @exclude=nil, @autoload_once=false, @eager_load=false, @autoload=false, @load_path=false&gt;}&gt;, @autoload_paths=[], @eager_load_paths=[]&gt;, @env_config=nil, @helpers=nil, @routes=#&lt;ActionDispatch::Routing::RouteSet:0x0000558f2c000170&gt;, @app_build_lock=#&lt;Thread::Mutex:0x0000558f292a3920&gt;, @initializers=[#&lt;Rails::Initializable::Initializer:0x0000558f2bcb8580 @name=:load_environment_config, @context=#&lt;ActionCable::Engine:0x0000558f292a3948 ...&gt;, @options={:before=&gt;:load_environment_hook, :group=&gt;:all}, @block=#&lt;Proc:0x0000558f29b2c858 /home/nameless_ghoul/.rbenv/versions/3.0.0/lib/ruby/gems/3.0.0/gems/railties-6.1.5/lib/rails/engine.rb:569&gt;&gt;, #&lt;Rails::Initializable::Initializer:0x0000558f2bcb8530 @name=:set_load_path, @context=#&lt;ActionCable::Engine:0x0000558f292a3948 ...&gt;, @options={:before=&gt;:bootstrap_hook, :after=&gt;:load_environment_config, :group=&gt;:default}, @block=#&lt;Proc:0x0000558f29b2c678 /home/nameless_ghoul/.rbenv/versions/3.0.0/lib/ruby/gems/3.0.0/gems/railties-6.1.5/lib/rails/engine.rb:575&gt;&gt;, #&lt;Rails::Initializable::Initializer:0x0000558f2bcb84e0 @name=:set_autoload_paths, @context=#&lt;ActionCable::Engine:0x0000558f292a3948 ...&gt;, @options={:before=&gt;:bootstrap_hook, :after=&gt;:set_load_path, :group=&gt;:default}, @block=#&lt;Proc:0x0000558f29b2c4e8 /home/nameless_ghoul/.rbenv/versions/3.0.0/lib/ruby/gems/3.0.0/gems/railties-6.1.5/lib/rails/engine.rb:587&gt;&gt;, #&lt;Rails::Initializable::Initializer:0x0000558f2bcb8490 @name=:set_eager_load_paths, @context=#&lt;ActionCable::Engine:0x0000558f292a3948 ...&gt;, @options={:before=&gt;:bootstrap_hook, :after=&gt;:set_autoload_paths, :group=&gt;:default}, @block=#&lt;Proc:0x0000558f29b2c3d0 /home/nameless_ghoul/.rbenv/versions/3.0.0/lib/ruby/gems/3.0.0/gems/railties-6.1.5/lib/rails/engine.rb:595&gt;&gt;, #&lt;Rails::Initializable::Initializer:0x0000558f2bcb8440 @name=:add_routing_paths, @context=#&lt;ActionCable::Engine:0x0000558f292a3948 ...&gt;, @options={:after=&gt;:set_eager_load_paths, :group=&gt;:default}, @block=#&lt;Proc:0x0000558f29b2c2b8 /home/nameless_ghoul/.rbenv/versions/3.0.0/lib/ruby/gems/3.0.0/gems/railties-6.1.5/lib/rails/engine.rb:600&gt;&gt;, #&lt;Rails::Initializable::Initializer:0x0000558f2bcb83f0 @name=:add_locales, @context=#&lt;ActionCable::Engine:0x0000558f292a3948 ...&gt;, @options={:after=&gt;:add_routing_paths, :group=&gt;:default}, @block=#&lt;Proc:0x0000558f29b2c1c8 /home/nameless_ghoul/.rbenv/versions/3.0.0/lib/ruby/gems/3.0.0/gems/railties-6.1.5/lib/rails/engine.rb:614&gt;&gt;, #&lt;Rails::Initializable::Initializer:0x0000558f2bcb83a0 @name=:add_view_paths, @context=#&lt;ActionCable::Engine:0x0000558f292a3948 ...&gt;, @options={:after=&gt;:add_locales, :group=&gt;:default}, @block=#&lt;Proc:0x0000558f29b2c0d8 /home/nameless_ghoul/.rbenv/versions/3.0.0/lib/ruby/gems/3.0.0/gems/railties-6.1.5/lib/rails/engine.rb:618&gt;&gt;, #&lt;Rails::Initializable::Initializer:0x0000558f2bcb8350 @name=:prepend_helpers_path, @context=#&lt;ActionCable::Engine:0x0000558f292a3948 ...&gt;, @options={:after=&gt;:add_view_paths, :group=&gt;:default}, @block=#&lt;Proc:0x0000558f28f17f18 /home/nameless_ghoul/.rbenv/versions/3.0.0/lib/ruby/gems/3.0.0/gems/railties-6.1.5/lib/rails/engine.rb:626&gt;&gt;, #&lt;Rails::Initializable::Initializer:0x0000558f2bcb8300 @name=:load_config_initializers, @context=#&lt;ActionCable::Engine:0x0000558f292a3948 ...&gt;, @options={:after=&gt;:prepend_helpers_path, :group=&gt;:default}, @block=#&lt;Proc:0x0000558f28f17608 /home/nameless_ghoul/.rbenv/versions/3.0.0/lib/ruby/gems/3.0.0/gems/railties-6.1.5/lib/rails/engine.rb:632&gt;&gt;, #&lt;Rails::Initializable::Initializer:0x0000558f2bcb82b0 @name=:wrap_executor_around_load_seed, @context=#&lt;ActionCable::Engine:0x0000558f292a3948 ...&gt;, @options={:after=&gt;:load_config_initializers, :group=&gt;:default}, @block=#&lt;Proc:0x0000558f28f16e60 /home/nameless_ghoul/.rbenv/versions/3.0.0/lib/ruby/gems/3.0.0/gems/railties-6.1.5/lib/rails/engine.rb:638&gt;&gt;, #&lt;Rails::Initializable::Initializer:0x0000558f2bcb8260 @name=:engines_blank_point, @context=#&lt;ActionCable::Engine:0x0000558f292a3948 ...&gt;, @options={:after=&gt;:wrap_executor_around_load_seed, :group=&gt;:default}, @block=#&lt;Proc:0x0000558f28f16960 /home/nameless_ghoul/.rbenv/versions/3.0.0/lib/ruby/gems/3.0.0/gems/railties-6.1.5/lib/rails/engine.rb:644&gt;&gt;, #&lt;Rails::Initializable::Initializer:0x0000558f2bcb8210 @name=:append_assets_path, @context=#&lt;ActionCable::Engine:0x0000558f292a3948 ...&gt;, @options={:group=&gt;:all, :after=&gt;:engines_blank_point}, @block=#&lt;Proc:0x0000558f29c70d40 /home/nameless_ghoul/.rbenv/versions/3.0.0/lib/ruby/gems/3.0.0/gems/sprockets-rails-3.4.2/lib/sprockets/railtie.rb:60&gt;&gt;, #&lt;Rails::Initializable::Initializer:0x0000558f2bcb81c0 @name=&quot;action_cable.helpers&quot;, @context=#&lt;ActionCable::Engine:0x0000558f292a3948 ...&gt;, @options={:group=&gt;:default}, @block=#&lt;Proc:0x0000558f292a28b8 /home/nameless_ghoul/.rbenv/versions/3.0.0/lib/ruby/gems/3.0.0/gems/actioncable-6.1.5/lib/action_cable/engine.rb:15&gt;&gt;, #&lt;Rails::Initializable::Initializer:0x0000558f2bcb8170 @name=&quot;action_cable.logger&quot;, @context=#&lt;ActionCable::Engine:0x0000558f292a3948 ...&gt;, @options={:after=&gt;&quot;action_cable.helpers&quot;, :group=&gt;:default}, @block=#&lt;Proc:0x0000558f292a2700 /home/nameless_ghoul/.rbenv/versions/3.0.0/lib/ruby/gems/3.0.0/gems/actioncable-6.1.5/lib/action_cable/engine.rb:21&gt;&gt;, #&lt;Rails::Initializable::Initializer:0x0000558f2bcb8120 @name=&quot;action_cable.set_configs&quot;, @context=#&lt;ActionCable::Engine:0x0000558f292a3948 ...&gt;, @options={:after=&gt;&quot;action_cable.logger&quot;, :group=&gt;:default}, @block=#&lt;Proc:0x0000558f292a24f8 /home/nameless_ghoul/.rbenv/versions/3.0.0/lib/ruby/gems/3.0.0/gems/actioncable-6.1.5/lib/action_cable/engine.rb:25&gt;&gt;, #&lt;Rails::Initializable::Initializer:0x0000558f2bcb80d0 @name=&quot;action_cable.routes&quot;, @context=#&lt;ActionCable::Engine:0x0000558f292a3948 ...&gt;, @options={:after=&gt;&quot;action_cable.set_configs&quot;, :group=&gt;:default}, @block=#&lt;Proc:0x0000558f292a2390 /home/nameless_ghoul/.rbenv/versions/3.0.0/lib/ruby/gems/3.0.0/gems/actioncable-6.1.5/lib/action_cable/engine.rb:43&gt;&gt;, #&lt;Rails::Initializable::Initializer:0x0000558f2bcb8080 @name=&quot;action_cable.set_work_hooks&quot;, @context=#&lt;ActionCable::Engine:0x0000558f292a3948 ...&gt;, @options={:after=&gt;&quot;action_cable.routes&quot;, :group=&gt;:default}, @block=#&lt;Proc:0x0000558f292a2200 /home/nameless_ghoul/.rbenv/versions/3.0.0/lib/ruby/gems/3.0.0/gems/actioncable-6.1.5/lib/action_cable/engine.rb:54&gt;&gt;]&gt;, #&lt;ActionMailbox::Engine:0x0000558f2a0b1bc0 @_all_autoload_paths=[&quot;/home/nameless_ghoul/.rbenv/versions/3.0.0/lib/ruby/gems/3.0.0/gems/actionmailbox-6.1.5/app/controllers&quot;, &quot;/home/nameless_ghoul/.rbenv/versions/3.0.0/lib/ruby/gems/3.0.0/gems/actionmailbox-6.1.5/app/jobs&quot;, &quot;/home/nameless_ghoul/.rbenv/versions/3.0.0/lib/ruby/gems/3.0.0/gems/actionmailbox-6.1.5/app/models&quot;], @_all_load_paths=[&quot;/home/nameless_ghoul/.rbenv/versions/3.0.0/lib/ruby/gems/3.0.0/gems/actionmailbox-6.1.5/lib&quot;, &quot;/home/nameless_ghoul/.rbenv/versions/3.0.0/lib/ruby/gems/3.0.0/gems/actionmailbox-6.1.5/app/controllers&quot;, &quot;/home/nameless_ghoul/.rbenv/versions/3.0.0/lib/ruby/gems/3.0.0/gems/actionmailbox-6.1.5/app/jobs&quot;, &quot;/home/nameless_ghoul/.rbenv/versions/3.0.0/lib/ruby/gems/3.0.0/gems/actionmailbox-6.1.5/app/models&quot;], @app=nil, @config=#&lt;Rails::Engine::Configuration:0x0000558f2a0b1300 @root=#&lt;Pathname:/home/nameless_ghoul/.rbenv/versions/3.0.0/lib/ruby/gems/3.0.0/gems/actionmailbox-6.1.5&gt;, @generators=#&lt;Rails::Configuration::Generators:0x0000558f2a0b1238 @aliases={}, @options={:rails=&gt;{:orm=&gt;:active_record}, :active_record=&gt;{:migration=&gt;true, :timestamps=&gt;true}}, @fallbacks={}, @templates=[], @colorize_logging=true, @api_only=false, @hidden_namespaces=[&quot;sass&quot;], @after_generate_callbacks=[]&gt;, @middleware=#&lt;Rails::Configuration::MiddlewareStackProxy:0x0000558f2a0b0f90 @operations=[], @delete_operations=[]&gt;, @javascript_path=&quot;javascript&quot;, @autoload_once_paths=[], @paths=#&lt;Rails::Paths::Root:0x0000558f2bce7a10 @path=#&lt;Pathname:/home/nameless_ghoul/.rbenv/versions/3.0.0/lib/ruby/gems/3.0.0/gems/actionmailbox-6.1.5&gt;, @root={&quot;app&quot;=&gt;#&lt;Rails::Paths::Path:0x0000558f2bce7948 @paths=[&quot;app&quot;], @current=&quot;app&quot;, @root=#&lt;Rails::Paths::Root:0x0000558f2bce7a10 ...&gt;, @glob=&quot;{*,*/concerns}&quot;, @exclude=[&quot;assets&quot;, &quot;javascript&quot;], @autoload_once=false, @eager_load=true, @autoload=false, @load_path=false&gt;, &quot;app/assets&quot;=&gt;#&lt;Rails::Paths::Path:0x0000558f2bce78d0 @paths=[&quot;app/assets&quot;], @current=&quot;app/assets&quot;, @root=#&lt;Rails::Paths::Root:0x0000558f2bce7a10 ...&gt;, @glob=&quot;*&quot;, @exclude=nil, @autoload_once=false, @eager_load=false, @autoload=false, @load_path=false&gt;, &quot;app/controllers&quot;=&gt;#&lt;Rails::Paths::Path:0x0000558f2bce7858 @paths=[&quot;app/controllers&quot;], @current=&quot;app/controllers&quot;, @root=#&lt;Rails::Paths::Root:0x0000558f2bce7a10 ...&gt;, @glob=nil, @exclude=nil, @autoload_once=false, @eager_load=true, @autoload=false, @load_path=false&gt;, &quot;app/channels&quot;=&gt;#&lt;Rails::Paths::Path:0x0000558f2bce77e0 @paths=[&quot;app/channels&quot;], @current=&quot;app/channels&quot;, @root=#&lt;Rails::Paths::Root:0x0000558f2bce7a10 ...&gt;, @glob=&quot;**/*_channel.rb&quot;, @exclude=nil, @autoload_once=false, @eager_load=true, @autoload=false, @load_path=false&gt;, &quot;app/helpers&quot;=&gt;#&lt;Rails::Paths::Path:0x0000558f2bce7768 @paths=[&quot;app/helpers&quot;], @current=&quot;app/helpers&quot;, @root=#&lt;Rails::Paths::Root:0x0000558f2bce7a10 ...&gt;, @glob=nil, @exclude=nil, @autoload_once=false, @eager_load=true, @autoload=false, @load_path=false&gt;, &quot;app/models&quot;=&gt;#&lt;Rails::Paths::Path:0x0000558f2bce76f0 @paths=[&quot;app/models&quot;], @current=&quot;app/models&quot;, @root=#&lt;Rails::Paths::Root:0x0000558f2bce7a10 ...&gt;, @glob=nil, @exclude=nil, @autoload_once=false, @eager_load=true, @autoload=false, @load_path=false&gt;, &quot;app/mailers&quot;=&gt;#&lt;Rails::Paths::Path:0x0000558f2bce7678 @paths=[&quot;app/mailers&quot;], @current=&quot;app/mailers&quot;, @root=#&lt;Rails::Paths::Root:0x0000558f2bce7a10 ...&gt;, @glob=nil, @exclude=nil, @autoload_once=false, @eager_load=true, @autoload=false, @load_path=false&gt;, &quot;app/views&quot;=&gt;#&lt;Rails::Paths::Path:0x0000558f2bce7600 @paths=[&quot;app/views&quot;], @current=&quot;app/views&quot;, @root=#&lt;Rails::Paths::Root:0x0000558f2bce7a10 ...&gt;, @glob=nil, @exclude=nil, @autoload_once=false, @eager_load=false, @autoload=false, @load_path=false&gt;, &quot;lib&quot;=&gt;#&lt;Rails::Paths::Path:0x0000558f2bce7588 @paths=[&quot;lib&quot;], @current=&quot;lib&quot;, @root=#&lt;Rails::Paths::Root:0x0000558f2bce7a10 ...&gt;, @glob=nil, @exclude=nil, @autoload_once=false, @eager_load=false, @autoload=false, @load_path=true&gt;, &quot;lib/assets&quot;=&gt;#&lt;Rails::Paths::Path:0x0000558f2bce7510 @paths=[&quot;lib/assets&quot;], @current=&quot;lib/assets&quot;, @root=#&lt;Rails::Paths::Root:0x0000558f2bce7a10 ...&gt;, @glob=&quot;*&quot;, @exclude=nil, @autoload_once=false, @eager_load=false, @autoload=false, @load_path=false&gt;, &quot;lib/tasks&quot;=&gt;#&lt;Rails::Paths::Path:0x0000558f2bce7498 @paths=[&quot;lib/tasks&quot;], @current=&quot;lib/tasks&quot;, @root=#&lt;Rails::Paths::Root:0x0000558f2bce7a10 ...&gt;, @glob=&quot;**/*.rake&quot;, @exclude=nil, @autoload_once=false, @eager_load=false, @autoload=false, @load_path=false&gt;, &quot;config&quot;=&gt;#&lt;Rails::Paths::Path:0x0000558f2bce7420 @paths=[&quot;config&quot;], @current=&quot;config&quot;, @root=#&lt;Rails::Paths::Root:0x0000558f2bce7a10 ...&gt;, @glob=nil, @exclude=nil, @autoload_once=false, @eager_load=false, @autoload=false, @load_path=false&gt;, &quot;config/environments&quot;=&gt;#&lt;Rails::Paths::Path:0x0000558f2bce7380 @paths=[&quot;config/environments&quot;], @current=&quot;config/environments&quot;, @root=#&lt;Rails::Paths::Root:0x0000558f2bce7a10 ...&gt;, @glob=&quot;test.rb&quot;, @exclude=nil, @autoload_once=false, @eager_load=false, @autoload=false, @load_path=false&gt;, &quot;config/initializers&quot;=&gt;#&lt;Rails::Paths::Path:0x0000558f2bce7308 @paths=[&quot;config/initializers&quot;], @current=&quot;config/initializers&quot;, @root=#&lt;Rails::Paths::Root:0x0000558f2bce7a10 ...&gt;, @glob=&quot;**/*.rb&quot;, @exclude=nil, @autoload_once=false, @eager_load=false, @autoload=false, @load_path=false&gt;, &quot;config/locales&quot;=&gt;#&lt;Rails::Paths::Path:0x0000558f2bce7290 @paths=[&quot;config/locales&quot;], @current=&quot;config/locales&quot;, @root=#&lt;Rails::Paths::Root:0x0000558f2bce7a10 ...&gt;, @glob=&quot;*.{rb,yml}&quot;, @exclude=nil, @autoload_once=false, @eager_load=false, @autoload=false, @load_path=false&gt;, &quot;config/routes.rb&quot;=&gt;#&lt;Rails::Paths::Path:0x0000558f2bce7218 @paths=[&quot;config/routes.rb&quot;], @current=&quot;config/routes.rb&quot;, @root=#&lt;Rails::Paths::Root:0x0000558f2bce7a10 ...&gt;, @glob=nil, @exclude=nil, @autoload_once=false, @eager_load=false, @autoload=false, @load_path=false&gt;, &quot;config/routes&quot;=&gt;#&lt;Rails::Paths::Path:0x0000558f2bce71a0 @paths=[&quot;config/routes&quot;], @current=&quot;config/routes&quot;, @root=#&lt;Rails::Paths::Root:0x0000558f2bce7a10 ...&gt;, @glob=&quot;**/*.rb&quot;, @exclude=nil, @autoload_once=false, @eager_load=false, @autoload=false, @load_path=false&gt;, &quot;db&quot;=&gt;#&lt;Rails::Paths::Path:0x0000558f2bce7128 @paths=[&quot;db&quot;], @current=&quot;db&quot;, @root=#&lt;Rails::Paths::Root:0x0000558f2bce7a10 ...&gt;, @glob=nil, @exclude=nil, @autoload_once=false, @eager_load=false, @autoload=false, @load_path=false&gt;, &quot;db/migrate&quot;=&gt;#&lt;Rails::Paths::Path:0x0000558f2bce70b0 @paths=[&quot;db/migrate&quot;], @current=&quot;db/migrate&quot;, @root=#&lt;Rails::Paths::Root:0x0000558f2bce7a10 ...&gt;, @glob=nil, @exclude=nil, @autoload_once=false, @eager_load=false, @autoload=false, @load_path=false&gt;, &quot;db/seeds.rb&quot;=&gt;#&lt;Rails::Paths::Path:0x0000558f2bce7038 @paths=[&quot;db/seeds.rb&quot;], @current=&quot;db/seeds.rb&quot;, @root=#&lt;Rails::Paths::Root:0x0000558f2bce7a10 ...&gt;, @glob=nil, @exclude=nil, @autoload_once=false, @eager_load=false, @autoload=false, @load_path=false&gt;, &quot;vendor&quot;=&gt;#&lt;Rails::Paths::Path:0x0000558f2bce6fc0 @paths=[&quot;vendor&quot;], @current=&quot;vendor&quot;, @root=#&lt;Rails::Paths::Root:0x0000558f2bce7a10 ...&gt;, @glob=nil, @exclude=nil, @autoload_once=false, @eager_load=false, @autoload=false, @load_path=true&gt;, &quot;vendor/assets&quot;=&gt;#&lt;Rails::Paths::Path:0x0000558f2bce6f48 @paths=[&quot;vendor/assets&quot;], @current=&quot;vendor/assets&quot;, @root=#&lt;Rails::Paths::Root:0x0000558f2bce7a10 ...&gt;, @glob=&quot;*&quot;, @exclude=nil, @autoload_once=false, @eager_load=false, @autoload=false, @load_path=false&gt;}&gt;, @autoload_paths=[], @eager_load_paths=[&quot;/home/nameless_ghoul/.rbenv/versions/3.0.0/lib/ruby/gems/3.0.0/gems/actionmailbox-6.1.5/app/controllers&quot;, &quot;/home/nameless_ghoul/.rbenv/versions/3.0.0/lib/ruby/gems/3.0.0/gems/actionmailbox-6.1.5/app/jobs&quot;, &quot;/home/nameless_ghoul/.rbenv/versions/3.0.0/lib/ruby/gems/3.0.0/gems/actionmailbox-6.1.5/app/models&quot;]&gt;, @env_config=nil, @helpers=nil, @routes=#&lt;ActionDispatch::Routing::RouteSet:0x0000558f2a0b0ef0&gt;, @app_build_lock=#&lt;Thread::Mutex:0x0000558f2a0b1b70&gt;, @initializers=[#&lt;Rails::Initializable::Initializer:0x0000558f2bcc3bb0 @name=:load_environment_config, @context=#&lt;ActionMailbox::Engine:0x0000558f2a0b1bc0 ...&gt;, @options={:before=&gt;:load_environment_hook, :group=&gt;:all}, @block=#&lt;Proc:0x0000558f29b2c858 /home/nameless_ghoul/.rbenv/versions/3.0.0/lib/ruby/gems/3.0.0/gems/railties-6.1.5/lib/rails/engine.rb:569&gt;&gt;, #&lt;Rails::Initializable::Initializer:0x0000558f2bcc3b60 @name=:set_load_path, @context=#&lt;ActionMailbox::Engine:0x0000558f2a0b1bc0 ...&gt;, @options={:before=&gt;:bootstrap_hook, :after=&gt;:load_environment_config, :group=&gt;:default}, @block=#&lt;Proc:0x0000558f29b2c678 /home/nameless_ghoul/.rbenv/versions/3.0.0/lib/ruby/gems/3.0.0/gems/railties-6.1.5/lib/rails/engine.rb:575&gt;&gt;, #&lt;Rails::Initializable::Initializer:0x0000558f2bcc3b10 @name=:set_autoload_paths, @context=#&lt;ActionMailbox::Engine:0x0000558f2a0b1bc0 ...&gt;, @options={:before=&gt;:bootstrap_hook, :after=&gt;:set_load_path, :group=&gt;:default}, @block=#&lt;Proc:0x0000558f29b2c4e8 /home/nameless_ghoul/.rbenv/versions/3.0.0/lib/ruby/gems/3.0.0/gems/railties-6.1.5/lib/rails/engine.rb:587&gt;&gt;, #&lt;Rails::Initializable::Initializer:0x0000558f2bcc3ac0 @name=:set_eager_load_paths, @context=#&lt;ActionMailbox::Engine:0x0000558f2a0b1bc0 ...&gt;, @options={:before=&gt;:bootstrap_hook, :after=&gt;:set_autoload_paths, :group=&gt;:default}, @block=#&lt;Proc:0x0000558f29b2c3d0 /home/nameless_ghoul/.rbenv/versions/3.0.0/lib/ruby/gems/3.0.0/gems/railties-6.1.5/lib/rails/engine.rb:595&gt;&gt;, #&lt;Rails::Initializable::Initializer:0x0000558f2bcc3a70 @name=:add_routing_paths, @context=#&lt;ActionMailbox::Engine:0x0000558f2a0b1bc0 ...&gt;, @options={:after=&gt;:set_eager_load_paths, :group=&gt;:default}, @block=#&lt;Proc:0x0000558f29b2c2b8 /home/nameless_ghoul/.rbenv/versions/3.0.0/lib/ruby/gems/3.0.0/gems/railties-6.1.5/lib/rails/engine.rb:600&gt;&gt;, #&lt;Rails::Initializable::Initializer:0x0000558f2bcc3a20 @name=:add_locales, @context=#&lt;ActionMailbox::Engine:0x0000558f2a0b1bc0 ...&gt;, @options={:after=&gt;:add_routing_paths, :group=&gt;:default}, @block=#&lt;Proc:0x0000558f29b2c1c8 /home/nameless_ghoul/.rbenv/versions/3.0.0/lib/ruby/gems/3.0.0/gems/railties-6.1.5/lib/rails/engine.rb:614&gt;&gt;, #&lt;Rails::Initializable::Initializer:0x0000558f2bcc39d0 @name=:add_view_paths, @context=#&lt;ActionMailbox::Engine:0x0000558f2a0b1bc0 ...&gt;, @options={:after=&gt;:add_locales, :group=&gt;:default}, @block=#&lt;Proc:0x0000558f29b2c0d8 /home/nameless_ghoul/.rbenv/versions/3.0.0/lib/ruby/gems/3.0.0/gems/railties-6.1.5/lib/rails/engine.rb:618&gt;&gt;, #&lt;Rails::Initializable::Initializer:0x0000558f2bcc3980 @name=:prepend_helpers_path, @context=#&lt;ActionMailbox::Engine:0x0000558f2a0b1bc0 ...&gt;, @options={:after=&gt;:add_view_paths, :group=&gt;:default}, @block=#&lt;Proc:0x0000558f28f17f18 /home/nameless_ghoul/.rbenv/versions/3.0.0/lib/ruby/gems/3.0.0/gems/railties-6.1.5/lib/rails/engine.rb:626&gt;&gt;, #&lt;Rails::Initializable::Initializer:0x0000558f2bcc3930 @name=:load_config_initializers, @context=#&lt;ActionMailbox::Engine:0x0000558f2a0b1bc0 ...&gt;, @options={:after=&gt;:prepend_helpers_path, :group=&gt;:default}, @block=#&lt;Proc:0x0000558f28f17608 /home/nameless_ghoul/.rbenv/versions/3.0.0/lib/ruby/gems/3.0.0/gems/railties-6.1.5/lib/rails/engine.rb:632&gt;&gt;, #&lt;Rails::Initializable::Initializer:0x0000558f2bcc38e0 @name=:wrap_executor_around_load_seed, @context=#&lt;ActionMailbox::Engine:0x0000558f2a0b1bc0 ...&gt;, @options={:after=&gt;:load_config_initializers, :group=&gt;:default}, @block=#&lt;Proc:0x0000558f28f16e60 /home/nameless_ghoul/.rbenv/versions/3.0.0/lib/ruby/gems/3.0.0/gems/railties-6.1.5/lib/rails/engine.rb:638&gt;&gt;, #&lt;Rails::Initializable::Initializer:0x0000558f2bcc3890 @name=:engines_blank_point, @context=#&lt;ActionMailbox::Engine:0x0000558f2a0b1bc0 ...&gt;, @options={:after=&gt;:wrap_executor_around_load_seed, :group=&gt;:default}, @block=#&lt;Proc:0x0000558f28f16960 /home/nameless_ghoul/.rbenv/versions/3.0.0/lib/ruby/gems/3.0.0/gems/railties-6.1.5/lib/rails/engine.rb:644&gt;&gt;, #&lt;Rails::Initializable::Initializer:0x0000558f2bcc3840 @name=:append_assets_path, @context=#&lt;ActionMailbox::Engine:0x0000558f2a0b1bc0 ...&gt;, @options={:group=&gt;:all, :after=&gt;:engines_blank_point}, @block=#&lt;Proc:0x0000558f29c70d40 /home/nameless_ghoul/.rbenv/versions/3.0.0/lib/ruby/gems/3.0.0/gems/sprockets-rails-3.4.2/lib/sprockets/railtie.rb:60&gt;&gt;, #&lt;Rails::Initializable::Initializer:0x0000558f2bcc37f0 @name=&quot;action_mailbox.config&quot;, @context=#&lt;ActionMailbox::Engine:0x0000558f2a0b1bc0 ...&gt;, @options={:group=&gt;:default}, @block=#&lt;Proc:0x0000558f2a0ab6f8 /home/nameless_ghoul/.rbenv/versions/3.0.0/lib/ruby/gems/3.0.0/gems/actionmailbox-6.1.5/lib/action_mailbox/engine.rb:23&gt;&gt;]&gt;, #&lt;ActionText::Engine:0x0000558f2959d0b8 @_all_autoload_paths=[&quot;/home/nameless_ghoul/.rbenv/versions/3.0.0/lib/ruby/gems/3.0.0/gems/actiontext-6.1.5/app/helpers&quot;, &quot;/home/nameless_ghoul/.rbenv/versions/3.0.0/lib/ruby/gems/3.0.0/gems/actiontext-6.1.5/app/models&quot;], @_all_load_paths=[&quot;/home/nameless_ghoul/.rbenv/versions/3.0.0/lib/ruby/gems/3.0.0/gems/actiontext-6.1.5/lib&quot;, &quot;/home/nameless_ghoul/.rbenv/versions/3.0.0/lib/ruby/gems/3.0.0/gems/actiontext-6.1.5/app/helpers&quot;, &quot;/home/nameless_ghoul/.rbenv/versions/3.0.0/lib/ruby/gems/3.0.0/gems/actiontext-6.1.5/app/models&quot;], @app=nil, @config=#&lt;Rails::Engine::Configuration:0x0000558f2958da00 @root=#&lt;Pathname:/home/nameless_ghoul/.rbenv/versions/3.0.0/lib/ruby/gems/3.0.0/gems/actiontext-6.1.5&gt;, @generators=#&lt;Rails::Configuration::Generators:0x0000558f2958d910 @aliases={}, @options={:rails=&gt;{:orm=&gt;:active_record}, :active_record=&gt;{:migration=&gt;true, :timestamps=&gt;true}}, @fallbacks={}, @templates=[], @colorize_logging=true, @api_only=false, @hidden_namespaces=[&quot;sass&quot;], @after_generate_callbacks=[]&gt;, @middleware=#&lt;Rails::Configuration::MiddlewareStackProxy:0x0000558f2958ce70 @operations=[], @delete_operations=[]&gt;, @javascript_path=&quot;javascript&quot;, @autoload_once_paths=[&quot;/home/nameless_ghoul/.rbenv/versions/3.0.0/lib/ruby/gems/3.0.0/gems/actiontext-6.1.5/app/helpers&quot;, &quot;/home/nameless_ghoul/.rbenv/versions/3.0.0/lib/ruby/gems/3.0.0/gems/actiontext-6.1.5/app/models&quot;], @paths=#&lt;Rails::Paths::Root:0x0000558f2bce6c00 @path=#&lt;Pathname:/home/nameless_ghoul/.rbenv/versions/3.0.0/lib/ruby/gems/3.0.0/gems/actiontext-6.1.5&gt;, @root={&quot;app&quot;=&gt;#&lt;Rails::Paths::Path:0x0000558f2bce6b38 @paths=[&quot;app&quot;], @current=&quot;app&quot;, @root=#&lt;Rails::Paths::Root:0x0000558f2bce6c00 ...&gt;, @glob=&quot;{*,*/concerns}&quot;, @exclude=[&quot;assets&quot;, &quot;javascript&quot;], @autoload_once=false, @eager_load=true, @autoload=false, @load_path=false&gt;, &quot;app/assets&quot;=&gt;#&lt;Rails::Paths::Path:0x0000558f2bce6ac0 @paths=[&quot;app/assets&quot;], @current=&quot;app/assets&quot;, @root=#&lt;Rails::Paths::Root:0x0000558f2bce6c00 ...&gt;, @glob=&quot;*&quot;, @exclude=nil, @autoload_once=false, @eager_load=false, @autoload=false, @load_path=false&gt;, &quot;app/controllers&quot;=&gt;#&lt;Rails::Paths::Path:0x0000558f2bce6a48 @paths=[&quot;app/controllers&quot;], @current=&quot;app/controllers&quot;, @root=#&lt;Rails::Paths::Root:0x0000558f2bce6c00 ...&gt;, @glob=nil, @exclude=nil, @autoload_once=false, @eager_load=true, @autoload=false, @load_path=false&gt;, &quot;app/channels&quot;=&gt;#&lt;Rails::Paths::Path:0x0000558f2bce69d0 @paths=[&quot;app/channels&quot;], @current=&quot;app/channels&quot;, @root=#&lt;Rails::Paths::Root:0x0000558f2bce6c00 ...&gt;, @glob=&quot;**/*_channel.rb&quot;, @exclude=nil, @autoload_once=false, @eager_load=true, @autoload=false, @load_path=false&gt;, &quot;app/helpers&quot;=&gt;#&lt;Rails::Paths::Path:0x0000558f2bce6958 @paths=[&quot;app/helpers&quot;], @current=&quot;app/helpers&quot;, @root=#&lt;Rails::Paths::Root:0x0000558f2bce6c00 ...&gt;, @glob=nil, @exclude=nil, @autoload_once=false, @eager_load=true, @autoload=false, @load_path=false&gt;, &quot;app/models&quot;=&gt;#&lt;Rails::Paths::Path:0x0000558f2bce68e0 @paths=[&quot;app/models&quot;], @current=&quot;app/models&quot;, @root=#&lt;Rails::Paths::Root:0x0000558f2bce6c00 ...&gt;, @glob=nil, @exclude=nil, @autoload_once=false, @eager_load=true, @autoload=false, @load_path=false&gt;, &quot;app/mailers&quot;=&gt;#&lt;Rails::Paths::Path:0x0000558f2bce6868 @paths=[&quot;app/mailers&quot;], @current=&quot;app/mailers&quot;, @root=#&lt;Rails::Paths::Root:0x0000558f2bce6c00 ...&gt;, @glob=nil, @exclude=nil, @autoload_once=false, @eager_load=true, @autoload=false, @load_path=false&gt;, &quot;app/views&quot;=&gt;#&lt;Rails::Paths::Path:0x0000558f2bce67f0 @paths=[&quot;app/views&quot;], @current=&quot;app/views&quot;, @root=#&lt;Rails::Paths::Root:0x0000558f2bce6c00 ...&gt;, @glob=nil, @exclude=nil, @autoload_once=false, @eager_load=false, @autoload=false, @load_path=false&gt;, &quot;lib&quot;=&gt;#&lt;Rails::Paths::Path:0x0000558f2bce6778 @paths=[&quot;lib&quot;], @current=&quot;lib&quot;, @root=#&lt;Rails::Paths::Root:0x0000558f2bce6c00 ...&gt;, @glob=nil, @exclude=nil, @autoload_once=false, @eager_load=false, @autoload=false, @load_path=true&gt;, &quot;lib/assets&quot;=&gt;#&lt;Rails::Paths::Path:0x0000558f2bce6700 @paths=[&quot;lib/assets&quot;], @current=&quot;lib/assets&quot;, @root=#&lt;Rails::Paths::Root:0x0000558f2bce6c00 ...&gt;, @glob=&quot;*&quot;, @exclude=nil, @autoload_once=false, @eager_load=false, @autoload=false, @load_path=false&gt;, &quot;lib/tasks&quot;=&gt;#&lt;Rails::Paths::Path:0x0000558f2bce6688 @paths=[&quot;lib/tasks&quot;], @current=&quot;lib/tasks&quot;, @root=#&lt;Rails::Paths::Root:0x0000558f2bce6c00 ...&gt;, @glob=&quot;**/*.rake&quot;, @exclude=nil, @autoload_once=false, @eager_load=false, @autoload=false, @load_path=false&gt;, &quot;config&quot;=&gt;#&lt;Rails::Paths::Path:0x0000558f2bce6610 @paths=[&quot;config&quot;], @current=&quot;config&quot;, @root=#&lt;Rails::Paths::Root:0x0000558f2bce6c00 ...&gt;, @glob=nil, @exclude=nil, @autoload_once=false, @eager_load=false, @autoload=false, @load_path=false&gt;, &quot;config/environments&quot;=&gt;#&lt;Rails::Paths::Path:0x0000558f2bce6570 @paths=[&quot;config/environments&quot;], @current=&quot;config/environments&quot;, @root=#&lt;Rails::Paths::Root:0x0000558f2bce6c00 ...&gt;, @glob=&quot;test.rb&quot;, @exclude=nil, @autoload_once=false, @eager_load=false, @autoload=false, @load_path=false&gt;, &quot;config/initializers&quot;=&gt;#&lt;Rails::Paths::Path:0x0000558f2bce64f8 @paths=[&quot;config/initializers&quot;], @current=&quot;config/initializers&quot;, @root=#&lt;Rails::Paths::Root:0x0000558f2bce6c00 ...&gt;, @glob=&quot;**/*.rb&quot;, @exclude=nil, @autoload_once=false, @eager_load=false, @autoload=false, @load_path=false&gt;, &quot;config/locales&quot;=&gt;#&lt;Rails::Paths::Path:0x0000558f2bce6480 @paths=[&quot;config/locales&quot;], @current=&quot;config/locales&quot;, @root=#&lt;Rails::Paths::Root:0x0000558f2bce6c00 ...&gt;, @glob=&quot;*.{rb,yml}&quot;, @exclude=nil, @autoload_once=false, @eager_load=false, @autoload=false, @load_path=false&gt;, &quot;config/routes.rb&quot;=&gt;#&lt;Rails::Paths::Path:0x0000558f2bce6408 @paths=[&quot;config/routes.rb&quot;], @current=&quot;config/routes.rb&quot;, @root=#&lt;Rails::Paths::Root:0x0000558f2bce6c00 ...&gt;, @glob=nil, @exclude=nil, @autoload_once=false, @eager_load=false, @autoload=false, @load_path=false&gt;, &quot;config/routes&quot;=&gt;#&lt;Rails::Paths::Path:0x0000558f2bce6390 @paths=[&quot;config/routes&quot;], @current=&quot;config/routes&quot;, @root=#&lt;Rails::Paths::Root:0x0000558f2bce6c00 ...&gt;, @glob=&quot;**/*.rb&quot;, @exclude=nil, @autoload_once=false, @eager_load=false, @autoload=false, @load_path=false&gt;, &quot;db&quot;=&gt;#&lt;Rails::Paths::Path:0x0000558f2bce6318 @paths=[&quot;db&quot;], @current=&quot;db&quot;, @root=#&lt;Rails::Paths::Root:0x0000558f2bce6c00 ...&gt;, @glob=nil, @exclude=nil, @autoload_once=false, @eager_load=false, @autoload=false, @load_path=false&gt;, &quot;db/migrate&quot;=&gt;#&lt;Rails::Paths::Path:0x0000558f2bce62a0 @paths=[&quot;db/migrate&quot;], @current=&quot;db/migrate&quot;, @root=#&lt;Rails::Paths::Root:0x0000558f2bce6c00 ...&gt;, @glob=nil, @exclude=nil, @autoload_once=false, @eager_load=false, @autoload=false, @load_path=false&gt;, &quot;db/seeds.rb&quot;=&gt;#&lt;Rails::Paths::Path:0x0000558f2bce6228 @paths=[&quot;db/seeds.rb&quot;], @current=&quot;db/seeds.rb&quot;, @root=#&lt;Rails::Paths::Root:0x0000558f2bce6c00 ...&gt;, @glob=nil, @exclude=nil, @autoload_once=false, @eager_load=false, @autoload=false, @load_path=false&gt;, &quot;vendor&quot;=&gt;#&lt;Rails::Paths::Path:0x0000558f2bce61b0 @paths=[&quot;vendor&quot;], @current=&quot;vendor&quot;, @root=#&lt;Rails::Paths::Root:0x0000558f2bce6c00 ...&gt;, @glob=nil, @exclude=nil, @autoload_once=false, @eager_load=false, @autoload=false, @load_path=true&gt;, &quot;vendor/assets&quot;=&gt;#&lt;Rails::Paths::Path:0x0000558f2bce6138 @paths=[&quot;vendor/assets&quot;], @current=&quot;vendor/assets&quot;, @root=#&lt;Rails::Paths::Root:0x0000558f2bce6c00 ...&gt;, @glob=&quot;*&quot;, @exclude=nil, @autoload_once=false, @eager_load=false, @autoload=false, @load_path=false&gt;}&gt;, @autoload_paths=[], @eager_load_paths=[&quot;/home/nameless_ghoul/.rbenv/versions/3.0.0/lib/ruby/gems/3.0.0/gems/actiontext-6.1.5/app/helpers&quot;, &quot;/home/nameless_ghoul/.rbenv/versions/3.0.0/lib/ruby/gems/3.0.0/gems/actiontext-6.1.5/app/models&quot;]&gt;, @env_config=nil, @helpers=#&lt;Module:0x0000558f2c0f08c8&gt;, @routes=#&lt;ActionDispatch::Routing::RouteSet:0x0000558f2958c880&gt;, @app_build_lock=#&lt;Thread::Mutex:0x0000558f2959d068&gt;, @initializers=[#&lt;Rails::Initializable::Initializer:0x0000558f2bcc3318 @name=:load_environment_config, @context=#&lt;ActionText::Engine:0x0000558f2959d0b8 ...&gt;, @options={:before=&gt;:load_environment_hook, :group=&gt;:all}, @block=#&lt;Proc:0x0000558f29b2c858 /home/nameless_ghoul/.rbenv/versions/3.0.0/lib/ruby/gems/3.0.0/gems/railties-6.1.5/lib/rails/engine.rb:569&gt;&gt;, #&lt;Rails::Initializable::Initializer:0x0000558f2bcc32c8 @name=:set_load_path, @context=#&lt;ActionText::Engine:0x0000558f2959d0b8 ...&gt;, @options={:before=&gt;:bootstrap_hook, :after=&gt;:load_environment_config, :group=&gt;:default}, @block=#&lt;Proc:0x0000558f29b2c678 /home/nameless_ghoul/.rbenv/versions/3.0.0/lib/ruby/gems/3.0.0/gems/railties-6.1.5/lib/rails/engine.rb:575&gt;&gt;, #&lt;Rails::Initializable::Initializer:0x0000558f2bcc3278 @name=:set_autoload_paths, @context=#&lt;ActionText::Engine:0x0000558f2959d0b8 ...&gt;, @options={:before=&gt;:bootstrap_hook, :after=&gt;:set_load_path, :group=&gt;:default}, @block=#&lt;Proc:0x0000558f29b2c4e8 /home/nameless_ghoul/.rbenv/versions/3.0.0/lib/ruby/gems/3.0.0/gems/railties-6.1.5/lib/rails/engine.rb:587&gt;&gt;, #&lt;Rails::Initializable::Initializer:0x0000558f2bcc3228 @name=:set_eager_load_paths, @context=#&lt;ActionText::Engine:0x0000558f2959d0b8 ...&gt;, @options={:before=&gt;:bootstrap_hook, :after=&gt;:set_autoload_paths, :group=&gt;:default}, @block=#&lt;Proc:0x0000558f29b2c3d0 /home/nameless_ghoul/.rbenv/versions/3.0.0/lib/ruby/gems/3.0.0/gems/railties-6.1.5/lib/rails/engine.rb:595&gt;&gt;, #&lt;Rails::Initializable::Initializer:0x0000558f2bcc31d8 @name=:add_routing_paths, @context=#&lt;ActionText::Engine:0x0000558f2959d0b8 ...&gt;, @options={:after=&gt;:set_eager_load_paths, :group=&gt;:default}, @block=#&lt;Proc:0x0000558f29b2c2b8 /home/nameless_ghoul/.rbenv/versions/3.0.0/lib/ruby/gems/3.0.0/gems/railties-6.1.5/lib/rails/engine.rb:600&gt;&gt;, #&lt;Rails::Initializable::Initializer:0x0000558f2bcc3188 @name=:add_locales, @context=#&lt;ActionText::Engine:0x0000558f2959d0b8 ...&gt;, @options={:after=&gt;:add_routing_paths, :group=&gt;:default}, @block=#&lt;Proc:0x0000558f29b2c1c8 /home/nameless_ghoul/.rbenv/versions/3.0.0/lib/ruby/gems/3.0.0/gems/railties-6.1.5/lib/rails/engine.rb:614&gt;&gt;, #&lt;Rails::Initializable::Initializer:0x0000558f2bcc3138 @name=:add_view_paths, @context=#&lt;ActionText::Engine:0x0000558f2959d0b8 ...&gt;, @options={:after=&gt;:add_locales, :group=&gt;:default}, @block=#&lt;Proc:0x0000558f29b2c0d8 /home/nameless_ghoul/.rbenv/versions/3.0.0/lib/ruby/gems/3.0.0/gems/railties-6.1.5/lib/rails/engine.rb:618&gt;&gt;, #&lt;Rails::Initializable::Initializer:0x0000558f2bcc30e8 @name=:prepend_helpers_path, @context=#&lt;ActionText::Engine:0x0000558f2959d0b8 ...&gt;, @options={:after=&gt;:add_view_paths, :group=&gt;:default}, @block=#&lt;Proc:0x0000558f28f17f18 /home/nameless_ghoul/.rbenv/versions/3.0.0/lib/ruby/gems/3.0.0/gems/railties-6.1.5/lib/rails/engine.rb:626&gt;&gt;, #&lt;Rails::Initializable::Initializer:0x0000558f2bcc3098 @name=:load_config_initializers, @context=#&lt;ActionText::Engine:0x0000558f2959d0b8 ...&gt;, @options={:after=&gt;:prepend_helpers_path, :group=&gt;:default}, @block=#&lt;Proc:0x0000558f28f17608 /home/nameless_ghoul/.rbenv/versions/3.0.0/lib/ruby/gems/3.0.0/gems/railties-6.1.5/lib/rails/engine.rb:632&gt;&gt;, #&lt;Rails::Initializable::Initializer:0x0000558f2bcc3048 @name=:wrap_executor_around_load_seed, @context=#&lt;ActionText::Engine:0x0000558f2959d0b8 ...&gt;, @options={:after=&gt;:load_config_initializers, :group=&gt;:default}, @block=#&lt;Proc:0x0000558f28f16e60 /home/nameless_ghoul/.rbenv/versions/3.0.0/lib/ruby/gems/3.0.0/gems/railties-6.1.5/lib/rails/engine.rb:638&gt;&gt;, #&lt;Rails::Initializable::Initializer:0x0000558f2bcc2ff8 @name=:engines_blank_point, @context=#&lt;ActionText::Engine:0x0000558f2959d0b8 ...&gt;, @options={:after=&gt;:wrap_executor_around_load_seed, :group=&gt;:default}, @block=#&lt;Proc:0x0000558f28f16960 /home/nameless_ghoul/.rbenv/versions/3.0.0/lib/ruby/gems/3.0.0/gems/railties-6.1.5/lib/rails/engine.rb:644&gt;&gt;, #&lt;Rails::Initializable::Initializer:0x0000558f2bcc2fa8 @name=:append_assets_path, @context=#&lt;ActionText::Engine:0x0000558f2959d0b8 ...&gt;, @options={:group=&gt;:all, :after=&gt;:engines_blank_point}, @block=#&lt;Proc:0x0000558f29c70d40 /home/nameless_ghoul/.rbenv/versions/3.0.0/lib/ruby/gems/3.0.0/gems/sprockets-rails-3.4.2/lib/sprockets/railtie.rb:60&gt;&gt;, #&lt;Rails::Initializable::Initializer:0x0000558f2bcc2f58 @name=&quot;action_text.attribute&quot;, @context=#&lt;ActionText::Engine:0x0000558f2959d0b8 ...&gt;, @options={:group=&gt;:default}, @block=#&lt;Proc:0x0000558f29570b80 /home/nameless_ghoul/.rbenv/versions/3.0.0/lib/ruby/gems/3.0.0/gems/actiontext-6.1.5/lib/action_text/engine.rb:19&gt;&gt;, #&lt;Rails::Initializable::Initializer:0x0000558f2bcc2f08 @name=&quot;action_text.attachable&quot;, @context=#&lt;ActionText::Engine:0x0000558f2959d0b8 ...&gt;, @options={:after=&gt;&quot;action_text.attribute&quot;, :group=&gt;:default}, @block=#&lt;Proc:0x0000558f295705e0 /home/nameless_ghoul/.rbenv/versions/3.0.0/lib/ruby/gems/3.0.0/gems/actiontext-6.1.5/lib/action_text/engine.rb:25&gt;&gt;, #&lt;Rails::Initializable::Initializer:0x0000558f2bcc2eb8 @name=&quot;action_text.helper&quot;, @context=#&lt;ActionText::Engine:0x0000558f2959d0b8 ...&gt;, @options={:after=&gt;&quot;action_text.attachable&quot;, :group=&gt;:default}, @block=#&lt;Proc:0x0000558f29570130 /home/nameless_ghoul/.rbenv/versions/3.0.0/lib/ruby/gems/3.0.0/gems/actiontext-6.1.5/lib/action_text/engine.rb:43&gt;&gt;, #&lt;Rails::Initializable::Initializer:0x0000558f2bcc2e68 @name=&quot;action_text.renderer&quot;, @context=#&lt;ActionText::Engine:0x0000558f2959d0b8 ...&gt;, @options={:after=&gt;&quot;action_text.helper&quot;, :group=&gt;:default}, @block=#&lt;Proc:0x0000558f29563e58 /home/nameless_ghoul/.rbenv/versions/3.0.0/lib/ruby/gems/3.0.0/gems/actiontext-6.1.5/lib/action_text/engine.rb:51&gt;&gt;, #&lt;Rails::Initializable::Initializer:0x0000558f2bcc2e18 @name=&quot;action_text.system_test_helper&quot;, @context=#&lt;ActionText::Engine:0x0000558f2959d0b8 ...&gt;, @options={:after=&gt;&quot;action_text.renderer&quot;, :group=&gt;:default}, @block=#&lt;Proc:0x0000558f29563c28 /home/nameless_ghoul/.rbenv/versions/3.0.0/lib/ruby/gems/3.0.0/gems/actiontext-6.1.5/lib/action_text/engine.rb:65&gt;&gt;]&gt;, #&lt;Webpacker::Engine:0x0000558f2acdc670 @_all_autoload_paths=[], @_all_load_paths=[&quot;/home/nameless_ghoul/.rbenv/versions/3.0.0/lib/ruby/gems/3.0.0/gems/webpacker-5.4.3/lib&quot;], @app=nil, @config=#&lt;Rails::Engine::Configuration:0x0000558f2acdc080 @root=#&lt;Pathname:/home/nameless_ghoul/.rbenv/versions/3.0.0/lib/ruby/gems/3.0.0/gems/webpacker-5.4.3&gt;, @generators=#&lt;Rails::Configuration::Generators:0x0000558f2acdc058 @aliases={}, @options={:rails=&gt;{:orm=&gt;:active_record, :test_framework=&gt;:test_unit, :integration_tool=&gt;:test_unit, :system_tests=&gt;:test_unit, :stylesheet_engine=&gt;:scss}, :active_record=&gt;{:migration=&gt;true, :timestamps=&gt;true}, :test_unit=&gt;{:fixture=&gt;true, :fixture_replacement=&gt;nil}}, @fallbacks={}, @templates=[], @colorize_logging=true, @api_only=false, @hidden_namespaces=[&quot;sass&quot;], @after_generate_callbacks=[]&gt;, @middleware=#&lt;Rails::Configuration::MiddlewareStackProxy:0x0000558f2acefe28 @operations=[], @delete_operations=[]&gt;, @javascript_path=&quot;javascript&quot;, @autoload_once_paths=[], @paths=#&lt;Rails::Paths::Root:0x0000558f2bce5df0 @path=#&lt;Pathname:/home/nameless_ghoul/.rbenv/versions/3.0.0/lib/ruby/gems/3.0.0/gems/webpacker-5.4.3&gt;, @root={&quot;app&quot;=&gt;#&lt;Rails::Paths::Path:0x0000558f2bce5d28 @paths=[&quot;app&quot;], @current=&quot;app&quot;, @root=#&lt;Rails::Paths::Root:0x0000558f2bce5df0 ...&gt;, @glob=&quot;{*,*/concerns}&quot;, @exclude=[&quot;assets&quot;, &quot;javascript&quot;], @autoload_once=false, @eager_load=true, @autoload=false, @load_path=false&gt;, &quot;app/assets&quot;=&gt;#&lt;Rails::Paths::Path:0x0000558f2bce5cb0 @paths=[&quot;app/assets&quot;], @current=&quot;app/assets&quot;, @root=#&lt;Rails::Paths::Root:0x0000558f2bce5df0 ...&gt;, @glob=&quot;*&quot;, @exclude=nil, @autoload_once=false, @eager_load=false, @autoload=false, @load_path=false&gt;, &quot;app/controllers&quot;=&gt;#&lt;Rails::Paths::Path:0x0000558f2bce5c38 @paths=[&quot;app/controllers&quot;], @current=&quot;app/controllers&quot;, @root=#&lt;Rails::Paths::Root:0x0000558f2bce5df0 ...&gt;, @glob=nil, @exclude=nil, @autoload_once=false, @eager_load=true, @autoload=false, @load_path=false&gt;, &quot;app/channels&quot;=&gt;#&lt;Rails::Paths::Path:0x0000558f2bce5bc0 @paths=[&quot;app/channels&quot;], @current=&quot;app/channels&quot;, @root=#&lt;Rails::Paths::Root:0x0000558f2bce5df0 ...&gt;, @glob=&quot;**/*_channel.rb&quot;, @exclude=nil, @autoload_once=false, @eager_load=true, @autoload=false, @load_path=false&gt;, &quot;app/helpers&quot;=&gt;#&lt;Rails::Paths::Path:0x0000558f2bce5b48 @paths=[&quot;app/helpers&quot;], @current=&quot;app/helpers&quot;, @root=#&lt;Rails::Paths::Root:0x0000558f2bce5df0 ...&gt;, @glob=nil, @exclude=nil, @autoload_once=false, @eager_load=true, @autoload=false, @load_path=false&gt;, &quot;app/models&quot;=&gt;#&lt;Rails::Paths::Path:0x0000558f2bce5ad0 @paths=[&quot;app/models&quot;], @current=&quot;app/models&quot;, @root=#&lt;Rails::Paths::Root:0x0000558f2bce5df0 ...&gt;, @glob=nil, @exclude=nil, @autoload_once=false, @eager_load=true, @autoload=false, @load_path=false&gt;, &quot;app/mailers&quot;=&gt;#&lt;Rails::Paths::Path:0x0000558f2bce5a58 @paths=[&quot;app/mailers&quot;], @current=&quot;app/mailers&quot;, @root=#&lt;Rails::Paths::Root:0x0000558f2bce5df0 ...&gt;, @glob=nil, @exclude=nil, @autoload_once=false, @eager_load=true, @autoload=false, @load_path=false&gt;, &quot;app/views&quot;=&gt;#&lt;Rails::Paths::Path:0x0000558f2bce59e0 @paths=[&quot;app/views&quot;], @current=&quot;app/views&quot;, @root=#&lt;Rails::Paths::Root:0x0000558f2bce5df0 ...&gt;, @glob=nil, @exclude=nil, @autoload_once=false, @eager_load=false, @autoload=false, @load_path=false&gt;, &quot;lib&quot;=&gt;#&lt;Rails::Paths::Path:0x0000558f2bce5968 @paths=[&quot;lib&quot;], @current=&quot;lib&quot;, @root=#&lt;Rails::Paths::Root:0x0000558f2bce5df0 ...&gt;, @glob=nil, @exclude=nil, @autoload_once=false, @eager_load=false, @autoload=false, @load_path=true&gt;, &quot;lib/assets&quot;=&gt;#&lt;Rails::Paths::Path:0x0000558f2bce58f0 @paths=[&quot;lib/assets&quot;], @current=&quot;lib/assets&quot;, @root=#&lt;Rails::Paths::Root:0x0000558f2bce5df0 ...&gt;, @glob=&quot;*&quot;, @exclude=nil, @autoload_once=false, @eager_load=false, @autoload=false, @load_path=false&gt;, &quot;lib/tasks&quot;=&gt;#&lt;Rails::Paths::Path:0x0000558f2bce5878 @paths=[&quot;lib/tasks&quot;], @current=&quot;lib/tasks&quot;, @root=#&lt;Rails::Paths::Root:0x0000558f2bce5df0 ...&gt;, @glob=&quot;**/*.rake&quot;, @exclude=nil, @autoload_once=false, @eager_load=false, @autoload=false, @load_path=false&gt;, &quot;config&quot;=&gt;#&lt;Rails::Paths::Path:0x0000558f2bce5800 @paths=[&quot;config&quot;], @current=&quot;config&quot;, @root=#&lt;Rails::Paths::Root:0x0000558f2bce5df0 ...&gt;, @glob=nil, @exclude=nil, @autoload_once=false, @eager_load=false, @autoload=false, @load_path=false&gt;, &quot;config/environments&quot;=&gt;#&lt;Rails::Paths::Path:0x0000558f2bce5760 @paths=[&quot;config/environments&quot;], @current=&quot;config/environments&quot;, @root=#&lt;Rails::Paths::Root:0x0000558f2bce5df0 ...&gt;, @glob=&quot;test.rb&quot;, @exclude=nil, @autoload_once=false, @eager_load=false, @autoload=false, @load_path=false&gt;, &quot;config/initializers&quot;=&gt;#&lt;Rails::Paths::Path:0x0000558f2bce56e8 @paths=[&quot;config/initializers&quot;], @current=&quot;config/initializers&quot;, @root=#&lt;Rails::Paths::Root:0x0000558f2bce5df0 ...&gt;, @glob=&quot;**/*.rb&quot;, @exclude=nil, @autoload_once=false, @eager_load=false, @autoload=false, @load_path=false&gt;, &quot;config/locales&quot;=&gt;#&lt;Rails::Paths::Path:0x0000558f2bce5670 @paths=[&quot;config/locales&quot;], @current=&quot;config/locales&quot;, @root=#&lt;Rails::Paths::Root:0x0000558f2bce5df0 ...&gt;, @glob=&quot;*.{rb,yml}&quot;, @exclude=nil, @autoload_once=false, @eager_load=false, @autoload=false, @load_path=false&gt;, &quot;config/routes.rb&quot;=&gt;#&lt;Rails::Paths::Path:0x0000558f2bce55f8 @paths=[&quot;config/routes.rb&quot;], @current=&quot;config/routes.rb&quot;, @root=#&lt;Rails::Paths::Root:0x0000558f2bce5df0 ...&gt;, @glob=nil, @exclude=nil, @autoload_once=false, @eager_load=false, @autoload=false, @load_path=false&gt;, &quot;config/routes&quot;=&gt;#&lt;Rails::Paths::Path:0x0000558f2bce5580 @paths=[&quot;config/routes&quot;], @current=&quot;config/routes&quot;, @root=#&lt;Rails::Paths::Root:0x0000558f2bce5df0 ...&gt;, @glob=&quot;**/*.rb&quot;, @exclude=nil, @autoload_once=false, @eager_load=false, @autoload=false, @load_path=false&gt;, &quot;db&quot;=&gt;#&lt;Rails::Paths::Path:0x0000558f2bce5508 @paths=[&quot;db&quot;], @current=&quot;db&quot;, @root=#&lt;Rails::Paths::Root:0x0000558f2bce5df0 ...&gt;, @glob=nil, @exclude=nil, @autoload_once=false, @eager_load=false, @autoload=false, @load_path=false&gt;, &quot;db/migrate&quot;=&gt;#&lt;Rails::Paths::Path:0x0000558f2bce5490 @paths=[&quot;db/migrate&quot;], @current=&quot;db/migrate&quot;, @root=#&lt;Rails::Paths::Root:0x0000558f2bce5df0 ...&gt;, @glob=nil, @exclude=nil, @autoload_once=false, @eager_load=false, @autoload=false, @load_path=false&gt;, &quot;db/seeds.rb&quot;=&gt;#&lt;Rails::Paths::Path:0x0000558f2bce5418 @paths=[&quot;db/seeds.rb&quot;], @current=&quot;db/seeds.rb&quot;, @root=#&lt;Rails::Paths::Root:0x0000558f2bce5df0 ...&gt;, @glob=nil, @exclude=nil, @autoload_once=false, @eager_load=false, @autoload=false, @load_path=false&gt;, &quot;vendor&quot;=&gt;#&lt;Rails::Paths::Path:0x0000558f2bce53a0 @paths=[&quot;vendor&quot;], @current=&quot;vendor&quot;, @root=#&lt;Rails::Paths::Root:0x0000558f2bce5df0 ...&gt;, @glob=nil, @exclude=nil, @autoload_once=false, @eager_load=false, @autoload=false, @load_path=true&gt;, &quot;vendor/assets&quot;=&gt;#&lt;Rails::Paths::Path:0x0000558f2bce5328 @paths=[&quot;vendor/assets&quot;], @current=&quot;vendor/assets&quot;, @root=#&lt;Rails::Paths::Root:0x0000558f2bce5df0 ...&gt;, @glob=&quot;*&quot;, @exclude=nil, @autoload_once=false, @eager_load=false, @autoload=false, @load_path=false&gt;}&gt;, @autoload_paths=[], @eager_load_paths=[]&gt;, @env_config=nil, @helpers=nil, @routes=#&lt;ActionDispatch::Routing::RouteSet:0x0000558f2c022310&gt;, @app_build_lock=#&lt;Thread::Mutex:0x0000558f2acdc648&gt;, @initializers=[#&lt;Rails::Initializable::Initializer:0x0000558f2bcc2940 @name=:load_environment_config, @context=#&lt;Webpacker::Engine:0x0000558f2acdc670 ...&gt;, @options={:before=&gt;:load_environment_hook, :group=&gt;:all}, @block=#&lt;Proc:0x0000558f29b2c858 /home/nameless_ghoul/.rbenv/versions/3.0.0/lib/ruby/gems/3.0.0/gems/railties-6.1.5/lib/rails/engine.rb:569&gt;&gt;, #&lt;Rails::Initializable::Initializer:0x0000558f2bcc28f0 @name=:set_load_path, @context=#&lt;Webpacker::Engine:0x0000558f2acdc670 ...&gt;, @options={:before=&gt;:bootstrap_hook, :after=&gt;:load_environment_config, :group=&gt;:default}, @block=#&lt;Proc:0x0000558f29b2c678 /home/nameless_ghoul/.rbenv/versions/3.0.0/lib/ruby/gems/3.0.0/gems/railties-6.1.5/lib/rails/engine.rb:575&gt;&gt;, #&lt;Rails::Initializable::Initializer:0x0000558f2bcc28a0 @name=:set_autoload_paths, @context=#&lt;Webpacker::Engine:0x0000558f2acdc670 ...&gt;, @options={:before=&gt;:bootstrap_hook, :after=&gt;:set_load_path, :group=&gt;:default}, @block=#&lt;Proc:0x0000558f29b2c4e8 /home/nameless_ghoul/.rbenv/versions/3.0.0/lib/ruby/gems/3.0.0/gems/railties-6.1.5/lib/rails/engine.rb:587&gt;&gt;, #&lt;Rails::Initializable::Initializer:0x0000558f2bcc2850 @name=:set_eager_load_paths, @context=#&lt;Webpacker::Engine:0x0000558f2acdc670 ...&gt;, @options={:before=&gt;:bootstrap_hook, :after=&gt;:set_autoload_paths, :group=&gt;:default}, @block=#&lt;Proc:0x0000558f29b2c3d0 /home/nameless_ghoul/.rbenv/versions/3.0.0/lib/ruby/gems/3.0.0/gems/railties-6.1.5/lib/rails/engine.rb:595&gt;&gt;, #&lt;Rails::Initializable::Initializer:0x0000558f2bcc2800 @name=:add_routing_paths, @context=#&lt;Webpacker::Engine:0x0000558f2acdc670 ...&gt;, @options={:after=&gt;:set_eager_load_paths, :group=&gt;:default}, @block=#&lt;Proc:0x0000558f29b2c2b8 /home/nameless_ghoul/.rbenv/versions/3.0.0/lib/ruby/gems/3.0.0/gems/railties-6.1.5/lib/rails/engine.rb:600&gt;&gt;, #&lt;Rails::Initializable::Initializer:0x0000558f2bcc27b0 @name=:add_locales, @context=#&lt;Webpacker::Engine:0x0000558f2acdc670 ...&gt;, @options={:after=&gt;:add_routing_paths, :group=&gt;:default}, @block=#&lt;Proc:0x0000558f29b2c1c8 /home/nameless_ghoul/.rbenv/versions/3.0.0/lib/ruby/gems/3.0.0/gems/railties-6.1.5/lib/rails/engine.rb:614&gt;&gt;, #&lt;Rails::Initializable::Initializer:0x0000558f2bcc2760 @name=:add_view_paths, @context=#&lt;Webpacker::Engine:0x0000558f2acdc670 ...&gt;, @options={:after=&gt;:add_locales, :group=&gt;:default}, @block=#&lt;Proc:0x0000558f29b2c0d8 /home/nameless_ghoul/.rbenv/versions/3.0.0/lib/ruby/gems/3.0.0/gems/railties-6.1.5/lib/rails/engine.rb:618&gt;&gt;, #&lt;Rails::Initializable::Initializer:0x0000558f2bcc2710 @name=:prepend_helpers_path, @context=#&lt;Webpacker::Engine:0x0000558f2acdc670 ...&gt;, @options={:after=&gt;:add_view_paths, :group=&gt;:default}, @block=#&lt;Proc:0x0000558f28f17f18 /home/nameless_ghoul/.rbenv/versions/3.0.0/lib/ruby/gems/3.0.0/gems/railties-6.1.5/lib/rails/engine.rb:626&gt;&gt;, #&lt;Rails::Initializable::Initializer:0x0000558f2bcc26c0 @name=:load_config_initializers, @context=#&lt;Webpacker::Engine:0x0000558f2acdc670 ...&gt;, @options={:after=&gt;:prepend_helpers_path, :group=&gt;:default}, @block=#&lt;Proc:0x0000558f28f17608 /home/nameless_ghoul/.rbenv/versions/3.0.0/lib/ruby/gems/3.0.0/gems/railties-6.1.5/lib/rails/engine.rb:632&gt;&gt;, #&lt;Rails::Initializable::Initializer:0x0000558f2bcc2670 @name=:wrap_executor_around_load_seed, @context=#&lt;Webpacker::Engine:0x0000558f2acdc670 ...&gt;, @options={:after=&gt;:load_config_initializers, :group=&gt;:default}, @block=#&lt;Proc:0x0000558f28f16e60 /home/nameless_ghoul/.rbenv/versions/3.0.0/lib/ruby/gems/3.0.0/gems/railties-6.1.5/lib/rails/engine.rb:638&gt;&gt;, #&lt;Rails::Initializable::Initializer:0x0000558f2bcc2620 @name=:engines_blank_point, @context=#&lt;Webpacker::Engine:0x0000558f2acdc670 ...&gt;, @options={:after=&gt;:wrap_executor_around_load_seed, :group=&gt;:default}, @block=#&lt;Proc:0x0000558f28f16960 /home/nameless_ghoul/.rbenv/versions/3.0.0/lib/ruby/gems/3.0.0/gems/railties-6.1.5/lib/rails/engine.rb:644&gt;&gt;, #&lt;Rails::Initializable::Initializer:0x0000558f2bcc25d0 @name=:append_assets_path, @context=#&lt;Webpacker::Engine:0x0000558f2acdc670 ...&gt;, @options={:group=&gt;:all, :after=&gt;:engines_blank_point}, @block=#&lt;Proc:0x0000558f29c70d40 /home/nameless_ghoul/.rbenv/versions/3.0.0/lib/ruby/gems/3.0.0/gems/sprockets-rails-3.4.2/lib/sprockets/railtie.rb:60&gt;&gt;, #&lt;Rails::Initializable::Initializer:0x0000558f2bcc2580 @name=&quot;webpacker.proxy&quot;, @context=#&lt;Webpacker::Engine:0x0000558f2acdc670 ...&gt;, @options={:group=&gt;:default}, @block=#&lt;Proc:0x0000558f2acefc48 /home/nameless_ghoul/.rbenv/versions/3.0.0/lib/ruby/gems/3.0.0/gems/webpacker-5.4.3/lib/webpacker/railtie.rb:10&gt;&gt;, #&lt;Rails::Initializable::Initializer:0x0000558f2bcc2530 @name=&quot;webpacker.helper&quot;, @context=#&lt;Webpacker::Engine:0x0000558f2acdc670 ...&gt;, @options={:after=&gt;&quot;webpacker.proxy&quot;, :group=&gt;:default}, @block=#&lt;Proc:0x0000558f2acefb30 /home/nameless_ghoul/.rbenv/versions/3.0.0/lib/ruby/gems/3.0.0/gems/webpacker-5.4.3/lib/webpacker/railtie.rb:19&gt;&gt;, #&lt;Rails::Initializable::Initializer:0x0000558f2bcc24e0 @name=&quot;webpacker.logger&quot;, @context=#&lt;Webpacker::Engine:0x0000558f2acdc670 ...&gt;, @options={:after=&gt;&quot;webpacker.helper&quot;, :group=&gt;:default}, @block=#&lt;Proc:0x0000558f2acefa18 /home/nameless_ghoul/.rbenv/versions/3.0.0/lib/ruby/gems/3.0.0/gems/webpacker-5.4.3/lib/webpacker/railtie.rb:29&gt;&gt;, #&lt;Rails::Initializable::Initializer:0x0000558f2bcc2490 @name=&quot;webpacker.bootstrap&quot;, @context=#&lt;Webpacker::Engine:0x0000558f2acdc670 ...&gt;, @options={:after=&gt;&quot;webpacker.logger&quot;, :group=&gt;:default}, @block=#&lt;Proc:0x0000558f2acef900 /home/nameless_ghoul/.rbenv/versions/3.0.0/lib/ruby/gems/3.0.0/gems/webpacker-5.4.3/lib/webpacker/railtie.rb:39&gt;&gt;, #&lt;Rails::Initializable::Initializer:0x0000558f2bcc2440 @name=&quot;webpacker.set_source&quot;, @context=#&lt;Webpacker::Engine:0x0000558f2acdc670 ...&gt;, @options={:after=&gt;&quot;webpacker.bootstrap&quot;, :group=&gt;:default}, @block=#&lt;Proc:0x0000558f2acef7e8 /home/nameless_ghoul/.rbenv/versions/3.0.0/lib/ruby/gems/3.0.0/gems/webpacker-5.4.3/lib/webpacker/railtie.rb:50&gt;&gt;]&gt;, #&lt;Turbolinks::Engine:0x0000558f2acfaaf8 @_all_autoload_paths=[], @_all_load_paths=[&quot;/home/nameless_ghoul/.rbenv/versions/3.0.0/lib/ruby/gems/3.0.0/gems/turbolinks-5.2.1/lib&quot;], @app=nil, @config=#&lt;Rails::Engine::Configuration:0x0000558f2acfa7d8 @root=#&lt;Pathname:/home/nameless_ghoul/.rbenv/versions/3.0.0/lib/ruby/gems/3.0.0/gems/turbolinks-5.2.1&gt;, @generators=#&lt;Rails::Configuration::Generators:0x0000558f2acfa7b0 @aliases={}, @options={:rails=&gt;{:orm=&gt;:active_record, :test_framework=&gt;:test_unit, :integration_tool=&gt;:test_unit, :system_tests=&gt;:test_unit, :stylesheet_engine=&gt;:scss}, :active_record=&gt;{:migration=&gt;true, :timestamps=&gt;true}, :test_unit=&gt;{:fixture=&gt;true, :fixture_replacement=&gt;nil}}, @fallbacks={}, @templates=[], @colorize_logging=true, @api_only=false, @hidden_namespaces=[&quot;sass&quot;], @after_generate_callbacks=[]&gt;, @middleware=#&lt;Rails::Configuration::MiddlewareStackProxy:0x0000558f2acfa670 @operations=[], @delete_operations=[]&gt;, @javascript_path=&quot;javascript&quot;, @autoload_once_paths=[], @paths=#&lt;Rails::Paths::Root:0x0000558f2bce4fe0 @path=#&lt;Pathname:/home/nameless_ghoul/.rbenv/versions/3.0.0/lib/ruby/gems/3.0.0/gems/turbolinks-5.2.1&gt;, @root={&quot;app&quot;=&gt;#&lt;Rails::Paths::Path:0x0000558f2bce4f18 @paths=[&quot;app&quot;], @current=&quot;app&quot;, @root=#&lt;Rails::Paths::Root:0x0000558f2bce4fe0 ...&gt;, @glob=&quot;{*,*/concerns}&quot;, @exclude=[&quot;assets&quot;, &quot;javascript&quot;], @autoload_once=false, @eager_load=true, @autoload=false, @load_path=false&gt;, &quot;app/assets&quot;=&gt;#&lt;Rails::Paths::Path:0x0000558f2bce4ea0 @paths=[&quot;app/assets&quot;], @current=&quot;app/assets&quot;, @root=#&lt;Rails::Paths::Root:0x0000558f2bce4fe0 ...&gt;, @glob=&quot;*&quot;, @exclude=nil, @autoload_once=false, @eager_load=false, @autoload=false, @load_path=false&gt;, &quot;app/controllers&quot;=&gt;#&lt;Rails::Paths::Path:0x0000558f2bce4e28 @paths=[&quot;app/controllers&quot;], @current=&quot;app/controllers&quot;, @root=#&lt;Rails::Paths::Root:0x0000558f2bce4fe0 ...&gt;, @glob=nil, @exclude=nil, @autoload_once=false, @eager_load=true, @autoload=false, @load_path=false&gt;, &quot;app/channels&quot;=&gt;#&lt;Rails::Paths::Path:0x0000558f2bce4db0 @paths=[&quot;app/channels&quot;], @current=&quot;app/channels&quot;, @root=#&lt;Rails::Paths::Root:0x0000558f2bce4fe0 ...&gt;, @glob=&quot;**/*_channel.rb&quot;, @exclude=nil, @autoload_once=false, @eager_load=true, @autoload=false, @load_path=false&gt;, &quot;app/helpers&quot;=&gt;#&lt;Rails::Paths::Path:0x0000558f2bce4d38 @paths=[&quot;app/helpers&quot;], @current=&quot;app/helpers&quot;, @root=#&lt;Rails::Paths::Root:0x0000558f2bce4fe0 ...&gt;, @glob=nil, @exclude=nil, @autoload_once=false, @eager_load=true, @autoload=false, @load_path=false&gt;, &quot;app/models&quot;=&gt;#&lt;Rails::Paths::Path:0x0000558f2bce4cc0 @paths=[&quot;app/models&quot;], @current=&quot;app/models&quot;, @root=#&lt;Rails::Paths::Root:0x0000558f2bce4fe0 ...&gt;, @glob=nil, @exclude=nil, @autoload_once=false, @eager_load=true, @autoload=false, @load_path=false&gt;, &quot;app/mailers&quot;=&gt;#&lt;Rails::Paths::Path:0x0000558f2bce4c48 @paths=[&quot;app/mailers&quot;], @current=&quot;app/mailers&quot;, @root=#&lt;Rails::Paths::Root:0x0000558f2bce4fe0 ...&gt;, @glob=nil, @exclude=nil, @autoload_once=false, @eager_load=true, @autoload=false, @load_path=false&gt;, &quot;app/views&quot;=&gt;#&lt;Rails::Paths::Path:0x0000558f2bce4bd0 @paths=[&quot;app/views&quot;], @current=&quot;app/views&quot;, @root=#&lt;Rails::Paths::Root:0x0000558f2bce4fe0 ...&gt;, @glob=nil, @exclude=nil, @autoload_once=false, @eager_load=false, @autoload=false, @load_path=false&gt;, &quot;lib&quot;=&gt;#&lt;Rails::Paths::Path:0x0000558f2bce4b58 @paths=[&quot;lib&quot;], @current=&quot;lib&quot;, @root=#&lt;Rails::Paths::Root:0x0000558f2bce4fe0 ...&gt;, @glob=nil, @exclude=nil, @autoload_once=false, @eager_load=false, @autoload=false, @load_path=true&gt;, &quot;lib/assets&quot;=&gt;#&lt;Rails::Paths::Path:0x0000558f2bce4ae0 @paths=[&quot;lib/assets&quot;], @current=&quot;lib/assets&quot;, @root=#&lt;Rails::Paths::Root:0x0000558f2bce4fe0 ...&gt;, @glob=&quot;*&quot;, @exclude=nil, @autoload_once=false, @eager_load=false, @autoload=false, @load_path=false&gt;, &quot;lib/tasks&quot;=&gt;#&lt;Rails::Paths::Path:0x0000558f2bce4a68 @paths=[&quot;lib/tasks&quot;], @current=&quot;lib/tasks&quot;, @root=#&lt;Rails::Paths::Root:0x0000558f2bce4fe0 ...&gt;, @glob=&quot;**/*.rake&quot;, @exclude=nil, @autoload_once=false, @eager_load=false, @autoload=false, @load_path=false&gt;, &quot;config&quot;=&gt;#&lt;Rails::Paths::Path:0x0000558f2bce49f0 @paths=[&quot;config&quot;], @current=&quot;config&quot;, @root=#&lt;Rails::Paths::Root:0x0000558f2bce4fe0 ...&gt;, @glob=nil, @exclude=nil, @autoload_once=false, @eager_load=false, @autoload=false, @load_path=false&gt;, &quot;config/environments&quot;=&gt;#&lt;Rails::Paths::Path:0x0000558f2bce4950 @paths=[&quot;config/environments&quot;], @current=&quot;config/environments&quot;, @root=#&lt;Rails::Paths::Root:0x0000558f2bce4fe0 ...&gt;, @glob=&quot;test.rb&quot;, @exclude=nil, @autoload_once=false, @eager_load=false, @autoload=false, @load_path=false&gt;, &quot;config/initializers&quot;=&gt;#&lt;Rails::Paths::Path:0x0000558f2bce48d8 @paths=[&quot;config/initializers&quot;], @current=&quot;config/initializers&quot;, @root=#&lt;Rails::Paths::Root:0x0000558f2bce4fe0 ...&gt;, @glob=&quot;**/*.rb&quot;, @exclude=nil, @autoload_once=false, @eager_load=false, @autoload=false, @load_path=false&gt;, &quot;config/locales&quot;=&gt;#&lt;Rails::Paths::Path:0x0000558f2bce4860 @paths=[&quot;config/locales&quot;], @current=&quot;config/locales&quot;, @root=#&lt;Rails::Paths::Root:0x0000558f2bce4fe0 ...&gt;, @glob=&quot;*.{rb,yml}&quot;, @exclude=nil, @autoload_once=false, @eager_load=false, @autoload=false, @load_path=false&gt;, &quot;config/routes.rb&quot;=&gt;#&lt;Rails::Paths::Path:0x0000558f2bce47e8 @paths=[&quot;config/routes.rb&quot;], @current=&quot;config/routes.rb&quot;, @root=#&lt;Rails::Paths::Root:0x0000558f2bce4fe0 ...&gt;, @glob=nil, @exclude=nil, @autoload_once=false, @eager_load=false, @autoload=false, @load_path=false&gt;, &quot;config/routes&quot;=&gt;#&lt;Rails::Paths::Path:0x0000558f2bce4770 @paths=[&quot;config/routes&quot;], @current=&quot;config/routes&quot;, @root=#&lt;Rails::Paths::Root:0x0000558f2bce4fe0 ...&gt;, @glob=&quot;**/*.rb&quot;, @exclude=nil, @autoload_once=false, @eager_load=false, @autoload=false, @load_path=false&gt;, &quot;db&quot;=&gt;#&lt;Rails::Paths::Path:0x0000558f2bce46f8 @paths=[&quot;db&quot;], @current=&quot;db&quot;, @root=#&lt;Rails::Paths::Root:0x0000558f2bce4fe0 ...&gt;, @glob=nil, @exclude=nil, @autoload_once=false, @eager_load=false, @autoload=false, @load_path=false&gt;, &quot;db/migrate&quot;=&gt;#&lt;Rails::Paths::Path:0x0000558f2bce4680 @paths=[&quot;db/migrate&quot;], @current=&quot;db/migrate&quot;, @root=#&lt;Rails::Paths::Root:0x0000558f2bce4fe0 ...&gt;, @glob=nil, @exclude=nil, @autoload_once=false, @eager_load=false, @autoload=false, @load_path=false&gt;, &quot;db/seeds.rb&quot;=&gt;#&lt;Rails::Paths::Path:0x0000558f2bce4608 @paths=[&quot;db/seeds.rb&quot;], @current=&quot;db/seeds.rb&quot;, @root=#&lt;Rails::Paths::Root:0x0000558f2bce4fe0 ...&gt;, @glob=nil, @exclude=nil, @autoload_once=false, @eager_load=false, @autoload=false, @load_path=false&gt;, &quot;vendor&quot;=&gt;#&lt;Rails::Paths::Path:0x0000558f2bce4590 @paths=[&quot;vendor&quot;], @current=&quot;vendor&quot;, @root=#&lt;Rails::Paths::Root:0x0000558f2bce4fe0 ...&gt;, @glob=nil, @exclude=nil, @autoload_once=false, @eager_load=false, @autoload=false, @load_path=true&gt;, &quot;vendor/assets&quot;=&gt;#&lt;Rails::Paths::Path:0x0000558f2bce4518 @paths=[&quot;vendor/assets&quot;], @current=&quot;vendor/assets&quot;, @root=#&lt;Rails::Paths::Root:0x0000558f2bce4fe0 ...&gt;, @glob=&quot;*&quot;, @exclude=nil, @autoload_once=false, @eager_load=false, @autoload=false, @load_path=false&gt;}&gt;, @autoload_paths=[], @eager_load_paths=[]&gt;, @env_config=nil, @helpers=nil, @routes=#&lt;ActionDispatch::Routing::RouteSet:0x0000558f2c021690&gt;, @app_build_lock=#&lt;Thread::Mutex:0x0000558f2acfaad0&gt;, @initializers=[#&lt;Rails::Initializable::Initializer:0x0000558f2bcc1f90 @name=:load_environment_config, @context=#&lt;Turbolinks::Engine:0x0000558f2acfaaf8 ...&gt;, @options={:before=&gt;:load_environment_hook, :group=&gt;:all}, @block=#&lt;Proc:0x0000558f29b2c858 /home/nameless_ghoul/.rbenv/versions/3.0.0/lib/ruby/gems/3.0.0/gems/railties-6.1.5/lib/rails/engine.rb:569&gt;&gt;, #&lt;Rails::Initializable::Initializer:0x0000558f2bcc1f40 @name=:set_load_path, @context=#&lt;Turbolinks::Engine:0x0000558f2acfaaf8 ...&gt;, @options={:before=&gt;:bootstrap_hook, :after=&gt;:load_environment_config, :group=&gt;:default}, @block=#&lt;Proc:0x0000558f29b2c678 /home/nameless_ghoul/.rbenv/versions/3.0.0/lib/ruby/gems/3.0.0/gems/railties-6.1.5/lib/rails/engine.rb:575&gt;&gt;, #&lt;Rails::Initializable::Initializer:0x0000558f2bcc1ef0 @name=:set_autoload_paths, @context=#&lt;Turbolinks::Engine:0x0000558f2acfaaf8 ...&gt;, @options={:before=&gt;:bootstrap_hook, :after=&gt;:set_load_path, :group=&gt;:default}, @block=#&lt;Proc:0x0000558f29b2c4e8 /home/nameless_ghoul/.rbenv/versions/3.0.0/lib/ruby/gems/3.0.0/gems/railties-6.1.5/lib/rails/engine.rb:587&gt;&gt;, #&lt;Rails::Initializable::Initializer:0x0000558f2bcc1ea0 @name=:set_eager_load_paths, @context=#&lt;Turbolinks::Engine:0x0000558f2acfaaf8 ...&gt;, @options={:before=&gt;:bootstrap_hook, :after=&gt;:set_autoload_paths, :group=&gt;:default}, @block=#&lt;Proc:0x0000558f29b2c3d0 /home/nameless_ghoul/.rbenv/versions/3.0.0/lib/ruby/gems/3.0.0/gems/railties-6.1.5/lib/rails/engine.rb:595&gt;&gt;, #&lt;Rails::Initializable::Initializer:0x0000558f2bcc1e50 @name=:add_routing_paths, @context=#&lt;Turbolinks::Engine:0x0000558f2acfaaf8 ...&gt;, @options={:after=&gt;:set_eager_load_paths, :group=&gt;:default}, @block=#&lt;Proc:0x0000558f29b2c2b8 /home/nameless_ghoul/.rbenv/versions/3.0.0/lib/ruby/gems/3.0.0/gems/railties-6.1.5/lib/rails/engine.rb:600&gt;&gt;, #&lt;Rails::Initializable::Initializer:0x0000558f2bcc1e00 @name=:add_locales, @context=#&lt;Turbolinks::Engine:0x0000558f2acfaaf8 ...&gt;, @options={:after=&gt;:add_routing_paths, :group=&gt;:default}, @block=#&lt;Proc:0x0000558f29b2c1c8 /home/nameless_ghoul/.rbenv/versions/3.0.0/lib/ruby/gems/3.0.0/gems/railties-6.1.5/lib/rails/engine.rb:614&gt;&gt;, #&lt;Rails::Initializable::Initializer:0x0000558f2bcc1db0 @name=:add_view_paths, @context=#&lt;Turbolinks::Engine:0x0000558f2acfaaf8 ...&gt;, @options={:after=&gt;:add_locales, :group=&gt;:default}, @block=#&lt;Proc:0x0000558f29b2c0d8 /home/nameless_ghoul/.rbenv/versions/3.0.0/lib/ruby/gems/3.0.0/gems/railties-6.1.5/lib/rails/engine.rb:618&gt;&gt;, #&lt;Rails::Initializable::Initializer:0x0000558f2bcc1d60 @name=:prepend_helpers_path, @context=#&lt;Turbolinks::Engine:0x0000558f2acfaaf8 ...&gt;, @options={:after=&gt;:add_view_paths, :group=&gt;:default}, @block=#&lt;Proc:0x0000558f28f17f18 /home/nameless_ghoul/.rbenv/versions/3.0.0/lib/ruby/gems/3.0.0/gems/railties-6.1.5/lib/rails/engine.rb:626&gt;&gt;, #&lt;Rails::Initializable::Initializer:0x0000558f2bcc1d10 @name=:load_config_initializers, @context=#&lt;Turbolinks::Engine:0x0000558f2acfaaf8 ...&gt;, @options={:after=&gt;:prepend_helpers_path, :group=&gt;:default}, @block=#&lt;Proc:0x0000558f28f17608 /home/nameless_ghoul/.rbenv/versions/3.0.0/lib/ruby/gems/3.0.0/gems/railties-6.1.5/lib/rails/engine.rb:632&gt;&gt;, #&lt;Rails::Initializable::Initializer:0x0000558f2bcc1cc0 @name=:wrap_executor_around_load_seed, @context=#&lt;Turbolinks::Engine:0x0000558f2acfaaf8 ...&gt;, @options={:after=&gt;:load_config_initializers, :group=&gt;:default}, @block=#&lt;Proc:0x0000558f28f16e60 /home/nameless_ghoul/.rbenv/versions/3.0.0/lib/ruby/gems/3.0.0/gems/railties-6.1.5/lib/rails/engine.rb:638&gt;&gt;, #&lt;Rails::Initializable::Initializer:0x0000558f2bcc1c70 @name=:engines_blank_point, @context=#&lt;Turbolinks::Engine:0x0000558f2acfaaf8 ...&gt;, @options={:after=&gt;:wrap_executor_around_load_seed, :group=&gt;:default}, @block=#&lt;Proc:0x0000558f28f16960 /home/nameless_ghoul/.rbenv/versions/3.0.0/lib/ruby/gems/3.0.0/gems/railties-6.1.5/lib/rails/engine.rb:644&gt;&gt;, #&lt;Rails::Initializable::Initializer:0x0000558f2bcc1c20 @name=:append_assets_path, @context=#&lt;Turbolinks::Engine:0x0000558f2acfaaf8 ...&gt;, @options={:group=&gt;:all, :after=&gt;:engines_blank_point}, @block=#&lt;Proc:0x0000558f29c70d40 /home/nameless_ghoul/.rbenv/versions/3.0.0/lib/ruby/gems/3.0.0/gems/sprockets-rails-3.4.2/lib/sprockets/railtie.rb:60&gt;&gt;, #&lt;Rails::Initializable::Initializer:0x0000558f2bcc1bd0 @name=:turbolinks, @context=#&lt;Turbolinks::Engine:0x0000558f2acfaaf8 ...&gt;, @options={:group=&gt;:default}, @block=#&lt;Proc:0x0000558f2acfa198 /home/nameless_ghoul/.rbenv/versions/3.0.0/lib/ruby/gems/3.0.0/gems/turbolinks-5.2.1/lib/turbolinks.rb:20&gt;&gt;]&gt;, #&lt;ActiveStorageValidations::Engine:0x0000558f2bcb3620 @_all_autoload_paths=[], @_all_load_paths=[&quot;/home/nameless_ghoul/.rbenv/versions/3.0.0/lib/ruby/gems/3.0.0/gems/active_storage_validations-0.9.7/lib&quot;], @app=nil, @config=#&lt;Rails::Engine::Configuration:0x0000558f2bcefe40 @root=#&lt;Pathname:/home/nameless_ghoul/.rbenv/versions/3.0.0/lib/ruby/gems/3.0.0/gems/active_storage_validations-0.9.7&gt;, @generators=#&lt;Rails::Configuration::Generators:0x0000558f2bcefdc8 @aliases={}, @options={:rails=&gt;{:orm=&gt;:active_record, :test_framework=&gt;:test_unit, :integration_tool=&gt;:test_unit, :system_tests=&gt;:test_unit, :stylesheet_engine=&gt;:scss}, :active_record=&gt;{:migration=&gt;true, :timestamps=&gt;true}, :test_unit=&gt;{:fixture=&gt;true, :fixture_replacement=&gt;nil}}, @fallbacks={}, @templates=[], @colorize_logging=true, @api_only=false, @hidden_namespaces=[&quot;sass&quot;], @after_generate_callbacks=[]&gt;, @middleware=#&lt;Rails::Configuration::MiddlewareStackProxy:0x0000558f2bcefc88 @operations=[], @delete_operations=[]&gt;, @javascript_path=&quot;javascript&quot;, @autoload_once_paths=[], @paths=#&lt;Rails::Paths::Root:0x0000558f2bcefc10 @path=#&lt;Pathname:/home/nameless_ghoul/.rbenv/versions/3.0.0/lib/ruby/gems/3.0.0/gems/active_storage_validations-0.9.7&gt;, @root={&quot;app&quot;=&gt;#&lt;Rails::Paths::Path:0x0000558f2bcefb48 @paths=[&quot;app&quot;], @current=&quot;app&quot;, @root=#&lt;Rails::Paths::Root:0x0000558f2bcefc10 ...&gt;, @glob=&quot;{*,*/concerns}&quot;, @exclude=[&quot;assets&quot;, &quot;javascript&quot;], @autoload_once=false, @eager_load=true, @autoload=false, @load_path=false&gt;, &quot;app/assets&quot;=&gt;#&lt;Rails::Paths::Path:0x0000558f2bcefad0 @paths=[&quot;app/assets&quot;], @current=&quot;app/assets&quot;, @root=#&lt;Rails::Paths::Root:0x0000558f2bcefc10 ...&gt;, @glob=&quot;*&quot;, @exclude=nil, @autoload_once=false, @eager_load=false, @autoload=false, @load_path=false&gt;, &quot;app/controllers&quot;=&gt;#&lt;Rails::Paths::Path:0x0000558f2bcefa58 @paths=[&quot;app/controllers&quot;], @current=&quot;app/controllers&quot;, @root=#&lt;Rails::Paths::Root:0x0000558f2bcefc10 ...&gt;, @glob=nil, @exclude=nil, @autoload_once=false, @eager_load=true, @autoload=false, @load_path=false&gt;, &quot;app/channels&quot;=&gt;#&lt;Rails::Paths::Path:0x0000558f2bcef9e0 @paths=[&quot;app/channels&quot;], @current=&quot;app/channels&quot;, @root=#&lt;Rails::Paths::Root:0x0000558f2bcefc10 ...&gt;, @glob=&quot;**/*_channel.rb&quot;, @exclude=nil, @autoload_once=false, @eager_load=true, @autoload=false, @load_path=false&gt;, &quot;app/helpers&quot;=&gt;#&lt;Rails::Paths::Path:0x0000558f2bcef968 @paths=[&quot;app/helpers&quot;], @current=&quot;app/helpers&quot;, @root=#&lt;Rails::Paths::Root:0x0000558f2bcefc10 ...&gt;, @glob=nil, @exclude=nil, @autoload_once=false, @eager_load=true, @autoload=false, @load_path=false&gt;, &quot;app/models&quot;=&gt;#&lt;Rails::Paths::Path:0x0000558f2bcef8f0 @paths=[&quot;app/models&quot;], @current=&quot;app/models&quot;, @root=#&lt;Rails::Paths::Root:0x0000558f2bcefc10 ...&gt;, @glob=nil, @exclude=nil, @autoload_once=false, @eager_load=true, @autoload=false, @load_path=false&gt;, &quot;app/mailers&quot;=&gt;#&lt;Rails::Paths::Path:0x0000558f2bcef878 @paths=[&quot;app/mailers&quot;], @current=&quot;app/mailers&quot;, @root=#&lt;Rails::Paths::Root:0x0000558f2bcefc10 ...&gt;, @glob=nil, @exclude=nil, @autoload_once=false, @eager_load=true, @autoload=false, @load_path=false&gt;, &quot;app/views&quot;=&gt;#&lt;Rails::Paths::Path:0x0000558f2bcef800 @paths=[&quot;app/views&quot;], @current=&quot;app/views&quot;, @root=#&lt;Rails::Paths::Root:0x0000558f2bcefc10 ...&gt;, @glob=nil, @exclude=nil, @autoload_once=false, @eager_load=false, @autoload=false, @load_path=false&gt;, &quot;lib&quot;=&gt;#&lt;Rails::Paths::Path:0x0000558f2bcef788 @paths=[&quot;lib&quot;], @current=&quot;lib&quot;, @root=#&lt;Rails::Paths::Root:0x0000558f2bcefc10 ...&gt;, @glob=nil, @exclude=nil, @autoload_once=false, @eager_load=false, @autoload=false, @load_path=true&gt;, &quot;lib/assets&quot;=&gt;#&lt;Rails::Paths::Path:0x0000558f2bcef710 @paths=[&quot;lib/assets&quot;], @current=&quot;lib/assets&quot;, @root=#&lt;Rails::Paths::Root:0x0000558f2bcefc10 ...&gt;, @glob=&quot;*&quot;, @exclude=nil, @autoload_once=false, @eager_load=false, @autoload=false, @load_path=false&gt;, &quot;lib/tasks&quot;=&gt;#&lt;Rails::Paths::Path:0x0000558f2bcef698 @paths=[&quot;lib/tasks&quot;], @current=&quot;lib/tasks&quot;, @root=#&lt;Rails::Paths::Root:0x0000558f2bcefc10 ...&gt;, @glob=&quot;**/*.rake&quot;, @exclude=nil, @autoload_once=false, @eager_load=false, @autoload=false, @load_path=false&gt;, &quot;config&quot;=&gt;#&lt;Rails::Paths::Path:0x0000558f2bcef620 @paths=[&quot;config&quot;], @current=&quot;config&quot;, @root=#&lt;Rails::Paths::Root:0x0000558f2bcefc10 ...&gt;, @glob=nil, @exclude=nil, @autoload_once=false, @eager_load=false, @autoload=false, @load_path=false&gt;, &quot;config/environments&quot;=&gt;#&lt;Rails::Paths::Path:0x0000558f2bcef580 @paths=[&quot;config/environments&quot;], @current=&quot;config/environments&quot;, @root=#&lt;Rails::Paths::Root:0x0000558f2bcefc10 ...&gt;, @glob=&quot;test.rb&quot;, @exclude=nil, @autoload_once=false, @eager_load=false, @autoload=false, @load_path=false&gt;, &quot;config/initializers&quot;=&gt;#&lt;Rails::Paths::Path:0x0000558f2bcef508 @paths=[&quot;config/initializers&quot;], @current=&quot;config/initializers&quot;, @root=#&lt;Rails::Paths::Root:0x0000558f2bcefc10 ...&gt;, @glob=&quot;**/*.rb&quot;, @exclude=nil, @autoload_once=false, @eager_load=false, @autoload=false, @load_path=false&gt;, &quot;config/locales&quot;=&gt;#&lt;Rails::Paths::Path:0x0000558f2bcef490 @paths=[&quot;config/locales&quot;], @current=&quot;config/locales&quot;, @root=#&lt;Rails::Paths::Root:0x0000558f2bcefc10 ...&gt;, @glob=&quot;*.{rb,yml}&quot;, @exclude=nil, @autoload_once=false, @eager_load=false, @autoload=false, @load_path=false&gt;, &quot;config/routes.rb&quot;=&gt;#&lt;Rails::Paths::Path:0x0000558f2bcef418 @paths=[&quot;config/routes.rb&quot;], @current=&quot;config/routes.rb&quot;, @root=#&lt;Rails::Paths::Root:0x0000558f2bcefc10 ...&gt;, @glob=nil, @exclude=nil, @autoload_once=false, @eager_load=false, @autoload=false, @load_path=false&gt;, &quot;config/routes&quot;=&gt;#&lt;Rails::Paths::Path:0x0000558f2bcef3a0 @paths=[&quot;config/routes&quot;], @current=&quot;config/routes&quot;, @root=#&lt;Rails::Paths::Root:0x0000558f2bcefc10 ...&gt;, @glob=&quot;**/*.rb&quot;, @exclude=nil, @autoload_once=false, @eager_load=false, @autoload=false, @load_path=false&gt;, &quot;db&quot;=&gt;#&lt;Rails::Paths::Path:0x0000558f2bcef328 @paths=[&quot;db&quot;], @current=&quot;db&quot;, @root=#&lt;Rails::Paths::Root:0x0000558f2bcefc10 ...&gt;, @glob=nil, @exclude=nil, @autoload_once=false, @eager_load=false, @autoload=false, @load_path=false&gt;, &quot;db/migrate&quot;=&gt;#&lt;Rails::Paths::Path:0x0000558f2bcef2b0 @paths=[&quot;db/migrate&quot;], @current=&quot;db/migrate&quot;, @root=#&lt;Rails::Paths::Root:0x0000558f2bcefc10 ...&gt;, @glob=nil, @exclude=nil, @autoload_once=false, @eager_load=false, @autoload=false, @load_path=false&gt;, &quot;db/seeds.rb&quot;=&gt;#&lt;Rails::Paths::Path:0x0000558f2bcef238 @paths=[&quot;db/seeds.rb&quot;], @current=&quot;db/seeds.rb&quot;, @root=#&lt;Rails::Paths::Root:0x0000558f2bcefc10 ...&gt;, @glob=nil, @exclude=nil, @autoload_once=false, @eager_load=false, @autoload=false, @load_path=false&gt;, &quot;vendor&quot;=&gt;#&lt;Rails::Paths::Path:0x0000558f2bcef1c0 @paths=[&quot;vendor&quot;], @current=&quot;vendor&quot;, @root=#&lt;Rails::Paths::Root:0x0000558f2bcefc10 ...&gt;, @glob=nil, @exclude=nil, @autoload_once=false, @eager_load=false, @autoload=false, @load_path=true&gt;, &quot;vendor/assets&quot;=&gt;#&lt;Rails::Paths::Path:0x0000558f2bcef148 @paths=[&quot;vendor/assets&quot;], @current=&quot;vendor/assets&quot;, @root=#&lt;Rails::Paths::Root:0x0000558f2bcefc10 ...&gt;, @glob=&quot;*&quot;, @exclude=nil, @autoload_once=false, @eager_load=false, @autoload=false, @load_path=false&gt;}&gt;, @autoload_paths=[], @eager_load_paths=[]&gt;, @env_config=nil, @helpers=nil, @routes=#&lt;ActionDispatch::Routing::RouteSet:0x0000558f2c020a10&gt;, @app_build_lock=#&lt;Thread::Mutex:0x0000558f2bcb35f8&gt;, @initializers=[#&lt;Rails::Initializable::Initializer:0x0000558f2bcc1720 @name=:load_environment_config, @context=#&lt;ActiveStorageValidations::Engine:0x0000558f2bcb3620 ...&gt;, @options={:before=&gt;:load_environment_hook, :group=&gt;:all}, @block=#&lt;Proc:0x0000558f29b2c858 /home/nameless_ghoul/.rbenv/versions/3.0.0/lib/ruby/gems/3.0.0/gems/railties-6.1.5/lib/rails/engine.rb:569&gt;&gt;, #&lt;Rails::Initializable::Initializer:0x0000558f2bcc16d0 @name=:set_load_path, @context=#&lt;ActiveStorageValidations::Engine:0x0000558f2bcb3620 ...&gt;, @options={:before=&gt;:bootstrap_hook, :after=&gt;:load_environment_config, :group=&gt;:default}, @block=#&lt;Proc:0x0000558f29b2c678 /home/nameless_ghoul/.rbenv/versions/3.0.0/lib/ruby/gems/3.0.0/gems/railties-6.1.5/lib/rails/engine.rb:575&gt;&gt;, #&lt;Rails::Initializable::Initializer:0x0000558f2bcc1680 @name=:set_autoload_paths, @context=#&lt;ActiveStorageValidations::Engine:0x0000558f2bcb3620 ...&gt;, @options={:before=&gt;:bootstrap_hook, :after=&gt;:set_load_path, :group=&gt;:default}, @block=#&lt;Proc:0x0000558f29b2c4e8 /home/nameless_ghoul/.rbenv/versions/3.0.0/lib/ruby/gems/3.0.0/gems/railties-6.1.5/lib/rails/engine.rb:587&gt;&gt;, #&lt;Rails::Initializable::Initializer:0x0000558f2bcc1630 @name=:set_eager_load_paths, @context=#&lt;ActiveStorageValidations::Engine:0x0000558f2bcb3620 ...&gt;, @options={:before=&gt;:bootstrap_hook, :after=&gt;:set_autoload_paths, :group=&gt;:default}, @block=#&lt;Proc:0x0000558f29b2c3d0 /home/nameless_ghoul/.rbenv/versions/3.0.0/lib/ruby/gems/3.0.0/gems/railties-6.1.5/lib/rails/engine.rb:595&gt;&gt;, #&lt;Rails::Initializable::Initializer:0x0000558f2bcc15e0 @name=:add_routing_paths, @context=#&lt;ActiveStorageValidations::Engine:0x0000558f2bcb3620 ...&gt;, @options={:after=&gt;:set_eager_load_paths, :group=&gt;:default}, @block=#&lt;Proc:0x0000558f29b2c2b8 /home/nameless_ghoul/.rbenv/versions/3.0.0/lib/ruby/gems/3.0.0/gems/railties-6.1.5/lib/rails/engine.rb:600&gt;&gt;, #&lt;Rails::Initializable::Initializer:0x0000558f2bcc1590 @name=:add_locales, @context=#&lt;ActiveStorageValidations::Engine:0x0000558f2bcb3620 ...&gt;, @options={:after=&gt;:add_routing_paths, :group=&gt;:default}, @block=#&lt;Proc:0x0000558f29b2c1c8 /home/nameless_ghoul/.rbenv/versions/3.0.0/lib/ruby/gems/3.0.0/gems/railties-6.1.5/lib/rails/engine.rb:614&gt;&gt;, #&lt;Rails::Initializable::Initializer:0x0000558f2bcc1540 @name=:add_view_paths, @context=#&lt;ActiveStorageValidations::Engine:0x0000558f2bcb3620 ...&gt;, @options={:after=&gt;:add_locales, :group=&gt;:default}, @block=#&lt;Proc:0x0000558f29b2c0d8 /home/nameless_ghoul/.rbenv/versions/3.0.0/lib/ruby/gems/3.0.0/gems/railties-6.1.5/lib/rails/engine.rb:618&gt;&gt;, #&lt;Rails::Initializable::Initializer:0x0000558f2bcc14f0 @name=:prepend_helpers_path, @context=#&lt;ActiveStorageValidations::Engine:0x0000558f2bcb3620 ...&gt;, @options={:after=&gt;:add_view_paths, :group=&gt;:default}, @block=#&lt;Proc:0x0000558f28f17f18 /home/nameless_ghoul/.rbenv/versions/3.0.0/lib/ruby/gems/3.0.0/gems/railties-6.1.5/lib/rails/engine.rb:626&gt;&gt;, #&lt;Rails::Initializable::Initializer:0x0000558f2bcc14a0 @name=:load_config_initializers, @context=#&lt;ActiveStorageValidations::Engine:0x0000558f2bcb3620 ...&gt;, @options={:after=&gt;:prepend_helpers_path, :group=&gt;:default}, @block=#&lt;Proc:0x0000558f28f17608 /home/nameless_ghoul/.rbenv/versions/3.0.0/lib/ruby/gems/3.0.0/gems/railties-6.1.5/lib/rails/engine.rb:632&gt;&gt;, #&lt;Rails::Initializable::Initializer:0x0000558f2bcc1450 @name=:wrap_executor_around_load_seed, @context=#&lt;ActiveStorageValidations::Engine:0x0000558f2bcb3620 ...&gt;, @options={:after=&gt;:load_config_initializers, :group=&gt;:default}, @block=#&lt;Proc:0x0000558f28f16e60 /home/nameless_ghoul/.rbenv/versions/3.0.0/lib/ruby/gems/3.0.0/gems/railties-6.1.5/lib/rails/engine.rb:638&gt;&gt;, #&lt;Rails::Initializable::Initializer:0x0000558f2bcc1400 @name=:engines_blank_point, @context=#&lt;ActiveStorageValidations::Engine:0x0000558f2bcb3620 ...&gt;, @options={:after=&gt;:wrap_executor_around_load_seed, :group=&gt;:default}, @block=#&lt;Proc:0x0000558f28f16960 /home/nameless_ghoul/.rbenv/versions/3.0.0/lib/ruby/gems/3.0.0/gems/railties-6.1.5/lib/rails/engine.rb:644&gt;&gt;, #&lt;Rails::Initializable::Initializer:0x0000558f2bcc13b0 @name=:append_assets_path, @context=#&lt;ActiveStorageValidations::Engine:0x0000558f2bcb3620 ...&gt;, @options={:group=&gt;:all, :after=&gt;:engines_blank_point}, @block=#&lt;Proc:0x0000558f29c70d40 /home/nameless_ghoul/.rbenv/versions/3.0.0/lib/ruby/gems/3.0.0/gems/sprockets-rails-3.4.2/lib/sprockets/railtie.rb:60&gt;&gt;]&gt;, #&lt;Bootstrap::Willpaginate::Engine:0x0000558f2bcb3558 @_all_autoload_paths=[], @_all_load_paths=[&quot;/home/nameless_ghoul/.rbenv/versions/3.0.0/lib/ruby/gems/3.0.0/gems/bootstrap-will_paginate-1.0.0/lib&quot;], @app=nil, @config=#&lt;Rails::Engine::Configuration:0x0000558f2bceeb58 @root=#&lt;Pathname:/home/nameless_ghoul/.rbenv/versions/3.0.0/lib/ruby/gems/3.0.0/gems/bootstrap-will_paginate-1.0.0&gt;, @generators=#&lt;Rails::Configuration::Generators:0x0000558f2bceeb30 @aliases={}, @options={:rails=&gt;{:orm=&gt;:active_record, :test_framework=&gt;:test_unit, :integration_tool=&gt;:test_unit, :system_tests=&gt;:test_unit, :stylesheet_engine=&gt;:scss}, :active_record=&gt;{:migration=&gt;true, :timestamps=&gt;true}, :test_unit=&gt;{:fixture=&gt;true, :fixture_replacement=&gt;nil}}, @fallbacks={}, @templates=[], @colorize_logging=true, @api_only=false, @hidden_namespaces=[&quot;sass&quot;], @after_generate_callbacks=[]&gt;, @middleware=#&lt;Rails::Configuration::MiddlewareStackProxy:0x0000558f2bcee9f0 @operations=[], @delete_operations=[]&gt;, @javascript_path=&quot;javascript&quot;, @autoload_once_paths=[], @paths=#&lt;Rails::Paths::Root:0x0000558f2bcee978 @path=#&lt;Pathname:/home/nameless_ghoul/.rbenv/versions/3.0.0/lib/ruby/gems/3.0.0/gems/bootstrap-will_paginate-1.0.0&gt;, @root={&quot;app&quot;=&gt;#&lt;Rails::Paths::Path:0x0000558f2bcee8b0 @paths=[&quot;app&quot;], @current=&quot;app&quot;, @root=#&lt;Rails::Paths::Root:0x0000558f2bcee978 ...&gt;, @glob=&quot;{*,*/concerns}&quot;, @exclude=[&quot;assets&quot;, &quot;javascript&quot;], @autoload_once=false, @eager_load=true, @autoload=false, @load_path=false&gt;, &quot;app/assets&quot;=&gt;#&lt;Rails::Paths::Path:0x0000558f2bcee838 @paths=[&quot;app/assets&quot;], @current=&quot;app/assets&quot;, @root=#&lt;Rails::Paths::Root:0x0000558f2bcee978 ...&gt;, @glob=&quot;*&quot;, @exclude=nil, @autoload_once=false, @eager_load=false, @autoload=false, @load_path=false&gt;, &quot;app/controllers&quot;=&gt;#&lt;Rails::Paths::Path:0x0000558f2bcee7c0 @paths=[&quot;app/controllers&quot;], @current=&quot;app/controllers&quot;, @root=#&lt;Rails::Paths::Root:0x0000558f2bcee978 ...&gt;, @glob=nil, @exclude=nil, @autoload_once=false, @eager_load=true, @autoload=false, @load_path=false&gt;, &quot;app/channels&quot;=&gt;#&lt;Rails::Paths::Path:0x0000558f2bcee748 @paths=[&quot;app/channels&quot;], @current=&quot;app/channels&quot;, @root=#&lt;Rails::Paths::Root:0x0000558f2bcee978 ...&gt;, @glob=&quot;**/*_channel.rb&quot;, @exclude=nil, @autoload_once=false, @eager_load=true, @autoload=false, @load_path=false&gt;, &quot;app/helpers&quot;=&gt;#&lt;Rails::Paths::Path:0x0000558f2bcee6d0 @paths=[&quot;app/helpers&quot;], @current=&quot;app/helpers&quot;, @root=#&lt;Rails::Paths::Root:0x0000558f2bcee978 ...&gt;, @glob=nil, @exclude=nil, @autoload_once=false, @eager_load=true, @autoload=false, @load_path=false&gt;, &quot;app/models&quot;=&gt;#&lt;Rails::Paths::Path:0x0000558f2bcee658 @paths=[&quot;app/models&quot;], @current=&quot;app/models&quot;, @root=#&lt;Rails::Paths::Root:0x0000558f2bcee978 ...&gt;, @glob=nil, @exclude=nil, @autoload_once=false, @eager_load=true, @autoload=false, @load_path=false&gt;, &quot;app/mailers&quot;=&gt;#&lt;Rails::Paths::Path:0x0000558f2bcee5e0 @paths=[&quot;app/mailers&quot;], @current=&quot;app/mailers&quot;, @root=#&lt;Rails::Paths::Root:0x0000558f2bcee978 ...&gt;, @glob=nil, @exclude=nil, @autoload_once=false, @eager_load=true, @autoload=false, @load_path=false&gt;, &quot;app/views&quot;=&gt;#&lt;Rails::Paths::Path:0x0000558f2bcee568 @paths=[&quot;app/views&quot;], @current=&quot;app/views&quot;, @root=#&lt;Rails::Paths::Root:0x0000558f2bcee978 ...&gt;, @glob=nil, @exclude=nil, @autoload_once=false, @eager_load=false, @autoload=false, @load_path=false&gt;, &quot;lib&quot;=&gt;#&lt;Rails::Paths::Path:0x0000558f2bcee4f0 @paths=[&quot;lib&quot;], @current=&quot;lib&quot;, @root=#&lt;Rails::Paths::Root:0x0000558f2bcee978 ...&gt;, @glob=nil, @exclude=nil, @autoload_once=false, @eager_load=false, @autoload=false, @load_path=true&gt;, &quot;lib/assets&quot;=&gt;#&lt;Rails::Paths::Path:0x0000558f2bcee478 @paths=[&quot;lib/assets&quot;], @current=&quot;lib/assets&quot;, @root=#&lt;Rails::Paths::Root:0x0000558f2bcee978 ...&gt;, @glob=&quot;*&quot;, @exclude=nil, @autoload_once=false, @eager_load=false, @autoload=false, @load_path=false&gt;, &quot;lib/tasks&quot;=&gt;#&lt;Rails::Paths::Path:0x0000558f2bcee400 @paths=[&quot;lib/tasks&quot;], @current=&quot;lib/tasks&quot;, @root=#&lt;Rails::Paths::Root:0x0000558f2bcee978 ...&gt;, @glob=&quot;**/*.rake&quot;, @exclude=nil, @autoload_once=false, @eager_load=false, @autoload=false, @load_path=false&gt;, &quot;config&quot;=&gt;#&lt;Rails::Paths::Path:0x0000558f2bcee388 @paths=[&quot;config&quot;], @current=&quot;config&quot;, @root=#&lt;Rails::Paths::Root:0x0000558f2bcee978 ...&gt;, @glob=nil, @exclude=nil, @autoload_once=false, @eager_load=false, @autoload=false, @load_path=false&gt;, &quot;config/environments&quot;=&gt;#&lt;Rails::Paths::Path:0x0000558f2bcee2e8 @paths=[&quot;config/environments&quot;], @current=&quot;config/environments&quot;, @root=#&lt;Rails::Paths::Root:0x0000558f2bcee978 ...&gt;, @glob=&quot;test.rb&quot;, @exclude=nil, @autoload_once=false, @eager_load=false, @autoload=false, @load_path=false&gt;, &quot;config/initializers&quot;=&gt;#&lt;Rails::Paths::Path:0x0000558f2bcee270 @paths=[&quot;config/initializers&quot;], @current=&quot;config/initializers&quot;, @root=#&lt;Rails::Paths::Root:0x0000558f2bcee978 ...&gt;, @glob=&quot;**/*.rb&quot;, @exclude=nil, @autoload_once=false, @eager_load=false, @autoload=false, @load_path=false&gt;, &quot;config/locales&quot;=&gt;#&lt;Rails::Paths::Path:0x0000558f2bcee1f8 @paths=[&quot;config/locales&quot;], @current=&quot;config/locales&quot;, @root=#&lt;Rails::Paths::Root:0x0000558f2bcee978 ...&gt;, @glob=&quot;*.{rb,yml}&quot;, @exclude=nil, @autoload_once=false, @eager_load=false, @autoload=false, @load_path=false&gt;, &quot;config/routes.rb&quot;=&gt;#&lt;Rails::Paths::Path:0x0000558f2bcee180 @paths=[&quot;config/routes.rb&quot;], @current=&quot;config/routes.rb&quot;, @root=#&lt;Rails::Paths::Root:0x0000558f2bcee978 ...&gt;, @glob=nil, @exclude=nil, @autoload_once=false, @eager_load=false, @autoload=false, @load_path=false&gt;, &quot;config/routes&quot;=&gt;#&lt;Rails::Paths::Path:0x0000558f2bcee108 @paths=[&quot;config/routes&quot;], @current=&quot;config/routes&quot;, @root=#&lt;Rails::Paths::Root:0x0000558f2bcee978 ...&gt;, @glob=&quot;**/*.rb&quot;, @exclude=nil, @autoload_once=false, @eager_load=false, @autoload=false, @load_path=false&gt;, &quot;db&quot;=&gt;#&lt;Rails::Paths::Path:0x0000558f2bcee090 @paths=[&quot;db&quot;], @current=&quot;db&quot;, @root=#&lt;Rails::Paths::Root:0x0000558f2bcee978 ...&gt;, @glob=nil, @exclude=nil, @autoload_once=false, @eager_load=false, @autoload=false, @load_path=false&gt;, &quot;db/migrate&quot;=&gt;#&lt;Rails::Paths::Path:0x0000558f2bcee018 @paths=[&quot;db/migrate&quot;], @current=&quot;db/migrate&quot;, @root=#&lt;Rails::Paths::Root:0x0000558f2bcee978 ...&gt;, @glob=nil, @exclude=nil, @autoload_once=false, @eager_load=false, @autoload=false, @load_path=false&gt;, &quot;db/seeds.rb&quot;=&gt;#&lt;Rails::Paths::Path:0x0000558f2bcedfa0 @paths=[&quot;db/seeds.rb&quot;], @current=&quot;db/seeds.rb&quot;, @root=#&lt;Rails::Paths::Root:0x0000558f2bcee978 ...&gt;, @glob=nil, @exclude=nil, @autoload_once=false, @eager_load=false, @autoload=false, @load_path=false&gt;, &quot;vendor&quot;=&gt;#&lt;Rails::Paths::Path:0x0000558f2bcedf28 @paths=[&quot;vendor&quot;], @current=&quot;vendor&quot;, @root=#&lt;Rails::Paths::Root:0x0000558f2bcee978 ...&gt;, @glob=nil, @exclude=nil, @autoload_once=false, @eager_load=false, @autoload=false, @load_path=true&gt;, &quot;vendor/assets&quot;=&gt;#&lt;Rails::Paths::Path:0x0000558f2bcedeb0 @paths=[&quot;vendor/assets&quot;], @current=&quot;vendor/assets&quot;, @root=#&lt;Rails::Paths::Root:0x0000558f2bcee978 ...&gt;, @glob=&quot;*&quot;, @exclude=nil, @autoload_once=false, @eager_load=false, @autoload=false, @load_path=false&gt;}&gt;, @autoload_paths=[], @eager_load_paths=[]&gt;, @env_config=nil, @helpers=nil, @routes=#&lt;ActionDispatch::Routing::RouteSet:0x0000558f2c02bd70&gt;, @app_build_lock=#&lt;Thread::Mutex:0x0000558f2bcb3530&gt;, @initializers=[#&lt;Rails::Initializable::Initializer:0x0000558f2bcc0f00 @name=:load_environment_config, @context=#&lt;Bootstrap::Willpaginate::Engine:0x0000558f2bcb3558 ...&gt;, @options={:before=&gt;:load_environment_hook, :group=&gt;:all}, @block=#&lt;Proc:0x0000558f29b2c858 /home/nameless_ghoul/.rbenv/versions/3.0.0/lib/ruby/gems/3.0.0/gems/railties-6.1.5/lib/rails/engine.rb:569&gt;&gt;, #&lt;Rails::Initializable::Initializer:0x0000558f2bcc0eb0 @name=:set_load_path, @context=#&lt;Bootstrap::Willpaginate::Engine:0x0000558f2bcb3558 ...&gt;, @options={:before=&gt;:bootstrap_hook, :after=&gt;:load_environment_config, :group=&gt;:default}, @block=#&lt;Proc:0x0000558f29b2c678 /home/nameless_ghoul/.rbenv/versions/3.0.0/lib/ruby/gems/3.0.0/gems/railties-6.1.5/lib/rails/engine.rb:575&gt;&gt;, #&lt;Rails::Initializable::Initializer:0x0000558f2bcc0e60 @name=:set_autoload_paths, @context=#&lt;Bootstrap::Willpaginate::Engine:0x0000558f2bcb3558 ...&gt;, @options={:before=&gt;:bootstrap_hook, :after=&gt;:set_load_path, :group=&gt;:default}, @block=#&lt;Proc:0x0000558f29b2c4e8 /home/nameless_ghoul/.rbenv/versions/3.0.0/lib/ruby/gems/3.0.0/gems/railties-6.1.5/lib/rails/engine.rb:587&gt;&gt;, #&lt;Rails::Initializable::Initializer:0x0000558f2bcc0e10 @name=:set_eager_load_paths, @context=#&lt;Bootstrap::Willpaginate::Engine:0x0000558f2bcb3558 ...&gt;, @options={:before=&gt;:bootstrap_hook, :after=&gt;:set_autoload_paths, :group=&gt;:default}, @block=#&lt;Proc:0x0000558f29b2c3d0 /home/nameless_ghoul/.rbenv/versions/3.0.0/lib/ruby/gems/3.0.0/gems/railties-6.1.5/lib/rails/engine.rb:595&gt;&gt;, #&lt;Rails::Initializable::Initializer:0x0000558f2bcc0dc0 @name=:add_routing_paths, @context=#&lt;Bootstrap::Willpaginate::Engine:0x0000558f2bcb3558 ...&gt;, @options={:after=&gt;:set_eager_load_paths, :group=&gt;:default}, @block=#&lt;Proc:0x0000558f29b2c2b8 /home/nameless_ghoul/.rbenv/versions/3.0.0/lib/ruby/gems/3.0.0/gems/railties-6.1.5/lib/rails/engine.rb:600&gt;&gt;, #&lt;Rails::Initializable::Initializer:0x0000558f2bcc0d70 @name=:add_locales, @context=#&lt;Bootstrap::Willpaginate::Engine:0x0000558f2bcb3558 ...&gt;, @options={:after=&gt;:add_routing_paths, :group=&gt;:default}, @block=#&lt;Proc:0x0000558f29b2c1c8 /home/nameless_ghoul/.rbenv/versions/3.0.0/lib/ruby/gems/3.0.0/gems/railties-6.1.5/lib/rails/engine.rb:614&gt;&gt;, #&lt;Rails::Initializable::Initializer:0x0000558f2bcc0d20 @name=:add_view_paths, @context=#&lt;Bootstrap::Willpaginate::Engine:0x0000558f2bcb3558 ...&gt;, @options={:after=&gt;:add_locales, :group=&gt;:default}, @block=#&lt;Proc:0x0000558f29b2c0d8 /home/nameless_ghoul/.rbenv/versions/3.0.0/lib/ruby/gems/3.0.0/gems/railties-6.1.5/lib/rails/engine.rb:618&gt;&gt;, #&lt;Rails::Initializable::Initializer:0x0000558f2bcc0cd0 @name=:prepend_helpers_path, @context=#&lt;Bootstrap::Willpaginate::Engine:0x0000558f2bcb3558 ...&gt;, @options={:after=&gt;:add_view_paths, :group=&gt;:default}, @block=#&lt;Proc:0x0000558f28f17f18 /home/nameless_ghoul/.rbenv/versions/3.0.0/lib/ruby/gems/3.0.0/gems/railties-6.1.5/lib/rails/engine.rb:626&gt;&gt;, #&lt;Rails::Initializable::Initializer:0x0000558f2bcc0c80 @name=:load_config_initializers, @context=#&lt;Bootstrap::Willpaginate::Engine:0x0000558f2bcb3558 ...&gt;, @options={:after=&gt;:prepend_helpers_path, :group=&gt;:default}, @block=#&lt;Proc:0x0000558f28f17608 /home/nameless_ghoul/.rbenv/versions/3.0.0/lib/ruby/gems/3.0.0/gems/railties-6.1.5/lib/rails/engine.rb:632&gt;&gt;, #&lt;Rails::Initializable::Initializer:0x0000558f2bcc0c30 @name=:wrap_executor_around_load_seed, @context=#&lt;Bootstrap::Willpaginate::Engine:0x0000558f2bcb3558 ...&gt;, @options={:after=&gt;:load_config_initializers, :group=&gt;:default}, @block=#&lt;Proc:0x0000558f28f16e60 /home/nameless_ghoul/.rbenv/versions/3.0.0/lib/ruby/gems/3.0.0/gems/railties-6.1.5/lib/rails/engine.rb:638&gt;&gt;, #&lt;Rails::Initializable::Initializer:0x0000558f2bcc0be0 @name=:engines_blank_point, @context=#&lt;Bootstrap::Willpaginate::Engine:0x0000558f2bcb3558 ...&gt;, @options={:after=&gt;:wrap_executor_around_load_seed, :group=&gt;:default}, @block=#&lt;Proc:0x0000558f28f16960 /home/nameless_ghoul/.rbenv/versions/3.0.0/lib/ruby/gems/3.0.0/gems/railties-6.1.5/lib/rails/engine.rb:644&gt;&gt;, #&lt;Rails::Initializable::Initializer:0x0000558f2bcc0b90 @name=:append_assets_path, @context=#&lt;Bootstrap::Willpaginate::Engine:0x0000558f2bcb3558 ...&gt;, @options={:group=&gt;:all, :after=&gt;:engines_blank_point}, @block=#&lt;Proc:0x0000558f29c70d40 /home/nameless_ghoul/.rbenv/versions/3.0.0/lib/ruby/gems/3.0.0/gems/sprockets-rails-3.4.2/lib/sprockets/railtie.rb:60&gt;&gt;]&gt;, #&lt;Bootstrap::Rails::Engine:0x0000558f2bcb3490 @_all_autoload_paths=[], @_all_load_paths=[&quot;/home/nameless_ghoul/.rbenv/versions/3.0.0/lib/ruby/gems/3.0.0/gems/bootstrap-sass-3.4.1/lib&quot;], @app=nil, @config=#&lt;Rails::Engine::Configuration:0x0000558f2bced820 @root=#&lt;Pathname:/home/nameless_ghoul/.rbenv/versions/3.0.0/lib/ruby/gems/3.0.0/gems/bootstrap-sass-3.4.1&gt;, @generators=#&lt;Rails::Configuration::Generators:0x0000558f2bced7f8 @aliases={}, @options={:rails=&gt;{:orm=&gt;:active_record, :test_framework=&gt;:test_unit, :integration_tool=&gt;:test_unit, :system_tests=&gt;:test_unit, :stylesheet_engine=&gt;:scss}, :active_record=&gt;{:migration=&gt;true, :timestamps=&gt;true}, :test_unit=&gt;{:fixture=&gt;true, :fixture_replacement=&gt;nil}}, @fallbacks={}, @templates=[], @colorize_logging=true, @api_only=false, @hidden_namespaces=[&quot;sass&quot;], @after_generate_callbacks=[]&gt;, @middleware=#&lt;Rails::Configuration::MiddlewareStackProxy:0x0000558f2bced6b8 @operations=[], @delete_operations=[]&gt;, @javascript_path=&quot;javascript&quot;, @autoload_once_paths=[], @paths=#&lt;Rails::Paths::Root:0x0000558f2bced640 @path=#&lt;Pathname:/home/nameless_ghoul/.rbenv/versions/3.0.0/lib/ruby/gems/3.0.0/gems/bootstrap-sass-3.4.1&gt;, @root={&quot;app&quot;=&gt;#&lt;Rails::Paths::Path:0x0000558f2bced578 @paths=[&quot;app&quot;], @current=&quot;app&quot;, @root=#&lt;Rails::Paths::Root:0x0000558f2bced640 ...&gt;, @glob=&quot;{*,*/concerns}&quot;, @exclude=[&quot;assets&quot;, &quot;javascript&quot;], @autoload_once=false, @eager_load=true, @autoload=false, @load_path=false&gt;, &quot;app/assets&quot;=&gt;#&lt;Rails::Paths::Path:0x0000558f2bced500 @paths=[&quot;app/assets&quot;], @current=&quot;app/assets&quot;, @root=#&lt;Rails::Paths::Root:0x0000558f2bced640 ...&gt;, @glob=&quot;*&quot;, @exclude=nil, @autoload_once=false, @eager_load=false, @autoload=false, @load_path=false&gt;, &quot;app/controllers&quot;=&gt;#&lt;Rails::Paths::Path:0x0000558f2bced488 @paths=[&quot;app/controllers&quot;], @current=&quot;app/controllers&quot;, @root=#&lt;Rails::Paths::Root:0x0000558f2bced640 ...&gt;, @glob=nil, @exclude=nil, @autoload_once=false, @eager_load=true, @autoload=false, @load_path=false&gt;, &quot;app/channels&quot;=&gt;#&lt;Rails::Paths::Path:0x0000558f2bced410 @paths=[&quot;app/channels&quot;], @current=&quot;app/channels&quot;, @root=#&lt;Rails::Paths::Root:0x0000558f2bced640 ...&gt;, @glob=&quot;**/*_channel.rb&quot;, @exclude=nil, @autoload_once=false, @eager_load=true, @autoload=false, @load_path=false&gt;, &quot;app/helpers&quot;=&gt;#&lt;Rails::Paths::Path:0x0000558f2bced398 @paths=[&quot;app/helpers&quot;], @current=&quot;app/helpers&quot;, @root=#&lt;Rails::Paths::Root:0x0000558f2bced640 ...&gt;, @glob=nil, @exclude=nil, @autoload_once=false, @eager_load=true, @autoload=false, @load_path=false&gt;, &quot;app/models&quot;=&gt;#&lt;Rails::Paths::Path:0x0000558f2bced320 @paths=[&quot;app/models&quot;], @current=&quot;app/models&quot;, @root=#&lt;Rails::Paths::Root:0x0000558f2bced640 ...&gt;, @glob=nil, @exclude=nil, @autoload_once=false, @eager_load=true, @autoload=false, @load_path=false&gt;, &quot;app/mailers&quot;=&gt;#&lt;Rails::Paths::Path:0x0000558f2bced2a8 @paths=[&quot;app/mailers&quot;], @current=&quot;app/mailers&quot;, @root=#&lt;Rails::Paths::Root:0x0000558f2bced640 ...&gt;, @glob=nil, @exclude=nil, @autoload_once=false, @eager_load=true, @autoload=false, @load_path=false&gt;, &quot;app/views&quot;=&gt;#&lt;Rails::Paths::Path:0x0000558f2bced230 @paths=[&quot;app/views&quot;], @current=&quot;app/views&quot;, @root=#&lt;Rails::Paths::Root:0x0000558f2bced640 ...&gt;, @glob=nil, @exclude=nil, @autoload_once=false, @eager_load=false, @autoload=false, @load_path=false&gt;, &quot;lib&quot;=&gt;#&lt;Rails::Paths::Path:0x0000558f2bced1b8 @paths=[&quot;lib&quot;], @current=&quot;lib&quot;, @root=#&lt;Rails::Paths::Root:0x0000558f2bced640 ...&gt;, @glob=nil, @exclude=nil, @autoload_once=false, @eager_load=false, @autoload=false, @load_path=true&gt;, &quot;lib/assets&quot;=&gt;#&lt;Rails::Paths::Path:0x0000558f2bced140 @paths=[&quot;lib/assets&quot;], @current=&quot;lib/assets&quot;, @root=#&lt;Rails::Paths::Root:0x0000558f2bced640 ...&gt;, @glob=&quot;*&quot;, @exclude=nil, @autoload_once=false, @eager_load=false, @autoload=false, @load_path=false&gt;, &quot;lib/tasks&quot;=&gt;#&lt;Rails::Paths::Path:0x0000558f2bced0c8 @paths=[&quot;lib/tasks&quot;], @current=&quot;lib/tasks&quot;, @root=#&lt;Rails::Paths::Root:0x0000558f2bced640 ...&gt;, @glob=&quot;**/*.rake&quot;, @exclude=nil, @autoload_once=false, @eager_load=false, @autoload=false, @load_path=false&gt;, &quot;config&quot;=&gt;#&lt;Rails::Paths::Path:0x0000558f2bced050 @paths=[&quot;config&quot;], @current=&quot;config&quot;, @root=#&lt;Rails::Paths::Root:0x0000558f2bced640 ...&gt;, @glob=nil, @exclude=nil, @autoload_once=false, @eager_load=false, @autoload=false, @load_path=false&gt;, &quot;config/environments&quot;=&gt;#&lt;Rails::Paths::Path:0x0000558f2bcecfb0 @paths=[&quot;config/environments&quot;], @current=&quot;config/environments&quot;, @root=#&lt;Rails::Paths::Root:0x0000558f2bced640 ...&gt;, @glob=&quot;test.rb&quot;, @exclude=nil, @autoload_once=false, @eager_load=false, @autoload=false, @load_path=false&gt;, &quot;config/initializers&quot;=&gt;#&lt;Rails::Paths::Path:0x0000558f2bcecf38 @paths=[&quot;config/initializers&quot;], @current=&quot;config/initializers&quot;, @root=#&lt;Rails::Paths::Root:0x0000558f2bced640 ...&gt;, @glob=&quot;**/*.rb&quot;, @exclude=nil, @autoload_once=false, @eager_load=false, @autoload=false, @load_path=false&gt;, &quot;config/locales&quot;=&gt;#&lt;Rails::Paths::Path:0x0000558f2bcecec0 @paths=[&quot;config/locales&quot;], @current=&quot;config/locales&quot;, @root=#&lt;Rails::Paths::Root:0x0000558f2bced640 ...&gt;, @glob=&quot;*.{rb,yml}&quot;, @exclude=nil, @autoload_once=false, @eager_load=false, @autoload=false, @load_path=false&gt;, &quot;config/routes.rb&quot;=&gt;#&lt;Rails::Paths::Path:0x0000558f2bcece48 @paths=[&quot;config/routes.rb&quot;], @current=&quot;config/routes.rb&quot;, @root=#&lt;Rails::Paths::Root:0x0000558f2bced640 ...&gt;, @glob=nil, @exclude=nil, @autoload_once=false, @eager_load=false, @autoload=false, @load_path=false&gt;, &quot;config/routes&quot;=&gt;#&lt;Rails::Paths::Path:0x0000558f2bcecdd0 @paths=[&quot;config/routes&quot;], @current=&quot;config/routes&quot;, @root=#&lt;Rails::Paths::Root:0x0000558f2bced640 ...&gt;, @glob=&quot;**/*.rb&quot;, @exclude=nil, @autoload_once=false, @eager_load=false, @autoload=false, @load_path=false&gt;, &quot;db&quot;=&gt;#&lt;Rails::Paths::Path:0x0000558f2bcecd58 @paths=[&quot;db&quot;], @current=&quot;db&quot;, @root=#&lt;Rails::Paths::Root:0x0000558f2bced640 ...&gt;, @glob=nil, @exclude=nil, @autoload_once=false, @eager_load=false, @autoload=false, @load_path=false&gt;, &quot;db/migrate&quot;=&gt;#&lt;Rails::Paths::Path:0x0000558f2bcecce0 @paths=[&quot;db/migrate&quot;], @current=&quot;db/migrate&quot;, @root=#&lt;Rails::Paths::Root:0x0000558f2bced640 ...&gt;, @glob=nil, @exclude=nil, @autoload_once=false, @eager_load=false, @autoload=false, @load_path=false&gt;, &quot;db/seeds.rb&quot;=&gt;#&lt;Rails::Paths::Path:0x0000558f2bcecc68 @paths=[&quot;db/seeds.rb&quot;], @current=&quot;db/seeds.rb&quot;, @root=#&lt;Rails::Paths::Root:0x0000558f2bced640 ...&gt;, @glob=nil, @exclude=nil, @autoload_once=false, @eager_load=false, @autoload=false, @load_path=false&gt;, &quot;vendor&quot;=&gt;#&lt;Rails::Paths::Path:0x0000558f2bcecbf0 @paths=[&quot;vendor&quot;], @current=&quot;vendor&quot;, @root=#&lt;Rails::Paths::Root:0x0000558f2bced640 ...&gt;, @glob=nil, @exclude=nil, @autoload_once=false, @eager_load=false, @autoload=false, @load_path=true&gt;, &quot;vendor/assets&quot;=&gt;#&lt;Rails::Paths::Path:0x0000558f2bcecb78 @paths=[&quot;vendor/assets&quot;], @current=&quot;vendor/assets&quot;, @root=#&lt;Rails::Paths::Root:0x0000558f2bced640 ...&gt;, @glob=&quot;*&quot;, @exclude=nil, @autoload_once=false, @eager_load=false, @autoload=false, @load_path=false&gt;}&gt;, @autoload_paths=[], @eager_load_paths=[]&gt;, @env_config=nil, @helpers=nil, @routes=#&lt;ActionDispatch::Routing::RouteSet:0x0000558f2c02b0f0&gt;, @app_build_lock=#&lt;Thread::Mutex:0x0000558f2bcb3468&gt;, @initializers=[#&lt;Rails::Initializable::Initializer:0x0000558f2bcc0708 @name=:load_environment_config, @context=#&lt;Bootstrap::Rails::Engine:0x0000558f2bcb3490 ...&gt;, @options={:before=&gt;:load_environment_hook, :group=&gt;:all}, @block=#&lt;Proc:0x0000558f29b2c858 /home/nameless_ghoul/.rbenv/versions/3.0.0/lib/ruby/gems/3.0.0/gems/railties-6.1.5/lib/rails/engine.rb:569&gt;&gt;, #&lt;Rails::Initializable::Initializer:0x0000558f2bcc06b8 @name=:set_load_path, @context=#&lt;Bootstrap::Rails::Engine:0x0000558f2bcb3490 ...&gt;, @options={:before=&gt;:bootstrap_hook, :after=&gt;:load_environment_config, :group=&gt;:default}, @block=#&lt;Proc:0x0000558f29b2c678 /home/nameless_ghoul/.rbenv/versions/3.0.0/lib/ruby/gems/3.0.0/gems/railties-6.1.5/lib/rails/engine.rb:575&gt;&gt;, #&lt;Rails::Initializable::Initializer:0x0000558f2bcc0668 @name=:set_autoload_paths, @context=#&lt;Bootstrap::Rails::Engine:0x0000558f2bcb3490 ...&gt;, @options={:before=&gt;:bootstrap_hook, :after=&gt;:set_load_path, :group=&gt;:default}, @block=#&lt;Proc:0x0000558f29b2c4e8 /home/nameless_ghoul/.rbenv/versions/3.0.0/lib/ruby/gems/3.0.0/gems/railties-6.1.5/lib/rails/engine.rb:587&gt;&gt;, #&lt;Rails::Initializable::Initializer:0x0000558f2bcc0618 @name=:set_eager_load_paths, @context=#&lt;Bootstrap::Rails::Engine:0x0000558f2bcb3490 ...&gt;, @options={:before=&gt;:bootstrap_hook, :after=&gt;:set_autoload_paths, :group=&gt;:default}, @block=#&lt;Proc:0x0000558f29b2c3d0 /home/nameless_ghoul/.rbenv/versions/3.0.0/lib/ruby/gems/3.0.0/gems/railties-6.1.5/lib/rails/engine.rb:595&gt;&gt;, #&lt;Rails::Initializable::Initializer:0x0000558f2bcc05c8 @name=:add_routing_paths, @context=#&lt;Bootstrap::Rails::Engine:0x0000558f2bcb3490 ...&gt;, @options={:after=&gt;:set_eager_load_paths, :group=&gt;:default}, @block=#&lt;Proc:0x0000558f29b2c2b8 /home/nameless_ghoul/.rbenv/versions/3.0.0/lib/ruby/gems/3.0.0/gems/railties-6.1.5/lib/rails/engine.rb:600&gt;&gt;, #&lt;Rails::Initializable::Initializer:0x0000558f2bcc0578 @name=:add_locales, @context=#&lt;Bootstrap::Rails::Engine:0x0000558f2bcb3490 ...&gt;, @options={:after=&gt;:add_routing_paths, :group=&gt;:default}, @block=#&lt;Proc:0x0000558f29b2c1c8 /home/nameless_ghoul/.rbenv/versions/3.0.0/lib/ruby/gems/3.0.0/gems/railties-6.1.5/lib/rails/engine.rb:614&gt;&gt;, #&lt;Rails::Initializable::Initializer:0x0000558f2bcc0528 @name=:add_view_paths, @context=#&lt;Bootstrap::Rails::Engine:0x0000558f2bcb3490 ...&gt;, @options={:after=&gt;:add_locales, :group=&gt;:default}, @block=#&lt;Proc:0x0000558f29b2c0d8 /home/nameless_ghoul/.rbenv/versions/3.0.0/lib/ruby/gems/3.0.0/gems/railties-6.1.5/lib/rails/engine.rb:618&gt;&gt;, #&lt;Rails::Initializable::Initializer:0x0000558f2bcc04d8 @name=:prepend_helpers_path, @context=#&lt;Bootstrap::Rails::Engine:0x0000558f2bcb3490 ...&gt;, @options={:after=&gt;:add_view_paths, :group=&gt;:default}, @block=#&lt;Proc:0x0000558f28f17f18 /home/nameless_ghoul/.rbenv/versions/3.0.0/lib/ruby/gems/3.0.0/gems/railties-6.1.5/lib/rails/engine.rb:626&gt;&gt;, #&lt;Rails::Initializable::Initializer:0x0000558f2bcc0488 @name=:load_config_initializers, @context=#&lt;Bootstrap::Rails::Engine:0x0000558f2bcb3490 ...&gt;, @options={:after=&gt;:prepend_helpers_path, :group=&gt;:default}, @block=#&lt;Proc:0x0000558f28f17608 /home/nameless_ghoul/.rbenv/versions/3.0.0/lib/ruby/gems/3.0.0/gems/railties-6.1.5/lib/rails/engine.rb:632&gt;&gt;, #&lt;Rails::Initializable::Initializer:0x0000558f2bcc0438 @name=:wrap_executor_around_load_seed, @context=#&lt;Bootstrap::Rails::Engine:0x0000558f2bcb3490 ...&gt;, @options={:after=&gt;:load_config_initializers, :group=&gt;:default}, @block=#&lt;Proc:0x0000558f28f16e60 /home/nameless_ghoul/.rbenv/versions/3.0.0/lib/ruby/gems/3.0.0/gems/railties-6.1.5/lib/rails/engine.rb:638&gt;&gt;, #&lt;Rails::Initializable::Initializer:0x0000558f2bcc03e8 @name=:engines_blank_point, @context=#&lt;Bootstrap::Rails::Engine:0x0000558f2bcb3490 ...&gt;, @options={:after=&gt;:wrap_executor_around_load_seed, :group=&gt;:default}, @block=#&lt;Proc:0x0000558f28f16960 /home/nameless_ghoul/.rbenv/versions/3.0.0/lib/ruby/gems/3.0.0/gems/railties-6.1.5/lib/rails/engine.rb:644&gt;&gt;, #&lt;Rails::Initializable::Initializer:0x0000558f2bcc0398 @name=:append_assets_path, @context=#&lt;Bootstrap::Rails::Engine:0x0000558f2bcb3490 ...&gt;, @options={:group=&gt;:all, :after=&gt;:engines_blank_point}, @block=#&lt;Proc:0x0000558f29c70d40 /home/nameless_ghoul/.rbenv/versions/3.0.0/lib/ruby/gems/3.0.0/gems/sprockets-rails-3.4.2/lib/sprockets/railtie.rb:60&gt;&gt;, #&lt;Rails::Initializable::Initializer:0x0000558f2bcc0348 @name=&quot;bootstrap-sass.assets.precompile&quot;, @context=#&lt;Bootstrap::Rails::Engine:0x0000558f2bcb3490 ...&gt;, @options={:group=&gt;:default}, @block=#&lt;Proc:0x0000558f2b3a1320 /home/nameless_ghoul/.rbenv/versions/3.0.0/lib/ruby/gems/3.0.0/gems/bootstrap-sass-3.4.1/lib/bootstrap-sass/engine.rb:4&gt;&gt;]&gt;]&gt;, @message_verifiers={&quot;ActiveStorage&quot;=&gt;#&lt;ActiveSupport::MessageVerifier:0x0000558f2c3c87f8 @secret=&quot;E\xEB\x93\xEEO3\x03\xA7\x10\xF9\xDDU\e\x9E\xA7\x8F\x98\xDA\x00\x1A\xFA\xB4Uw@v\xE3Q@c\xB2}\xD5\x92\xA7\xBAd- z\xEE\x12\x87\xA9\x05\x8F\x14\x83\x9ER:\xEB\xFDGZ\xC2\xEDh\x92\xF1.qy\xF3&quot;, @digest=&quot;SHA1&quot;, @serializer=Marshal, @options={}, @rotations=[], @on_rotation=nil&gt;}, @ran_load_hooks=true, @executor=#&lt;Class:0x0000558f2bc1c7c0&gt;, @reloader=#&lt;Class:0x0000558f2bc473d0&gt;, @initial_variable_values={}, @block=nil, @initializers=[#&lt;Rails::Initializable::Initializer:0x0000558f2bca0750 @name=:load_environment_config, @context=#&lt;SampleApp::Application:0x0000558f2bc127e8 ...&gt;, @options={:before=&gt;:load_environment_hook, :group=&gt;:all}, @block=#&lt;Proc:0x0000558f29b2c858 /home/nameless_ghoul/.rbenv/versions/3.0.0/lib/ruby/gems/3.0.0/gems/railties-6.1.5/lib/rails/engine.rb:569&gt;&gt;, #&lt;Rails::Initializable::Initializer:0x0000558f2bca0700 @name=:set_load_path, @context=#&lt;SampleApp::Application:0x0000558f2bc127e8 ...&gt;, @options={:before=&gt;:bootstrap_hook, :after=&gt;:load_environment_config, :group=&gt;:default}, @block=#&lt;Proc:0x0000558f29b2c678 /home/nameless_ghoul/.rbenv/versions/3.0.0/lib/ruby/gems/3.0.0/gems/railties-6.1.5/lib/rails/engine.rb:575&gt;&gt;, #&lt;Rails::Initializable::Initializer:0x0000558f2bca06b0 @name=:set_autoload_paths, @context=#&lt;SampleApp::Application:0x0000558f2bc127e8 ...&gt;, @options={:before=&gt;:bootstrap_hook, :after=&gt;:set_load_path, :group=&gt;:default}, @block=#&lt;Proc:0x0000558f29b2c4e8 /home/nameless_ghoul/.rbenv/versions/3.0.0/lib/ruby/gems/3.0.0/gems/railties-6.1.5/lib/rails/engine.rb:587&gt;&gt;, #&lt;Rails::Initializable::Initializer:0x0000558f2bca0660 @name=:set_eager_load_paths, @context=#&lt;SampleApp::Application:0x0000558f2bc127e8 ...&gt;, @options={:before=&gt;:bootstrap_hook, :after=&gt;:set_autoload_paths, :group=&gt;:default}, @block=#&lt;Proc:0x0000558f29b2c3d0 /home/nameless_ghoul/.rbenv/versions/3.0.0/lib/ruby/gems/3.0.0/gems/railties-6.1.5/lib/rails/engine.rb:595&gt;&gt;, #&lt;Rails::Initializable::Initializer:0x0000558f2bca0610 @name=:add_routing_paths, @context=#&lt;SampleApp::Application:0x0000558f2bc127e8 ...&gt;, @options={:after=&gt;:set_eager_load_paths, :group=&gt;:default}, @block=#&lt;Proc:0x0000558f29b2c2b8 /home/nameless_ghoul/.rbenv/versions/3.0.0/lib/ruby/gems/3.0.0/gems/railties-6.1.5/lib/rails/engine.rb:600&gt;&gt;, #&lt;Rails::Initializable::Initializer:0x0000558f2bca05c0 @name=:add_locales, @context=#&lt;SampleApp::Application:0x0000558f2bc127e8 ...&gt;, @options={:after=&gt;:add_routing_paths, :group=&gt;:default}, @block=#&lt;Proc:0x0000558f29b2c1c8 /home/nameless_ghoul/.rbenv/versions/3.0.0/lib/ruby/gems/3.0.0/gems/railties-6.1.5/lib/rails/engine.rb:614&gt;&gt;, #&lt;Rails::Initializable::Initializer:0x0000558f2bca0570 @name=:add_view_paths, @context=#&lt;SampleApp::Application:0x0000558f2bc127e8 ...&gt;, @options={:after=&gt;:add_locales, :group=&gt;:default}, @block=#&lt;Proc:0x0000558f29b2c0d8 /home/nameless_ghoul/.rbenv/versions/3.0.0/lib/ruby/gems/3.0.0/gems/railties-6.1.5/lib/rails/engine.rb:618&gt;&gt;, #&lt;Rails::Initializable::Initializer:0x0000558f2bca0520 @name=:prepend_helpers_path, @context=#&lt;SampleApp::Application:0x0000558f2bc127e8 ...&gt;, @options={:after=&gt;:add_view_paths, :group=&gt;:default}, @block=#&lt;Proc:0x0000558f28f17f18 /home/nameless_ghoul/.rbenv/versions/3.0.0/lib/ruby/gems/3.0.0/gems/railties-6.1.5/lib/rails/engine.rb:626&gt;&gt;, #&lt;Rails::Initializable::Initializer:0x0000558f2bca04d0 @name=:load_config_initializers, @context=#&lt;SampleApp::Application:0x0000558f2bc127e8 ...&gt;, @options={:after=&gt;:prepend_helpers_path, :group=&gt;:default}, @block=#&lt;Proc:0x0000558f28f17608 /home/nameless_ghoul/.rbenv/versions/3.0.0/lib/ruby/gems/3.0.0/gems/railties-6.1.5/lib/rails/engine.rb:632&gt;&gt;, #&lt;Rails::Initializable::Initializer:0x0000558f2bca0480 @name=:wrap_executor_around_load_seed, @context=#&lt;SampleApp::Application:0x0000558f2bc127e8 ...&gt;, @options={:after=&gt;:load_config_initializers, :group=&gt;:default}, @block=#&lt;Proc:0x0000558f28f16e60 /home/nameless_ghoul/.rbenv/versions/3.0.0/lib/ruby/gems/3.0.0/gems/railties-6.1.5/lib/rails/engine.rb:638&gt;&gt;, #&lt;Rails::Initializable::Initializer:0x0000558f2bca0430 @name=:engines_blank_point, @context=#&lt;SampleApp::Application:0x0000558f2bc127e8 ...&gt;, @options={:after=&gt;:wrap_executor_around_load_seed, :group=&gt;:default}, @block=#&lt;Proc:0x0000558f28f16960 /home/nameless_ghoul/.rbenv/versions/3.0.0/lib/ruby/gems/3.0.0/gems/railties-6.1.5/lib/rails/engine.rb:644&gt;&gt;, #&lt;Rails::Initializable::Initializer:0x0000558f2bca03e0 @name=:append_assets_path, @context=#&lt;SampleApp::Application:0x0000558f2bc127e8 ...&gt;, @options={:group=&gt;:all, :after=&gt;:engines_blank_point}, @block=#&lt;Proc:0x0000558f29c70d40 /home/nameless_ghoul/.rbenv/versions/3.0.0/lib/ruby/gems/3.0.0/gems/sprockets-rails-3.4.2/lib/sprockets/railtie.rb:60&gt;&gt;, #&lt;Rails::Initializable::Initializer:0x0000558f2bca0390 @name=:ensure_reloading_is_enabled, @context=#&lt;SampleApp::Application:0x0000558f2bc127e8 ...&gt;, @options={:group=&gt;:all}, @block=#&lt;Proc:0x0000558f2bc94770 /home/nameless_ghoul/.rbenv/versions/3.0.0/lib/ruby/gems/3.0.0/gems/spring-4.0.0/lib/spring/application.rb:99&gt;&gt;], @assets=#&lt;Sprockets::Environment:0x52d0 root=&quot;/home/nameless_ghoul/Documents/Work/LoudCloudPH/Learning/Learn Enough Projects/sample_app&quot;, paths=[&quot;/home/nameless_ghoul/Documents/Work/LoudCloudPH/Learning/Learn Enough Projects/sample_app/app/assets/config&quot;, &quot;/home/nameless_ghoul/Documents/Work/LoudCloudPH/Learning/Learn Enough Projects/sample_app/app/assets/images&quot;, &quot;/home/nameless_ghoul/Documents/Work/LoudCloudPH/Learning/Learn Enough Projects/sample_app/app/assets/javascripts&quot;, &quot;/home/nameless_ghoul/Documents/Work/LoudCloudPH/Learning/Learn Enough Projects/sample_app/app/assets/stylesheets&quot;, &quot;/home/nameless_ghoul/.rbenv/versions/3.0.0/lib/ruby/gems/3.0.0/gems/actioncable-6.1.5/app/assets/javascripts&quot;, &quot;/home/nameless_ghoul/.rbenv/versions/3.0.0/lib/ruby/gems/3.0.0/gems/activestorage-6.1.5/app/assets/javascripts&quot;, &quot;/home/nameless_ghoul/.rbenv/versions/3.0.0/lib/ruby/gems/3.0.0/gems/actionview-6.1.5/lib/assets/compiled&quot;, &quot;/home/nameless_ghoul/.rbenv/versions/3.0.0/lib/ruby/gems/3.0.0/gems/turbolinks-source-5.2.0/lib/assets/javascripts&quot;, &quot;/home/nameless_ghoul/Documents/Work/LoudCloudPH/Learning/Learn Enough Projects/sample_app/node_modules&quot;, &quot;/home/nameless_ghoul/.rbenv/versions/3.0.0/lib/ruby/gems/3.0.0/gems/bootstrap-sass-3.4.1/assets/stylesheets&quot;, &quot;/home/nameless_ghoul/.rbenv/versions/3.0.0/lib/ruby/gems/3.0.0/gems/bootstrap-sass-3.4.1/assets/javascripts&quot;, &quot;/home/nameless_ghoul/.rbenv/versions/3.0.0/lib/ruby/gems/3.0.0/gems/bootstrap-sass-3.4.1/assets/fonts&quot;, &quot;/home/nameless_ghoul/.rbenv/versions/3.0.0/lib/ruby/gems/3.0.0/gems/bootstrap-sass-3.4.1/assets/images&quot;]&gt;, @assets_manifest=#&lt;Sprockets::Manifest:0x0000558f2c37f3f0 @environment=#&lt;Sprockets::Environment:0x52d0 root=&quot;/home/nameless_ghoul/Documents/Work/LoudCloudPH/Learning/Learn Enough Projects/sample_app&quot;, paths=[&quot;/home/nameless_ghoul/Documents/Work/LoudCloudPH/Learning/Learn Enough Projects/sample_app/app/assets/config&quot;, &quot;/home/nameless_ghoul/Documents/Work/LoudCloudPH/Learning/Learn Enough Projects/sample_app/app/assets/images&quot;, &quot;/home/nameless_ghoul/Documents/Work/LoudCloudPH/Learning/Learn Enough Projects/sample_app/app/assets/javascripts&quot;, &quot;/home/nameless_ghoul/Documents/Work/LoudCloudPH/Learning/Learn Enough Projects/sample_app/app/assets/stylesheets&quot;, &quot;/home/nameless_ghoul/.rbenv/versions/3.0.0/lib/ruby/gems/3.0.0/gems/actioncable-6.1.5/app/assets/javascripts&quot;, &quot;/home/nameless_ghoul/.rbenv/versions/3.0.0/lib/ruby/gems/3.0.0/gems/activestorage-6.1.5/app/assets/javascripts&quot;, &quot;/home/nameless_ghoul/.rbenv/versions/3.0.0/lib/ruby/gems/3.0.0/gems/actionview-6.1.5/lib/assets/compiled&quot;, &quot;/home/nameless_ghoul/.rbenv/versions/3.0.0/lib/ruby/gems/3.0.0/gems/turbolinks-source-5.2.0/lib/assets/javascripts&quot;, &quot;/home/nameless_ghoul/Documents/Work/LoudCloudPH/Learning/Learn Enough Projects/sample_app/node_modules&quot;, &quot;/home/nameless_ghoul/.rbenv/versions/3.0.0/lib/ruby/gems/3.0.0/gems/bootstrap-sass-3.4.1/assets/stylesheets&quot;, &quot;/home/nameless_ghoul/.rbenv/versions/3.0.0/lib/ruby/gems/3.0.0/gems/bootstrap-sass-3.4.1/assets/javascripts&quot;, &quot;/home/nameless_ghoul/.rbenv/versions/3.0.0/lib/ruby/gems/3.0.0/gems/bootstrap-sass-3.4.1/assets/fonts&quot;, &quot;/home/nameless_ghoul/.rbenv/versions/3.0.0/lib/ruby/gems/3.0.0/gems/bootstrap-sass-3.4.1/assets/images&quot;]&gt;, @filename=&quot;/home/nameless_ghoul/Documents/Work/LoudCloudPH/Learning/Learn Enough Projects/sample_app/public/assets/.sprockets-manifest-f9d5d5ca2395c9052eafadcafdf2ba75.json&quot;, @directory=&quot;/home/nameless_ghoul/Documents/Work/LoudCloudPH/Learning/Learn Enough Projects/sample_app/public/assets&quot;, @legacy_manifest=false, @data={}&gt;, @secrets=#&lt;ActiveSupport::OrderedOptions {:secret_key_base=&gt;&quot;52aa466f65e6da8a36de9cf6b806658c9c839ec536460513381c4cf533d9c87aa198671f55dcf252e3ef167bacc04495dfa8b378c6a82b115450b46a6daf7a1d&quot;}&gt;, @caching_key_generator=#&lt;ActiveSupport::CachingKeyGenerator:0x0000558f2c3b7f48 @key_generator=#&lt;ActiveSupport::KeyGenerator:0x0000558f2c3b7f98 @secret=&quot;52aa466f65e6da8a36de9cf6b806658c9c839ec536460513381c4cf533d9c87aa198671f55dcf252e3ef167bacc04495dfa8b378c6a82b115450b46a6daf7a1d&quot;, @iterations=1000&gt;, @cache_keys=#&lt;Concurrent::Map:0x0000558f2c3b7f20 entries=2 default_proc=nil&gt;&gt;, @ran=true&gt;, @https=false, @response=nil, @request=nil, @controller=nil, @_mock_session=nil, @request_count=0, @url_options=nil, @host=&quot;www.example.com&quot;, @remote_addr=&quot;127.0.0.1&quot;, @accept=&quot;text/xml,application/xml,application/xhtml+xml,text/html;q=0.9,text/plain;q=0.8,image/png,*/*;q=0.5&quot;, @named_routes_configured=true&gt;, @routes=#&lt;ActionDispatch::Routing::RouteSet:0x0000558f2c02a3f8&gt;, @app=nil, @fixture_cache={}, @fixture_connections=[], @connection_subscriber=#&lt;ActiveSupport::Notifications::Fanout::Subscribers::Timed:0x0000558f2bfe7a58 @pattern=&quot;!connection.active_record&quot;, @delegate=#&lt;Proc:0x0000558f2bfe7cb0 /home/nameless_ghoul/.rbenv/versions/3.0.0/lib/ruby/gems/3.0.0/gems/activerecord-6.1.5/lib/active_record/test_fixtures.rb:134&gt;, @can_publish=false&gt;, @legacy_saved_pool_configs={}, @saved_pool_configs={}, @loaded_fixtures={}, @tagged_logger=#&lt;ActiveSupport::Logger:0x0000558f2bd458b8 @level=0, @progname=nil, @default_formatter=#&lt;Logger::Formatter:0x0000558f2bd45b60 @datetime_format=nil&gt;, @formatter=#&lt;ActiveSupport::Logger::SimpleFormatter:0x0000558f2bd45840 @datetime_format=nil, @thread_key=&quot;activesupport_tagged_logging_tags:22220&quot;&gt;, @logdev=#&lt;Logger::LogDevice:0x0000558f2bd45ac0 @shift_period_suffix=&quot;%Y%m%d&quot;, @shift_size=1048576, @shift_age=0, @filename=&quot;/home/nameless_ghoul/Documents/Work/LoudCloudPH/Learning/Learn Enough Projects/sample_app/log/test.log&quot;, @dev=#&lt;File:/home/nameless_ghoul/Documents/Work/LoudCloudPH/Learning/Learn Enough Projects/sample_app/log/test.log&gt;, @binmode=false, @mon_data=#&lt;Monitor:0x0000558f2bd45a98&gt;, @mon_data_owner_object_id=10640&gt;&gt;, @_partials={}, @_templates={}, @_layouts={}, @_files={}, @_subscribers=[#&lt;ActiveSupport::Notifications::Fanout::Subscribers::Timed:0x0000558f2c3bf8b0 @pattern=&quot;render_template.action_view&quot;, @delegate=#&lt;Proc:0x0000558f2c3bf9c8 /home/nameless_ghoul/.rbenv/versions/3.0.0/lib/ruby/gems/3.0.0/gems/rails-controller-testing-1.0.5/lib/rails/controller/testing/template_assertions.rb:23&gt;, @can_publish=false&gt;, #&lt;ActiveSupport::Notifications::Fanout::Subscribers::Timed:0x0000558f2c3bf720 @pattern=&quot;!render_template.action_view&quot;, @delegate=#&lt;Proc:0x0000558f2c3bf860 /home/nameless_ghoul/.rbenv/versions/3.0.0/lib/ruby/gems/3.0.0/gems/rails-controller-testing-1.0.5/lib/rails/controller/testing/template_assertions.rb:33&gt;, @can_publish=false&gt;], @simple_stubs=#&lt;ActiveSupport::Testing::SimpleStubs:0x0000558f29736898 @stubs=#&lt;Concurrent::Map:0x0000558f29736550 entries=0 default_proc=#&lt;Proc:0x0000558f29736078 /home/nameless_ghoul/.rbenv/versions/3.0.0/lib/ruby/gems/3.0.0/gems/activesupport-6.1.5/lib/active_support/testing/time_helpers.rb:14&gt;&gt;&gt;, @time=0.12293281599704642&gt;...">
Failure:
test_should_get_about(Minitest::Result) [/home/nameless_ghoul/.rbenv/versions/3.0.0/lib/ruby/gems/3.0.0/gems/actionpack-6.1.5/lib/action_dispatch/testing/assertions/routing.rb:187]:
NameError: undefined local variable or method `static_pages_about_url' for #&lt;StaticPagesControllerTest:0x0000558f2bf35e98 @_routes=nil, @NAME="test_should_get_about", @failures=[#&lt;Minitest::UnexpectedError: Unexpected exception&gt;], @assertions=0, @integration_session=#&lt;#&lt;Class:0x0000558f2bf350b0&gt;:0x0000558f2bf340c0 @_routes=nil, @app=#&lt;SampleApp::Application:0x0000558f2bc127e8 @_all_autoload_paths=["/home/nameless_ghoul/Documents/Work/LoudCloudPH/Learning/Learn Enough Projects/sample_app/app/channels", "/home/nameless_ghoul/Documents/Work/LoudCloudPH/Learning/Learn Enough Projects/sample_app/app/controllers", "/home/nameless_ghoul/Documents/Work/LoudCloudPH/Learning/Learn Enough Projects/sample_app/app/controllers/concerns", "/home/nameless_ghoul/Documents/Work/LoudCloudPH/Learning/Learn Enough Projects/sample_app/app/helpers", "/home/nameless_ghoul/Documents/Work/LoudCloudPH/Learning/Learn Enough Projects/sample_app/app/jobs", "/home/nameless_ghoul/Documents/Work/LoudCloudPH/Learning/Learn Enough Projects/sample_app/app/mailers", "/home/nameless_ghoul/Documents/Work/LoudCloudPH/Learning/Learn Enough Projects/sample_app/app/models", "/home/nameless_ghoul/Documents/Work/LoudCloudPH/Learning/Learn Enough Projects/sample_app/app/models/concerns"], @_all_load_paths=["/home/nameless_ghoul/Documents/Work/LoudCloudPH/Learning/Learn Enough Projects/sample_app/lib", "/home/nameless_ghoul/Documents/Work/LoudCloudPH/Learning/Learn Enough Projects/sample_app/vendor", "/home/nameless_ghoul/Documents/Work/LoudCloudPH/Learning/Learn Enough Projects/sample_app/app/channels", "/home/nameless_ghoul/Documents/Work/LoudCloudPH/Learning/Learn Enough Projects/sample_app/app/controllers", "/home/nameless_ghoul/Documents/Work/LoudCloudPH/Learning/Learn Enough Projects/sample_app/app/controllers/concerns", "/home/nameless_ghoul/Documents/Work/LoudCloudPH/Learning/Learn Enough Projects/sample_app/app/helpers", "/home/nameless_ghoul/Documents/Work/LoudCloudPH/Learning/Learn Enough Projects/sample_app/app/jobs", "/home/nameless_ghoul/Documents/Work/LoudCloudPH/Learning/Learn Enough Projects/sample_app/app/mailers", "/home/nameless_ghoul/Documents/Work/LoudCloudPH/Learning/Learn Enough Projects/sample_app/app/models", "/home/nameless_ghoul/Documents/Work/LoudCloudPH/Learning/Learn Enough Projects/sample_app/app/models/concerns"], @app=#&lt;ActionDispatch::HostAuthorization:0x0000558f2c308b60 @app=#&lt;Rack::Sendfile:0x0000558f2c308c28 @app=#&lt;ActionDispatch::Static:0x0000558f2c2fc180 @app=#&lt;ActionDispatch::Executor:0x0000558f2c2fc248 @app=#&lt;ActiveSupport::Cache::Strategy::LocalCache::Middleware:0x0000558f2a8eaee0 @name="ActiveSupport::Cache::Strategy::LocalCache", @local_cache_key=:active_support_cache_null_store_local_cache_10680, @app=#&lt;Rack::Runtime:0x0000558f2c2fc310 @app=#&lt;Rack::MethodOverride:0x0000558f2c2fc388 @app=#&lt;ActionDispatch::RequestId:0x0000558f2c2fc400 @app=#&lt;ActionDispatch::RemoteIp:0x0000558f2c2fc4a0 @app=#&lt;Rails::Rack::Logger:0x0000558f2c2fc540 @app=#&lt;ActionDispatch::ShowExceptions:0x0000558f2c2fc5b8 @app=#&lt;ActionDispatch::DebugExceptions:0x0000558f2c2fc680 @app=#&lt;ActionDispatch::ActionableExceptions:0x0000558f2c2fc6f8 @app=#&lt;ActionDispatch::Reloader:0x0000558f2c2fc798 @app=#&lt;ActionDispatch::Callbacks:0x0000558f2c2fc810 @app=#&lt;ActionDispatch::Cookies:0x0000558f2c2fc888 @app=#&lt;ActionDispatch::Session::CookieStore:0x0000558f2c2fca90 @app=#&lt;ActionDispatch::ContentSecurityPolicy::Middleware:0x0000558f2c2fcb58 @app=#&lt;ActionDispatch::PermissionsPolicy::Middleware:0x0000558f2c2fcbd0 @app=#&lt;Rack::Head:0x0000558f2c2fcc48 @app=#&lt;Rack::ConditionalGet:0x0000558f2c2fccc0 @app=#&lt;Rack::ETag:0x0000558f2c2fcd38 @app=#&lt;Rack::TempfileReaper:0x0000558f2c2fcdb0 @app=#&lt;ActionDispatch::Routing::RouteSet:0x0000558f2c02a3f8&gt;&gt;, @cache_control="max-age=0, private, must-revalidate", @no_cache_control="no-cache"&gt;&gt;&gt;&gt;&gt;, @default_options={:path=&gt;"/", :domain=&gt;nil, :expire_after=&gt;nil, :secure=&gt;false, :httponly=&gt;true, :defer=&gt;false, :renew=&gt;false}, @key="_sample_app_session", @cookie_only=true, @same_site=nil&gt;&gt;&gt;, @executor=#&lt;Class:0x0000558f2bc473d0&gt;&gt;&gt;, @routes_app=#&lt;SampleApp::Application:0x0000558f2bc127e8 ...&gt;, @response_format=:default, @interceptors=[]&gt;, @exceptions_app=#&lt;ActionDispatch::PublicExceptions:0x0000558f2c23fee0 @public_path=#&lt;Pathname:/home/nameless_ghoul/Documents/Work/LoudCloudPH/Learning/Learn Enough Projects/sample_app/public&gt;&gt;&gt;, @taggers=[]&gt;, @check_ip=true, @proxies=[#&lt;IPAddr: IPv4:127.0.0.0/255.0.0.0&gt;, #&lt;IPAddr: IPv6:0000:0000:0000:0000:0000:0000:0000:0001/ffff:ffff:ffff:ffff:ffff:ffff:ffff:ffff&gt;, #&lt;IPAddr: IPv6:fc00:0000:0000:0000:0000:0000:0000:0000/fe00:0000:0000:0000:0000:0000:0000:0000&gt;, #&lt;IPAddr: IPv4:10.0.0.0/255.0.0.0&gt;, #&lt;IPAddr: IPv4:172.16.0.0/255.240.0.0&gt;, #&lt;IPAddr: IPv4:192.168.0.0/255.255.0.0&gt;]&gt;, @header="X-Request-Id"&gt;&gt;, @header_name="X-Runtime"&gt;&gt;, @executor=#&lt;Class:0x0000558f2bc1c7c0&gt;&gt;, @file_handler=#&lt;ActionDispatch::FileHandler:0x0000558f2c2fc108 @root="/home/nameless_ghoul/Documents/Work/LoudCloudPH/Learning/Learn Enough Projects/sample_app/public", @index="index", @precompressed=["br", "gzip", "identity"], @compressible_content_types=/\A(?:text\/|application\/javascript)/, @file_server=#&lt;Rack::Files:0x0000558f2c308db8 @root="/home/nameless_ghoul/Documents/Work/LoudCloudPH/Learning/Learn Enough Projects/sample_app/public", @headers={"Cache-Control"=&gt;"public, max-age=3600"}, @default_mime="text/plain", @head=#&lt;Rack::Head:0x0000558f2c308ca0 @app=#&lt;Proc:0x0000558f2c308cf0 /home/nameless_ghoul/.rbenv/versions/3.0.0/lib/ruby/gems/3.0.0/gems/rack-2.2.3/lib/rack/files.rb:33 (lambda)&gt;&gt;&gt;&gt;&gt;, @variation=nil, @mappings=[]&gt;, @permissions=#&lt;ActionDispatch::HostAuthorization::Permissions:0x0000558f2c308b10 @hosts=[]&gt;, @exclude=nil, @response_app=#&lt;ActionDispatch::HostAuthorization::DefaultResponseApp:0x0000558f2c308a48&gt;&gt;, @config=#&lt;Rails::Application::Configuration:0x0000558f2bc46c00 @root=#&lt;Pathname:/home/nameless_ghoul/Documents/Work/LoudCloudPH/Learning/Learn Enough Projects/sample_app&gt;, @generators=#&lt;Rails::Configuration::Generators:0x0000558f29ee3af0 @aliases={}, @options={:rails=&gt;{:orm=&gt;:active_record, :test_framework=&gt;:test_unit, :integration_tool=&gt;:test_unit, :system_tests=&gt;:test_unit, :stylesheet_engine=&gt;:scss}, :active_record=&gt;{:migration=&gt;true, :timestamps=&gt;true}, :test_unit=&gt;{:fixture=&gt;true, :fixture_replacement=&gt;nil}}, @fallbacks={}, @templates=[], @colorize_logging=true, @api_only=false, @hidden_namespaces=["sass"], @after_generate_callbacks=[]&gt;, @middleware=#&lt;ActionDispatch::MiddlewareStack:0x0000558f2c1da018 @middlewares=[ActionDispatch::HostAuthorization, Rack::Sendfile, ActionDispatch::Static, ActionDispatch::Executor, ActiveSupport::Cache::Strategy::LocalCache::Middleware, Rack::Runtime, Rack::MethodOverride, ActionDispatch::RequestId, ActionDispatch::RemoteIp, Rails::Rack::Logger, ActionDispatch::ShowExceptions, ActionDispatch::DebugExceptions, ActionDispatch::ActionableExceptions, ActionDispatch::Reloader, ActionDispatch::Callbacks, ActionDispatch::Cookies, ActionDispatch::Session::CookieStore, ActionDispatch::Flash, ActionDispatch::ContentSecurityPolicy::Middleware, ActionDispatch::PermissionsPolicy::Middleware, Rack::Head, Rack::ConditionalGet, Rack::ETag, Rack::TempfileReaper]&gt;, @javascript_path="javascript", @encoding=#&lt;Encoding:UTF-8&gt;, @allow_concurrency=nil, @consider_all_requests_local=true, @filter_parameters=[:passw, :secret, :token, :_key, :crypt, :salt, :certificate, :otp, :ssn], @filter_redirect=[], @helpers_paths=["/home/nameless_ghoul/Documents/Work/LoudCloudPH/Learning/Learn Enough Projects/sample_app/app/helpers"], @hosts=[], @host_authorization={}, @public_file_server=#&lt;ActiveSupport::OrderedOptions {:enabled=&gt;true, :index_name=&gt;"index", :headers=&gt;{"Cache-Control"=&gt;"public, max-age=3600"}}&gt;, @force_ssl=false, @ssl_options={:hsts=&gt;{:subdomains=&gt;true}}, @session_store=:cookie_store, @time_zone="UTC", @beginning_of_week=:monday, @log_level=:debug, @cache_store=:null_store, @railties_order=[:all], @relative_url_root=nil, @reload_classes_only_on_change=true, @file_watcher=ActiveSupport::FileUpdateChecker, @exceptions_app=nil, @autoflush_log=true, @log_formatter=#&lt;ActiveSupport::Logger::SimpleFormatter:0x0000558f2bc461d8 @datetime_format=nil&gt;, @eager_load=false, @secret_key_base=nil, @api_only=false, @debug_exception_response_format=nil, @x=#&lt;Rails::Application::Configuration::Custom:0x0000558f2bc46188 @configurations={}&gt;, @enable_dependency_loading=false, @read_encrypted_secrets=false, @content_security_policy=nil, @content_security_policy_report_only=false, @content_security_policy_nonce_generator=nil, @content_security_policy_nonce_directives=nil, @require_master_key=false, @loaded_config_version=6.1, @credentials=#&lt;ActiveSupport::OrderedOptions {:content_path=&gt;#&lt;Pathname:/home/nameless_ghoul/Documents/Work/LoudCloudPH/Learning/Learn Enough Projects/sample_app/config/credentials.yml.enc&gt;, :key_path=&gt;#&lt;Pathname:/home/nameless_ghoul/Documents/Work/LoudCloudPH/Learning/Learn Enough Projects/sample_app/config/master.key&gt;}&gt;, @autoloader=:zeitwerk, @disable_sandbox=false, @add_autoload_paths_to_load_path=true, @permissions_policy=nil, @rake_eager_load=false, @paths=#&lt;Rails::Paths::Root:0x0000558f2bcec7e0 @path=#&lt;Pathname:/home/nameless_ghoul/Documents/Work/LoudCloudPH/Learning/Learn Enough Projects/sample_app&gt;, @root={"app"=&gt;#&lt;Rails::Paths::Path:0x0000558f2bcec6f0 @paths=["app"], @current="app", @root=#&lt;Rails::Paths::Root:0x0000558f2bcec7e0 ...&gt;, @glob="{*,*/concerns}", @exclude=["assets", "javascript"], @autoload_once=false, @eager_load=true, @autoload=false, @load_path=false&gt;, "app/assets"=&gt;#&lt;Rails::Paths::Path:0x0000558f2bcec678 @paths=["app/assets"], @current="app/assets", @root=#&lt;Rails::Paths::Root:0x0000558f2bcec7e0 ...&gt;, @glob="*", @exclude=nil, @autoload_once=false, @eager_load=false, @autoload=false, @load_path=false&gt;, "app/controllers"=&gt;#&lt;Rails::Paths::Path:0x0000558f2bcec600 @paths=["app/controllers"], @current="app/controllers", @root=#&lt;Rails::Paths::Root:0x0000558f2bcec7e0 ...&gt;, @glob=nil, @exclude=nil, @autoload_once=false, @eager_load=true, @autoload=false, @load_path=false&gt;, "app/channels"=&gt;#&lt;Rails::Paths::Path:0x0000558f2bcec588 @paths=["app/channels"], @current="app/channels", @root=#&lt;Rails::Paths::Root:0x0000558f2bcec7e0 ...&gt;, @glob="**/*_channel.rb", @exclude=nil, @autoload_once=false, @eager_load=true, @autoload=false, @load_path=false&gt;, "app/helpers"=&gt;#&lt;Rails::Paths::Path:0x0000558f2bcec510 @paths=["app/helpers"], @current="app/helpers", @root=#&lt;Rails::Paths::Root:0x0000558f2bcec7e0 ...&gt;, @glob=nil, @exclude=nil, @autoload_once=false, @eager_load=true, @autoload=false, @load_path=false&gt;, "app/models"=&gt;#&lt;Rails::Paths::Path:0x0000558f2bcec498 @paths=["app/models"], @current="app/models", @root=#&lt;Rails::Paths::Root:0x0000558f2bcec7e0 ...&gt;, @glob=nil, @exclude=nil, @autoload_once=false, @eager_load=true, @autoload=false, @load_path=false&gt;, "app/mailers"=&gt;#&lt;Rails::Paths::Path:0x0000558f2bcec420 @paths=["app/mailers"], @current="app/mailers", @root=#&lt;Rails::Paths::Root:0x0000558f2bcec7e0 ...&gt;, @glob=nil, @exclude=nil, @autoload_once=false, @eager_load=true, @autoload=false, @load_path=false&gt;, "app/views"=&gt;#&lt;Rails::Paths::Path:0x0000558f2bcec3a8 @paths=["app/views"], @current="app/views", @root=#&lt;Rails::Paths::Root:0x0000558f2bcec7e0 ...&gt;, @glob=nil, @exclude=nil, @autoload_once=false, @eager_load=false, @autoload=false, @load_path=false&gt;, "lib"=&gt;#&lt;Rails::Paths::Path:0x0000558f2bcec330 @paths=["lib"], @current="lib", @root=#&lt;Rails::Paths::Root:0x0000558f2bcec7e0 ...&gt;, @glob=nil, @exclude=nil, @autoload_once=false, @eager_load=false, @autoload=false, @load_path=true&gt;, "lib/assets"=&gt;#&lt;Rails::Paths::Path:0x0000558f2bcec2b8 @paths=["lib/assets"], @current="lib/assets", @root=#&lt;Rails::Paths::Root:0x0000558f2bcec7e0 ...&gt;, @glob="*", @exclude=nil, @autoload_once=false, @eager_load=false, @autoload=false, @load_path=false&gt;, "lib/tasks"=&gt;#&lt;Rails::Paths::Path:0x0000558f2bcec240 @paths=["lib/tasks"], @current="lib/tasks", @root=#&lt;Rails::Paths::Root:0x0000558f2bcec7e0 ...&gt;, @glob="**/*.rake", @exclude=nil, @autoload_once=false, @eager_load=false, @autoload=false, @load_path=false&gt;, "config"=&gt;#&lt;Rails::Paths::Path:0x0000558f2bcec1c8 @paths=["config"], @current="config", @root=#&lt;Rails::Paths::Root:0x0000558f2bcec7e0 ...&gt;, @glob=nil, @exclude=nil, @autoload_once=false, @eager_load=false, @autoload=false, @load_path=false&gt;, "config/environments"=&gt;#&lt;Rails::Paths::Path:0x0000558f2bcec128 @paths=["config/environments"], @current="config/environments", @root=#&lt;Rails::Paths::Root:0x0000558f2bcec7e0 ...&gt;, @glob="test.rb", @exclude=nil, @autoload_once=false, @eager_load=false, @autoload=false, @load_path=false&gt;, "config/initializers"=&gt;#&lt;Rails::Paths::Path:0x0000558f2bcec0b0 @paths=["config/initializers"], @current="config/initializers", @root=#&lt;Rails::Paths::Root:0x0000558f2bcec7e0 ...&gt;, @glob="**/*.rb", @exclude=nil, @autoload_once=false, @eager_load=false, @autoload=false, @load_path=false&gt;, "config/locales"=&gt;#&lt;Rails::Paths::Path:0x0000558f2bcec038 @paths=["config/locales"], @current="config/locales", @root=#&lt;Rails::Paths::Root:0x0000558f2bcec7e0 ...&gt;, @glob="*.{rb,yml}", @exclude=nil, @autoload_once=false, @eager_load=false, @autoload=false, @load_path=false&gt;, "config/routes.rb"=&gt;#&lt;Rails::Paths::Path:0x0000558f2bcf7fa0 @paths=["config/routes.rb"], @current="config/routes.rb", @root=#&lt;Rails::Paths::Root:0x0000558f2bcec7e0 ...&gt;, @glob=nil, @exclude=nil, @autoload_once=false, @eager_load=false, @autoload=false, @load_path=false&gt;, "config/routes"=&gt;#&lt;Rails::Paths::Path:0x0000558f2bcf7f28 @paths=["config/routes"], @current="config/routes", @root=#&lt;Rails::Paths::Root:0x0000558f2bcec7e0 ...&gt;, @glob="**/*.rb", @exclude=nil, @autoload_once=false, @eager_load=false, @autoload=false, @load_path=false&gt;, "db"=&gt;#&lt;Rails::Paths::Path:0x0000558f2bcf7eb0 @paths=["db"], @current="db", @root=#&lt;Rails::Paths::Root:0x0000558f2bcec7e0 ...&gt;, @glob=nil, @exclude=nil, @autoload_once=false, @eager_load=false, @autoload=false, @load_path=false&gt;, "db/migrate"=&gt;#&lt;Rails::Paths::Path:0x0000558f2bcf7e38 @paths=["db/migrate"], @current="db/migrate", @root=#&lt;Rails::Paths::Root:0x0000558f2bcec7e0 ...&gt;, @glob=nil, @exclude=nil, @autoload_once=false, @eager_load=false, @autoload=false, @load_path=false&gt;, "db/seeds.rb"=&gt;#&lt;Rails::Paths::Path:0x0000558f2bcf7dc0 @paths=["db/seeds.rb"], @current="db/seeds.rb", @root=#&lt;Rails::Paths::Root:0x0000558f2bcec7e0 ...&gt;, @glob=nil, @exclude=nil, @autoload_once=false, @eager_load=false, @autoload=false, @load_path=false&gt;, "vendor"=&gt;#&lt;Rails::Paths::Path:0x0000558f2bcf7d48 @paths=["vendor"], @current="vendor", @root=#&lt;Rails::Paths::Root:0x0000558f2bcec7e0 ...&gt;, @glob=nil, @exclude=nil, @autoload_once=false, @eager_load=false, @autoload=false, @load_path=true&gt;, "vendor/assets"=&gt;#&lt;Rails::Paths::Path:0x0000558f2bcf7cd0 @paths=["vendor/assets"], @current="vendor/assets", @root=#&lt;Rails::Paths::Root:0x0000558f2bcec7e0 ...&gt;, @glob="*", @exclude=nil, @autoload_once=false, @eager_load=false, @autoload=false, @load_path=false&gt;, "config/database"=&gt;#&lt;Rails::Paths::Path:0x0000558f2bcf7c30 @paths=["config/database.yml"], @current="config/database", @root=#&lt;Rails::Paths::Root:0x0000558f2bcec7e0 ...&gt;, @glob=nil, @exclude=nil, @autoload_once=false, @eager_load=false, @autoload=false, @load_path=false&gt;, "config/secrets"=&gt;#&lt;Rails::Paths::Path:0x0000558f2bcf7b90 @paths=["config"], @current="config/secrets", @root=#&lt;Rails::Paths::Root:0x0000558f2bcec7e0 ...&gt;, @glob="secrets.yml{,.enc}", @exclude=nil, @autoload_once=false, @eager_load=false, @autoload=false, @load_path=false&gt;, "config/environment"=&gt;#&lt;Rails::Paths::Path:0x0000558f2bcf7af0 @paths=["config/environment.rb"], @current="config/environment", @root=#&lt;Rails::Paths::Root:0x0000558f2bcec7e0 ...&gt;, @glob=nil, @exclude=nil, @autoload_once=false, @eager_load=false, @autoload=false, @load_path=false&gt;, "lib/templates"=&gt;#&lt;Rails::Paths::Path:0x0000558f2bcf7a78 @paths=["lib/templates"], @current="lib/templates", @root=#&lt;Rails::Paths::Root:0x0000558f2bcec7e0 ...&gt;, @glob=nil, @exclude=nil, @autoload_once=false, @eager_load=false, @autoload=false, @load_path=false&gt;, "log"=&gt;#&lt;Rails::Paths::Path:0x0000558f2bcf79b0 @paths=["log/test.log"], @current="log", @root=#&lt;Rails::Paths::Root:0x0000558f2bcec7e0 ...&gt;, @glob=nil, @exclude=nil, @autoload_once=false, @eager_load=false, @autoload=false, @load_path=false&gt;, "public"=&gt;#&lt;Rails::Paths::Path:0x0000558f2bcf7938 @paths=["public"], @current="public", @root=#&lt;Rails::Paths::Root:0x0000558f2bcec7e0 ...&gt;, @glob=nil, @exclude=nil, @autoload_once=false, @eager_load=false, @autoload=false, @load_path=false&gt;, "public/javascripts"=&gt;#&lt;Rails::Paths::Path:0x0000558f2bcf78c0 @paths=["public/javascripts"], @current="public/javascripts", @root=#&lt;Rails::Paths::Root:0x0000558f2bcec7e0 ...&gt;, @glob=nil, @exclude=nil, @autoload_once=false, @eager_load=false, @autoload=false, @load_path=false&gt;, "public/stylesheets"=&gt;#&lt;Rails::Paths::Path:0x0000558f2bcf7848 @paths=["public/stylesheets"], @current="public/stylesheets", @root=#&lt;Rails::Paths::Root:0x0000558f2bcec7e0 ...&gt;, @glob=nil, @exclude=nil, @autoload_once=false, @eager_load=false, @autoload=false, @load_path=false&gt;, "tmp"=&gt;#&lt;Rails::Paths::Path:0x0000558f2bcf77d0 @paths=["tmp"], @current="tmp", @root=#&lt;Rails::Paths::Root:0x0000558f2bcec7e0 ...&gt;, @glob=nil, @exclude=nil, @autoload_once=false, @eager_load=false, @autoload=false, @load_path=false&gt;, "config/cable"=&gt;#&lt;Rails::Paths::Path:0x0000558f2c1759b0 @paths=["config/cable.yml"], @current="config/cable", @root=#&lt;Rails::Paths::Root:0x0000558f2bcec7e0 ...&gt;, @glob=nil, @exclude=nil, @autoload_once=false, @eager_load=false, @autoload=false, @load_path=false&gt;}&gt;, @cache_classes=false, @autoload_paths=[], @eager_load_paths=["/home/nameless_ghoul/Documents/Work/LoudCloudPH/Learning/Learn Enough Projects/sample_app/app/channels", "/home/nameless_ghoul/Documents/Work/LoudCloudPH/Learning/Learn Enough Projects/sample_app/app/controllers", "/home/nameless_ghoul/Documents/Work/LoudCloudPH/Learning/Learn Enough Projects/sample_app/app/controllers/concerns", "/home/nameless_ghoul/Documents/Work/LoudCloudPH/Learning/Learn Enough Projects/sample_app/app/helpers", "/home/nameless_ghoul/Documents/Work/LoudCloudPH/Learning/Learn Enough Projects/sample_app/app/jobs", "/home/nameless_ghoul/Documents/Work/LoudCloudPH/Learning/Learn Enough Projects/sample_app/app/mailers", "/home/nameless_ghoul/Documents/Work/LoudCloudPH/Learning/Learn Enough Projects/sample_app/app/models", "/home/nameless_ghoul/Documents/Work/LoudCloudPH/Learning/Learn Enough Projects/sample_app/app/models/concerns"], @autoload_once_paths=[], @session_options={:key=&gt;"_sample_app_session", :cookie_only=&gt;true}&gt;, @env_config=nil, @helpers=nil, @routes=#&lt;ActionDispatch::Routing::RouteSet:0x0000558f2c02a3f8&gt;, @app_build_lock=#&lt;Thread::Mutex:0x0000558f2bc12770&gt;, @initialized=true, @reloaders=[#&lt;ActiveSupport::FileUpdateChecker:0x0000558f2c32b480 @files=["/home/nameless_ghoul/.rbenv/versions/3.0.0/lib/ruby/gems/3.0.0/gems/activesupport-6.1.5/lib/active_support/locale/en.yml", "/home/nameless_ghoul/.rbenv/versions/3.0.0/lib/ruby/gems/3.0.0/gems/activesupport-6.1.5/lib/active_support/locale/en.rb", "/home/nameless_ghoul/.rbenv/versions/3.0.0/lib/ruby/gems/3.0.0/gems/activemodel-6.1.5/lib/active_model/locale/en.yml", "/home/nameless_ghoul/.rbenv/versions/3.0.0/lib/ruby/gems/3.0.0/gems/activerecord-6.1.5/lib/active_record/locale/en.yml", "/home/nameless_ghoul/.rbenv/versions/3.0.0/lib/ruby/gems/3.0.0/gems/actionview-6.1.5/lib/action_view/locale/en.yml", "/home/nameless_ghoul/.rbenv/versions/3.0.0/lib/ruby/gems/3.0.0/gems/faker-2.20.0/lib/locales/ar.yml", "/home/nameless_ghoul/.rbenv/versions/3.0.0/lib/ruby/gems/3.0.0/gems/faker-2.20.0/lib/locales/bg.yml", "/home/nameless_ghoul/.rbenv/versions/3.0.0/lib/ruby/gems/3.0.0/gems/faker-2.20.0/lib/locales/ca-CAT.yml", "/home/nameless_ghoul/.rbenv/versions/3.0.0/lib/ruby/gems/3.0.0/gems/faker-2.20.0/lib/locales/ca.yml", "/home/nameless_ghoul/.rbenv/versions/3.0.0/lib/ruby/gems/3.0.0/gems/faker-2.20.0/lib/locales/da-DK.yml", "/home/nameless_ghoul/.rbenv/versions/3.0.0/lib/ruby/gems/3.0.0/gems/faker-2.20.0/lib/locales/de-AT.yml", "/home/nameless_ghoul/.rbenv/versions/3.0.0/lib/ruby/gems/3.0.0/gems/faker-2.20.0/lib/locales/de-CH.yml", "/home/nameless_ghoul/.rbenv/versions/3.0.0/lib/ruby/gems/3.0.0/gems/faker-2.20.0/lib/locales/de.yml", "/home/nameless_ghoul/.rbenv/versions/3.0.0/lib/ruby/gems/3.0.0/gems/faker-2.20.0/lib/locales/ee.yml", "/home/nameless_ghoul/.rbenv/versions/3.0.0/lib/ruby/gems/3.0.0/gems/faker-2.20.0/lib/locales/en/address.yml", "/home/nameless_ghoul/.rbenv/versions/3.0.0/lib/ruby/gems/3.0.0/gems/faker-2.20.0/lib/locales/en/adjective.yml", "/home/nameless_ghoul/.rbenv/versions/3.0.0/lib/ruby/gems/3.0.0/gems/faker-2.20.0/lib/locales/en/ancient.yml", "/home/nameless_ghoul/.rbenv/versions/3.0.0/lib/ruby/gems/3.0.0/gems/faker-2.20.0/lib/locales/en/animal.yml", "/home/nameless_ghoul/.rbenv/versions/3.0.0/lib/ruby/gems/3.0.0/gems/faker-2.20.0/lib/locales/en/app.yml", "/home/nameless_ghoul/.rbenv/versions/3.0.0/lib/ruby/gems/3.0.0/gems/faker-2.20.0/lib/locales/en/appliance.yml", "/home/nameless_ghoul/.rbenv/versions/3.0.0/lib/ruby/gems/3.0.0/gems/faker-2.20.0/lib/locales/en/aqua_teen_hunger_force.yml", "/home/nameless_ghoul/.rbenv/versions/3.0.0/lib/ruby/gems/3.0.0/gems/faker-2.20.0/lib/locales/en/artist.yml", "/home/nameless_ghoul/.rbenv/versions/3.0.0/lib/ruby/gems/3.0.0/gems/faker-2.20.0/lib/locales/en/australia.yml", "/home/nameless_ghoul/.rbenv/versions/3.0.0/lib/ruby/gems/3.0.0/gems/faker-2.20.0/lib/locales/en/back_to_the_future.yml", "/home/nameless_ghoul/.rbenv/versions/3.0.0/lib/ruby/gems/3.0.0/gems/faker-2.20.0/lib/locales/en/bank.yml", "/home/nameless_ghoul/.rbenv/versions/3.0.0/lib/ruby/gems/3.0.0/gems/faker-2.20.0/lib/locales/en/barcode.yml", "/home/nameless_ghoul/.rbenv/versions/3.0.0/lib/ruby/gems/3.0.0/gems/faker-2.20.0/lib/locales/en/basketball.yml", "/home/nameless_ghoul/.rbenv/versions/3.0.0/lib/ruby/gems/3.0.0/gems/faker-2.20.0/lib/locales/en/beer.yml", "/home/nameless_ghoul/.rbenv/versions/3.0.0/lib/ruby/gems/3.0.0/gems/faker-2.20.0/lib/locales/en/bible.yml", "/home/nameless_ghoul/.rbenv/versions/3.0.0/lib/ruby/gems/3.0.0/gems/faker-2.20.0/lib/locales/en/big_bang_theory.yml", "/home/nameless_ghoul/.rbenv/versions/3.0.0/lib/ruby/gems/3.0.0/gems/faker-2.20.0/lib/locales/en/bird.yml", "/home/nameless_ghoul/.rbenv/versions/3.0.0/lib/ruby/gems/3.0.0/gems/faker-2.20.0/lib/locales/en/blood.yml", "/home/nameless_ghoul/.rbenv/versions/3.0.0/lib/ruby/gems/3.0.0/gems/faker-2.20.0/lib/locales/en/bojack_horseman.yml", "/home/nameless_ghoul/.rbenv/versions/3.0.0/lib/ruby/gems/3.0.0/gems/faker-2.20.0/lib/locales/en/book.yml", "/home/nameless_ghoul/.rbenv/versions/3.0.0/lib/ruby/gems/3.0.0/gems/faker-2.20.0/lib/locales/en/bossa_nova.yml", "/home/nameless_ghoul/.rbenv/versions/3.0.0/lib/ruby/gems/3.0.0/gems/faker-2.20.0/lib/locales/en/breaking_bad.yml", "/home/nameless_ghoul/.rbenv/versions/3.0.0/lib/ruby/gems/3.0.0/gems/faker-2.20.0/lib/locales/en/brooklyn_nine_nine.yml", "/home/nameless_ghoul/.rbenv/versions/3.0.0/lib/ruby/gems/3.0.0/gems/faker-2.20.0/lib/locales/en/buffy.yml", "/home/nameless_ghoul/.rbenv/versions/3.0.0/lib/ruby/gems/3.0.0/gems/faker-2.20.0/lib/locales/en/business.yml", "/home/nameless_ghoul/.rbenv/versions/3.0.0/lib/ruby/gems/3.0.0/gems/faker-2.20.0/lib/locales/en/camera.yml", "/home/nameless_ghoul/.rbenv/versions/3.0.0/lib/ruby/gems/3.0.0/gems/faker-2.20.0/lib/locales/en/cannabis.yml", "/home/nameless_ghoul/.rbenv/versions/3.0.0/lib/ruby/gems/3.0.0/gems/faker-2.20.0/lib/locales/en/cat.yml", "/home/nameless_ghoul/.rbenv/versions/3.0.0/lib/ruby/gems/3.0.0/gems/faker-2.20.0/lib/locales/en/chiquito.yml", "/home/nameless_ghoul/.rbenv/versions/3.0.0/lib/ruby/gems/3.0.0/gems/faker-2.20.0/lib/locales/en/chuck_norris.yml", "/home/nameless_ghoul/.rbenv/versions/3.0.0/lib/ruby/gems/3.0.0/gems/faker-2.20.0/lib/locales/en/clash_of_clan.yml", "/home/nameless_ghoul/.rbenv/versions/3.0.0/lib/ruby/gems/3.0.0/gems/faker-2.20.0/lib/locales/en/code.yml", "/home/nameless_ghoul/.rbenv/versions/3.0.0/lib/ruby/gems/3.0.0/gems/faker-2.20.0/lib/locales/en/coffee.yml", "/home/nameless_ghoul/.rbenv/versions/3.0.0/lib/ruby/gems/3.0.0/gems/faker-2.20.0/lib/locales/en/coin.yml", "/home/nameless_ghoul/.rbenv/versions/3.0.0/lib/ruby/gems/3.0.0/gems/faker-2.20.0/lib/locales/en/color.yml", "/home/nameless_ghoul/.rbenv/versions/3.0.0/lib/ruby/gems/3.0.0/gems/faker-2.20.0/lib/locales/en/commerce.yml", "/home/nameless_ghoul/.rbenv/versions/3.0.0/lib/ruby/gems/3.0.0/gems/faker-2.20.0/lib/locales/en/community.yml", "/home/nameless_ghoul/.rbenv/versions/3.0.0/lib/ruby/gems/3.0.0/gems/faker-2.20.0/lib/locales/en/company.yml", "/home/nameless_ghoul/.rbenv/versions/3.0.0/lib/ruby/gems/3.0.0/gems/faker-2.20.0/lib/locales/en/compass.yml", "/home/nameless_ghoul/.rbenv/versions/3.0.0/lib/ruby/gems/3.0.0/gems/faker-2.20.0/lib/locales/en/computer.yml", "/home/nameless_ghoul/.rbenv/versions/3.0.0/lib/ruby/gems/3.0.0/gems/faker-2.20.0/lib/locales/en/conan.yml", "/home/nameless_ghoul/.rbenv/versions/3.0.0/lib/ruby/gems/3.0.0/gems/faker-2.20.0/lib/locales/en/construction.yml", "/home/nameless_ghoul/.rbenv/versions/3.0.0/lib/ruby/gems/3.0.0/gems/faker-2.20.0/lib/locales/en/control.yml", "/home/nameless_ghoul/.rbenv/versions/3.0.0/lib/ruby/gems/3.0.0/gems/faker-2.20.0/lib/locales/en/cosmere.yml", "/home/nameless_ghoul/.rbenv/versions/3.0.0/lib/ruby/gems/3.0.0/gems/faker-2.20.0/lib/locales/en/crypto_coin.yml", "/home/nameless_ghoul/.rbenv/versions/3.0.0/lib/ruby/gems/3.0.0/gems/faker-2.20.0/lib/locales/en/culture_series.yml", "/home/nameless_ghoul/.rbenv/versions/3.0.0/lib/ruby/gems/3.0.0/gems/faker-2.20.0/lib/locales/en/currency.yml", "/home/nameless_ghoul/.rbenv/versions/3.0.0/lib/ruby/gems/3.0.0/gems/faker-2.20.0/lib/locales/en/dc_comics.yml", "/home/nameless_ghoul/.rbenv/versions/3.0.0/lib/ruby/gems/3.0.0/gems/faker-2.20.0/lib/locales/en/demographic.yml", "/home/nameless_ghoul/.rbenv/versions/3.0.0/lib/ruby/gems/3.0.0/gems/faker-2.20.0/lib/locales/en/departed.yml", "/home/nameless_ghoul/.rbenv/versions/3.0.0/lib/ruby/gems/3.0.0/gems/faker-2.20.0/lib/locales/en/dessert.yml", "/home/nameless_ghoul/.rbenv/versions/3.0.0/lib/ruby/gems/3.0.0/gems/faker-2.20.0/lib/locales/en/device.yml", "/home/nameless_ghoul/.rbenv/versions/3.0.0/lib/ruby/gems/3.0.0/gems/faker-2.20.0/lib/locales/en/dnd.yml", "/home/nameless_ghoul/.rbenv/versions/3.0.0/lib/ruby/gems/3.0.0/gems/faker-2.20.0/lib/locales/en/dog.yml", "/home/nameless_ghoul/.rbenv/versions/3.0.0/lib/ruby/gems/3.0.0/gems/faker-2.20.0/lib/locales/en/doraemon.yml", "/home/nameless_ghoul/.rbenv/versions/3.0.0/lib/ruby/gems/3.0.0/gems/faker-2.20.0/lib/locales/en/dota.yml", "/home/nameless_ghoul/.rbenv/versions/3.0.0/lib/ruby/gems/3.0.0/gems/faker-2.20.0/lib/locales/en/dr_who.yml", "/home/nameless_ghoul/.rbenv/versions/3.0.0/lib/ruby/gems/3.0.0/gems/faker-2.20.0/lib/locales/en/dragon_ball.yml", "/home/nameless_ghoul/.rbenv/versions/3.0.0/lib/ruby/gems/3.0.0/gems/faker-2.20.0/lib/locales/en/driving_license.yml", "/home/nameless_ghoul/.rbenv/versions/3.0.0/lib/ruby/gems/3.0.0/gems/faker-2.20.0/lib/locales/en/drone.yml", "/home/nameless_ghoul/.rbenv/versions/3.0.0/lib/ruby/gems/3.0.0/gems/faker-2.20.0/lib/locales/en/dumb_and_dumber.yml", "/home/nameless_ghoul/.rbenv/versions/3.0.0/lib/ruby/gems/3.0.0/gems/faker-2.20.0/lib/locales/en/dune.yml", "/home/nameless_ghoul/.rbenv/versions/3.0.0/lib/ruby/gems/3.0.0/gems/faker-2.20.0/lib/locales/en/educator.yml", "/home/nameless_ghoul/.rbenv/versions/3.0.0/lib/ruby/gems/3.0.0/gems/faker-2.20.0/lib/locales/en/elder_scrolls.yml", "/home/nameless_ghoul/.rbenv/versions/3.0.0/lib/ruby/gems/3.0.0/gems/faker-2.20.0/lib/locales/en/electrical_components.yml", "/home/nameless_ghoul/.rbenv/versions/3.0.0/lib/ruby/gems/3.0.0/gems/faker-2.20.0/lib/locales/en/emotion.yml", "/home/nameless_ghoul/.rbenv/versions/3.0.0/lib/ruby/gems/3.0.0/gems/faker-2.20.0/lib/locales/en/esport.yml", "/home/nameless_ghoul/.rbenv/versions/3.0.0/lib/ruby/gems/3.0.0/gems/faker-2.20.0/lib/locales/en/fallout.yml", "/home/nameless_ghoul/.rbenv/versions/3.0.0/lib/ruby/gems/3.0.0/gems/faker-2.20.0/lib/locales/en/family_guy.yml", "/home/nameless_ghoul/.rbenv/versions/3.0.0/lib/ruby/gems/3.0.0/gems/faker-2.20.0/lib/locales/en/file.yml", "/home/nameless_ghoul/.rbenv/versions/3.0.0/lib/ruby/gems/3.0.0/gems/faker-2.20.0/lib/locales/en/final_space.yml", "/home/nameless_ghoul/.rbenv/versions/3.0.0/lib/ruby/gems/3.0.0/gems/faker-2.20.0/lib/locales/en/finance.yml", "/home/nameless_ghoul/.rbenv/versions/3.0.0/lib/ruby/gems/3.0.0/gems/faker-2.20.0/lib/locales/en/fma_brotherhood.yml", "/home/nameless_ghoul/.rbenv/versions/3.0.0/lib/ruby/gems/3.0.0/gems/faker-2.20.0/lib/locales/en/food.yml", "/home/nameless_ghoul/.rbenv/versions/3.0.0/lib/ruby/gems/3.0.0/gems/faker-2.20.0/lib/locales/en/football.yml", "/home/nameless_ghoul/.rbenv/versions/3.0.0/lib/ruby/gems/3.0.0/gems/faker-2.20.0/lib/locales/en/fresh_prince_of_bel_air.yml", "/home/nameless_ghoul/.rbenv/versions/3.0.0/lib/ruby/gems/3.0.0/gems/faker-2.20.0/lib/locales/en/friends.yml", "/home/nameless_ghoul/.rbenv/versions/3.0.0/lib/ruby/gems/3.0.0/gems/faker-2.20.0/lib/locales/en/funny_name.yml", "/home/nameless_ghoul/.rbenv/versions/3.0.0/lib/ruby/gems/3.0.0/gems/faker-2.20.0/lib/locales/en/futurama.yml", "/home/nameless_ghoul/.rbenv/versions/3.0.0/lib/ruby/gems/3.0.0/gems/faker-2.20.0/lib/locales/en/game.yml", "/home/nameless_ghoul/.rbenv/versions/3.0.0/lib/ruby/gems/3.0.0/gems/faker-2.20.0/lib/locales/en/game_of_thrones.yml", "/home/nameless_ghoul/.rbenv/versions/3.0.0/lib/ruby/gems/3.0.0/gems/faker-2.20.0/lib/locales/en/gender.yml", "/home/nameless_ghoul/.rbenv/versions/3.0.0/lib/ruby/gems/3.0.0/gems/faker-2.20.0/lib/locales/en/ghostbusters.yml", "/home/nameless_ghoul/.rbenv/versions/3.0.0/lib/ruby/gems/3.0.0/gems/faker-2.20.0/lib/locales/en/grateful_dead.yml", "/home/nameless_ghoul/.rbenv/versions/3.0.0/lib/ruby/gems/3.0.0/gems/faker-2.20.0/lib/locales/en/greek_philosophers.yml", "/home/nameless_ghoul/.rbenv/versions/3.0.0/lib/ruby/gems/3.0.0/gems/faker-2.20.0/lib/locales/en/hacker.yml", "/home/nameless_ghoul/.rbenv/versions/3.0.0/lib/ruby/gems/3.0.0/gems/faker-2.20.0/lib/locales/en/half_life.yml", "/home/nameless_ghoul/.rbenv/versions/3.0.0/lib/ruby/gems/3.0.0/gems/faker-2.20.0/lib/locales/en/harry_potter.yml", "/home/nameless_ghoul/.rbenv/versions/3.0.0/lib/ruby/gems/3.0.0/gems/faker-2.20.0/lib/locales/en/heroes.yml", "/home/nameless_ghoul/.rbenv/versions/3.0.0/lib/ruby/gems/3.0.0/gems/faker-2.20.0/lib/locales/en/heroes_of_the_storm.yml", "/home/nameless_ghoul/.rbenv/versions/3.0.0/lib/ruby/gems/3.0.0/gems/faker-2.20.0/lib/locales/en/hey_arnold.yml", "/home/nameless_ghoul/.rbenv/versions/3.0.0/lib/ruby/gems/3.0.0/gems/faker-2.20.0/lib/locales/en/hipster.yml", "/home/nameless_ghoul/.rbenv/versions/3.0.0/lib/ruby/gems/3.0.0/gems/faker-2.20.0/lib/locales/en/hitchhikers_guide_to_the_galaxy.yml", "/home/nameless_ghoul/.rbenv/versions/3.0.0/lib/ruby/gems/3.0.0/gems/faker-2.20.0/lib/locales/en/hobby.yml", "/home/nameless_ghoul/.rbenv/versions/3.0.0/lib/ruby/gems/3.0.0/gems/faker-2.20.0/lib/locales/en/horse.yml", "/home/nameless_ghoul/.rbenv/versions/3.0.0/lib/ruby/gems/3.0.0/gems/faker-2.20.0/lib/locales/en/house.yml", "/home/nameless_ghoul/.rbenv/versions/3.0.0/lib/ruby/gems/3.0.0/gems/faker-2.20.0/lib/locales/en/how_i_met_your_mother.yml", "/home/nameless_ghoul/.rbenv/versions/3.0.0/lib/ruby/gems/3.0.0/gems/faker-2.20.0/lib/locales/en/how_to_train_your_dragon.yml", "/home/nameless_ghoul/.rbenv/versions/3.0.0/lib/ruby/gems/3.0.0/gems/faker-2.20.0/lib/locales/en/id_number.yml", "/home/nameless_ghoul/.rbenv/versions/3.0.0/lib/ruby/gems/3.0.0/gems/faker-2.20.0/lib/locales/en/industry_segments.yml", "/home/nameless_ghoul/.rbenv/versions/3.0.0/lib/ruby/gems/3.0.0/gems/faker-2.20.0/lib/locales/en/internet.yml", "/home/nameless_ghoul/.rbenv/versions/3.0.0/lib/ruby/gems/3.0.0/gems/faker-2.20.0/lib/locales/en/invoice.yml", "/home/nameless_ghoul/.rbenv/versions/3.0.0/lib/ruby/gems/3.0.0/gems/faker-2.20.0/lib/locales/en/jack_handey.yml", "/home/nameless_ghoul/.rbenv/versions/3.0.0/lib/ruby/gems/3.0.0/gems/faker-2.20.0/lib/locales/en/job.yml", "/home/nameless_ghoul/.rbenv/versions/3.0.0/lib/ruby/gems/3.0.0/gems/faker-2.20.0/lib/locales/en/kamen_rider.yml", "/home/nameless_ghoul/.rbenv/versions/3.0.0/lib/ruby/gems/3.0.0/gems/faker-2.20.0/lib/locales/en/kpop.yml", "/home/nameless_ghoul/.rbenv/versions/3.0.0/lib/ruby/gems/3.0.0/gems/faker-2.20.0/lib/locales/en/league_of_legends.yml", "/home/nameless_ghoul/.rbenv/versions/3.0.0/lib/ruby/gems/3.0.0/gems/faker-2.20.0/lib/locales/en/lebowski.yml", "/home/nameless_ghoul/.rbenv/versions/3.0.0/lib/ruby/gems/3.0.0/gems/faker-2.20.0/lib/locales/en/lorem.yml", "/home/nameless_ghoul/.rbenv/versions/3.0.0/lib/ruby/gems/3.0.0/gems/faker-2.20.0/lib/locales/en/lovecraft.yml", "/home/nameless_ghoul/.rbenv/versions/3.0.0/lib/ruby/gems/3.0.0/gems/faker-2.20.0/lib/locales/en/markdown.yml", "/home/nameless_ghoul/.rbenv/versions/3.0.0/lib/ruby/gems/3.0.0/gems/faker-2.20.0/lib/locales/en/marketing.yml", "/home/nameless_ghoul/.rbenv/versions/3.0.0/lib/ruby/gems/3.0.0/gems/faker-2.20.0/lib/locales/en/measurement.yml", "/home/nameless_ghoul/.rbenv/versions/3.0.0/lib/ruby/gems/3.0.0/gems/faker-2.20.0/lib/locales/en/michael_scott.yml", "/home/nameless_ghoul/.rbenv/versions/3.0.0/lib/ruby/gems/3.0.0/gems/faker-2.20.0/lib/locales/en/military.yml", "/home/nameless_ghoul/.rbenv/versions/3.0.0/lib/ruby/gems/3.0.0/gems/faker-2.20.0/lib/locales/en/minecraft.yml", "/home/nameless_ghoul/.rbenv/versions/3.0.0/lib/ruby/gems/3.0.0/gems/faker-2.20.0/lib/locales/en/mountain.yml", "/home/nameless_ghoul/.rbenv/versions/3.0.0/lib/ruby/gems/3.0.0/gems/faker-2.20.0/lib/locales/en/movie.yml", "/home/nameless_ghoul/.rbenv/versions/3.0.0/lib/ruby/gems/3.0.0/gems/faker-2.20.0/lib/locales/en/music.yml", "/home/nameless_ghoul/.rbenv/versions/3.0.0/lib/ruby/gems/3.0.0/gems/faker-2.20.0/lib/locales/en/myst.yml", "/home/nameless_ghoul/.rbenv/versions/3.0.0/lib/ruby/gems/3.0.0/gems/faker-2.20.0/lib/locales/en/name.yml", "/home/nameless_ghoul/.rbenv/versions/3.0.0/lib/ruby/gems/3.0.0/gems/faker-2.20.0/lib/locales/en/naruto.yml", "/home/nameless_ghoul/.rbenv/versions/3.0.0/lib/ruby/gems/3.0.0/gems/faker-2.20.0/lib/locales/en/nation.yml", "/home/nameless_ghoul/.rbenv/versions/3.0.0/lib/ruby/gems/3.0.0/gems/faker-2.20.0/lib/locales/en/nato_phonetic_alphabet.yml", "/home/nameless_ghoul/.rbenv/versions/3.0.0/lib/ruby/gems/3.0.0/gems/faker-2.20.0/lib/locales/en/new_girl.yml", "/home/nameless_ghoul/.rbenv/versions/3.0.0/lib/ruby/gems/3.0.0/gems/faker-2.20.0/lib/locales/en/one_piece.yml", "/home/nameless_ghoul/.rbenv/versions/3.0.0/lib/ruby/gems/3.0.0/gems/faker-2.20.0/lib/locales/en/opera.yml", "/home/nameless_ghoul/.rbenv/versions/3.0.0/lib/ruby/gems/3.0.0/gems/faker-2.20.0/lib/locales/en/overwatch.yml", "/home/nameless_ghoul/.rbenv/versions/3.0.0/lib/ruby/gems/3.0.0/gems/faker-2.20.0/lib/locales/en/parks_and_rec.yml", "/home/nameless_ghoul/.rbenv/versions/3.0.0/lib/ruby/gems/3.0.0/gems/faker-2.20.0/lib/locales/en/pearl_jam.yml", "/home/nameless_ghoul/.rbenv/versions/3.0.0/lib/ruby/gems/3.0.0/gems/faker-2.20.0/lib/locales/en/phish.yml", "/home/nameless_ghoul/.rbenv/versions/3.0.0/lib/ruby/gems/3.0.0/gems/faker-2.20.0/lib/locales/en/phone_number.yml", "/home/nameless_ghoul/.rbenv/versions/3.0.0/lib/ruby/gems/3.0.0/gems/faker-2.20.0/lib/locales/en/pokemon.yml", "/home/nameless_ghoul/.rbenv/versions/3.0.0/lib/ruby/gems/3.0.0/gems/faker-2.20.0/lib/locales/en/prince.yml", "/home/nameless_ghoul/.rbenv/versions/3.0.0/lib/ruby/gems/3.0.0/gems/faker-2.20.0/lib/locales/en/princess_bride.yml", "/home/nameless_ghoul/.rbenv/versions/3.0.0/lib/ruby/gems/3.0.0/gems/faker-2.20.0/lib/locales/en/programming_language.yml", "/home/nameless_ghoul/.rbenv/versions/3.0.0/lib/ruby/gems/3.0.0/gems/faker-2.20.0/lib/locales/en/quote.yml", "/home/nameless_ghoul/.rbenv/versions/3.0.0/lib/ruby/gems/3.0.0/gems/faker-2.20.0/lib/locales/en/rajnikanth.yml", "/home/nameless_ghoul/.rbenv/versions/3.0.0/lib/ruby/gems/3.0.0/gems/faker-2.20.0/lib/locales/en/relationship.yml", "/home/nameless_ghoul/.rbenv/versions/3.0.0/lib/ruby/gems/3.0.0/gems/faker-2.20.0/lib/locales/en/restaurant.yml", "/home/nameless_ghoul/.rbenv/versions/3.0.0/lib/ruby/gems/3.0.0/gems/faker-2.20.0/lib/locales/en/rick_and_morty.yml", "/home/nameless_ghoul/.rbenv/versions/3.0.0/lib/ruby/gems/3.0.0/gems/faker-2.20.0/lib/locales/en/rock_band.yml", "/home/nameless_ghoul/.rbenv/versions/3.0.0/lib/ruby/gems/3.0.0/gems/faker-2.20.0/lib/locales/en/room.yml", "/home/nameless_ghoul/.rbenv/versions/3.0.0/lib/ruby/gems/3.0.0/gems/faker-2.20.0/lib/locales/en/rupaul.yml", "/home/nameless_ghoul/.rbenv/versions/3.0.0/lib/ruby/gems/3.0.0/gems/faker-2.20.0/lib/locales/en/rush.yml", "/home/nameless_ghoul/.rbenv/versions/3.0.0/lib/ruby/gems/3.0.0/gems/faker-2.20.0/lib/locales/en/science.yml", "/home/nameless_ghoul/.rbenv/versions/3.0.0/lib/ruby/gems/3.0.0/gems/faker-2.20.0/lib/locales/en/seinfeld.yml", "/home/nameless_ghoul/.rbenv/versions/3.0.0/lib/ruby/gems/3.0.0/gems/faker-2.20.0/lib/locales/en/shakespeare.yml", "/home/nameless_ghoul/.rbenv/versions/3.0.0/lib/ruby/gems/3.0.0/gems/faker-2.20.0/lib/locales/en/show.yml", "/home/nameless_ghoul/.rbenv/versions/3.0.0/lib/ruby/gems/3.0.0/gems/faker-2.20.0/lib/locales/en/silicon_valley.yml", "/home/nameless_ghoul/.rbenv/versions/3.0.0/lib/ruby/gems/3.0.0/gems/faker-2.20.0/lib/locales/en/simpsons.yml", "/home/nameless_ghoul/.rbenv/versions/3.0.0/lib/ruby/gems/3.0.0/gems/faker-2.20.0/lib/locales/en/slack_emoji.yml", "/home/nameless_ghoul/.rbenv/versions/3.0.0/lib/ruby/gems/3.0.0/gems/faker-2.20.0/lib/locales/en/sonic_the_hedgehog.yml", "/home/nameless_ghoul/.rbenv/versions/3.0.0/lib/ruby/gems/3.0.0/gems/faker-2.20.0/lib/locales/en/source.yml", "/home/nameless_ghoul/.rbenv/versions/3.0.0/lib/ruby/gems/3.0.0/gems/faker-2.20.0/lib/locales/en/south_park.yml", "/home/nameless_ghoul/.rbenv/versions/3.0.0/lib/ruby/gems/3.0.0/gems/faker-2.20.0/lib/locales/en/space.yml", "/home/nameless_ghoul/.rbenv/versions/3.0.0/lib/ruby/gems/3.0.0/gems/faker-2.20.0/lib/locales/en/star_trek.yml", "/home/nameless_ghoul/.rbenv/versions/3.0.0/lib/ruby/gems/3.0.0/gems/faker-2.20.0/lib/locales/en/star_wars.yml", "/home/nameless_ghoul/.rbenv/versions/3.0.0/lib/ruby/gems/3.0.0/gems/faker-2.20.0/lib/locales/en/stargate.yml", "/home/nameless_ghoul/.rbenv/versions/3.0.0/lib/ruby/gems/3.0.0/gems/faker-2.20.0/lib/locales/en/stranger_thing.yml", "/home/nameless_ghoul/.rbenv/versions/3.0.0/lib/ruby/gems/3.0.0/gems/faker-2.20.0/lib/locales/en/street_fighter.yml", "/home/nameless_ghoul/.rbenv/versions/3.0.0/lib/ruby/gems/3.0.0/gems/faker-2.20.0/lib/locales/en/stripe.yml", "/home/nameless_ghoul/.rbenv/versions/3.0.0/lib/ruby/gems/3.0.0/gems/faker-2.20.0/lib/locales/en/studio_ghibli.yml", "/home/nameless_ghoul/.rbenv/versions/3.0.0/lib/ruby/gems/3.0.0/gems/faker-2.20.0/lib/locales/en/subscription.yml", "/home/nameless_ghoul/.rbenv/versions/3.0.0/lib/ruby/gems/3.0.0/gems/faker-2.20.0/lib/locales/en/suits.yml", "/home/nameless_ghoul/.rbenv/versions/3.0.0/lib/ruby/gems/3.0.0/gems/faker-2.20.0/lib/locales/en/super_mario.yml", "/home/nameless_ghoul/.rbenv/versions/3.0.0/lib/ruby/gems/3.0.0/gems/faker-2.20.0/lib/locales/en/super_smash_bros.yml", "/home/nameless_ghoul/.rbenv/versions/3.0.0/lib/ruby/gems/3.0.0/gems/faker-2.20.0/lib/locales/en/superhero.yml", "/home/nameless_ghoul/.rbenv/versions/3.0.0/lib/ruby/gems/3.0.0/gems/faker-2.20.0/lib/locales/en/supernatural.yml", "/home/nameless_ghoul/.rbenv/versions/3.0.0/lib/ruby/gems/3.0.0/gems/faker-2.20.0/lib/locales/en/sword_art_online.yml", "/home/nameless_ghoul/.rbenv/versions/3.0.0/lib/ruby/gems/3.0.0/gems/faker-2.20.0/lib/locales/en/tea.yml", "/home/nameless_ghoul/.rbenv/versions/3.0.0/lib/ruby/gems/3.0.0/gems/faker-2.20.0/lib/locales/en/team.yml", "/home/nameless_ghoul/.rbenv/versions/3.0.0/lib/ruby/gems/3.0.0/gems/faker-2.20.0/lib/locales/en/the_expanse.yml", "/home/nameless_ghoul/.rbenv/versions/3.0.0/lib/ruby/gems/3.0.0/gems/faker-2.20.0/lib/locales/en/the_it_crowd.yml", "/home/nameless_ghoul/.rbenv/versions/3.0.0/lib/ruby/gems/3.0.0/gems/faker-2.20.0/lib/locales/en/the_kingkiller_chronicle.yml", "/home/nameless_ghoul/.rbenv/versions/3.0.0/lib/ruby/gems/3.0.0/gems/faker-2.20.0/lib/locales/en/the_office.yml", "/home/nameless_ghoul/.rbenv/versions/3.0.0/lib/ruby/gems/3.0.0/gems/faker-2.20.0/lib/locales/en/the_thick_of_it.yml", "/home/nameless_ghoul/.rbenv/versions/3.0.0/lib/ruby/gems/3.0.0/gems/faker-2.20.0/lib/locales/en/tolkien.yml", "/home/nameless_ghoul/.rbenv/versions/3.0.0/lib/ruby/gems/3.0.0/gems/faker-2.20.0/lib/locales/en/touhou.yml", "/home/nameless_ghoul/.rbenv/versions/3.0.0/lib/ruby/gems/3.0.0/gems/faker-2.20.0/lib/locales/en/twin_peaks.yml", "/home/nameless_ghoul/.rbenv/versions/3.0.0/lib/ruby/gems/3.0.0/gems/faker-2.20.0/lib/locales/en/umphreys_mcgee.yml", "/home/nameless_ghoul/.rbenv/versions/3.0.0/lib/ruby/gems/3.0.0/gems/faker-2.20.0/lib/locales/en/university.yml", "/home/nameless_ghoul/.rbenv/versions/3.0.0/lib/ruby/gems/3.0.0/gems/faker-2.20.0/lib/locales/en/v_for_vendetta.yml", "/home/nameless_ghoul/.rbenv/versions/3.0.0/lib/ruby/gems/3.0.0/gems/faker-2.20.0/lib/locales/en/vehicle.yml", "/home/nameless_ghoul/.rbenv/versions/3.0.0/lib/ruby/gems/3.0.0/gems/faker-2.20.0/lib/locales/en/venture_bros.yml", "/home/nameless_ghoul/.rbenv/versions/3.0.0/lib/ruby/gems/3.0.0/gems/faker-2.20.0/lib/locales/en/verbs.yml", "/home/nameless_ghoul/.rbenv/versions/3.0.0/lib/ruby/gems/3.0.0/gems/faker-2.20.0/lib/locales/en/volleyball.yml", "/home/nameless_ghoul/.rbenv/versions/3.0.0/lib/ruby/gems/3.0.0/gems/faker-2.20.0/lib/locales/en/warhammer_fantasy.yml", "/home/nameless_ghoul/.rbenv/versions/3.0.0/lib/ruby/gems/3.0.0/gems/faker-2.20.0/lib/locales/en/witcher.yml", "/home/nameless_ghoul/.rbenv/versions/3.0.0/lib/ruby/gems/3.0.0/gems/faker-2.20.0/lib/locales/en/world_cup.yml", "/home/nameless_ghoul/.rbenv/versions/3.0.0/lib/ruby/gems/3.0.0/gems/faker-2.20.0/lib/locales/en/world_of_warcraft.yml", "/home/nameless_ghoul/.rbenv/versions/3.0.0/lib/ruby/gems/3.0.0/gems/faker-2.20.0/lib/locales/en/yoda.yml", "/home/nameless_ghoul/.rbenv/versions/3.0.0/lib/ruby/gems/3.0.0/gems/faker-2.20.0/lib/locales/en/zelda.yml", "/home/nameless_ghoul/.rbenv/versions/3.0.0/lib/ruby/gems/3.0.0/gems/faker-2.20.0/lib/locales/en-AU.yml", "/home/nameless_ghoul/.rbenv/versions/3.0.0/lib/ruby/gems/3.0.0/gems/faker-2.20.0/lib/locales/en-BORK.yml", "/home/nameless_ghoul/.rbenv/versions/3.0.0/lib/ruby/gems/3.0.0/gems/faker-2.20.0/lib/locales/en-CA.yml", "/home/nameless_ghoul/.rbenv/versions/3.0.0/lib/ruby/gems/3.0.0/gems/faker-2.20.0/lib/locales/en-GB.yml", "/home/nameless_ghoul/.rbenv/versions/3.0.0/lib/ruby/gems/3.0.0/gems/faker-2.20.0/lib/locales/en-IND.yml", "/home/nameless_ghoul/.rbenv/versions/3.0.0/lib/ruby/gems/3.0.0/gems/faker-2.20.0/lib/locales/en-MS.yml", "/home/nameless_ghoul/.rbenv/versions/3.0.0/lib/ruby/gems/3.0.0/gems/faker-2.20.0/lib/locales/en-NEP.yml", "/home/nameless_ghoul/.rbenv/versions/3.0.0/lib/ruby/gems/3.0.0/gems/faker-2.20.0/lib/locales/en-NG.yml", "/home/nameless_ghoul/.rbenv/versions/3.0.0/lib/ruby/gems/3.0.0/gems/faker-2.20.0/lib/locales/en-NZ.yml", "/home/nameless_ghoul/.rbenv/versions/3.0.0/lib/ruby/gems/3.0.0/gems/faker-2.20.0/lib/locales/en-PAK.yml", "/home/nameless_ghoul/.rbenv/versions/3.0.0/lib/ruby/gems/3.0.0/gems/faker-2.20.0/lib/locales/en-SG.yml", "/home/nameless_ghoul/.rbenv/versions/3.0.0/lib/ruby/gems/3.0.0/gems/faker-2.20.0/lib/locales/en-TH.yml", "/home/nameless_ghoul/.rbenv/versions/3.0.0/lib/ruby/gems/3.0.0/gems/faker-2.20.0/lib/locales/en-UG.yml", "/home/nameless_ghoul/.rbenv/versions/3.0.0/lib/ruby/gems/3.0.0/gems/faker-2.20.0/lib/locales/en-US.yml", "/home/nameless_ghoul/.rbenv/versions/3.0.0/lib/ruby/gems/3.0.0/gems/faker-2.20.0/lib/locales/en-ZA.yml", "/home/nameless_ghoul/.rbenv/versions/3.0.0/lib/ruby/gems/3.0.0/gems/faker-2.20.0/lib/locales/en-au-ocker.yml", "/home/nameless_ghoul/.rbenv/versions/3.0.0/lib/ruby/gems/3.0.0/gems/faker-2.20.0/lib/locales/en.yml", "/home/nameless_ghoul/.rbenv/versions/3.0.0/lib/ruby/gems/3.0.0/gems/faker-2.20.0/lib/locales/es-AR.yml", "/home/nameless_ghoul/.rbenv/versions/3.0.0/lib/ruby/gems/3.0.0/gems/faker-2.20.0/lib/locales/es-MX.yml", "/home/nameless_ghoul/.rbenv/versions/3.0.0/lib/ruby/gems/3.0.0/gems/faker-2.20.0/lib/locales/es.yml", "/home/nameless_ghoul/.rbenv/versions/3.0.0/lib/ruby/gems/3.0.0/gems/faker-2.20.0/lib/locales/fa.yml", "/home/nameless_ghoul/.rbenv/versions/3.0.0/lib/ruby/gems/3.0.0/gems/faker-2.20.0/lib/locales/fi-FI.yml", "/home/nameless_ghoul/.rbenv/versions/3.0.0/lib/ruby/gems/3.0.0/gems/faker-2.20.0/lib/locales/fr/address.yml", "/home/nameless_ghoul/.rbenv/versions/3.0.0/lib/ruby/gems/3.0.0/gems/faker-2.20.0/lib/locales/fr/animal.yml", "/home/nameless_ghoul/.rbenv/versions/3.0.0/lib/ruby/gems/3.0.0/gems/faker-2.20.0/lib/locales/fr/appliance.yml", "/home/nameless_ghoul/.rbenv/versions/3.0.0/lib/ruby/gems/3.0.0/gems/faker-2.20.0/lib/locales/fr/book.yml", "/home/nameless_ghoul/.rbenv/versions/3.0.0/lib/ruby/gems/3.0.0/gems/faker-2.20.0/lib/locales/fr/color.yml", "/home/nameless_ghoul/.rbenv/versions/3.0.0/lib/ruby/gems/3.0.0/gems/faker-2.20.0/lib/locales/fr/company.yml", "/home/nameless_ghoul/.rbenv/versions/3.0.0/lib/ruby/gems/3.0.0/gems/faker-2.20.0/lib/locales/fr/compass.yml", "/home/nameless_ghoul/.rbenv/versions/3.0.0/lib/ruby/gems/3.0.0/gems/faker-2.20.0/lib/locales/fr/demographic.yml", "/home/nameless_ghoul/.rbenv/versions/3.0.0/lib/ruby/gems/3.0.0/gems/faker-2.20.0/lib/locales/fr/gender.yml", "/home/nameless_ghoul/.rbenv/versions/3.0.0/lib/ruby/gems/3.0.0/gems/faker-2.20.0/lib/locales/fr/internet.yml", "/home/nameless_ghoul/.rbenv/versions/3.0.0/lib/ruby/gems/3.0.0/gems/faker-2.20.0/lib/locales/fr/lorem.yml", "/home/nameless_ghoul/.rbenv/versions/3.0.0/lib/ruby/gems/3.0.0/gems/faker-2.20.0/lib/locales/fr/measurement.yml", "/home/nameless_ghoul/.rbenv/versions/3.0.0/lib/ruby/gems/3.0.0/gems/faker-2.20.0/lib/locales/fr/name.yml", "/home/nameless_ghoul/.rbenv/versions/3.0.0/lib/ruby/gems/3.0.0/gems/faker-2.20.0/lib/locales/fr/phone_number.yml", "/home/nameless_ghoul/.rbenv/versions/3.0.0/lib/ruby/gems/3.0.0/gems/faker-2.20.0/lib/locales/fr/pokemon.yml", "/home/nameless_ghoul/.rbenv/versions/3.0.0/lib/ruby/gems/3.0.0/gems/faker-2.20.0/lib/locales/fr-CA.yml", "/home/nameless_ghoul/.rbenv/versions/3.0.0/lib/ruby/gems/3.0.0/gems/faker-2.20.0/lib/locales/fr-CH.yml", "/home/nameless_ghoul/.rbenv/versions/3.0.0/lib/ruby/gems/3.0.0/gems/faker-2.20.0/lib/locales/fr.yml", "/home/nameless_ghoul/.rbenv/versions/3.0.0/lib/ruby/gems/3.0.0/gems/faker-2.20.0/lib/locales/he.yml", "/home/nameless_ghoul/.rbenv/versions/3.0.0/lib/ruby/gems/3.0.0/gems/faker-2.20.0/lib/locales/hy.yml", "/home/nameless_ghoul/.rbenv/versions/3.0.0/lib/ruby/gems/3.0.0/gems/faker-2.20.0/lib/locales/id.yml", "/home/nameless_ghoul/.rbenv/versions/3.0.0/lib/ruby/gems/3.0.0/gems/faker-2.20.0/lib/locales/it.yml", "/home/nameless_ghoul/.rbenv/versions/3.0.0/lib/ruby/gems/3.0.0/gems/faker-2.20.0/lib/locales/ja/address.yml", "/home/nameless_ghoul/.rbenv/versions/3.0.0/lib/ruby/gems/3.0.0/gems/faker-2.20.0/lib/locales/ja/ancient.yml", "/home/nameless_ghoul/.rbenv/versions/3.0.0/lib/ruby/gems/3.0.0/gems/faker-2.20.0/lib/locales/ja/animal.yml", "/home/nameless_ghoul/.rbenv/versions/3.0.0/lib/ruby/gems/3.0.0/gems/faker-2.20.0/lib/locales/ja/bank.yml", "/home/nameless_ghoul/.rbenv/versions/3.0.0/lib/ruby/gems/3.0.0/gems/faker-2.20.0/lib/locales/ja/book.yml", "/home/nameless_ghoul/.rbenv/versions/3.0.0/lib/ruby/gems/3.0.0/gems/faker-2.20.0/lib/locales/ja/cat.yml", "/home/nameless_ghoul/.rbenv/versions/3.0.0/lib/ruby/gems/3.0.0/gems/faker-2.20.0/lib/locales/ja/coffee.yml", "/home/nameless_ghoul/.rbenv/versions/3.0.0/lib/ruby/gems/3.0.0/gems/faker-2.20.0/lib/locales/ja/color.yml", "/home/nameless_ghoul/.rbenv/versions/3.0.0/lib/ruby/gems/3.0.0/gems/faker-2.20.0/lib/locales/ja/commerce.yml", "/home/nameless_ghoul/.rbenv/versions/3.0.0/lib/ruby/gems/3.0.0/gems/faker-2.20.0/lib/locales/ja/company.yml", "/home/nameless_ghoul/.rbenv/versions/3.0.0/lib/ruby/gems/3.0.0/gems/faker-2.20.0/lib/locales/ja/dog.yml", "/home/nameless_ghoul/.rbenv/versions/3.0.0/lib/ruby/gems/3.0.0/gems/faker-2.20.0/lib/locales/ja/food.yml", "/home/nameless_ghoul/.rbenv/versions/3.0.0/lib/ruby/gems/3.0.0/gems/faker-2.20.0/lib/locales/ja/gender.yml", "/home/nameless_ghoul/.rbenv/versions/3.0.0/lib/ruby/gems/3.0.0/gems/faker-2.20.0/lib/locales/ja/lorem.yml", "/home/nameless_ghoul/.rbenv/versions/3.0.0/lib/ruby/gems/3.0.0/gems/faker-2.20.0/lib/locales/ja/name.yml", "/home/nameless_ghoul/.rbenv/versions/3.0.0/lib/ruby/gems/3.0.0/gems/faker-2.20.0/lib/locales/ja/overwatch.yml", "/home/nameless_ghoul/.rbenv/versions/3.0.0/lib/ruby/gems/3.0.0/gems/faker-2.20.0/lib/locales/ja/phone_number.yml", "/home/nameless_ghoul/.rbenv/versions/3.0.0/lib/ruby/gems/3.0.0/gems/faker-2.20.0/lib/locales/ja/pokemon.yml", "/home/nameless_ghoul/.rbenv/versions/3.0.0/lib/ruby/gems/3.0.0/gems/faker-2.20.0/lib/locales/ja/restaurant.yml", "/home/nameless_ghoul/.rbenv/versions/3.0.0/lib/ruby/gems/3.0.0/gems/faker-2.20.0/lib/locales/ja/space.yml", "/home/nameless_ghoul/.rbenv/versions/3.0.0/lib/ruby/gems/3.0.0/gems/faker-2.20.0/lib/locales/ja/studio_ghibli.yml", "/home/nameless_ghoul/.rbenv/versions/3.0.0/lib/ruby/gems/3.0.0/gems/faker-2.20.0/lib/locales/ja/subscription.yml", "/home/nameless_ghoul/.rbenv/versions/3.0.0/lib/ruby/gems/3.0.0/gems/faker-2.20.0/lib/locales/ja/super_mario.yml", "/home/nameless_ghoul/.rbenv/versions/3.0.0/lib/ruby/gems/3.0.0/gems/faker-2.20.0/lib/locales/ja/super_smash_bros.yml", "/home/nameless_ghoul/.rbenv/versions/3.0.0/lib/ruby/gems/3.0.0/gems/faker-2.20.0/lib/locales/ja/university.yml", "/home/nameless_ghoul/.rbenv/versions/3.0.0/lib/ruby/gems/3.0.0/gems/faker-2.20.0/lib/locales/ja/zelda.yml", "/home/nameless_ghoul/.rbenv/versions/3.0.0/lib/ruby/gems/3.0.0/gems/faker-2.20.0/lib/locales/ko.yml", "/home/nameless_ghoul/.rbenv/versions/3.0.0/lib/ruby/gems/3.0.0/gems/faker-2.20.0/lib/locales/lt.yml", "/home/nameless_ghoul/.rbenv/versions/3.0.0/lib/ruby/gems/3.0.0/gems/faker-2.20.0/lib/locales/lv.yml", "/home/nameless_ghoul/.rbenv/versions/3.0.0/lib/ruby/gems/3.0.0/gems/faker-2.20.0/lib/locales/mi-NZ.yml", "/home/nameless_ghoul/.rbenv/versions/3.0.0/lib/ruby/gems/3.0.0/gems/faker-2.20.0/lib/locales/nb-NO.yml", "/home/nameless_ghoul/.rbenv/versions/3.0.0/lib/ruby/gems/3.0.0/gems/faker-2.20.0/lib/locales/nl.yml", "/home/nameless_ghoul/.rbenv/versions/3.0.0/lib/ruby/gems/3.0.0/gems/faker-2.20.0/lib/locales/no.yml", "/home/nameless_ghoul/.rbenv/versions/3.0.0/lib/ruby/gems/3.0.0/gems/faker-2.20.0/lib/locales/pl.yml", "/home/nameless_ghoul/.rbenv/versions/3.0.0/lib/ruby/gems/3.0.0/gems/faker-2.20.0/lib/locales/pt-BR.yml", "/home/nameless_ghoul/.rbenv/versions/3.0.0/lib/ruby/gems/3.0.0/gems/faker-2.20.0/lib/locales/pt.yml", "/home/nameless_ghoul/.rbenv/versions/3.0.0/lib/ruby/gems/3.0.0/gems/faker-2.20.0/lib/locales/ru.yml", "/home/nameless_ghoul/.rbenv/versions/3.0.0/lib/ruby/gems/3.0.0/gems/faker-2.20.0/lib/locales/sk.yml", "/home/nameless_ghoul/.rbenv/versions/3.0.0/lib/ruby/gems/3.0.0/gems/faker-2.20.0/lib/locales/sv.yml", "/home/nameless_ghoul/.rbenv/versions/3.0.0/lib/ruby/gems/3.0.0/gems/faker-2.20.0/lib/locales/th.yml", "/home/nameless_ghoul/.rbenv/versions/3.0.0/lib/ruby/gems/3.0.0/gems/faker-2.20.0/lib/locales/tr.yml", "/home/nameless_ghoul/.rbenv/versions/3.0.0/lib/ruby/gems/3.0.0/gems/faker-2.20.0/lib/locales/uk.yml", "/home/nameless_ghoul/.rbenv/versions/3.0.0/lib/ruby/gems/3.0.0/gems/faker-2.20.0/lib/locales/vi.yml", "/home/nameless_ghoul/.rbenv/versions/3.0.0/lib/ruby/gems/3.0.0/gems/faker-2.20.0/lib/locales/zh-CN.yml", "/home/nameless_ghoul/.rbenv/versions/3.0.0/lib/ruby/gems/3.0.0/gems/faker-2.20.0/lib/locales/zh-TW.yml", "/home/nameless_ghoul/.rbenv/versions/3.0.0/lib/ruby/gems/3.0.0/gems/will_paginate-3.3.1/lib/will_paginate/locale/en.yml", "/home/nameless_ghoul/.rbenv/versions/3.0.0/lib/ruby/gems/3.0.0/gems/active_storage_validations-0.9.7/config/locales/de.yml", "/home/nameless_ghoul/.rbenv/versions/3.0.0/lib/ruby/gems/3.0.0/gems/active_storage_validations-0.9.7/config/locales/en.yml", "/home/nameless_ghoul/.rbenv/versions/3.0.0/lib/ruby/gems/3.0.0/gems/active_storage_validations-0.9.7/config/locales/es.yml", "/home/nameless_ghoul/.rbenv/versions/3.0.0/lib/ruby/gems/3.0.0/gems/active_storage_validations-0.9.7/config/locales/fr.yml", "/home/nameless_ghoul/.rbenv/versions/3.0.0/lib/ruby/gems/3.0.0/gems/active_storage_validations-0.9.7/config/locales/it.yml", "/home/nameless_ghoul/.rbenv/versions/3.0.0/lib/ruby/gems/3.0.0/gems/active_storage_validations-0.9.7/config/locales/ja.yml", "/home/nameless_ghoul/.rbenv/versions/3.0.0/lib/ruby/gems/3.0.0/gems/active_storage_validations-0.9.7/config/locales/nl.yml", "/home/nameless_ghoul/.rbenv/versions/3.0.0/lib/ruby/gems/3.0.0/gems/active_storage_validations-0.9.7/config/locales/pl.yml", "/home/nameless_ghoul/.rbenv/versions/3.0.0/lib/ruby/gems/3.0.0/gems/active_storage_validations-0.9.7/config/locales/pt-BR.yml", "/home/nameless_ghoul/.rbenv/versions/3.0.0/lib/ruby/gems/3.0.0/gems/active_storage_validations-0.9.7/config/locales/ru.yml", "/home/nameless_ghoul/.rbenv/versions/3.0.0/lib/ruby/gems/3.0.0/gems/active_storage_validations-0.9.7/config/locales/tr.yml", "/home/nameless_ghoul/.rbenv/versions/3.0.0/lib/ruby/gems/3.0.0/gems/active_storage_validations-0.9.7/config/locales/uk.yml", "/home/nameless_ghoul/.rbenv/versions/3.0.0/lib/ruby/gems/3.0.0/gems/active_storage_validations-0.9.7/config/locales/vi.yml", "/home/nameless_ghoul/Documents/Work/LoudCloudPH/Learning/Learn Enough Projects/sample_app/config/locales/en.yml"], @glob="{/home/nameless_ghoul/.rbenv/versions/3.0.0/lib/ruby/gems/3.0.0/gems/actionview-6.1.5/config/locales/**/*.{rb,yml},/home/nameless_ghoul/.rbenv/versions/3.0.0/lib/ruby/gems/3.0.0/gems/activestorage-6.1.5/config/locales/**/*.{rb,yml},/home/nameless_ghoul/.rbenv/versions/3.0.0/lib/ruby/gems/3.0.0/gems/actioncable-6.1.5/config/locales/**/*.{rb,yml},/home/nameless_ghoul/.rbenv/versions/3.0.0/lib/ruby/gems/3.0.0/gems/actionmailbox-6.1.5/config/locales/**/*.{rb,yml},/home/nameless_ghoul/.rbenv/versions/3.0.0/lib/ruby/gems/3.0.0/gems/actiontext-6.1.5/config/locales/**/*.{rb,yml},/home/nameless_ghoul/.rbenv/versions/3.0.0/lib/ruby/gems/3.0.0/gems/webpacker-5.4.3/config/locales/**/*.{rb,yml},/home/nameless_ghoul/.rbenv/versions/3.0.0/lib/ruby/gems/3.0.0/gems/turbolinks-5.2.1/config/locales/**/*.{rb,yml},/home/nameless_ghoul/.rbenv/versions/3.0.0/lib/ruby/gems/3.0.0/gems/active_storage_validations-0.9.7/config/locales/**/*.{rb,yml},/home/nameless_ghoul/.rbenv/versions/3.0.0/lib/ruby/gems/3.0.0/gems/bootstrap-will_paginate-1.0.0/config/locales/**/*.{rb,yml},/home/nameless_ghoul/.rbenv/versions/3.0.0/lib/ruby/gems/3.0.0/gems/bootstrap-sass-3.4.1/config/locales/**/*.{rb,yml},/home/nameless_ghoul/Documents/Work/LoudCloudPH/Learning/Learn Enough Projects/sample_app/config/locales/**/*.{rb,yml}}", @block=#&lt;Proc:0x0000558f2c32b430 /home/nameless_ghoul/.rbenv/versions/3.0.0/lib/ruby/gems/3.0.0/gems/activesupport-6.1.5/lib/active_support/i18n_railtie.rb:64&gt;, @watched=nil, @updated_at=nil, @last_watched=["/home/nameless_ghoul/.rbenv/versions/3.0.0/lib/ruby/gems/3.0.0/gems/activesupport-6.1.5/lib/active_support/locale/en.yml", "/home/nameless_ghoul/.rbenv/versions/3.0.0/lib/ruby/gems/3.0.0/gems/activesupport-6.1.5/lib/active_support/locale/en.rb", "/home/nameless_ghoul/.rbenv/versions/3.0.0/lib/ruby/gems/3.0.0/gems/activemodel-6.1.5/lib/active_model/locale/en.yml", "/home/nameless_ghoul/.rbenv/versions/3.0.0/lib/ruby/gems/3.0.0/gems/activerecord-6.1.5/lib/active_record/locale/en.yml", "/home/nameless_ghoul/.rbenv/versions/3.0.0/lib/ruby/gems/3.0.0/gems/actionview-6.1.5/lib/action_view/locale/en.yml", "/home/nameless_ghoul/.rbenv/versions/3.0.0/lib/ruby/gems/3.0.0/gems/faker-2.20.0/lib/locales/ar.yml", "/home/nameless_ghoul/.rbenv/versions/3.0.0/lib/ruby/gems/3.0.0/gems/faker-2.20.0/lib/locales/bg.yml", "/home/nameless_ghoul/.rbenv/versions/3.0.0/lib/ruby/gems/3.0.0/gems/faker-2.20.0/lib/locales/ca-CAT.yml", "/home/nameless_ghoul/.rbenv/versions/3.0.0/lib/ruby/gems/3.0.0/gems/faker-2.20.0/lib/locales/ca.yml", "/home/nameless_ghoul/.rbenv/versions/3.0.0/lib/ruby/gems/3.0.0/gems/faker-2.20.0/lib/locales/da-DK.yml", "/home/nameless_ghoul/.rbenv/versions/3.0.0/lib/ruby/gems/3.0.0/gems/faker-2.20.0/lib/locales/de-AT.yml", "/home/nameless_ghoul/.rbenv/versions/3.0.0/lib/ruby/gems/3.0.0/gems/faker-2.20.0/lib/locales/de-CH.yml", "/home/nameless_ghoul/.rbenv/versions/3.0.0/lib/ruby/gems/3.0.0/gems/faker-2.20.0/lib/locales/de.yml", "/home/nameless_ghoul/.rbenv/versions/3.0.0/lib/ruby/gems/3.0.0/gems/faker-2.20.0/lib/locales/ee.yml", "/home/nameless_ghoul/.rbenv/versions/3.0.0/lib/ruby/gems/3.0.0/gems/faker-2.20.0/lib/locales/en/address.yml", "/home/nameless_ghoul/.rbenv/versions/3.0.0/lib/ruby/gems/3.0.0/gems/faker-2.20.0/lib/locales/en/adjective.yml", "/home/nameless_ghoul/.rbenv/versions/3.0.0/lib/ruby/gems/3.0.0/gems/faker-2.20.0/lib/locales/en/ancient.yml", "/home/nameless_ghoul/.rbenv/versions/3.0.0/lib/ruby/gems/3.0.0/gems/faker-2.20.0/lib/locales/en/animal.yml", "/home/nameless_ghoul/.rbenv/versions/3.0.0/lib/ruby/gems/3.0.0/gems/faker-2.20.0/lib/locales/en/app.yml", "/home/nameless_ghoul/.rbenv/versions/3.0.0/lib/ruby/gems/3.0.0/gems/faker-2.20.0/lib/locales/en/appliance.yml", "/home/nameless_ghoul/.rbenv/versions/3.0.0/lib/ruby/gems/3.0.0/gems/faker-2.20.0/lib/locales/en/aqua_teen_hunger_force.yml", "/home/nameless_ghoul/.rbenv/versions/3.0.0/lib/ruby/gems/3.0.0/gems/faker-2.20.0/lib/locales/en/artist.yml", "/home/nameless_ghoul/.rbenv/versions/3.0.0/lib/ruby/gems/3.0.0/gems/faker-2.20.0/lib/locales/en/australia.yml", "/home/nameless_ghoul/.rbenv/versions/3.0.0/lib/ruby/gems/3.0.0/gems/faker-2.20.0/lib/locales/en/back_to_the_future.yml", "/home/nameless_ghoul/.rbenv/versions/3.0.0/lib/ruby/gems/3.0.0/gems/faker-2.20.0/lib/locales/en/bank.yml", "/home/nameless_ghoul/.rbenv/versions/3.0.0/lib/ruby/gems/3.0.0/gems/faker-2.20.0/lib/locales/en/barcode.yml", "/home/nameless_ghoul/.rbenv/versions/3.0.0/lib/ruby/gems/3.0.0/gems/faker-2.20.0/lib/locales/en/basketball.yml", "/home/nameless_ghoul/.rbenv/versions/3.0.0/lib/ruby/gems/3.0.0/gems/faker-2.20.0/lib/locales/en/beer.yml", "/home/nameless_ghoul/.rbenv/versions/3.0.0/lib/ruby/gems/3.0.0/gems/faker-2.20.0/lib/locales/en/bible.yml", "/home/nameless_ghoul/.rbenv/versions/3.0.0/lib/ruby/gems/3.0.0/gems/faker-2.20.0/lib/locales/en/big_bang_theory.yml", "/home/nameless_ghoul/.rbenv/versions/3.0.0/lib/ruby/gems/3.0.0/gems/faker-2.20.0/lib/locales/en/bird.yml", "/home/nameless_ghoul/.rbenv/versions/3.0.0/lib/ruby/gems/3.0.0/gems/faker-2.20.0/lib/locales/en/blood.yml", "/home/nameless_ghoul/.rbenv/versions/3.0.0/lib/ruby/gems/3.0.0/gems/faker-2.20.0/lib/locales/en/bojack_horseman.yml", "/home/nameless_ghoul/.rbenv/versions/3.0.0/lib/ruby/gems/3.0.0/gems/faker-2.20.0/lib/locales/en/book.yml", "/home/nameless_ghoul/.rbenv/versions/3.0.0/lib/ruby/gems/3.0.0/gems/faker-2.20.0/lib/locales/en/bossa_nova.yml", "/home/nameless_ghoul/.rbenv/versions/3.0.0/lib/ruby/gems/3.0.0/gems/faker-2.20.0/lib/locales/en/breaking_bad.yml", "/home/nameless_ghoul/.rbenv/versions/3.0.0/lib/ruby/gems/3.0.0/gems/faker-2.20.0/lib/locales/en/brooklyn_nine_nine.yml", "/home/nameless_ghoul/.rbenv/versions/3.0.0/lib/ruby/gems/3.0.0/gems/faker-2.20.0/lib/locales/en/buffy.yml", "/home/nameless_ghoul/.rbenv/versions/3.0.0/lib/ruby/gems/3.0.0/gems/faker-2.20.0/lib/locales/en/business.yml", "/home/nameless_ghoul/.rbenv/versions/3.0.0/lib/ruby/gems/3.0.0/gems/faker-2.20.0/lib/locales/en/camera.yml", "/home/nameless_ghoul/.rbenv/versions/3.0.0/lib/ruby/gems/3.0.0/gems/faker-2.20.0/lib/locales/en/cannabis.yml", "/home/nameless_ghoul/.rbenv/versions/3.0.0/lib/ruby/gems/3.0.0/gems/faker-2.20.0/lib/locales/en/cat.yml", "/home/nameless_ghoul/.rbenv/versions/3.0.0/lib/ruby/gems/3.0.0/gems/faker-2.20.0/lib/locales/en/chiquito.yml", "/home/nameless_ghoul/.rbenv/versions/3.0.0/lib/ruby/gems/3.0.0/gems/faker-2.20.0/lib/locales/en/chuck_norris.yml", "/home/nameless_ghoul/.rbenv/versions/3.0.0/lib/ruby/gems/3.0.0/gems/faker-2.20.0/lib/locales/en/clash_of_clan.yml", "/home/nameless_ghoul/.rbenv/versions/3.0.0/lib/ruby/gems/3.0.0/gems/faker-2.20.0/lib/locales/en/code.yml", "/home/nameless_ghoul/.rbenv/versions/3.0.0/lib/ruby/gems/3.0.0/gems/faker-2.20.0/lib/locales/en/coffee.yml", "/home/nameless_ghoul/.rbenv/versions/3.0.0/lib/ruby/gems/3.0.0/gems/faker-2.20.0/lib/locales/en/coin.yml", "/home/nameless_ghoul/.rbenv/versions/3.0.0/lib/ruby/gems/3.0.0/gems/faker-2.20.0/lib/locales/en/color.yml", "/home/nameless_ghoul/.rbenv/versions/3.0.0/lib/ruby/gems/3.0.0/gems/faker-2.20.0/lib/locales/en/commerce.yml", "/home/nameless_ghoul/.rbenv/versions/3.0.0/lib/ruby/gems/3.0.0/gems/faker-2.20.0/lib/locales/en/community.yml", "/home/nameless_ghoul/.rbenv/versions/3.0.0/lib/ruby/gems/3.0.0/gems/faker-2.20.0/lib/locales/en/company.yml", "/home/nameless_ghoul/.rbenv/versions/3.0.0/lib/ruby/gems/3.0.0/gems/faker-2.20.0/lib/locales/en/compass.yml", "/home/nameless_ghoul/.rbenv/versions/3.0.0/lib/ruby/gems/3.0.0/gems/faker-2.20.0/lib/locales/en/computer.yml", "/home/nameless_ghoul/.rbenv/versions/3.0.0/lib/ruby/gems/3.0.0/gems/faker-2.20.0/lib/locales/en/conan.yml", "/home/nameless_ghoul/.rbenv/versions/3.0.0/lib/ruby/gems/3.0.0/gems/faker-2.20.0/lib/locales/en/construction.yml", "/home/nameless_ghoul/.rbenv/versions/3.0.0/lib/ruby/gems/3.0.0/gems/faker-2.20.0/lib/locales/en/control.yml", "/home/nameless_ghoul/.rbenv/versions/3.0.0/lib/ruby/gems/3.0.0/gems/faker-2.20.0/lib/locales/en/cosmere.yml", "/home/nameless_ghoul/.rbenv/versions/3.0.0/lib/ruby/gems/3.0.0/gems/faker-2.20.0/lib/locales/en/crypto_coin.yml", "/home/nameless_ghoul/.rbenv/versions/3.0.0/lib/ruby/gems/3.0.0/gems/faker-2.20.0/lib/locales/en/culture_series.yml", "/home/nameless_ghoul/.rbenv/versions/3.0.0/lib/ruby/gems/3.0.0/gems/faker-2.20.0/lib/locales/en/currency.yml", "/home/nameless_ghoul/.rbenv/versions/3.0.0/lib/ruby/gems/3.0.0/gems/faker-2.20.0/lib/locales/en/dc_comics.yml", "/home/nameless_ghoul/.rbenv/versions/3.0.0/lib/ruby/gems/3.0.0/gems/faker-2.20.0/lib/locales/en/demographic.yml", "/home/nameless_ghoul/.rbenv/versions/3.0.0/lib/ruby/gems/3.0.0/gems/faker-2.20.0/lib/locales/en/departed.yml", "/home/nameless_ghoul/.rbenv/versions/3.0.0/lib/ruby/gems/3.0.0/gems/faker-2.20.0/lib/locales/en/dessert.yml", "/home/nameless_ghoul/.rbenv/versions/3.0.0/lib/ruby/gems/3.0.0/gems/faker-2.20.0/lib/locales/en/device.yml", "/home/nameless_ghoul/.rbenv/versions/3.0.0/lib/ruby/gems/3.0.0/gems/faker-2.20.0/lib/locales/en/dnd.yml", "/home/nameless_ghoul/.rbenv/versions/3.0.0/lib/ruby/gems/3.0.0/gems/faker-2.20.0/lib/locales/en/dog.yml", "/home/nameless_ghoul/.rbenv/versions/3.0.0/lib/ruby/gems/3.0.0/gems/faker-2.20.0/lib/locales/en/doraemon.yml", "/home/nameless_ghoul/.rbenv/versions/3.0.0/lib/ruby/gems/3.0.0/gems/faker-2.20.0/lib/locales/en/dota.yml", "/home/nameless_ghoul/.rbenv/versions/3.0.0/lib/ruby/gems/3.0.0/gems/faker-2.20.0/lib/locales/en/dr_who.yml", "/home/nameless_ghoul/.rbenv/versions/3.0.0/lib/ruby/gems/3.0.0/gems/faker-2.20.0/lib/locales/en/dragon_ball.yml", "/home/nameless_ghoul/.rbenv/versions/3.0.0/lib/ruby/gems/3.0.0/gems/faker-2.20.0/lib/locales/en/driving_license.yml", "/home/nameless_ghoul/.rbenv/versions/3.0.0/lib/ruby/gems/3.0.0/gems/faker-2.20.0/lib/locales/en/drone.yml", "/home/nameless_ghoul/.rbenv/versions/3.0.0/lib/ruby/gems/3.0.0/gems/faker-2.20.0/lib/locales/en/dumb_and_dumber.yml", "/home/nameless_ghoul/.rbenv/versions/3.0.0/lib/ruby/gems/3.0.0/gems/faker-2.20.0/lib/locales/en/dune.yml", "/home/nameless_ghoul/.rbenv/versions/3.0.0/lib/ruby/gems/3.0.0/gems/faker-2.20.0/lib/locales/en/educator.yml", "/home/nameless_ghoul/.rbenv/versions/3.0.0/lib/ruby/gems/3.0.0/gems/faker-2.20.0/lib/locales/en/elder_scrolls.yml", "/home/nameless_ghoul/.rbenv/versions/3.0.0/lib/ruby/gems/3.0.0/gems/faker-2.20.0/lib/locales/en/electrical_components.yml", "/home/nameless_ghoul/.rbenv/versions/3.0.0/lib/ruby/gems/3.0.0/gems/faker-2.20.0/lib/locales/en/emotion.yml", "/home/nameless_ghoul/.rbenv/versions/3.0.0/lib/ruby/gems/3.0.0/gems/faker-2.20.0/lib/locales/en/esport.yml", "/home/nameless_ghoul/.rbenv/versions/3.0.0/lib/ruby/gems/3.0.0/gems/faker-2.20.0/lib/locales/en/fallout.yml", "/home/nameless_ghoul/.rbenv/versions/3.0.0/lib/ruby/gems/3.0.0/gems/faker-2.20.0/lib/locales/en/family_guy.yml", "/home/nameless_ghoul/.rbenv/versions/3.0.0/lib/ruby/gems/3.0.0/gems/faker-2.20.0/lib/locales/en/file.yml", "/home/nameless_ghoul/.rbenv/versions/3.0.0/lib/ruby/gems/3.0.0/gems/faker-2.20.0/lib/locales/en/final_space.yml", "/home/nameless_ghoul/.rbenv/versions/3.0.0/lib/ruby/gems/3.0.0/gems/faker-2.20.0/lib/locales/en/finance.yml", "/home/nameless_ghoul/.rbenv/versions/3.0.0/lib/ruby/gems/3.0.0/gems/faker-2.20.0/lib/locales/en/fma_brotherhood.yml", "/home/nameless_ghoul/.rbenv/versions/3.0.0/lib/ruby/gems/3.0.0/gems/faker-2.20.0/lib/locales/en/food.yml", "/home/nameless_ghoul/.rbenv/versions/3.0.0/lib/ruby/gems/3.0.0/gems/faker-2.20.0/lib/locales/en/football.yml", "/home/nameless_ghoul/.rbenv/versions/3.0.0/lib/ruby/gems/3.0.0/gems/faker-2.20.0/lib/locales/en/fresh_prince_of_bel_air.yml", "/home/nameless_ghoul/.rbenv/versions/3.0.0/lib/ruby/gems/3.0.0/gems/faker-2.20.0/lib/locales/en/friends.yml", "/home/nameless_ghoul/.rbenv/versions/3.0.0/lib/ruby/gems/3.0.0/gems/faker-2.20.0/lib/locales/en/funny_name.yml", "/home/nameless_ghoul/.rbenv/versions/3.0.0/lib/ruby/gems/3.0.0/gems/faker-2.20.0/lib/locales/en/futurama.yml", "/home/nameless_ghoul/.rbenv/versions/3.0.0/lib/ruby/gems/3.0.0/gems/faker-2.20.0/lib/locales/en/game.yml", "/home/nameless_ghoul/.rbenv/versions/3.0.0/lib/ruby/gems/3.0.0/gems/faker-2.20.0/lib/locales/en/game_of_thrones.yml", "/home/nameless_ghoul/.rbenv/versions/3.0.0/lib/ruby/gems/3.0.0/gems/faker-2.20.0/lib/locales/en/gender.yml", "/home/nameless_ghoul/.rbenv/versions/3.0.0/lib/ruby/gems/3.0.0/gems/faker-2.20.0/lib/locales/en/ghostbusters.yml", "/home/nameless_ghoul/.rbenv/versions/3.0.0/lib/ruby/gems/3.0.0/gems/faker-2.20.0/lib/locales/en/grateful_dead.yml", "/home/nameless_ghoul/.rbenv/versions/3.0.0/lib/ruby/gems/3.0.0/gems/faker-2.20.0/lib/locales/en/greek_philosophers.yml", "/home/nameless_ghoul/.rbenv/versions/3.0.0/lib/ruby/gems/3.0.0/gems/faker-2.20.0/lib/locales/en/hacker.yml", "/home/nameless_ghoul/.rbenv/versions/3.0.0/lib/ruby/gems/3.0.0/gems/faker-2.20.0/lib/locales/en/half_life.yml", "/home/nameless_ghoul/.rbenv/versions/3.0.0/lib/ruby/gems/3.0.0/gems/faker-2.20.0/lib/locales/en/harry_potter.yml", "/home/nameless_ghoul/.rbenv/versions/3.0.0/lib/ruby/gems/3.0.0/gems/faker-2.20.0/lib/locales/en/heroes.yml", "/home/nameless_ghoul/.rbenv/versions/3.0.0/lib/ruby/gems/3.0.0/gems/faker-2.20.0/lib/locales/en/heroes_of_the_storm.yml", "/home/nameless_ghoul/.rbenv/versions/3.0.0/lib/ruby/gems/3.0.0/gems/faker-2.20.0/lib/locales/en/hey_arnold.yml", "/home/nameless_ghoul/.rbenv/versions/3.0.0/lib/ruby/gems/3.0.0/gems/faker-2.20.0/lib/locales/en/hipster.yml", "/home/nameless_ghoul/.rbenv/versions/3.0.0/lib/ruby/gems/3.0.0/gems/faker-2.20.0/lib/locales/en/hitchhikers_guide_to_the_galaxy.yml", "/home/nameless_ghoul/.rbenv/versions/3.0.0/lib/ruby/gems/3.0.0/gems/faker-2.20.0/lib/locales/en/hobby.yml", "/home/nameless_ghoul/.rbenv/versions/3.0.0/lib/ruby/gems/3.0.0/gems/faker-2.20.0/lib/locales/en/horse.yml", "/home/nameless_ghoul/.rbenv/versions/3.0.0/lib/ruby/gems/3.0.0/gems/faker-2.20.0/lib/locales/en/house.yml", "/home/nameless_ghoul/.rbenv/versions/3.0.0/lib/ruby/gems/3.0.0/gems/faker-2.20.0/lib/locales/en/how_i_met_your_mother.yml", "/home/nameless_ghoul/.rbenv/versions/3.0.0/lib/ruby/gems/3.0.0/gems/faker-2.20.0/lib/locales/en/how_to_train_your_dragon.yml", "/home/nameless_ghoul/.rbenv/versions/3.0.0/lib/ruby/gems/3.0.0/gems/faker-2.20.0/lib/locales/en/id_number.yml", "/home/nameless_ghoul/.rbenv/versions/3.0.0/lib/ruby/gems/3.0.0/gems/faker-2.20.0/lib/locales/en/industry_segments.yml", "/home/nameless_ghoul/.rbenv/versions/3.0.0/lib/ruby/gems/3.0.0/gems/faker-2.20.0/lib/locales/en/internet.yml", "/home/nameless_ghoul/.rbenv/versions/3.0.0/lib/ruby/gems/3.0.0/gems/faker-2.20.0/lib/locales/en/invoice.yml", "/home/nameless_ghoul/.rbenv/versions/3.0.0/lib/ruby/gems/3.0.0/gems/faker-2.20.0/lib/locales/en/jack_handey.yml", "/home/nameless_ghoul/.rbenv/versions/3.0.0/lib/ruby/gems/3.0.0/gems/faker-2.20.0/lib/locales/en/job.yml", "/home/nameless_ghoul/.rbenv/versions/3.0.0/lib/ruby/gems/3.0.0/gems/faker-2.20.0/lib/locales/en/kamen_rider.yml", "/home/nameless_ghoul/.rbenv/versions/3.0.0/lib/ruby/gems/3.0.0/gems/faker-2.20.0/lib/locales/en/kpop.yml", "/home/nameless_ghoul/.rbenv/versions/3.0.0/lib/ruby/gems/3.0.0/gems/faker-2.20.0/lib/locales/en/league_of_legends.yml", "/home/nameless_ghoul/.rbenv/versions/3.0.0/lib/ruby/gems/3.0.0/gems/faker-2.20.0/lib/locales/en/lebowski.yml", "/home/nameless_ghoul/.rbenv/versions/3.0.0/lib/ruby/gems/3.0.0/gems/faker-2.20.0/lib/locales/en/lorem.yml", "/home/nameless_ghoul/.rbenv/versions/3.0.0/lib/ruby/gems/3.0.0/gems/faker-2.20.0/lib/locales/en/lovecraft.yml", "/home/nameless_ghoul/.rbenv/versions/3.0.0/lib/ruby/gems/3.0.0/gems/faker-2.20.0/lib/locales/en/markdown.yml", "/home/nameless_ghoul/.rbenv/versions/3.0.0/lib/ruby/gems/3.0.0/gems/faker-2.20.0/lib/locales/en/marketing.yml", "/home/nameless_ghoul/.rbenv/versions/3.0.0/lib/ruby/gems/3.0.0/gems/faker-2.20.0/lib/locales/en/measurement.yml", "/home/nameless_ghoul/.rbenv/versions/3.0.0/lib/ruby/gems/3.0.0/gems/faker-2.20.0/lib/locales/en/michael_scott.yml", "/home/nameless_ghoul/.rbenv/versions/3.0.0/lib/ruby/gems/3.0.0/gems/faker-2.20.0/lib/locales/en/military.yml", "/home/nameless_ghoul/.rbenv/versions/3.0.0/lib/ruby/gems/3.0.0/gems/faker-2.20.0/lib/locales/en/minecraft.yml", "/home/nameless_ghoul/.rbenv/versions/3.0.0/lib/ruby/gems/3.0.0/gems/faker-2.20.0/lib/locales/en/mountain.yml", "/home/nameless_ghoul/.rbenv/versions/3.0.0/lib/ruby/gems/3.0.0/gems/faker-2.20.0/lib/locales/en/movie.yml", "/home/nameless_ghoul/.rbenv/versions/3.0.0/lib/ruby/gems/3.0.0/gems/faker-2.20.0/lib/locales/en/music.yml", "/home/nameless_ghoul/.rbenv/versions/3.0.0/lib/ruby/gems/3.0.0/gems/faker-2.20.0/lib/locales/en/myst.yml", "/home/nameless_ghoul/.rbenv/versions/3.0.0/lib/ruby/gems/3.0.0/gems/faker-2.20.0/lib/locales/en/name.yml", "/home/nameless_ghoul/.rbenv/versions/3.0.0/lib/ruby/gems/3.0.0/gems/faker-2.20.0/lib/locales/en/naruto.yml", "/home/nameless_ghoul/.rbenv/versions/3.0.0/lib/ruby/gems/3.0.0/gems/faker-2.20.0/lib/locales/en/nation.yml", "/home/nameless_ghoul/.rbenv/versions/3.0.0/lib/ruby/gems/3.0.0/gems/faker-2.20.0/lib/locales/en/nato_phonetic_alphabet.yml", "/home/nameless_ghoul/.rbenv/versions/3.0.0/lib/ruby/gems/3.0.0/gems/faker-2.20.0/lib/locales/en/new_girl.yml", "/home/nameless_ghoul/.rbenv/versions/3.0.0/lib/ruby/gems/3.0.0/gems/faker-2.20.0/lib/locales/en/one_piece.yml", "/home/nameless_ghoul/.rbenv/versions/3.0.0/lib/ruby/gems/3.0.0/gems/faker-2.20.0/lib/locales/en/opera.yml", "/home/nameless_ghoul/.rbenv/versions/3.0.0/lib/ruby/gems/3.0.0/gems/faker-2.20.0/lib/locales/en/overwatch.yml", "/home/nameless_ghoul/.rbenv/versions/3.0.0/lib/ruby/gems/3.0.0/gems/faker-2.20.0/lib/locales/en/parks_and_rec.yml", "/home/nameless_ghoul/.rbenv/versions/3.0.0/lib/ruby/gems/3.0.0/gems/faker-2.20.0/lib/locales/en/pearl_jam.yml", "/home/nameless_ghoul/.rbenv/versions/3.0.0/lib/ruby/gems/3.0.0/gems/faker-2.20.0/lib/locales/en/phish.yml", "/home/nameless_ghoul/.rbenv/versions/3.0.0/lib/ruby/gems/3.0.0/gems/faker-2.20.0/lib/locales/en/phone_number.yml", "/home/nameless_ghoul/.rbenv/versions/3.0.0/lib/ruby/gems/3.0.0/gems/faker-2.20.0/lib/locales/en/pokemon.yml", "/home/nameless_ghoul/.rbenv/versions/3.0.0/lib/ruby/gems/3.0.0/gems/faker-2.20.0/lib/locales/en/prince.yml", "/home/nameless_ghoul/.rbenv/versions/3.0.0/lib/ruby/gems/3.0.0/gems/faker-2.20.0/lib/locales/en/princess_bride.yml", "/home/nameless_ghoul/.rbenv/versions/3.0.0/lib/ruby/gems/3.0.0/gems/faker-2.20.0/lib/locales/en/programming_language.yml", "/home/nameless_ghoul/.rbenv/versions/3.0.0/lib/ruby/gems/3.0.0/gems/faker-2.20.0/lib/locales/en/quote.yml", "/home/nameless_ghoul/.rbenv/versions/3.0.0/lib/ruby/gems/3.0.0/gems/faker-2.20.0/lib/locales/en/rajnikanth.yml", "/home/nameless_ghoul/.rbenv/versions/3.0.0/lib/ruby/gems/3.0.0/gems/faker-2.20.0/lib/locales/en/relationship.yml", "/home/nameless_ghoul/.rbenv/versions/3.0.0/lib/ruby/gems/3.0.0/gems/faker-2.20.0/lib/locales/en/restaurant.yml", "/home/nameless_ghoul/.rbenv/versions/3.0.0/lib/ruby/gems/3.0.0/gems/faker-2.20.0/lib/locales/en/rick_and_morty.yml", "/home/nameless_ghoul/.rbenv/versions/3.0.0/lib/ruby/gems/3.0.0/gems/faker-2.20.0/lib/locales/en/rock_band.yml", "/home/nameless_ghoul/.rbenv/versions/3.0.0/lib/ruby/gems/3.0.0/gems/faker-2.20.0/lib/locales/en/room.yml", "/home/nameless_ghoul/.rbenv/versions/3.0.0/lib/ruby/gems/3.0.0/gems/faker-2.20.0/lib/locales/en/rupaul.yml", "/home/nameless_ghoul/.rbenv/versions/3.0.0/lib/ruby/gems/3.0.0/gems/faker-2.20.0/lib/locales/en/rush.yml", "/home/nameless_ghoul/.rbenv/versions/3.0.0/lib/ruby/gems/3.0.0/gems/faker-2.20.0/lib/locales/en/science.yml", "/home/nameless_ghoul/.rbenv/versions/3.0.0/lib/ruby/gems/3.0.0/gems/faker-2.20.0/lib/locales/en/seinfeld.yml", "/home/nameless_ghoul/.rbenv/versions/3.0.0/lib/ruby/gems/3.0.0/gems/faker-2.20.0/lib/locales/en/shakespeare.yml", "/home/nameless_ghoul/.rbenv/versions/3.0.0/lib/ruby/gems/3.0.0/gems/faker-2.20.0/lib/locales/en/show.yml", "/home/nameless_ghoul/.rbenv/versions/3.0.0/lib/ruby/gems/3.0.0/gems/faker-2.20.0/lib/locales/en/silicon_valley.yml", "/home/nameless_ghoul/.rbenv/versions/3.0.0/lib/ruby/gems/3.0.0/gems/faker-2.20.0/lib/locales/en/simpsons.yml", "/home/nameless_ghoul/.rbenv/versions/3.0.0/lib/ruby/gems/3.0.0/gems/faker-2.20.0/lib/locales/en/slack_emoji.yml", "/home/nameless_ghoul/.rbenv/versions/3.0.0/lib/ruby/gems/3.0.0/gems/faker-2.20.0/lib/locales/en/sonic_the_hedgehog.yml", "/home/nameless_ghoul/.rbenv/versions/3.0.0/lib/ruby/gems/3.0.0/gems/faker-2.20.0/lib/locales/en/source.yml", "/home/nameless_ghoul/.rbenv/versions/3.0.0/lib/ruby/gems/3.0.0/gems/faker-2.20.0/lib/locales/en/south_park.yml", "/home/nameless_ghoul/.rbenv/versions/3.0.0/lib/ruby/gems/3.0.0/gems/faker-2.20.0/lib/locales/en/space.yml", "/home/nameless_ghoul/.rbenv/versions/3.0.0/lib/ruby/gems/3.0.0/gems/faker-2.20.0/lib/locales/en/star_trek.yml", "/home/nameless_ghoul/.rbenv/versions/3.0.0/lib/ruby/gems/3.0.0/gems/faker-2.20.0/lib/locales/en/star_wars.yml", "/home/nameless_ghoul/.rbenv/versions/3.0.0/lib/ruby/gems/3.0.0/gems/faker-2.20.0/lib/locales/en/stargate.yml", "/home/nameless_ghoul/.rbenv/versions/3.0.0/lib/ruby/gems/3.0.0/gems/faker-2.20.0/lib/locales/en/stranger_thing.yml", "/home/nameless_ghoul/.rbenv/versions/3.0.0/lib/ruby/gems/3.0.0/gems/faker-2.20.0/lib/locales/en/street_fighter.yml", "/home/nameless_ghoul/.rbenv/versions/3.0.0/lib/ruby/gems/3.0.0/gems/faker-2.20.0/lib/locales/en/stripe.yml", "/home/nameless_ghoul/.rbenv/versions/3.0.0/lib/ruby/gems/3.0.0/gems/faker-2.20.0/lib/locales/en/studio_ghibli.yml", "/home/nameless_ghoul/.rbenv/versions/3.0.0/lib/ruby/gems/3.0.0/gems/faker-2.20.0/lib/locales/en/subscription.yml", "/home/nameless_ghoul/.rbenv/versions/3.0.0/lib/ruby/gems/3.0.0/gems/faker-2.20.0/lib/locales/en/suits.yml", "/home/nameless_ghoul/.rbenv/versions/3.0.0/lib/ruby/gems/3.0.0/gems/faker-2.20.0/lib/locales/en/super_mario.yml", "/home/nameless_ghoul/.rbenv/versions/3.0.0/lib/ruby/gems/3.0.0/gems/faker-2.20.0/lib/locales/en/super_smash_bros.yml", "/home/nameless_ghoul/.rbenv/versions/3.0.0/lib/ruby/gems/3.0.0/gems/faker-2.20.0/lib/locales/en/superhero.yml", "/home/nameless_ghoul/.rbenv/versions/3.0.0/lib/ruby/gems/3.0.0/gems/faker-2.20.0/lib/locales/en/supernatural.yml", "/home/nameless_ghoul/.rbenv/versions/3.0.0/lib/ruby/gems/3.0.0/gems/faker-2.20.0/lib/locales/en/sword_art_online.yml", "/home/nameless_ghoul/.rbenv/versions/3.0.0/lib/ruby/gems/3.0.0/gems/faker-2.20.0/lib/locales/en/tea.yml", "/home/nameless_ghoul/.rbenv/versions/3.0.0/lib/ruby/gems/3.0.0/gems/faker-2.20.0/lib/locales/en/team.yml", "/home/nameless_ghoul/.rbenv/versions/3.0.0/lib/ruby/gems/3.0.0/gems/faker-2.20.0/lib/locales/en/the_expanse.yml", "/home/nameless_ghoul/.rbenv/versions/3.0.0/lib/ruby/gems/3.0.0/gems/faker-2.20.0/lib/locales/en/the_it_crowd.yml", "/home/nameless_ghoul/.rbenv/versions/3.0.0/lib/ruby/gems/3.0.0/gems/faker-2.20.0/lib/locales/en/the_kingkiller_chronicle.yml", "/home/nameless_ghoul/.rbenv/versions/3.0.0/lib/ruby/gems/3.0.0/gems/faker-2.20.0/lib/locales/en/the_office.yml", "/home/nameless_ghoul/.rbenv/versions/3.0.0/lib/ruby/gems/3.0.0/gems/faker-2.20.0/lib/locales/en/the_thick_of_it.yml", "/home/nameless_ghoul/.rbenv/versions/3.0.0/lib/ruby/gems/3.0.0/gems/faker-2.20.0/lib/locales/en/tolkien.yml", "/home/nameless_ghoul/.rbenv/versions/3.0.0/lib/ruby/gems/3.0.0/gems/faker-2.20.0/lib/locales/en/touhou.yml", "/home/nameless_ghoul/.rbenv/versions/3.0.0/lib/ruby/gems/3.0.0/gems/faker-2.20.0/lib/locales/en/twin_peaks.yml", "/home/nameless_ghoul/.rbenv/versions/3.0.0/lib/ruby/gems/3.0.0/gems/faker-2.20.0/lib/locales/en/umphreys_mcgee.yml", "/home/nameless_ghoul/.rbenv/versions/3.0.0/lib/ruby/gems/3.0.0/gems/faker-2.20.0/lib/locales/en/university.yml", "/home/nameless_ghoul/.rbenv/versions/3.0.0/lib/ruby/gems/3.0.0/gems/faker-2.20.0/lib/locales/en/v_for_vendetta.yml", "/home/nameless_ghoul/.rbenv/versions/3.0.0/lib/ruby/gems/3.0.0/gems/faker-2.20.0/lib/locales/en/vehicle.yml", "/home/nameless_ghoul/.rbenv/versions/3.0.0/lib/ruby/gems/3.0.0/gems/faker-2.20.0/lib/locales/en/venture_bros.yml", "/home/nameless_ghoul/.rbenv/versions/3.0.0/lib/ruby/gems/3.0.0/gems/faker-2.20.0/lib/locales/en/verbs.yml", "/home/nameless_ghoul/.rbenv/versions/3.0.0/lib/ruby/gems/3.0.0/gems/faker-2.20.0/lib/locales/en/volleyball.yml", "/home/nameless_ghoul/.rbenv/versions/3.0.0/lib/ruby/gems/3.0.0/gems/faker-2.20.0/lib/locales/en/warhammer_fantasy.yml", "/home/nameless_ghoul/.rbenv/versions/3.0.0/lib/ruby/gems/3.0.0/gems/faker-2.20.0/lib/locales/en/witcher.yml", "/home/nameless_ghoul/.rbenv/versions/3.0.0/lib/ruby/gems/3.0.0/gems/faker-2.20.0/lib/locales/en/world_cup.yml", "/home/nameless_ghoul/.rbenv/versions/3.0.0/lib/ruby/gems/3.0.0/gems/faker-2.20.0/lib/locales/en/world_of_warcraft.yml", "/home/nameless_ghoul/.rbenv/versions/3.0.0/lib/ruby/gems/3.0.0/gems/faker-2.20.0/lib/locales/en/yoda.yml", "/home/nameless_ghoul/.rbenv/versions/3.0.0/lib/ruby/gems/3.0.0/gems/faker-2.20.0/lib/locales/en/zelda.yml", "/home/nameless_ghoul/.rbenv/versions/3.0.0/lib/ruby/gems/3.0.0/gems/faker-2.20.0/lib/locales/en-AU.yml", "/home/nameless_ghoul/.rbenv/versions/3.0.0/lib/ruby/gems/3.0.0/gems/faker-2.20.0/lib/locales/en-BORK.yml", "/home/nameless_ghoul/.rbenv/versions/3.0.0/lib/ruby/gems/3.0.0/gems/faker-2.20.0/lib/locales/en-CA.yml", "/home/nameless_ghoul/.rbenv/versions/3.0.0/lib/ruby/gems/3.0.0/gems/faker-2.20.0/lib/locales/en-GB.yml", "/home/nameless_ghoul/.rbenv/versions/3.0.0/lib/ruby/gems/3.0.0/gems/faker-2.20.0/lib/locales/en-IND.yml", "/home/nameless_ghoul/.rbenv/versions/3.0.0/lib/ruby/gems/3.0.0/gems/faker-2.20.0/lib/locales/en-MS.yml", "/home/nameless_ghoul/.rbenv/versions/3.0.0/lib/ruby/gems/3.0.0/gems/faker-2.20.0/lib/locales/en-NEP.yml", "/home/nameless_ghoul/.rbenv/versions/3.0.0/lib/ruby/gems/3.0.0/gems/faker-2.20.0/lib/locales/en-NG.yml", "/home/nameless_ghoul/.rbenv/versions/3.0.0/lib/ruby/gems/3.0.0/gems/faker-2.20.0/lib/locales/en-NZ.yml", "/home/nameless_ghoul/.rbenv/versions/3.0.0/lib/ruby/gems/3.0.0/gems/faker-2.20.0/lib/locales/en-PAK.yml", "/home/nameless_ghoul/.rbenv/versions/3.0.0/lib/ruby/gems/3.0.0/gems/faker-2.20.0/lib/locales/en-SG.yml", "/home/nameless_ghoul/.rbenv/versions/3.0.0/lib/ruby/gems/3.0.0/gems/faker-2.20.0/lib/locales/en-TH.yml", "/home/nameless_ghoul/.rbenv/versions/3.0.0/lib/ruby/gems/3.0.0/gems/faker-2.20.0/lib/locales/en-UG.yml", "/home/nameless_ghoul/.rbenv/versions/3.0.0/lib/ruby/gems/3.0.0/gems/faker-2.20.0/lib/locales/en-US.yml", "/home/nameless_ghoul/.rbenv/versions/3.0.0/lib/ruby/gems/3.0.0/gems/faker-2.20.0/lib/locales/en-ZA.yml", "/home/nameless_ghoul/.rbenv/versions/3.0.0/lib/ruby/gems/3.0.0/gems/faker-2.20.0/lib/locales/en-au-ocker.yml", "/home/nameless_ghoul/.rbenv/versions/3.0.0/lib/ruby/gems/3.0.0/gems/faker-2.20.0/lib/locales/en.yml", "/home/nameless_ghoul/.rbenv/versions/3.0.0/lib/ruby/gems/3.0.0/gems/faker-2.20.0/lib/locales/es-AR.yml", "/home/nameless_ghoul/.rbenv/versions/3.0.0/lib/ruby/gems/3.0.0/gems/faker-2.20.0/lib/locales/es-MX.yml", "/home/nameless_ghoul/.rbenv/versions/3.0.0/lib/ruby/gems/3.0.0/gems/faker-2.20.0/lib/locales/es.yml", "/home/nameless_ghoul/.rbenv/versions/3.0.0/lib/ruby/gems/3.0.0/gems/faker-2.20.0/lib/locales/fa.yml", "/home/nameless_ghoul/.rbenv/versions/3.0.0/lib/ruby/gems/3.0.0/gems/faker-2.20.0/lib/locales/fi-FI.yml", "/home/nameless_ghoul/.rbenv/versions/3.0.0/lib/ruby/gems/3.0.0/gems/faker-2.20.0/lib/locales/fr/address.yml", "/home/nameless_ghoul/.rbenv/versions/3.0.0/lib/ruby/gems/3.0.0/gems/faker-2.20.0/lib/locales/fr/animal.yml", "/home/nameless_ghoul/.rbenv/versions/3.0.0/lib/ruby/gems/3.0.0/gems/faker-2.20.0/lib/locales/fr/appliance.yml", "/home/nameless_ghoul/.rbenv/versions/3.0.0/lib/ruby/gems/3.0.0/gems/faker-2.20.0/lib/locales/fr/book.yml", "/home/nameless_ghoul/.rbenv/versions/3.0.0/lib/ruby/gems/3.0.0/gems/faker-2.20.0/lib/locales/fr/color.yml", "/home/nameless_ghoul/.rbenv/versions/3.0.0/lib/ruby/gems/3.0.0/gems/faker-2.20.0/lib/locales/fr/company.yml", "/home/nameless_ghoul/.rbenv/versions/3.0.0/lib/ruby/gems/3.0.0/gems/faker-2.20.0/lib/locales/fr/compass.yml", "/home/nameless_ghoul/.rbenv/versions/3.0.0/lib/ruby/gems/3.0.0/gems/faker-2.20.0/lib/locales/fr/demographic.yml", "/home/nameless_ghoul/.rbenv/versions/3.0.0/lib/ruby/gems/3.0.0/gems/faker-2.20.0/lib/locales/fr/gender.yml", "/home/nameless_ghoul/.rbenv/versions/3.0.0/lib/ruby/gems/3.0.0/gems/faker-2.20.0/lib/locales/fr/internet.yml", "/home/nameless_ghoul/.rbenv/versions/3.0.0/lib/ruby/gems/3.0.0/gems/faker-2.20.0/lib/locales/fr/lorem.yml", "/home/nameless_ghoul/.rbenv/versions/3.0.0/lib/ruby/gems/3.0.0/gems/faker-2.20.0/lib/locales/fr/measurement.yml", "/home/nameless_ghoul/.rbenv/versions/3.0.0/lib/ruby/gems/3.0.0/gems/faker-2.20.0/lib/locales/fr/name.yml", "/home/nameless_ghoul/.rbenv/versions/3.0.0/lib/ruby/gems/3.0.0/gems/faker-2.20.0/lib/locales/fr/phone_number.yml", "/home/nameless_ghoul/.rbenv/versions/3.0.0/lib/ruby/gems/3.0.0/gems/faker-2.20.0/lib/locales/fr/pokemon.yml", "/home/nameless_ghoul/.rbenv/versions/3.0.0/lib/ruby/gems/3.0.0/gems/faker-2.20.0/lib/locales/fr-CA.yml", "/home/nameless_ghoul/.rbenv/versions/3.0.0/lib/ruby/gems/3.0.0/gems/faker-2.20.0/lib/locales/fr-CH.yml", "/home/nameless_ghoul/.rbenv/versions/3.0.0/lib/ruby/gems/3.0.0/gems/faker-2.20.0/lib/locales/fr.yml", "/home/nameless_ghoul/.rbenv/versions/3.0.0/lib/ruby/gems/3.0.0/gems/faker-2.20.0/lib/locales/he.yml", "/home/nameless_ghoul/.rbenv/versions/3.0.0/lib/ruby/gems/3.0.0/gems/faker-2.20.0/lib/locales/hy.yml", "/home/nameless_ghoul/.rbenv/versions/3.0.0/lib/ruby/gems/3.0.0/gems/faker-2.20.0/lib/locales/id.yml", "/home/nameless_ghoul/.rbenv/versions/3.0.0/lib/ruby/gems/3.0.0/gems/faker-2.20.0/lib/locales/it.yml", "/home/nameless_ghoul/.rbenv/versions/3.0.0/lib/ruby/gems/3.0.0/gems/faker-2.20.0/lib/locales/ja/address.yml", "/home/nameless_ghoul/.rbenv/versions/3.0.0/lib/ruby/gems/3.0.0/gems/faker-2.20.0/lib/locales/ja/ancient.yml", "/home/nameless_ghoul/.rbenv/versions/3.0.0/lib/ruby/gems/3.0.0/gems/faker-2.20.0/lib/locales/ja/animal.yml", "/home/nameless_ghoul/.rbenv/versions/3.0.0/lib/ruby/gems/3.0.0/gems/faker-2.20.0/lib/locales/ja/bank.yml", "/home/nameless_ghoul/.rbenv/versions/3.0.0/lib/ruby/gems/3.0.0/gems/faker-2.20.0/lib/locales/ja/book.yml", "/home/nameless_ghoul/.rbenv/versions/3.0.0/lib/ruby/gems/3.0.0/gems/faker-2.20.0/lib/locales/ja/cat.yml", "/home/nameless_ghoul/.rbenv/versions/3.0.0/lib/ruby/gems/3.0.0/gems/faker-2.20.0/lib/locales/ja/coffee.yml", "/home/nameless_ghoul/.rbenv/versions/3.0.0/lib/ruby/gems/3.0.0/gems/faker-2.20.0/lib/locales/ja/color.yml", "/home/nameless_ghoul/.rbenv/versions/3.0.0/lib/ruby/gems/3.0.0/gems/faker-2.20.0/lib/locales/ja/commerce.yml", "/home/nameless_ghoul/.rbenv/versions/3.0.0/lib/ruby/gems/3.0.0/gems/faker-2.20.0/lib/locales/ja/company.yml", "/home/nameless_ghoul/.rbenv/versions/3.0.0/lib/ruby/gems/3.0.0/gems/faker-2.20.0/lib/locales/ja/dog.yml", "/home/nameless_ghoul/.rbenv/versions/3.0.0/lib/ruby/gems/3.0.0/gems/faker-2.20.0/lib/locales/ja/food.yml", "/home/nameless_ghoul/.rbenv/versions/3.0.0/lib/ruby/gems/3.0.0/gems/faker-2.20.0/lib/locales/ja/gender.yml", "/home/nameless_ghoul/.rbenv/versions/3.0.0/lib/ruby/gems/3.0.0/gems/faker-2.20.0/lib/locales/ja/lorem.yml", "/home/nameless_ghoul/.rbenv/versions/3.0.0/lib/ruby/gems/3.0.0/gems/faker-2.20.0/lib/locales/ja/name.yml", "/home/nameless_ghoul/.rbenv/versions/3.0.0/lib/ruby/gems/3.0.0/gems/faker-2.20.0/lib/locales/ja/overwatch.yml", "/home/nameless_ghoul/.rbenv/versions/3.0.0/lib/ruby/gems/3.0.0/gems/faker-2.20.0/lib/locales/ja/phone_number.yml", "/home/nameless_ghoul/.rbenv/versions/3.0.0/lib/ruby/gems/3.0.0/gems/faker-2.20.0/lib/locales/ja/pokemon.yml", "/home/nameless_ghoul/.rbenv/versions/3.0.0/lib/ruby/gems/3.0.0/gems/faker-2.20.0/lib/locales/ja/restaurant.yml", "/home/nameless_ghoul/.rbenv/versions/3.0.0/lib/ruby/gems/3.0.0/gems/faker-2.20.0/lib/locales/ja/space.yml", "/home/nameless_ghoul/.rbenv/versions/3.0.0/lib/ruby/gems/3.0.0/gems/faker-2.20.0/lib/locales/ja/studio_ghibli.yml", "/home/nameless_ghoul/.rbenv/versions/3.0.0/lib/ruby/gems/3.0.0/gems/faker-2.20.0/lib/locales/ja/subscription.yml", "/home/nameless_ghoul/.rbenv/versions/3.0.0/lib/ruby/gems/3.0.0/gems/faker-2.20.0/lib/locales/ja/super_mario.yml", "/home/nameless_ghoul/.rbenv/versions/3.0.0/lib/ruby/gems/3.0.0/gems/faker-2.20.0/lib/locales/ja/super_smash_bros.yml", "/home/nameless_ghoul/.rbenv/versions/3.0.0/lib/ruby/gems/3.0.0/gems/faker-2.20.0/lib/locales/ja/university.yml", "/home/nameless_ghoul/.rbenv/versions/3.0.0/lib/ruby/gems/3.0.0/gems/faker-2.20.0/lib/locales/ja/zelda.yml", "/home/nameless_ghoul/.rbenv/versions/3.0.0/lib/ruby/gems/3.0.0/gems/faker-2.20.0/lib/locales/ko.yml", "/home/nameless_ghoul/.rbenv/versions/3.0.0/lib/ruby/gems/3.0.0/gems/faker-2.20.0/lib/locales/lt.yml", "/home/nameless_ghoul/.rbenv/versions/3.0.0/lib/ruby/gems/3.0.0/gems/faker-2.20.0/lib/locales/lv.yml", "/home/nameless_ghoul/.rbenv/versions/3.0.0/lib/ruby/gems/3.0.0/gems/faker-2.20.0/lib/locales/mi-NZ.yml", "/home/nameless_ghoul/.rbenv/versions/3.0.0/lib/ruby/gems/3.0.0/gems/faker-2.20.0/lib/locales/nb-NO.yml", "/home/nameless_ghoul/.rbenv/versions/3.0.0/lib/ruby/gems/3.0.0/gems/faker-2.20.0/lib/locales/nl.yml", "/home/nameless_ghoul/.rbenv/versions/3.0.0/lib/ruby/gems/3.0.0/gems/faker-2.20.0/lib/locales/no.yml", "/home/nameless_ghoul/.rbenv/versions/3.0.0/lib/ruby/gems/3.0.0/gems/faker-2.20.0/lib/locales/pl.yml", "/home/nameless_ghoul/.rbenv/versions/3.0.0/lib/ruby/gems/3.0.0/gems/faker-2.20.0/lib/locales/pt-BR.yml", "/home/nameless_ghoul/.rbenv/versions/3.0.0/lib/ruby/gems/3.0.0/gems/faker-2.20.0/lib/locales/pt.yml", "/home/nameless_ghoul/.rbenv/versions/3.0.0/lib/ruby/gems/3.0.0/gems/faker-2.20.0/lib/locales/ru.yml", "/home/nameless_ghoul/.rbenv/versions/3.0.0/lib/ruby/gems/3.0.0/gems/faker-2.20.0/lib/locales/sk.yml", "/home/nameless_ghoul/.rbenv/versions/3.0.0/lib/ruby/gems/3.0.0/gems/faker-2.20.0/lib/locales/sv.yml", "/home/nameless_ghoul/.rbenv/versions/3.0.0/lib/ruby/gems/3.0.0/gems/faker-2.20.0/lib/locales/th.yml", "/home/nameless_ghoul/.rbenv/versions/3.0.0/lib/ruby/gems/3.0.0/gems/faker-2.20.0/lib/locales/tr.yml", "/home/nameless_ghoul/.rbenv/versions/3.0.0/lib/ruby/gems/3.0.0/gems/faker-2.20.0/lib/locales/uk.yml", "/home/nameless_ghoul/.rbenv/versions/3.0.0/lib/ruby/gems/3.0.0/gems/faker-2.20.0/lib/locales/vi.yml", "/home/nameless_ghoul/.rbenv/versions/3.0.0/lib/ruby/gems/3.0.0/gems/faker-2.20.0/lib/locales/zh-CN.yml", "/home/nameless_ghoul/.rbenv/versions/3.0.0/lib/ruby/gems/3.0.0/gems/faker-2.20.0/lib/locales/zh-TW.yml", "/home/nameless_ghoul/.rbenv/versions/3.0.0/lib/ruby/gems/3.0.0/gems/will_paginate-3.3.1/lib/will_paginate/locale/en.yml", "/home/nameless_ghoul/.rbenv/versions/3.0.0/lib/ruby/gems/3.0.0/gems/active_storage_validations-0.9.7/config/locales/de.yml", "/home/nameless_ghoul/.rbenv/versions/3.0.0/lib/ruby/gems/3.0.0/gems/active_storage_validations-0.9.7/config/locales/en.yml", "/home/nameless_ghoul/.rbenv/versions/3.0.0/lib/ruby/gems/3.0.0/gems/active_storage_validations-0.9.7/config/locales/es.yml", "/home/nameless_ghoul/.rbenv/versions/3.0.0/lib/ruby/gems/3.0.0/gems/active_storage_validations-0.9.7/config/locales/fr.yml", "/home/nameless_ghoul/.rbenv/versions/3.0.0/lib/ruby/gems/3.0.0/gems/active_storage_validations-0.9.7/config/locales/it.yml", "/home/nameless_ghoul/.rbenv/versions/3.0.0/lib/ruby/gems/3.0.0/gems/active_storage_validations-0.9.7/config/locales/ja.yml", "/home/nameless_ghoul/.rbenv/versions/3.0.0/lib/ruby/gems/3.0.0/gems/active_storage_validations-0.9.7/config/locales/nl.yml", "/home/nameless_ghoul/.rbenv/versions/3.0.0/lib/ruby/gems/3.0.0/gems/active_storage_validations-0.9.7/config/locales/pl.yml", "/home/nameless_ghoul/.rbenv/versions/3.0.0/lib/ruby/gems/3.0.0/gems/active_storage_validations-0.9.7/config/locales/pt-BR.yml", "/home/nameless_ghoul/.rbenv/versions/3.0.0/lib/ruby/gems/3.0.0/gems/active_storage_validations-0.9.7/config/locales/ru.yml", "/home/nameless_ghoul/.rbenv/versions/3.0.0/lib/ruby/gems/3.0.0/gems/active_storage_validations-0.9.7/config/locales/tr.yml", "/home/nameless_ghoul/.rbenv/versions/3.0.0/lib/ruby/gems/3.0.0/gems/active_storage_validations-0.9.7/config/locales/uk.yml", "/home/nameless_ghoul/.rbenv/versions/3.0.0/lib/ruby/gems/3.0.0/gems/active_storage_validations-0.9.7/config/locales/vi.yml", "/home/nameless_ghoul/Documents/Work/LoudCloudPH/Learning/Learn Enough Projects/sample_app/config/locales/en.yml", "/home/nameless_ghoul/.rbenv/versions/3.0.0/lib/ruby/gems/3.0.0/gems/active_storage_validations-0.9.7/config/locales/de.yml", "/home/nameless_ghoul/.rbenv/versions/3.0.0/lib/ruby/gems/3.0.0/gems/active_storage_validations-0.9.7/config/locales/en.yml", "/home/nameless_ghoul/.rbenv/versions/3.0.0/lib/ruby/gems/3.0.0/gems/active_storage_validations-0.9.7/config/locales/es.yml", "/home/nameless_ghoul/.rbenv/versions/3.0.0/lib/ruby/gems/3.0.0/gems/active_storage_validations-0.9.7/config/locales/fr.yml", "/home/nameless_ghoul/.rbenv/versions/3.0.0/lib/ruby/gems/3.0.0/gems/active_storage_validations-0.9.7/config/locales/it.yml", "/home/nameless_ghoul/.rbenv/versions/3.0.0/lib/ruby/gems/3.0.0/gems/active_storage_validations-0.9.7/config/locales/ja.yml", "/home/nameless_ghoul/.rbenv/versions/3.0.0/lib/ruby/gems/3.0.0/gems/active_storage_validations-0.9.7/config/locales/nl.yml", "/home/nameless_ghoul/.rbenv/versions/3.0.0/lib/ruby/gems/3.0.0/gems/active_storage_validations-0.9.7/config/locales/pl.yml", "/home/nameless_ghoul/.rbenv/versions/3.0.0/lib/ruby/gems/3.0.0/gems/active_storage_validations-0.9.7/config/locales/pt-BR.yml", "/home/nameless_ghoul/.rbenv/versions/3.0.0/lib/ruby/gems/3.0.0/gems/active_storage_validations-0.9.7/config/locales/ru.yml", "/home/nameless_ghoul/.rbenv/versions/3.0.0/lib/ruby/gems/3.0.0/gems/active_storage_validations-0.9.7/config/locales/tr.yml", "/home/nameless_ghoul/.rbenv/versions/3.0.0/lib/ruby/gems/3.0.0/gems/active_storage_validations-0.9.7/config/locales/uk.yml", "/home/nameless_ghoul/.rbenv/versions/3.0.0/lib/ruby/gems/3.0.0/gems/active_storage_validations-0.9.7/config/locales/vi.yml", "/home/nameless_ghoul/Documents/Work/LoudCloudPH/Learning/Learn Enough Projects/sample_app/config/locales/en.yml"], @last_update_at=2022-04-06 11:30:10.712511724 +0800&gt;, #&lt;Rails::Application::RoutesReloader:0x0000558f2c0014d0 @paths=["/home/nameless_ghoul/Documents/Work/LoudCloudPH/Learning/Learn Enough Projects/sample_app/config/routes.rb", "/home/nameless_ghoul/.rbenv/versions/3.0.0/lib/ruby/gems/3.0.0/gems/actionmailbox-6.1.5/config/routes.rb", "/home/nameless_ghoul/.rbenv/versions/3.0.0/lib/ruby/gems/3.0.0/gems/activestorage-6.1.5/config/routes.rb"], @route_sets=[#&lt;ActionDispatch::Routing::RouteSet:0x0000558f2c003c08&gt;, #&lt;ActionDispatch::Routing::RouteSet:0x0000558f29538258&gt;, #&lt;ActionDispatch::Routing::RouteSet:0x0000558f2c000170&gt;, #&lt;ActionDispatch::Routing::RouteSet:0x0000558f2a0b0ef0&gt;, #&lt;ActionDispatch::Routing::RouteSet:0x0000558f2958c880&gt;, #&lt;ActionDispatch::Routing::RouteSet:0x0000558f2c022310&gt;, #&lt;ActionDispatch::Routing::RouteSet:0x0000558f2c021690&gt;, #&lt;ActionDispatch::Routing::RouteSet:0x0000558f2c020a10&gt;, #&lt;ActionDispatch::Routing::RouteSet:0x0000558f2c02bd70&gt;, #&lt;ActionDispatch::Routing::RouteSet:0x0000558f2c02b0f0&gt;, #&lt;ActionDispatch::Routing::RouteSet:0x0000558f2c02a3f8&gt;], @external_routes=[#&lt;Pathname:/home/nameless_ghoul/Documents/Work/LoudCloudPH/Learning/Learn Enough Projects/sample_app/config/routes&gt;, #&lt;Pathname:/home/nameless_ghoul/.rbenv/versions/3.0.0/lib/ruby/gems/3.0.0/gems/bootstrap-sass-3.4.1/config/routes&gt;, #&lt;Pathname:/home/nameless_ghoul/.rbenv/versions/3.0.0/lib/ruby/gems/3.0.0/gems/bootstrap-will_paginate-1.0.0/config/routes&gt;, #&lt;Pathname:/home/nameless_ghoul/.rbenv/versions/3.0.0/lib/ruby/gems/3.0.0/gems/active_storage_validations-0.9.7/config/routes&gt;, #&lt;Pathname:/home/nameless_ghoul/.rbenv/versions/3.0.0/lib/ruby/gems/3.0.0/gems/turbolinks-5.2.1/config/routes&gt;, #&lt;Pathname:/home/nameless_ghoul/.rbenv/versions/3.0.0/lib/ruby/gems/3.0.0/gems/webpacker-5.4.3/config/routes&gt;, #&lt;Pathname:/home/nameless_ghoul/.rbenv/versions/3.0.0/lib/ruby/gems/3.0.0/gems/actiontext-6.1.5/config/routes&gt;, #&lt;Pathname:/home/nameless_ghoul/.rbenv/versions/3.0.0/lib/ruby/gems/3.0.0/gems/actionmailbox-6.1.5/config/routes&gt;, #&lt;Pathname:/home/nameless_ghoul/.rbenv/versions/3.0.0/lib/ruby/gems/3.0.0/gems/actioncable-6.1.5/config/routes&gt;, #&lt;Pathname:/home/nameless_ghoul/.rbenv/versions/3.0.0/lib/ruby/gems/3.0.0/gems/activestorage-6.1.5/config/routes&gt;, #&lt;Pathname:/home/nameless_ghoul/.rbenv/versions/3.0.0/lib/ruby/gems/3.0.0/gems/actionview-6.1.5/config/routes&gt;], @eager_load=false, @updater=#&lt;ActiveSupport::FileUpdateChecker:0x0000558f2c3d3158 @files=["/home/nameless_ghoul/Documents/Work/LoudCloudPH/Learning/Learn Enough Projects/sample_app/config/routes.rb", "/home/nameless_ghoul/.rbenv/versions/3.0.0/lib/ruby/gems/3.0.0/gems/actionmailbox-6.1.5/config/routes.rb", "/home/nameless_ghoul/.rbenv/versions/3.0.0/lib/ruby/gems/3.0.0/gems/activestorage-6.1.5/config/routes.rb"], @glob="{/home/nameless_ghoul/Documents/Work/LoudCloudPH/Learning/Learn Enough Projects/sample_app/config/routes/**/*.{rb},/home/nameless_ghoul/.rbenv/versions/3.0.0/lib/ruby/gems/3.0.0/gems/bootstrap-sass-3.4.1/config/routes/**/*.{rb},/home/nameless_ghoul/.rbenv/versions/3.0.0/lib/ruby/gems/3.0.0/gems/bootstrap-will_paginate-1.0.0/config/routes/**/*.{rb},/home/nameless_ghoul/.rbenv/versions/3.0.0/lib/ruby/gems/3.0.0/gems/active_storage_validations-0.9.7/config/routes/**/*.{rb},/home/nameless_ghoul/.rbenv/versions/3.0.0/lib/ruby/gems/3.0.0/gems/turbolinks-5.2.1/config/routes/**/*.{rb},/home/nameless_ghoul/.rbenv/versions/3.0.0/lib/ruby/gems/3.0.0/gems/webpacker-5.4.3/config/routes/**/*.{rb},/home/nameless_ghoul/.rbenv/versions/3.0.0/lib/ruby/gems/3.0.0/gems/actiontext-6.1.5/config/routes/**/*.{rb},/home/nameless_ghoul/.rbenv/versions/3.0.0/lib/ruby/gems/3.0.0/gems/actionmailbox-6.1.5/config/routes/**/*.{rb},/home/nameless_ghoul/.rbenv/versions/3.0.0/lib/ruby/gems/3.0.0/gems/actioncable-6.1.5/config/routes/**/*.{rb},/home/nameless_ghoul/.rbenv/versions/3.0.0/lib/ruby/gems/3.0.0/gems/activestorage-6.1.5/config/routes/**/*.{rb},/home/nameless_ghoul/.rbenv/versions/3.0.0/lib/ruby/gems/3.0.0/gems/actionview-6.1.5/config/routes/**/*.{rb}}", @block=#&lt;Proc:0x0000558f2c3d3108 /home/nameless_ghoul/.rbenv/versions/3.0.0/lib/ruby/gems/3.0.0/gems/railties-6.1.5/lib/rails/application/routes_reloader.rb:35&gt;, @watched=nil, @updated_at=nil, @last_watched=["/home/nameless_ghoul/Documents/Work/LoudCloudPH/Learning/Learn Enough Projects/sample_app/config/routes.rb", "/home/nameless_ghoul/.rbenv/versions/3.0.0/lib/ruby/gems/3.0.0/gems/actionmailbox-6.1.5/config/routes.rb", "/home/nameless_ghoul/.rbenv/versions/3.0.0/lib/ruby/gems/3.0.0/gems/activestorage-6.1.5/config/routes.rb"], @last_update_at=2022-04-06 11:50:47.88913428 +0800&gt;&gt;, #&lt;ActiveSupport::FileUpdateChecker:0x0000558f2c5b3cc0 @files=["/home/nameless_ghoul/Documents/Work/LoudCloudPH/Learning/Learn Enough Projects/sample_app/db/schema.rb", "/home/nameless_ghoul/Documents/Work/LoudCloudPH/Learning/Learn Enough Projects/sample_app/db/structure.sql"], @glob="{/home/nameless_ghoul/Documents/Work/LoudCloudPH/Learning/Learn Enough Projects/sample_app/app/channels/**/*.{rb},/home/nameless_ghoul/Documents/Work/LoudCloudPH/Learning/Learn Enough Projects/sample_app/app/controllers/**/*.{rb},/home/nameless_ghoul/Documents/Work/LoudCloudPH/Learning/Learn Enough Projects/sample_app/app/controllers/concerns/**/*.{rb},/home/nameless_ghoul/Documents/Work/LoudCloudPH/Learning/Learn Enough Projects/sample_app/app/helpers/**/*.{rb},/home/nameless_ghoul/Documents/Work/LoudCloudPH/Learning/Learn Enough Projects/sample_app/app/jobs/**/*.{rb},/home/nameless_ghoul/Documents/Work/LoudCloudPH/Learning/Learn Enough Projects/sample_app/app/mailers/**/*.{rb},/home/nameless_ghoul/Documents/Work/LoudCloudPH/Learning/Learn Enough Projects/sample_app/app/models/**/*.{rb},/home/nameless_ghoul/Documents/Work/LoudCloudPH/Learning/Learn Enough Projects/sample_app/app/models/concerns/**/*.{rb},/home/nameless_ghoul/.rbenv/versions/3.0.0/lib/ruby/gems/3.0.0/gems/actiontext-6.1.5/app/helpers/**/*.{rb},/home/nameless_ghoul/.rbenv/versions/3.0.0/lib/ruby/gems/3.0.0/gems/actiontext-6.1.5/app/models/**/*.{rb},/home/nameless_ghoul/.rbenv/versions/3.0.0/lib/ruby/gems/3.0.0/gems/actionmailbox-6.1.5/app/controllers/**/*.{rb},/home/nameless_ghoul/.rbenv/versions/3.0.0/lib/ruby/gems/3.0.0/gems/actionmailbox-6.1.5/app/jobs/**/*.{rb},/home/nameless_ghoul/.rbenv/versions/3.0.0/lib/ruby/gems/3.0.0/gems/actionmailbox-6.1.5/app/models/**/*.{rb},/home/nameless_ghoul/.rbenv/versions/3.0.0/lib/ruby/gems/3.0.0/gems/activestorage-6.1.5/app/controllers/**/*.{rb},/home/nameless_ghoul/.rbenv/versions/3.0.0/lib/ruby/gems/3.0.0/gems/activestorage-6.1.5/app/controllers/concerns/**/*.{rb},/home/nameless_ghoul/.rbenv/versions/3.0.0/lib/ruby/gems/3.0.0/gems/activestorage-6.1.5/app/jobs/**/*.{rb},/home/nameless_ghoul/.rbenv/versions/3.0.0/lib/ruby/gems/3.0.0/gems/activestorage-6.1.5/app/models/**/*.{rb}}", @block=#&lt;Proc:0x0000558f2c5a8258 /home/nameless_ghoul/.rbenv/versions/3.0.0/lib/ruby/gems/3.0.0/gems/railties-6.1.5/lib/rails/application/finisher.rb:215 (lambda)&gt;, @watched=nil, @updated_at=nil, @last_watched=["/home/nameless_ghoul/Documents/Work/LoudCloudPH/Learning/Learn Enough Projects/sample_app/db/schema.rb", "/home/nameless_ghoul/Documents/Work/LoudCloudPH/Learning/Learn Enough Projects/sample_app/app/channels/application_cable/channel.rb", "/home/nameless_ghoul/Documents/Work/LoudCloudPH/Learning/Learn Enough Projects/sample_app/app/channels/application_cable/connection.rb", "/home/nameless_ghoul/Documents/Work/LoudCloudPH/Learning/Learn Enough Projects/sample_app/app/controllers/application_controller.rb", "/home/nameless_ghoul/Documents/Work/LoudCloudPH/Learning/Learn Enough Projects/sample_app/app/controllers/static_pages_controller.rb", "/home/nameless_ghoul/Documents/Work/LoudCloudPH/Learning/Learn Enough Projects/sample_app/app/helpers/application_helper.rb", "/home/nameless_ghoul/Documents/Work/LoudCloudPH/Learning/Learn Enough Projects/sample_app/app/helpers/static_pages_helper.rb", "/home/nameless_ghoul/Documents/Work/LoudCloudPH/Learning/Learn Enough Projects/sample_app/app/jobs/application_job.rb", "/home/nameless_ghoul/Documents/Work/LoudCloudPH/Learning/Learn Enough Projects/sample_app/app/mailers/application_mailer.rb", "/home/nameless_ghoul/Documents/Work/LoudCloudPH/Learning/Learn Enough Projects/sample_app/app/models/application_record.rb", "/home/nameless_ghoul/.rbenv/versions/3.0.0/lib/ruby/gems/3.0.0/gems/actiontext-6.1.5/app/helpers/action_text/content_helper.rb", "/home/nameless_ghoul/.rbenv/versions/3.0.0/lib/ruby/gems/3.0.0/gems/actiontext-6.1.5/app/helpers/action_text/tag_helper.rb", "/home/nameless_ghoul/.rbenv/versions/3.0.0/lib/ruby/gems/3.0.0/gems/actiontext-6.1.5/app/models/action_text/record.rb", "/home/nameless_ghoul/.rbenv/versions/3.0.0/lib/ruby/gems/3.0.0/gems/actiontext-6.1.5/app/models/action_text/rich_text.rb", "/home/nameless_ghoul/.rbenv/versions/3.0.0/lib/ruby/gems/3.0.0/gems/actionmailbox-6.1.5/app/controllers/action_mailbox/base_controller.rb", "/home/nameless_ghoul/.rbenv/versions/3.0.0/lib/ruby/gems/3.0.0/gems/actionmailbox-6.1.5/app/controllers/action_mailbox/ingresses/mailgun/inbound_emails_controller.rb", "/home/nameless_ghoul/.rbenv/versions/3.0.0/lib/ruby/gems/3.0.0/gems/actionmailbox-6.1.5/app/controllers/action_mailbox/ingresses/mandrill/inbound_emails_controller.rb", "/home/nameless_ghoul/.rbenv/versions/3.0.0/lib/ruby/gems/3.0.0/gems/actionmailbox-6.1.5/app/controllers/action_mailbox/ingresses/postmark/inbound_emails_controller.rb", "/home/nameless_ghoul/.rbenv/versions/3.0.0/lib/ruby/gems/3.0.0/gems/actionmailbox-6.1.5/app/controllers/action_mailbox/ingresses/relay/inbound_emails_controller.rb", "/home/nameless_ghoul/.rbenv/versions/3.0.0/lib/ruby/gems/3.0.0/gems/actionmailbox-6.1.5/app/controllers/action_mailbox/ingresses/sendgrid/inbound_emails_controller.rb", "/home/nameless_ghoul/.rbenv/versions/3.0.0/lib/ruby/gems/3.0.0/gems/actionmailbox-6.1.5/app/controllers/rails/conductor/action_mailbox/inbound_emails/sources_controller.rb", "/home/nameless_ghoul/.rbenv/versions/3.0.0/lib/ruby/gems/3.0.0/gems/actionmailbox-6.1.5/app/controllers/rails/conductor/action_mailbox/inbound_emails_controller.rb", "/home/nameless_ghoul/.rbenv/versions/3.0.0/lib/ruby/gems/3.0.0/gems/actionmailbox-6.1.5/app/controllers/rails/conductor/action_mailbox/reroutes_controller.rb", "/home/nameless_ghoul/.rbenv/versions/3.0.0/lib/ruby/gems/3.0.0/gems/actionmailbox-6.1.5/app/controllers/rails/conductor/base_controller.rb", "/home/nameless_ghoul/.rbenv/versions/3.0.0/lib/ruby/gems/3.0.0/gems/actionmailbox-6.1.5/app/jobs/action_mailbox/incineration_job.rb", "/home/nameless_ghoul/.rbenv/versions/3.0.0/lib/ruby/gems/3.0.0/gems/actionmailbox-6.1.5/app/jobs/action_mailbox/routing_job.rb", "/home/nameless_ghoul/.rbenv/versions/3.0.0/lib/ruby/gems/3.0.0/gems/actionmailbox-6.1.5/app/models/action_mailbox/inbound_email/incineratable/incineration.rb", "/home/nameless_ghoul/.rbenv/versions/3.0.0/lib/ruby/gems/3.0.0/gems/actionmailbox-6.1.5/app/models/action_mailbox/inbound_email/incineratable.rb", "/home/nameless_ghoul/.rbenv/versions/3.0.0/lib/ruby/gems/3.0.0/gems/actionmailbox-6.1.5/app/models/action_mailbox/inbound_email/message_id.rb", "/home/nameless_ghoul/.rbenv/versions/3.0.0/lib/ruby/gems/3.0.0/gems/actionmailbox-6.1.5/app/models/action_mailbox/inbound_email/routable.rb", "/home/nameless_ghoul/.rbenv/versions/3.0.0/lib/ruby/gems/3.0.0/gems/actionmailbox-6.1.5/app/models/action_mailbox/inbound_email.rb", "/home/nameless_ghoul/.rbenv/versions/3.0.0/lib/ruby/gems/3.0.0/gems/actionmailbox-6.1.5/app/models/action_mailbox/record.rb", "/home/nameless_ghoul/.rbenv/versions/3.0.0/lib/ruby/gems/3.0.0/gems/activestorage-6.1.5/app/controllers/active_storage/base_controller.rb", "/home/nameless_ghoul/.rbenv/versions/3.0.0/lib/ruby/gems/3.0.0/gems/activestorage-6.1.5/app/controllers/active_storage/blobs/proxy_controller.rb", "/home/nameless_ghoul/.rbenv/versions/3.0.0/lib/ruby/gems/3.0.0/gems/activestorage-6.1.5/app/controllers/active_storage/blobs/redirect_controller.rb", "/home/nameless_ghoul/.rbenv/versions/3.0.0/lib/ruby/gems/3.0.0/gems/activestorage-6.1.5/app/controllers/active_storage/direct_uploads_controller.rb", "/home/nameless_ghoul/.rbenv/versions/3.0.0/lib/ruby/gems/3.0.0/gems/activestorage-6.1.5/app/controllers/active_storage/disk_controller.rb", "/home/nameless_ghoul/.rbenv/versions/3.0.0/lib/ruby/gems/3.0.0/gems/activestorage-6.1.5/app/controllers/active_storage/representations/base_controller.rb", "/home/nameless_ghoul/.rbenv/versions/3.0.0/lib/ruby/gems/3.0.0/gems/activestorage-6.1.5/app/controllers/active_storage/representations/proxy_controller.rb", "/home/nameless_ghoul/.rbenv/versions/3.0.0/lib/ruby/gems/3.0.0/gems/activestorage-6.1.5/app/controllers/active_storage/representations/redirect_controller.rb", "/home/nameless_ghoul/.rbenv/versions/3.0.0/lib/ruby/gems/3.0.0/gems/activestorage-6.1.5/app/controllers/concerns/active_storage/file_server.rb", "/home/nameless_ghoul/.rbenv/versions/3.0.0/lib/ruby/gems/3.0.0/gems/activestorage-6.1.5/app/controllers/concerns/active_storage/set_blob.rb", "/home/nameless_ghoul/.rbenv/versions/3.0.0/lib/ruby/gems/3.0.0/gems/activestorage-6.1.5/app/controllers/concerns/active_storage/set_current.rb", "/home/nameless_ghoul/.rbenv/versions/3.0.0/lib/ruby/gems/3.0.0/gems/activestorage-6.1.5/app/controllers/concerns/active_storage/set_headers.rb", "/home/nameless_ghoul/.rbenv/versions/3.0.0/lib/ruby/gems/3.0.0/gems/activestorage-6.1.5/app/controllers/concerns/active_storage/file_server.rb", "/home/nameless_ghoul/.rbenv/versions/3.0.0/lib/ruby/gems/3.0.0/gems/activestorage-6.1.5/app/controllers/concerns/active_storage/set_blob.rb", "/home/nameless_ghoul/.rbenv/versions/3.0.0/lib/ruby/gems/3.0.0/gems/activestorage-6.1.5/app/controllers/concerns/active_storage/set_current.rb", "/home/nameless_ghoul/.rbenv/versions/3.0.0/lib/ruby/gems/3.0.0/gems/activestorage-6.1.5/app/controllers/concerns/active_storage/set_headers.rb", "/home/nameless_ghoul/.rbenv/versions/3.0.0/lib/ruby/gems/3.0.0/gems/activestorage-6.1.5/app/jobs/active_storage/analyze_job.rb", "/home/nameless_ghoul/.rbenv/versions/3.0.0/lib/ruby/gems/3.0.0/gems/activestorage-6.1.5/app/jobs/active_storage/base_job.rb", "/home/nameless_ghoul/.rbenv/versions/3.0.0/lib/ruby/gems/3.0.0/gems/activestorage-6.1.5/app/jobs/active_storage/mirror_job.rb", "/home/nameless_ghoul/.rbenv/versions/3.0.0/lib/ruby/gems/3.0.0/gems/activestorage-6.1.5/app/jobs/active_storage/purge_job.rb", "/home/nameless_ghoul/.rbenv/versions/3.0.0/lib/ruby/gems/3.0.0/gems/activestorage-6.1.5/app/models/active_storage/attachment.rb", "/home/nameless_ghoul/.rbenv/versions/3.0.0/lib/ruby/gems/3.0.0/gems/activestorage-6.1.5/app/models/active_storage/blob/analyzable.rb", "/home/nameless_ghoul/.rbenv/versions/3.0.0/lib/ruby/gems/3.0.0/gems/activestorage-6.1.5/app/models/active_storage/blob/identifiable.rb", "/home/nameless_ghoul/.rbenv/versions/3.0.0/lib/ruby/gems/3.0.0/gems/activestorage-6.1.5/app/models/active_storage/blob/representable.rb", "/home/nameless_ghoul/.rbenv/versions/3.0.0/lib/ruby/gems/3.0.0/gems/activestorage-6.1.5/app/models/active_storage/blob.rb", "/home/nameless_ghoul/.rbenv/versions/3.0.0/lib/ruby/gems/3.0.0/gems/activestorage-6.1.5/app/models/active_storage/current.rb", "/home/nameless_ghoul/.rbenv/versions/3.0.0/lib/ruby/gems/3.0.0/gems/activestorage-6.1.5/app/models/active_storage/filename.rb", "/home/nameless_ghoul/.rbenv/versions/3.0.0/lib/ruby/gems/3.0.0/gems/activestorage-6.1.5/app/models/active_storage/preview.rb", "/home/nameless_ghoul/.rbenv/versions/3.0.0/lib/ruby/gems/3.0.0/gems/activestorage-6.1.5/app/models/active_storage/record.rb", "/home/nameless_ghoul/.rbenv/versions/3.0.0/lib/ruby/gems/3.0.0/gems/activestorage-6.1.5/app/models/active_storage/variant.rb", "/home/nameless_ghoul/.rbenv/versions/3.0.0/lib/ruby/gems/3.0.0/gems/activestorage-6.1.5/app/models/active_storage/variant_record.rb", "/home/nameless_ghoul/.rbenv/versions/3.0.0/lib/ruby/gems/3.0.0/gems/activestorage-6.1.5/app/models/active_storage/variant_with_record.rb", "/home/nameless_ghoul/.rbenv/versions/3.0.0/lib/ruby/gems/3.0.0/gems/activestorage-6.1.5/app/models/active_storage/variation.rb"], @last_update_at=2022-04-06 12:10:17.186942306 +0800&gt;], @routes_reloader=#&lt;Rails::Application::RoutesReloader:0x0000558f2c0014d0 @paths=["/home/nameless_ghoul/Documents/Work/LoudCloudPH/Learning/Learn Enough Projects/sample_app/config/routes.rb", "/home/nameless_ghoul/.rbenv/versions/3.0.0/lib/ruby/gems/3.0.0/gems/actionmailbox-6.1.5/config/routes.rb", "/home/nameless_ghoul/.rbenv/versions/3.0.0/lib/ruby/gems/3.0.0/gems/activestorage-6.1.5/config/routes.rb"], @route_sets=[#&lt;ActionDispatch::Routing::RouteSet:0x0000558f2c003c08&gt;, #&lt;ActionDispatch::Routing::RouteSet:0x0000558f29538258&gt;, #&lt;ActionDispatch::Routing::RouteSet:0x0000558f2c000170&gt;, #&lt;ActionDispatch::Routing::RouteSet:0x0000558f2a0b0ef0&gt;, #&lt;ActionDispatch::Routing::RouteSet:0x0000558f2958c880&gt;, #&lt;ActionDispatch::Routing::RouteSet:0x0000558f2c022310&gt;, #&lt;ActionDispatch::Routing::RouteSet:0x0000558f2c021690&gt;, #&lt;ActionDispatch::Routing::RouteSet:0x0000558f2c020a10&gt;, #&lt;ActionDispatch::Routing::RouteSet:0x0000558f2c02bd70&gt;, #&lt;ActionDispatch::Routing::RouteSet:0x0000558f2c02b0f0&gt;, #&lt;ActionDispatch::Routing::RouteSet:0x0000558f2c02a3f8&gt;], @external_routes=[#&lt;Pathname:/home/nameless_ghoul/Documents/Work/LoudCloudPH/Learning/Learn Enough Projects/sample_app/config/routes&gt;, #&lt;Pathname:/home/nameless_ghoul/.rbenv/versions/3.0.0/lib/ruby/gems/3.0.0/gems/bootstrap-sass-3.4.1/config/routes&gt;, #&lt;Pathname:/home/nameless_ghoul/.rbenv/versions/3.0.0/lib/ruby/gems/3.0.0/gems/bootstrap-will_paginate-1.0.0/config/routes&gt;, #&lt;Pathname:/home/nameless_ghoul/.rbenv/versions/3.0.0/lib/ruby/gems/3.0.0/gems/active_storage_validations-0.9.7/config/routes&gt;, #&lt;Pathname:/home/nameless_ghoul/.rbenv/versions/3.0.0/lib/ruby/gems/3.0.0/gems/turbolinks-5.2.1/config/routes&gt;, #&lt;Pathname:/home/nameless_ghoul/.rbenv/versions/3.0.0/lib/ruby/gems/3.0.0/gems/webpacker-5.4.3/config/routes&gt;, #&lt;Pathname:/home/nameless_ghoul/.rbenv/versions/3.0.0/lib/ruby/gems/3.0.0/gems/actiontext-6.1.5/config/routes&gt;, #&lt;Pathname:/home/nameless_ghoul/.rbenv/versions/3.0.0/lib/ruby/gems/3.0.0/gems/actionmailbox-6.1.5/config/routes&gt;, #&lt;Pathname:/home/nameless_ghoul/.rbenv/versions/3.0.0/lib/ruby/gems/3.0.0/gems/actioncable-6.1.5/config/routes&gt;, #&lt;Pathname:/home/nameless_ghoul/.rbenv/versions/3.0.0/lib/ruby/gems/3.0.0/gems/activestorage-6.1.5/config/routes&gt;, #&lt;Pathname:/home/nameless_ghoul/.rbenv/versions/3.0.0/lib/ruby/gems/3.0.0/gems/actionview-6.1.5/config/routes&gt;], @eager_load=false, @updater=#&lt;ActiveSupport::FileUpdateChecker:0x0000558f2c3d3158 @files=["/home/nameless_ghoul/Documents/Work/LoudCloudPH/Learning/Learn Enough Projects/sample_app/config/routes.rb", "/home/nameless_ghoul/.rbenv/versions/3.0.0/lib/ruby/gems/3.0.0/gems/actionmailbox-6.1.5/config/routes.rb", "/home/nameless_ghoul/.rbenv/versions/3.0.0/lib/ruby/gems/3.0.0/gems/activestorage-6.1.5/config/routes.rb"], @glob="{/home/nameless_ghoul/Documents/Work/LoudCloudPH/Learning/Learn Enough Projects/sample_app/config/routes/**/*.{rb},/home/nameless_ghoul/.rbenv/versions/3.0.0/lib/ruby/gems/3.0.0/gems/bootstrap-sass-3.4.1/config/routes/**/*.{rb},/home/nameless_ghoul/.rbenv/versions/3.0.0/lib/ruby/gems/3.0.0/gems/bootstrap-will_paginate-1.0.0/config/routes/**/*.{rb},/home/nameless_ghoul/.rbenv/versions/3.0.0/lib/ruby/gems/3.0.0/gems/active_storage_validations-0.9.7/config/routes/**/*.{rb},/home/nameless_ghoul/.rbenv/versions/3.0.0/lib/ruby/gems/3.0.0/gems/turbolinks-5.2.1/config/routes/**/*.{rb},/home/nameless_ghoul/.rbenv/versions/3.0.0/lib/ruby/gems/3.0.0/gems/webpacker-5.4.3/config/routes/**/*.{rb},/home/nameless_ghoul/.rbenv/versions/3.0.0/lib/ruby/gems/3.0.0/gems/actiontext-6.1.5/config/routes/**/*.{rb},/home/nameless_ghoul/.rbenv/versions/3.0.0/lib/ruby/gems/3.0.0/gems/actionmailbox-6.1.5/config/routes/**/*.{rb},/home/nameless_ghoul/.rbenv/versions/3.0.0/lib/ruby/gems/3.0.0/gems/actioncable-6.1.5/config/routes/**/*.{rb},/home/nameless_ghoul/.rbenv/versions/3.0.0/lib/ruby/gems/3.0.0/gems/activestorage-6.1.5/config/routes/**/*.{rb},/home/nameless_ghoul/.rbenv/versions/3.0.0/lib/ruby/gems/3.0.0/gems/actionview-6.1.5/config/routes/**/*.{rb}}", @block=#&lt;Proc:0x0000558f2c3d3108 /home/nameless_ghoul/.rbenv/versions/3.0.0/lib/ruby/gems/3.0.0/gems/railties-6.1.5/lib/rails/application/routes_reloader.rb:35&gt;, @watched=nil, @updated_at=nil, @last_watched=["/home/nameless_ghoul/Documents/Work/LoudCloudPH/Learning/Learn Enough Projects/sample_app/config/routes.rb", "/home/nameless_ghoul/.rbenv/versions/3.0.0/lib/ruby/gems/3.0.0/gems/actionmailbox-6.1.5/config/routes.rb", "/home/nameless_ghoul/.rbenv/versions/3.0.0/lib/ruby/gems/3.0.0/gems/activestorage-6.1.5/config/routes.rb"], @last_update_at=2022-04-06 11:50:47.88913428 +0800&gt;&gt;, @app_env_config=nil, @ordered_railties=[[#&lt;I18n::Railtie:0x0000558f28f3dad8 @config=#&lt;Rails::Railtie::Configuration:0x0000558f29998690&gt;, @initializers=[]&gt;, #&lt;ActiveSupport::Railtie:0x0000558f29987048 @config=#&lt;Rails::Railtie::Configuration:0x0000558f29986f30&gt;, @initializers=[#&lt;Rails::Initializable::Initializer:0x0000558f2bcb2270 @name="active_support.set_authenticated_message_encryption", @context=#&lt;ActiveSupport::Railtie:0x0000558f29987048 ...&gt;, @options={:group=&gt;:default}, @block=#&lt;Proc:0x0000558f29986cb0 /home/nameless_ghoul/.rbenv/versions/3.0.0/lib/ruby/gems/3.0.0/gems/activesupport-6.1.5/lib/active_support/railtie.rb:12&gt;&gt;, #&lt;Rails::Initializable::Initializer:0x0000558f2bcb2220 @name="active_support.reset_all_current_attributes_instances", @context=#&lt;ActiveSupport::Railtie:0x0000558f29987048 ...&gt;, @options={:after=&gt;"active_support.set_authenticated_message_encryption", :group=&gt;:default}, @block=#&lt;Proc:0x0000558f29986ad0 /home/nameless_ghoul/.rbenv/versions/3.0.0/lib/ruby/gems/3.0.0/gems/activesupport-6.1.5/lib/active_support/railtie.rb:21&gt;&gt;, #&lt;Rails::Initializable::Initializer:0x0000558f2bcb21d0 @name="active_support.deprecation_behavior", @context=#&lt;ActiveSupport::Railtie:0x0000558f29987048 ...&gt;, @options={:after=&gt;"active_support.reset_all_current_attributes_instances", :group=&gt;:default}, @block=#&lt;Proc:0x0000558f299868c8 /home/nameless_ghoul/.rbenv/versions/3.0.0/lib/ruby/gems/3.0.0/gems/activesupport-6.1.5/lib/active_support/railtie.rb:32&gt;&gt;, #&lt;Rails::Initializable::Initializer:0x0000558f2bcb2180 @name="active_support.initialize_time_zone", @context=#&lt;ActiveSupport::Railtie:0x0000558f29987048 ...&gt;, @options={:after=&gt;"active_support.deprecation_behavior", :group=&gt;:default}, @block=#&lt;Proc:0x0000558f299867d8 /home/nameless_ghoul/.rbenv/versions/3.0.0/lib/ruby/gems/3.0.0/gems/activesupport-6.1.5/lib/active_support/railtie.rb:48&gt;&gt;, #&lt;Rails::Initializable::Initializer:0x0000558f2bcb2130 @name="active_support.initialize_beginning_of_week", @context=#&lt;ActiveSupport::Railtie:0x0000558f29987048 ...&gt;, @options={:after=&gt;"active_support.initialize_time_zone", :group=&gt;:default}, @block=#&lt;Proc:0x0000558f299866c0 /home/nameless_ghoul/.rbenv/versions/3.0.0/lib/ruby/gems/3.0.0/gems/activesupport-6.1.5/lib/active_support/railtie.rb:60&gt;&gt;, #&lt;Rails::Initializable::Initializer:0x0000558f2bcb20e0 @name="active_support.require_master_key", @context=#&lt;ActiveSupport::Railtie:0x0000558f29987048 ...&gt;, @options={:after=&gt;"active_support.initialize_beginning_of_week", :group=&gt;:default}, @block=#&lt;Proc:0x0000558f29986558 /home/nameless_ghoul/.rbenv/versions/3.0.0/lib/ruby/gems/3.0.0/gems/activesupport-6.1.5/lib/active_support/railtie.rb:67&gt;&gt;, #&lt;Rails::Initializable::Initializer:0x0000558f2bcb2090 @name="active_support.set_configs", @context=#&lt;ActiveSupport::Railtie:0x0000558f29987048 ...&gt;, @options={:after=&gt;"active_support.require_master_key", :group=&gt;:default}, @block=#&lt;Proc:0x0000558f299863f0 /home/nameless_ghoul/.rbenv/versions/3.0.0/lib/ruby/gems/3.0.0/gems/activesupport-6.1.5/lib/active_support/railtie.rb:78&gt;&gt;, #&lt;Rails::Initializable::Initializer:0x0000558f2bcb2040 @name="active_support.set_hash_digest_class", @context=#&lt;ActiveSupport::Railtie:0x0000558f29987048 ...&gt;, @options={:after=&gt;"active_support.set_configs", :group=&gt;:default}, @block=#&lt;Proc:0x0000558f299862d8 /home/nameless_ghoul/.rbenv/versions/3.0.0/lib/ruby/gems/3.0.0/gems/activesupport-6.1.5/lib/active_support/railtie.rb:85&gt;&gt;]&gt;, #&lt;ActionDispatch::Railtie:0x0000558f297506a8 @config=#&lt;Rails::Railtie::Configuration:0x0000558f29750540&gt;, @initializers=[#&lt;Rails::Initializable::Initializer:0x0000558f2bcb1c80 @name="action_dispatch.configure", @context=#&lt;ActionDispatch::Railtie:0x0000558f297506a8 ...&gt;, @options={:group=&gt;:default}, @block=#&lt;Proc:0x0000558f29736578 /home/nameless_ghoul/.rbenv/versions/3.0.0/lib/ruby/gems/3.0.0/gems/actionpack-6.1.5/lib/action_dispatch/railtie.rb:41&gt;&gt;]&gt;, #&lt;ActiveModel::Railtie:0x0000558f298032f8 @config=#&lt;Rails::Railtie::Configuration:0x0000558f29803190&gt;, @initializers=[#&lt;Rails::Initializable::Initializer:0x0000558f2bcb18e8 @name="active_model.secure_password", @context=#&lt;ActiveModel::Railtie:0x0000558f298032f8 ...&gt;, @options={:group=&gt;:default}, @block=#&lt;Proc:0x0000558f29802da8 /home/nameless_ghoul/.rbenv/versions/3.0.0/lib/ruby/gems/3.0.0/gems/activemodel-6.1.5/lib/active_model/railtie.rb:12&gt;&gt;, #&lt;Rails::Initializable::Initializer:0x0000558f2bcb1898 @name="active_model.i18n_customize_full_message", @context=#&lt;ActiveModel::Railtie:0x0000558f298032f8 ...&gt;, @options={:after=&gt;"active_model.secure_password", :group=&gt;:default}, @block=#&lt;Proc:0x0000558f29802ad8 /home/nameless_ghoul/.rbenv/versions/3.0.0/lib/ruby/gems/3.0.0/gems/activemodel-6.1.5/lib/active_model/railtie.rb:16&gt;&gt;]&gt;, #&lt;ActionController::Railtie:0x0000558f29ee2538 @config=#&lt;Rails::Railtie::Configuration:0x0000558f29ee2470&gt;, @initializers=[#&lt;Rails::Initializable::Initializer:0x0000558f2bcb14b0 @name="action_controller.assets_config", @context=#&lt;ActionController::Railtie:0x0000558f29ee2538 ...&gt;, @options={:group=&gt;:all}, @block=#&lt;Proc:0x0000558f29ee22e0 /home/nameless_ghoul/.rbenv/versions/3.0.0/lib/ruby/gems/3.0.0/gems/actionpack-6.1.5/lib/action_controller/railtie.rb:16&gt;&gt;, #&lt;Rails::Initializable::Initializer:0x0000558f2bcb1460 @name="action_controller.set_helpers_path", @context=#&lt;ActionController::Railtie:0x0000558f29ee2538 ...&gt;, @options={:after=&gt;"action_controller.assets_config", :group=&gt;:default}, @block=#&lt;Proc:0x0000558f29ee21c8 /home/nameless_ghoul/.rbenv/versions/3.0.0/lib/ruby/gems/3.0.0/gems/actionpack-6.1.5/lib/action_controller/railtie.rb:20&gt;&gt;, #&lt;Rails::Initializable::Initializer:0x0000558f2bcb1410 @name="action_controller.parameters_config", @context=#&lt;ActionController::Railtie:0x0000558f29ee2538 ...&gt;, @options={:after=&gt;"action_controller.set_helpers_path", :group=&gt;:default}, @block=#&lt;Proc:0x0000558f29ee20d8 /home/nameless_ghoul/.rbenv/versions/3.0.0/lib/ruby/gems/3.0.0/gems/actionpack-6.1.5/lib/action_controller/railtie.rb:24&gt;&gt;, #&lt;Rails::Initializable::Initializer:0x0000558f2bcb13c0 @name="action_controller.set_configs", @context=#&lt;ActionController::Railtie:0x0000558f29ee2538 ...&gt;, @options={:after=&gt;"action_controller.parameters_config", :group=&gt;:default}, @block=#&lt;Proc:0x0000558f29ee1fe8 /home/nameless_ghoul/.rbenv/versions/3.0.0/lib/ruby/gems/3.0.0/gems/actionpack-6.1.5/lib/action_controller/railtie.rb:39&gt;&gt;, #&lt;Rails::Initializable::Initializer:0x0000558f2bcb1370 @name="action_controller.compile_config_methods", @context=#&lt;ActionController::Railtie:0x0000558f29ee2538 ...&gt;, @options={:after=&gt;"action_controller.set_configs", :group=&gt;:default}, @block=#&lt;Proc:0x0000558f29ee1ef8 /home/nameless_ghoul/.rbenv/versions/3.0.0/lib/ruby/gems/3.0.0/gems/actionpack-6.1.5/lib/action_controller/railtie.rb:69&gt;&gt;, #&lt;Rails::Initializable::Initializer:0x0000558f2bcb1320 @name="action_controller.request_forgery_protection", @context=#&lt;ActionController::Railtie:0x0000558f29ee2538 ...&gt;, @options={:after=&gt;"action_controller.compile_config_methods", :group=&gt;:default}, @block=#&lt;Proc:0x0000558f29ee1e08 /home/nameless_ghoul/.rbenv/versions/3.0.0/lib/ruby/gems/3.0.0/gems/actionpack-6.1.5/lib/action_controller/railtie.rb:75&gt;&gt;, #&lt;Rails::Initializable::Initializer:0x0000558f2bcb12d0 @name="action_controller.eager_load_actions", @context=#&lt;ActionController::Railtie:0x0000558f29ee2538 ...&gt;, @options={:after=&gt;"action_controller.request_forgery_protection", :group=&gt;:default}, @block=#&lt;Proc:0x0000558f29ee1d18 /home/nameless_ghoul/.rbenv/versions/3.0.0/lib/ruby/gems/3.0.0/gems/actionpack-6.1.5/lib/action_controller/railtie.rb:83&gt;&gt;]&gt;, #&lt;ActiveRecord::Railtie:0x0000558f29ee19a8 @config=#&lt;Rails::Railtie::Configuration:0x0000558f29ee18e0&gt;, @initializers=[#&lt;Rails::Initializable::Initializer:0x0000558f2bcb0ec0 @name="active_record.initialize_timezone", @context=#&lt;ActiveRecord::Railtie:0x0000558f29ee19a8 ...&gt;, @options={:group=&gt;:default}, @block=#&lt;Proc:0x0000558f29ee0af8 /home/nameless_ghoul/.rbenv/versions/3.0.0/lib/ruby/gems/3.0.0/gems/activerecord-6.1.5/lib/active_record/railtie.rb:70&gt;&gt;, #&lt;Rails::Initializable::Initializer:0x0000558f2bcb0e70 @name="active_record.logger", @context=#&lt;ActiveRecord::Railtie:0x0000558f29ee19a8 ...&gt;, @options={:after=&gt;"active_record.initialize_timezone", :group=&gt;:default}, @block=#&lt;Proc:0x0000558f29ee0a08 /home/nameless_ghoul/.rbenv/versions/3.0.0/lib/ruby/gems/3.0.0/gems/activerecord-6.1.5/lib/active_record/railtie.rb:77&gt;&gt;, #&lt;Rails::Initializable::Initializer:0x0000558f2bcb0e20 @name="active_record.backtrace_cleaner", @context=#&lt;ActiveRecord::Railtie:0x0000558f29ee19a8 ...&gt;, @options={:after=&gt;"active_record.logger", :group=&gt;:default}, @block=#&lt;Proc:0x0000558f29ee0918 /home/nameless_ghoul/.rbenv/versions/3.0.0/lib/ruby/gems/3.0.0/gems/activerecord-6.1.5/lib/active_record/railtie.rb:81&gt;&gt;, #&lt;Rails::Initializable::Initializer:0x0000558f2bcb0dd0 @name="active_record.migration_error", @context=#&lt;ActiveRecord::Railtie:0x0000558f29ee19a8 ...&gt;, @options={:after=&gt;"active_record.backtrace_cleaner", :group=&gt;:default}, @block=#&lt;Proc:0x0000558f29ee0828 /home/nameless_ghoul/.rbenv/versions/3.0.0/lib/ruby/gems/3.0.0/gems/activerecord-6.1.5/lib/active_record/railtie.rb:85&gt;&gt;, #&lt;Rails::Initializable::Initializer:0x0000558f2bcb0d80 @name="active_record.database_selector", @context=#&lt;ActiveRecord::Railtie:0x0000558f29ee19a8 ...&gt;, @options={:after=&gt;"active_record.migration_error", :group=&gt;:default}, @block=#&lt;Proc:0x0000558f29ee0738 /home/nameless_ghoul/.rbenv/versions/3.0.0/lib/ruby/gems/3.0.0/gems/activerecord-6.1.5/lib/active_record/railtie.rb:93&gt;&gt;, #&lt;Rails::Initializable::Initializer:0x0000558f2bcb0d30 @name="Check for cache versioning support", @context=#&lt;ActiveRecord::Railtie:0x0000558f29ee19a8 ...&gt;, @options={:after=&gt;"active_record.database_selector", :group=&gt;:default}, @block=#&lt;Proc:0x0000558f29ee0648 /home/nameless_ghoul/.rbenv/versions/3.0.0/lib/ruby/gems/3.0.0/gems/activerecord-6.1.5/lib/active_record/railtie.rb:101&gt;&gt;, #&lt;Rails::Initializable::Initializer:0x0000558f2bcb0ce0 @name="active_record.check_schema_cache_dump", @context=#&lt;ActiveRecord::Railtie:0x0000558f29ee19a8 ...&gt;, @options={:after=&gt;"Check for cache versioning support", :group=&gt;:default}, @block=#&lt;Proc:0x0000558f29ee0558 /home/nameless_ghoul/.rbenv/versions/3.0.0/lib/ruby/gems/3.0.0/gems/activerecord-6.1.5/lib/active_record/railtie.rb:126&gt;&gt;, #&lt;Rails::Initializable::Initializer:0x0000558f2bcb0c90 @name="active_record.define_attribute_methods", @context=#&lt;ActiveRecord::Railtie:0x0000558f29ee19a8 ...&gt;, @options={:after=&gt;"active_record.check_schema_cache_dump", :group=&gt;:default}, @block=#&lt;Proc:0x0000558f29ee0468 /home/nameless_ghoul/.rbenv/versions/3.0.0/lib/ruby/gems/3.0.0/gems/activerecord-6.1.5/lib/active_record/railtie.rb:163&gt;&gt;, #&lt;Rails::Initializable::Initializer:0x0000558f2bcb0c40 @name="active_record.warn_on_records_fetched_greater_than", @context=#&lt;ActiveRecord::Railtie:0x0000558f29ee19a8 ...&gt;, @options={:after=&gt;"active_record.define_attribute_methods", :group=&gt;:default}, @block=#&lt;Proc:0x0000558f29ee0378 /home/nameless_ghoul/.rbenv/versions/3.0.0/lib/ruby/gems/3.0.0/gems/activerecord-6.1.5/lib/active_record/railtie.rb:196&gt;&gt;, #&lt;Rails::Initializable::Initializer:0x0000558f2bcb0bf0 @name="active_record.set_configs", @context=#&lt;ActiveRecord::Railtie:0x0000558f29ee19a8 ...&gt;, @options={:after=&gt;"active_record.warn_on_records_fetched_greater_than", :group=&gt;:default}, @block=#&lt;Proc:0x0000558f29ee0288 /home/nameless_ghoul/.rbenv/versions/3.0.0/lib/ruby/gems/3.0.0/gems/activerecord-6.1.5/lib/active_record/railtie.rb:204&gt;&gt;, #&lt;Rails::Initializable::Initializer:0x0000558f2bcb0ba0 @name="active_record.initialize_database", @context=#&lt;ActiveRecord::Railtie:0x0000558f29ee19a8 ...&gt;, @options={:after=&gt;"active_record.set_configs", :group=&gt;:default}, @block=#&lt;Proc:0x0000558f29ee0198 /home/nameless_ghoul/.rbenv/versions/3.0.0/lib/ruby/gems/3.0.0/gems/activerecord-6.1.5/lib/active_record/railtie.rb:216&gt;&gt;, #&lt;Rails::Initializable::Initializer:0x0000558f2bcb0b50 @name="active_record.log_runtime", @context=#&lt;ActiveRecord::Railtie:0x0000558f29ee19a8 ...&gt;, @options={:after=&gt;"active_record.initialize_database", :group=&gt;:default}, @block=#&lt;Proc:0x0000558f29ee00a8 /home/nameless_ghoul/.rbenv/versions/3.0.0/lib/ruby/gems/3.0.0/gems/activerecord-6.1.5/lib/active_record/railtie.rb:227&gt;&gt;, #&lt;Rails::Initializable::Initializer:0x0000558f2bcb0b00 @name="active_record.set_reloader_hooks", @context=#&lt;ActiveRecord::Railtie:0x0000558f29ee19a8 ...&gt;, @options={:after=&gt;"active_record.log_runtime", :group=&gt;:default}, @block=#&lt;Proc:0x0000558f29eeffa8 /home/nameless_ghoul/.rbenv/versions/3.0.0/lib/ruby/gems/3.0.0/gems/activerecord-6.1.5/lib/active_record/railtie.rb:234&gt;&gt;, #&lt;Rails::Initializable::Initializer:0x0000558f2bcb0ab0 @name="active_record.set_executor_hooks", @context=#&lt;ActiveRecord::Railtie:0x0000558f29ee19a8 ...&gt;, @options={:after=&gt;"active_record.set_reloader_hooks", :group=&gt;:default}, @block=#&lt;Proc:0x0000558f29eefeb8 /home/nameless_ghoul/.rbenv/versions/3.0.0/lib/ruby/gems/3.0.0/gems/activerecord-6.1.5/lib/active_record/railtie.rb:245&gt;&gt;, #&lt;Rails::Initializable::Initializer:0x0000558f2bcb0a60 @name="active_record.add_watchable_files", @context=#&lt;ActiveRecord::Railtie:0x0000558f29ee19a8 ...&gt;, @options={:after=&gt;"active_record.set_executor_hooks", :group=&gt;:default}, @block=#&lt;Proc:0x0000558f29eefdc8 /home/nameless_ghoul/.rbenv/versions/3.0.0/lib/ruby/gems/3.0.0/gems/activerecord-6.1.5/lib/active_record/railtie.rb:249&gt;&gt;, #&lt;Rails::Initializable::Initializer:0x0000558f2bcb0a10 @name="active_record.clear_active_connections", @context=#&lt;ActiveRecord::Railtie:0x0000558f29ee19a8 ...&gt;, @options={:after=&gt;"active_record.add_watchable_files", :group=&gt;:default}, @block=#&lt;Proc:0x0000558f29eefcd8 /home/nameless_ghoul/.rbenv/versions/3.0.0/lib/ruby/gems/3.0.0/gems/activerecord-6.1.5/lib/active_record/railtie.rb:254&gt;&gt;, #&lt;Rails::Initializable::Initializer:0x0000558f2bcb09c0 @name="active_record.set_filter_attributes", @context=#&lt;ActiveRecord::Railtie:0x0000558f29ee19a8 ...&gt;, @options={:after=&gt;"active_record.clear_active_connections", :group=&gt;:default}, @block=#&lt;Proc:0x0000558f29eefbe8 /home/nameless_ghoul/.rbenv/versions/3.0.0/lib/ruby/gems/3.0.0/gems/activerecord-6.1.5/lib/active_record/railtie.rb:271&gt;&gt;, #&lt;Rails::Initializable::Initializer:0x0000558f2bcb0970 @name="active_record.set_signed_id_verifier_secret", @context=#&lt;ActiveRecord::Railtie:0x0000558f29ee19a8 ...&gt;, @options={:after=&gt;"active_record.set_filter_attributes", :group=&gt;:default}, @block=#&lt;Proc:0x0000558f29eefaf8 /home/nameless_ghoul/.rbenv/versions/3.0.0/lib/ruby/gems/3.0.0/gems/activerecord-6.1.5/lib/active_record/railtie.rb:277&gt;&gt;]&gt;, #&lt;GlobalID::Railtie:0x0000558f29f997b0 @config=#&lt;Rails::Railtie::Configuration:0x0000558f29f996e8&gt;, @initializers=[#&lt;Rails::Initializable::Initializer:0x0000558f2bcb05b0 @name="global_id", @context=#&lt;GlobalID::Railtie:0x0000558f29f997b0 ...&gt;, @options={:group=&gt;:default}, @block=#&lt;Proc:0x0000558f29f99530 /home/nameless_ghoul/.rbenv/versions/3.0.0/lib/ruby/gems/3.0.0/gems/globalid-1.0.0/lib/global_id/railtie.rb:17&gt;&gt;]&gt;, #&lt;ActiveJob::Railtie:0x0000558f29fa66e0 @config=#&lt;Rails::Railtie::Configuration:0x0000558f29fa6618&gt;, @initializers=[#&lt;Rails::Initializable::Initializer:0x0000558f2bcb01c8 @name="active_job.logger", @context=#&lt;ActiveJob::Railtie:0x0000558f29fa66e0 ...&gt;, @options={:group=&gt;:default}, @block=#&lt;Proc:0x0000558f29fa6398 /home/nameless_ghoul/.rbenv/versions/3.0.0/lib/ruby/gems/3.0.0/gems/activejob-6.1.5/lib/active_job/railtie.rb:12&gt;&gt;, #&lt;Rails::Initializable::Initializer:0x0000558f2bcb0178 @name="active_job.custom_serializers", @context=#&lt;ActiveJob::Railtie:0x0000558f29fa66e0 ...&gt;, @options={:after=&gt;"active_job.logger", :group=&gt;:default}, @block=#&lt;Proc:0x0000558f29fa62a8 /home/nameless_ghoul/.rbenv/versions/3.0.0/lib/ruby/gems/3.0.0/gems/activejob-6.1.5/lib/active_job/railtie.rb:16&gt;&gt;, #&lt;Rails::Initializable::Initializer:0x0000558f2bcb0128 @name="active_job.set_configs", @context=#&lt;ActiveJob::Railtie:0x0000558f29fa66e0 ...&gt;, @options={:after=&gt;"active_job.custom_serializers", :group=&gt;:default}, @block=#&lt;Proc:0x0000558f29fa61b8 /home/nameless_ghoul/.rbenv/versions/3.0.0/lib/ruby/gems/3.0.0/gems/activejob-6.1.5/lib/active_job/railtie.rb:23&gt;&gt;, #&lt;Rails::Initializable::Initializer:0x0000558f2bcb00d8 @name="active_job.set_reloader_hook", @context=#&lt;ActiveJob::Railtie:0x0000558f29fa66e0 ...&gt;, @options={:after=&gt;"active_job.set_configs", :group=&gt;:default}, @block=#&lt;Proc:0x0000558f29fa60c8 /home/nameless_ghoul/.rbenv/versions/3.0.0/lib/ruby/gems/3.0.0/gems/activejob-6.1.5/lib/active_job/railtie.rb:43&gt;&gt;]&gt;, #&lt;ActionMailer::Railtie:0x0000558f296d6d58 @config=#&lt;Rails::Railtie::Configuration:0x0000558f296d6790&gt;, @initializers=[#&lt;Rails::Initializable::Initializer:0x0000558f2bcbbca8 @name="action_mailer.logger", @context=#&lt;ActionMailer::Railtie:0x0000558f296d6d58 ...&gt;, @options={:group=&gt;:default}, @block=#&lt;Proc:0x0000558f296d5d90 /home/nameless_ghoul/.rbenv/versions/3.0.0/lib/ruby/gems/3.0.0/gems/actionmailer-6.1.5/lib/action_mailer/railtie.rb:13&gt;&gt;, #&lt;Rails::Initializable::Initializer:0x0000558f2bcbbc58 @name="action_mailer.set_configs", @context=#&lt;ActionMailer::Railtie:0x0000558f296d6d58 ...&gt;, @options={:after=&gt;"action_mailer.logger", :group=&gt;:default}, @block=#&lt;Proc:0x0000558f296d52f0 /home/nameless_ghoul/.rbenv/versions/3.0.0/lib/ruby/gems/3.0.0/gems/actionmailer-6.1.5/lib/action_mailer/railtie.rb:17&gt;&gt;, #&lt;Rails::Initializable::Initializer:0x0000558f2bcbbc08 @name="action_mailer.set_autoload_paths", @context=#&lt;ActionMailer::Railtie:0x0000558f296d6d58 ...&gt;, @options={:after=&gt;"action_mailer.set_configs", :group=&gt;:default}, @block=#&lt;Proc:0x0000558f296d5070 /home/nameless_ghoul/.rbenv/versions/3.0.0/lib/ruby/gems/3.0.0/gems/actionmailer-6.1.5/lib/action_mailer/railtie.rb:57&gt;&gt;, #&lt;Rails::Initializable::Initializer:0x0000558f2bcbbbb8 @name="action_mailer.compile_config_methods", @context=#&lt;ActionMailer::Railtie:0x0000558f296d6d58 ...&gt;, @options={:after=&gt;"action_mailer.set_autoload_paths", :group=&gt;:default}, @block=#&lt;Proc:0x0000558f296d4f08 /home/nameless_ghoul/.rbenv/versions/3.0.0/lib/ruby/gems/3.0.0/gems/actionmailer-6.1.5/lib/action_mailer/railtie.rb:65&gt;&gt;, #&lt;Rails::Initializable::Initializer:0x0000558f2bcbbb68 @name="action_mailer.eager_load_actions", @context=#&lt;ActionMailer::Railtie:0x0000558f296d6d58 ...&gt;, @options={:after=&gt;"action_mailer.compile_config_methods", :group=&gt;:default}, @block=#&lt;Proc:0x0000558f296d4da0 /home/nameless_ghoul/.rbenv/versions/3.0.0/lib/ruby/gems/3.0.0/gems/actionmailer-6.1.5/lib/action_mailer/railtie.rb:71&gt;&gt;]&gt;, #&lt;Rails::TestUnitRailtie:0x0000558f29e41408 @config=#&lt;Rails::Railtie::Configuration:0x0000558f29e41318&gt;, @initializers=[#&lt;Rails::Initializable::Initializer:0x0000558f2bcbb7a8 @name="test_unit.line_filtering", @context=#&lt;Rails::TestUnitRailtie:0x0000558f29e41408 ...&gt;, @options={:group=&gt;:default}, @block=#&lt;Proc:0x0000558f29e40e90 /home/nameless_ghoul/.rbenv/versions/3.0.0/lib/ruby/gems/3.0.0/gems/railties-6.1.5/lib/rails/test_unit/railtie.rb:19&gt;&gt;]&gt;, #&lt;Sprockets::Railtie:0x0000558f29c707f0 @config=#&lt;Rails::Railtie::Configuration:0x0000558f29c70728&gt;, @initializers=[#&lt;Rails::Initializable::Initializer:0x0000558f2bcbb3c0 @name=:set_default_precompile, @context=#&lt;Sprockets::Railtie:0x0000558f29c707f0 ...&gt;, @options={:group=&gt;:default}, @block=#&lt;Proc:0x0000558f29c7ff48 /home/nameless_ghoul/.rbenv/versions/3.0.0/lib/ruby/gems/3.0.0/gems/sprockets-rails-3.4.2/lib/sprockets/railtie.rb:108&gt;&gt;, #&lt;Rails::Initializable::Initializer:0x0000558f2bcbb370 @name=:quiet_assets, @context=#&lt;Sprockets::Railtie:0x0000558f29c707f0 ...&gt;, @options={:after=&gt;:set_default_precompile, :group=&gt;:default}, @block=#&lt;Proc:0x0000558f29c7fe58 /home/nameless_ghoul/.rbenv/versions/3.0.0/lib/ruby/gems/3.0.0/gems/sprockets-rails-3.4.2/lib/sprockets/railtie.rb:117&gt;&gt;, #&lt;Rails::Initializable::Initializer:0x0000558f2bcbb320 @name=:asset_url_processor, @context=#&lt;Sprockets::Railtie:0x0000558f29c707f0 ...&gt;, @options={:after=&gt;:quiet_assets, :group=&gt;:default}, @block=#&lt;Proc:0x0000558f29c7fd68 /home/nameless_ghoul/.rbenv/versions/3.0.0/lib/ruby/gems/3.0.0/gems/sprockets-rails-3.4.2/lib/sprockets/railtie.rb:123&gt;&gt;, #&lt;Rails::Initializable::Initializer:0x0000558f2bcbb2d0 @name=:asset_sourcemap_url_processor, @context=#&lt;Sprockets::Railtie:0x0000558f29c707f0 ...&gt;, @options={:after=&gt;:asset_url_processor, :group=&gt;:default}, @block=#&lt;Proc:0x0000558f29c7fc78 /home/nameless_ghoul/.rbenv/versions/3.0.0/lib/ruby/gems/3.0.0/gems/sprockets-rails-3.4.2/lib/sprockets/railtie.rb:129&gt;&gt;]&gt;, #&lt;SassC::Rails::Railtie:0x0000558f2ab6c038 @config=#&lt;Rails::Railtie::Configuration:0x0000558f2ab7ff48&gt;, @initializers=[#&lt;Rails::Initializable::Initializer:0x0000558f2bcbaf10 @name=:setup_sass, @context=#&lt;SassC::Rails::Railtie:0x0000558f2ab6c038 ...&gt;, @options={:group=&gt;:all}, @block=#&lt;Proc:0x0000558f2ab7f868 /home/nameless_ghoul/.rbenv/versions/3.0.0/lib/ruby/gems/3.0.0/gems/sassc-rails-2.1.2/lib/sassc/rails/railtie.rb:34&gt;&gt;, #&lt;Rails::Initializable::Initializer:0x0000558f2bcbaec0 @name=:setup_compression, @context=#&lt;SassC::Rails::Railtie:0x0000558f2ab6c038 ...&gt;, @options={:group=&gt;:all, :after=&gt;:setup_sass}, @block=#&lt;Proc:0x0000558f2ab7f750 /home/nameless_ghoul/.rbenv/versions/3.0.0/lib/ruby/gems/3.0.0/gems/sassc-rails-2.1.2/lib/sassc/rails/railtie.rb:72&gt;&gt;]&gt;, #&lt;Jbuilder::Railtie:0x0000558f2bcb3bc0 @initializers=[#&lt;Rails::Initializable::Initializer:0x0000558f2bcbab50 @name=:jbuilder, @context=#&lt;Jbuilder::Railtie:0x0000558f2bcb3bc0 ...&gt;, @options={:group=&gt;:default}, @block=#&lt;Proc:0x0000558f2adad388 /home/nameless_ghoul/.rbenv/versions/3.0.0/lib/ruby/gems/3.0.0/gems/jbuilder-2.11.5/lib/jbuilder/railtie.rb:6&gt;&gt;]&gt;, #&lt;ActiveStorageValidations::Railtie:0x0000558f2bcb3b20 @initializers=[]&gt;, #&lt;WillPaginate::Railtie:0x0000558f2bcb3a80 @initializers=[#&lt;Rails::Initializable::Initializer:0x0000558f2bcba498 @name="will_paginate", @context=#&lt;WillPaginate::Railtie:0x0000558f2bcb3a80 ...&gt;, @options={:group=&gt;:default}, @block=#&lt;Proc:0x0000558f2b37e050 /home/nameless_ghoul/.rbenv/versions/3.0.0/lib/ruby/gems/3.0.0/gems/will_paginate-3.3.1/lib/will_paginate/railtie.rb:7&gt;&gt;]&gt;, #&lt;Webdrivers::Railtie:0x0000558f2bcb39e0 @initializers=[]&gt;, #&lt;Rails::Controller::Testing::Railtie:0x0000558f2bcb3940 @initializers=[#&lt;Rails::Initializable::Initializer:0x0000558f2bcb9de0 @name="rails_controller_testing", @context=#&lt;Rails::Controller::Testing::Railtie:0x0000558f2bcb3940 ...&gt;, @options={:group=&gt;:default}, @block=#&lt;Proc:0x0000558f2b3bdb10 /home/nameless_ghoul/.rbenv/versions/3.0.0/lib/ruby/gems/3.0.0/gems/rails-controller-testing-1.0.5/lib/rails/controller/testing/railtie.rb:2&gt;&gt;]&gt;, #&lt;ActionView::Railtie:0x0000558f29ed2660 @_all_autoload_paths=[], @_all_load_paths=["/home/nameless_ghoul/.rbenv/versions/3.0.0/lib/ruby/gems/3.0.0/gems/actionview-6.1.5/lib"], @app=nil, @config=#&lt;Rails::Engine::Configuration:0x0000558f29ee3b90 @root=#&lt;Pathname:/home/nameless_ghoul/.rbenv/versions/3.0.0/lib/ruby/gems/3.0.0/gems/actionview-6.1.5&gt;, @generators=#&lt;Rails::Configuration::Generators:0x0000558f29ee38c0 @aliases={}, @options={}, @fallbacks={}, @templates=[], @colorize_logging=true, @api_only=false, @hidden_namespaces=["sass"], @after_generate_callbacks=[]&gt;, @middleware=#&lt;Rails::Configuration::MiddlewareStackProxy:0x0000558f29ee3730 @operations=[], @delete_operations=[]&gt;, @javascript_path="javascript", @autoload_once_paths=[], @paths=#&lt;Rails::Paths::Root:0x0000558f2bcda9c8 @path=#&lt;Pathname:/home/nameless_ghoul/.rbenv/versions/3.0.0/lib/ruby/gems/3.0.0/gems/actionview-6.1.5&gt;, @root={"app"=&gt;#&lt;Rails::Paths::Path:0x0000558f2bcda838 @paths=["app"], @current="app", @root=#&lt;Rails::Paths::Root:0x0000558f2bcda9c8 ...&gt;, @glob="{*,*/concerns}", @exclude=["assets", "javascript"], @autoload_once=false, @eager_load=true, @autoload=false, @load_path=false&gt;, "app/assets"=&gt;#&lt;Rails::Paths::Path:0x0000558f2bcda6f8 @paths=["app/assets"], @current="app/assets", @root=#&lt;Rails::Paths::Root:0x0000558f2bcda9c8 ...&gt;, @glob="*", @exclude=nil, @autoload_once=false, @eager_load=false, @autoload=false, @load_path=false&gt;, "app/controllers"=&gt;#&lt;Rails::Paths::Path:0x0000558f2bcda630 @paths=["app/controllers"], @current="app/controllers", @root=#&lt;Rails::Paths::Root:0x0000558f2bcda9c8 ...&gt;, @glob=nil, @exclude=nil, @autoload_once=false, @eager_load=true, @autoload=false, @load_path=false&gt;, "app/channels"=&gt;#&lt;Rails::Paths::Path:0x0000558f2bcda590 @paths=["app/channels"], @current="app/channels", @root=#&lt;Rails::Paths::Root:0x0000558f2bcda9c8 ...&gt;, @glob="**/*_channel.rb", @exclude=nil, @autoload_once=false, @eager_load=true, @autoload=false, @load_path=false&gt;, "app/helpers"=&gt;#&lt;Rails::Paths::Path:0x0000558f2bcda4f0 @paths=["app/helpers"], @current="app/helpers", @root=#&lt;Rails::Paths::Root:0x0000558f2bcda9c8 ...&gt;, @glob=nil, @exclude=nil, @autoload_once=false, @eager_load=true, @autoload=false, @load_path=false&gt;, "app/models"=&gt;#&lt;Rails::Paths::Path:0x0000558f2bcda450 @paths=["app/models"], @current="app/models", @root=#&lt;Rails::Paths::Root:0x0000558f2bcda9c8 ...&gt;, @glob=nil, @exclude=nil, @autoload_once=false, @eager_load=true, @autoload=false, @load_path=false&gt;, "app/mailers"=&gt;#&lt;Rails::Paths::Path:0x0000558f2bcda3b0 @paths=["app/mailers"], @current="app/mailers", @root=#&lt;Rails::Paths::Root:0x0000558f2bcda9c8 ...&gt;, @glob=nil, @exclude=nil, @autoload_once=false, @eager_load=true, @autoload=false, @load_path=false&gt;, "app/views"=&gt;#&lt;Rails::Paths::Path:0x0000558f2bcda310 @paths=["app/views"], @current="app/views", @root=#&lt;Rails::Paths::Root:0x0000558f2bcda9c8 ...&gt;, @glob=nil, @exclude=nil, @autoload_once=false, @eager_load=false, @autoload=false, @load_path=false&gt;, "lib"=&gt;#&lt;Rails::Paths::Path:0x0000558f2bcda270 @paths=["lib"], @current="lib", @root=#&lt;Rails::Paths::Root:0x0000558f2bcda9c8 ...&gt;, @glob=nil, @exclude=nil, @autoload_once=false, @eager_load=false, @autoload=false, @load_path=true&gt;, "lib/assets"=&gt;#&lt;Rails::Paths::Path:0x0000558f2bcda1a8 @paths=["lib/assets"], @current="lib/assets", @root=#&lt;Rails::Paths::Root:0x0000558f2bcda9c8 ...&gt;, @glob="*", @exclude=nil, @autoload_once=false, @eager_load=false, @autoload=false, @load_path=false&gt;, "lib/tasks"=&gt;#&lt;Rails::Paths::Path:0x0000558f2bcda108 @paths=["lib/tasks"], @current="lib/tasks", @root=#&lt;Rails::Paths::Root:0x0000558f2bcda9c8 ...&gt;, @glob="**/*.rake", @exclude=nil, @autoload_once=false, @eager_load=false, @autoload=false, @load_path=false&gt;, "config"=&gt;#&lt;Rails::Paths::Path:0x0000558f2bcda090 @paths=["config"], @current="config", @root=#&lt;Rails::Paths::Root:0x0000558f2bcda9c8 ...&gt;, @glob=nil, @exclude=nil, @autoload_once=false, @eager_load=false, @autoload=false, @load_path=false&gt;, "config/environments"=&gt;#&lt;Rails::Paths::Path:0x0000558f2bcd9fc8 @paths=["config/environments"], @current="config/environments", @root=#&lt;Rails::Paths::Root:0x0000558f2bcda9c8 ...&gt;, @glob="test.rb", @exclude=nil, @autoload_once=false, @eager_load=false, @autoload=false, @load_path=false&gt;, "config/initializers"=&gt;#&lt;Rails::Paths::Path:0x0000558f2bcd9f28 @paths=["config/initializers"], @current="config/initializers", @root=#&lt;Rails::Paths::Root:0x0000558f2bcda9c8 ...&gt;, @glob="**/*.rb", @exclude=nil, @autoload_once=false, @eager_load=false, @autoload=false, @load_path=false&gt;, "config/locales"=&gt;#&lt;Rails::Paths::Path:0x0000558f2bcd9e88 @paths=["config/locales"], @current="config/locales", @root=#&lt;Rails::Paths::Root:0x0000558f2bcda9c8 ...&gt;, @glob="*.{rb,yml}", @exclude=nil, @autoload_once=false, @eager_load=false, @autoload=false, @load_path=false&gt;, "config/routes.rb"=&gt;#&lt;Rails::Paths::Path:0x0000558f2bcd9e10 @paths=["config/routes.rb"], @current="config/routes.rb", @root=#&lt;Rails::Paths::Root:0x0000558f2bcda9c8 ...&gt;, @glob=nil, @exclude=nil, @autoload_once=false, @eager_load=false, @autoload=false, @load_path=false&gt;, "config/routes"=&gt;#&lt;Rails::Paths::Path:0x0000558f2bcd9d70 @paths=["config/routes"], @current="config/routes", @root=#&lt;Rails::Paths::Root:0x0000558f2bcda9c8 ...&gt;, @glob="**/*.rb", @exclude=nil, @autoload_once=false, @eager_load=false, @autoload=false, @load_path=false&gt;, "db"=&gt;#&lt;Rails::Paths::Path:0x0000558f2bcd9cf8 @paths=["db"], @current="db", @root=#&lt;Rails::Paths::Root:0x0000558f2bcda9c8 ...&gt;, @glob=nil, @exclude=nil, @autoload_once=false, @eager_load=false, @autoload=false, @load_path=false&gt;, "db/migrate"=&gt;#&lt;Rails::Paths::Path:0x0000558f2bcd9c80 @paths=["db/migrate"], @current="db/migrate", @root=#&lt;Rails::Paths::Root:0x0000558f2bcda9c8 ...&gt;, @glob=nil, @exclude=nil, @autoload_once=false, @eager_load=false, @autoload=false, @load_path=false&gt;, "db/seeds.rb"=&gt;#&lt;Rails::Paths::Path:0x0000558f2bcd9c08 @paths=["db/seeds.rb"], @current="db/seeds.rb", @root=#&lt;Rails::Paths::Root:0x0000558f2bcda9c8 ...&gt;, @glob=nil, @exclude=nil, @autoload_once=false, @eager_load=false, @autoload=false, @load_path=false&gt;, "vendor"=&gt;#&lt;Rails::Paths::Path:0x0000558f2bcd9b68 @paths=["vendor"], @current="vendor", @root=#&lt;Rails::Paths::Root:0x0000558f2bcda9c8 ...&gt;, @glob=nil, @exclude=nil, @autoload_once=false, @eager_load=false, @autoload=false, @load_path=true&gt;, "vendor/assets"=&gt;#&lt;Rails::Paths::Path:0x0000558f2bcd9ac8 @paths=["vendor/assets"], @current="vendor/assets", @root=#&lt;Rails::Paths::Root:0x0000558f2bcda9c8 ...&gt;, @glob="*", @exclude=nil, @autoload_once=false, @eager_load=false, @autoload=false, @load_path=false&gt;}&gt;, @autoload_paths=[], @eager_load_paths=[]&gt;, @env_config=nil, @helpers=nil, @routes=#&lt;ActionDispatch::Routing::RouteSet:0x0000558f2c003c08&gt;, @app_build_lock=#&lt;Thread::Mutex:0x0000558f29ed2610&gt;, @initializers=[#&lt;Rails::Initializable::Initializer:0x0000558f2bcb9930 @name=:load_environment_config, @context=#&lt;ActionView::Railtie:0x0000558f29ed2660 ...&gt;, @options={:before=&gt;:load_environment_hook, :group=&gt;:all}, @block=#&lt;Proc:0x0000558f29b2c858 /home/nameless_ghoul/.rbenv/versions/3.0.0/lib/ruby/gems/3.0.0/gems/railties-6.1.5/lib/rails/engine.rb:569&gt;&gt;, #&lt;Rails::Initializable::Initializer:0x0000558f2bcb98e0 @name=:set_load_path, @context=#&lt;ActionView::Railtie:0x0000558f29ed2660 ...&gt;, @options={:before=&gt;:bootstrap_hook, :after=&gt;:load_environment_config, :group=&gt;:default}, @block=#&lt;Proc:0x0000558f29b2c678 /home/nameless_ghoul/.rbenv/versions/3.0.0/lib/ruby/gems/3.0.0/gems/railties-6.1.5/lib/rails/engine.rb:575&gt;&gt;, #&lt;Rails::Initializable::Initializer:0x0000558f2bcb9890 @name=:set_autoload_paths, @context=#&lt;ActionView::Railtie:0x0000558f29ed2660 ...&gt;, @options={:before=&gt;:bootstrap_hook, :after=&gt;:set_load_path, :group=&gt;:default}, @block=#&lt;Proc:0x0000558f29b2c4e8 /home/nameless_ghoul/.rbenv/versions/3.0.0/lib/ruby/gems/3.0.0/gems/railties-6.1.5/lib/rails/engine.rb:587&gt;&gt;, #&lt;Rails::Initializable::Initializer:0x0000558f2bcb9840 @name=:set_eager_load_paths, @context=#&lt;ActionView::Railtie:0x0000558f29ed2660 ...&gt;, @options={:before=&gt;:bootstrap_hook, :after=&gt;:set_autoload_paths, :group=&gt;:default}, @block=#&lt;Proc:0x0000558f29b2c3d0 /home/nameless_ghoul/.rbenv/versions/3.0.0/lib/ruby/gems/3.0.0/gems/railties-6.1.5/lib/rails/engine.rb:595&gt;&gt;, #&lt;Rails::Initializable::Initializer:0x0000558f2bcb97f0 @name=:add_routing_paths, @context=#&lt;ActionView::Railtie:0x0000558f29ed2660 ...&gt;, @options={:after=&gt;:set_eager_load_paths, :group=&gt;:default}, @block=#&lt;Proc:0x0000558f29b2c2b8 /home/nameless_ghoul/.rbenv/versions/3.0.0/lib/ruby/gems/3.0.0/gems/railties-6.1.5/lib/rails/engine.rb:600&gt;&gt;, #&lt;Rails::Initializable::Initializer:0x0000558f2bcb97a0 @name=:add_locales, @context=#&lt;ActionView::Railtie:0x0000558f29ed2660 ...&gt;, @options={:after=&gt;:add_routing_paths, :group=&gt;:default}, @block=#&lt;Proc:0x0000558f29b2c1c8 /home/nameless_ghoul/.rbenv/versions/3.0.0/lib/ruby/gems/3.0.0/gems/railties-6.1.5/lib/rails/engine.rb:614&gt;&gt;, #&lt;Rails::Initializable::Initializer:0x0000558f2bcb9750 @name=:add_view_paths, @context=#&lt;ActionView::Railtie:0x0000558f29ed2660 ...&gt;, @options={:after=&gt;:add_locales, :group=&gt;:default}, @block=#&lt;Proc:0x0000558f29b2c0d8 /home/nameless_ghoul/.rbenv/versions/3.0.0/lib/ruby/gems/3.0.0/gems/railties-6.1.5/lib/rails/engine.rb:618&gt;&gt;, #&lt;Rails::Initializable::Initializer:0x0000558f2bcb9700 @name=:prepend_helpers_path, @context=#&lt;ActionView::Railtie:0x0000558f29ed2660 ...&gt;, @options={:after=&gt;:add_view_paths, :group=&gt;:default}, @block=#&lt;Proc:0x0000558f28f17f18 /home/nameless_ghoul/.rbenv/versions/3.0.0/lib/ruby/gems/3.0.0/gems/railties-6.1.5/lib/rails/engine.rb:626&gt;&gt;, #&lt;Rails::Initializable::Initializer:0x0000558f2bcb96b0 @name=:load_config_initializers, @context=#&lt;ActionView::Railtie:0x0000558f29ed2660 ...&gt;, @options={:after=&gt;:prepend_helpers_path, :group=&gt;:default}, @block=#&lt;Proc:0x0000558f28f17608 /home/nameless_ghoul/.rbenv/versions/3.0.0/lib/ruby/gems/3.0.0/gems/railties-6.1.5/lib/rails/engine.rb:632&gt;&gt;, #&lt;Rails::Initializable::Initializer:0x0000558f2bcb9660 @name=:wrap_executor_around_load_seed, @context=#&lt;ActionView::Railtie:0x0000558f29ed2660 ...&gt;, @options={:after=&gt;:load_config_initializers, :group=&gt;:default}, @block=#&lt;Proc:0x0000558f28f16e60 /home/nameless_ghoul/.rbenv/versions/3.0.0/lib/ruby/gems/3.0.0/gems/railties-6.1.5/lib/rails/engine.rb:638&gt;&gt;, #&lt;Rails::Initializable::Initializer:0x0000558f2bcb9610 @name=:engines_blank_point, @context=#&lt;ActionView::Railtie:0x0000558f29ed2660 ...&gt;, @options={:after=&gt;:wrap_executor_around_load_seed, :group=&gt;:default}, @block=#&lt;Proc:0x0000558f28f16960 /home/nameless_ghoul/.rbenv/versions/3.0.0/lib/ruby/gems/3.0.0/gems/railties-6.1.5/lib/rails/engine.rb:644&gt;&gt;, #&lt;Rails::Initializable::Initializer:0x0000558f2bcb95c0 @name=:append_assets_path, @context=#&lt;ActionView::Railtie:0x0000558f29ed2660 ...&gt;, @options={:group=&gt;:all, :after=&gt;:engines_blank_point}, @block=#&lt;Proc:0x0000558f29c70d40 /home/nameless_ghoul/.rbenv/versions/3.0.0/lib/ruby/gems/3.0.0/gems/sprockets-rails-3.4.2/lib/sprockets/railtie.rb:60&gt;&gt;, #&lt;Rails::Initializable::Initializer:0x0000558f2bcb9570 @name="action_view.logger", @context=#&lt;ActionView::Railtie:0x0000558f29ed2660 ...&gt;, @options={:group=&gt;:default}, @block=#&lt;Proc:0x0000558f29ee2d80 /home/nameless_ghoul/.rbenv/versions/3.0.0/lib/ruby/gems/3.0.0/gems/actionview-6.1.5/lib/action_view/railtie.rb:58&gt;&gt;, #&lt;Rails::Initializable::Initializer:0x0000558f2bcb9520 @name="action_view.caching", @context=#&lt;ActionView::Railtie:0x0000558f29ed2660 ...&gt;, @options={:after=&gt;"action_view.logger", :group=&gt;:default}, @block=#&lt;Proc:0x0000558f29ee2c90 /home/nameless_ghoul/.rbenv/versions/3.0.0/lib/ruby/gems/3.0.0/gems/actionview-6.1.5/lib/action_view/railtie.rb:62&gt;&gt;, #&lt;Rails::Initializable::Initializer:0x0000558f2bcb94d0 @name="action_view.setup_action_pack", @context=#&lt;ActionView::Railtie:0x0000558f29ed2660 ...&gt;, @options={:after=&gt;"action_view.caching", :group=&gt;:default}, @block=#&lt;Proc:0x0000558f29ee2ba0 /home/nameless_ghoul/.rbenv/versions/3.0.0/lib/ruby/gems/3.0.0/gems/actionview-6.1.5/lib/action_view/railtie.rb:70&gt;&gt;, #&lt;Rails::Initializable::Initializer:0x0000558f2bcb9480 @name="action_view.collection_caching", @context=#&lt;ActionView::Railtie:0x0000558f29ed2660 ...&gt;, @options={:after=&gt;"action_controller.set_configs", :group=&gt;:default}, @block=#&lt;Proc:0x0000558f29ee2a88 /home/nameless_ghoul/.rbenv/versions/3.0.0/lib/ruby/gems/3.0.0/gems/actionview-6.1.5/lib/action_view/railtie.rb:76&gt;&gt;]&gt;, #&lt;ActiveStorage::Engine:0x0000558f2a1d6aa0 @_all_autoload_paths=["/home/nameless_ghoul/.rbenv/versions/3.0.0/lib/ruby/gems/3.0.0/gems/activestorage-6.1.5/app/controllers", "/home/nameless_ghoul/.rbenv/versions/3.0.0/lib/ruby/gems/3.0.0/gems/activestorage-6.1.5/app/controllers/concerns", "/home/nameless_ghoul/.rbenv/versions/3.0.0/lib/ruby/gems/3.0.0/gems/activestorage-6.1.5/app/jobs", "/home/nameless_ghoul/.rbenv/versions/3.0.0/lib/ruby/gems/3.0.0/gems/activestorage-6.1.5/app/models"], @_all_load_paths=["/home/nameless_ghoul/.rbenv/versions/3.0.0/lib/ruby/gems/3.0.0/gems/activestorage-6.1.5/lib", "/home/nameless_ghoul/.rbenv/versions/3.0.0/lib/ruby/gems/3.0.0/gems/activestorage-6.1.5/app/controllers", "/home/nameless_ghoul/.rbenv/versions/3.0.0/lib/ruby/gems/3.0.0/gems/activestorage-6.1.5/app/controllers/concerns", "/home/nameless_ghoul/.rbenv/versions/3.0.0/lib/ruby/gems/3.0.0/gems/activestorage-6.1.5/app/jobs", "/home/nameless_ghoul/.rbenv/versions/3.0.0/lib/ruby/gems/3.0.0/gems/activestorage-6.1.5/app/models"], @app=nil, @config=#&lt;Rails::Engine::Configuration:0x0000558f29538910 @root=#&lt;Pathname:/home/nameless_ghoul/.rbenv/versions/3.0.0/lib/ruby/gems/3.0.0/gems/activestorage-6.1.5&gt;, @generators=#&lt;Rails::Configuration::Generators:0x0000558f29538870 @aliases={}, @options={:rails=&gt;{:orm=&gt;:active_record}, :active_record=&gt;{:migration=&gt;true, :timestamps=&gt;true}}, @fallbacks={}, @templates=[], @colorize_logging=true, @api_only=false, @hidden_namespaces=["sass"], @after_generate_callbacks=[]&gt;, @middleware=#&lt;Rails::Configuration::MiddlewareStackProxy:0x0000558f295384b0 @operations=[], @delete_operations=[]&gt;, @javascript_path="javascript", @autoload_once_paths=[], @paths=#&lt;Rails::Paths::Root:0x0000558f2bcd9640 @path=#&lt;Pathname:/home/nameless_ghoul/.rbenv/versions/3.0.0/lib/ruby/gems/3.0.0/gems/activestorage-6.1.5&gt;, @root={"app"=&gt;#&lt;Rails::Paths::Path:0x0000558f2bcd9578 @paths=["app"], @current="app", @root=#&lt;Rails::Paths::Root:0x0000558f2bcd9640 ...&gt;, @glob="{*,*/concerns}", @exclude=["assets", "javascript"], @autoload_once=false, @eager_load=true, @autoload=false, @load_path=false&gt;, "app/assets"=&gt;#&lt;Rails::Paths::Path:0x0000558f2bcd9500 @paths=["app/assets"], @current="app/assets", @root=#&lt;Rails::Paths::Root:0x0000558f2bcd9640 ...&gt;, @glob="*", @exclude=nil, @autoload_once=false, @eager_load=false, @autoload=false, @load_path=false&gt;, "app/controllers"=&gt;#&lt;Rails::Paths::Path:0x0000558f2bcd9488 @paths=["app/controllers"], @current="app/controllers", @root=#&lt;Rails::Paths::Root:0x0000558f2bcd9640 ...&gt;, @glob=nil, @exclude=nil, @autoload_once=false, @eager_load=true, @autoload=false, @load_path=false&gt;, "app/channels"=&gt;#&lt;Rails::Paths::Path:0x0000558f2bcd9410 @paths=["app/channels"], @current="app/channels", @root=#&lt;Rails::Paths::Root:0x0000558f2bcd9640 ...&gt;, @glob="**/*_channel.rb", @exclude=nil, @autoload_once=false, @eager_load=true, @autoload=false, @load_path=false&gt;, "app/helpers"=&gt;#&lt;Rails::Paths::Path:0x0000558f2bcd9398 @paths=["app/helpers"], @current="app/helpers", @root=#&lt;Rails::Paths::Root:0x0000558f2bcd9640 ...&gt;, @glob=nil, @exclude=nil, @autoload_once=false, @eager_load=true, @autoload=false, @load_path=false&gt;, "app/models"=&gt;#&lt;Rails::Paths::Path:0x0000558f2bcd9320 @paths=["app/models"], @current="app/models", @root=#&lt;Rails::Paths::Root:0x0000558f2bcd9640 ...&gt;, @glob=nil, @exclude=nil, @autoload_once=false, @eager_load=true, @autoload=false, @load_path=false&gt;, "app/mailers"=&gt;#&lt;Rails::Paths::Path:0x0000558f2bcd92a8 @paths=["app/mailers"], @current="app/mailers", @root=#&lt;Rails::Paths::Root:0x0000558f2bcd9640 ...&gt;, @glob=nil, @exclude=nil, @autoload_once=false, @eager_load=true, @autoload=false, @load_path=false&gt;, "app/views"=&gt;#&lt;Rails::Paths::Path:0x0000558f2bcd9230 @paths=["app/views"], @current="app/views", @root=#&lt;Rails::Paths::Root:0x0000558f2bcd9640 ...&gt;, @glob=nil, @exclude=nil, @autoload_once=false, @eager_load=false, @autoload=false, @load_path=false&gt;, "lib"=&gt;#&lt;Rails::Paths::Path:0x0000558f2bcd91b8 @paths=["lib"], @current="lib", @root=#&lt;Rails::Paths::Root:0x0000558f2bcd9640 ...&gt;, @glob=nil, @exclude=nil, @autoload_once=false, @eager_load=false, @autoload=false, @load_path=true&gt;, "lib/assets"=&gt;#&lt;Rails::Paths::Path:0x0000558f2bcd9140 @paths=["lib/assets"], @current="lib/assets", @root=#&lt;Rails::Paths::Root:0x0000558f2bcd9640 ...&gt;, @glob="*", @exclude=nil, @autoload_once=false, @eager_load=false, @autoload=false, @load_path=false&gt;, "lib/tasks"=&gt;#&lt;Rails::Paths::Path:0x0000558f2bcd90c8 @paths=["lib/tasks"], @current="lib/tasks", @root=#&lt;Rails::Paths::Root:0x0000558f2bcd9640 ...&gt;, @glob="**/*.rake", @exclude=nil, @autoload_once=false, @eager_load=false, @autoload=false, @load_path=false&gt;, "config"=&gt;#&lt;Rails::Paths::Path:0x0000558f2bcd9050 @paths=["config"], @current="config", @root=#&lt;Rails::Paths::Root:0x0000558f2bcd9640 ...&gt;, @glob=nil, @exclude=nil, @autoload_once=false, @eager_load=false, @autoload=false, @load_path=false&gt;, "config/environments"=&gt;#&lt;Rails::Paths::Path:0x0000558f2bcd8fb0 @paths=["config/environments"], @current="config/environments", @root=#&lt;Rails::Paths::Root:0x0000558f2bcd9640 ...&gt;, @glob="test.rb", @exclude=nil, @autoload_once=false, @eager_load=false, @autoload=false, @load_path=false&gt;, "config/initializers"=&gt;#&lt;Rails::Paths::Path:0x0000558f2bcd8f38 @paths=["config/initializers"], @current="config/initializers", @root=#&lt;Rails::Paths::Root:0x0000558f2bcd9640 ...&gt;, @glob="**/*.rb", @exclude=nil, @autoload_once=false, @eager_load=false, @autoload=false, @load_path=false&gt;, "config/locales"=&gt;#&lt;Rails::Paths::Path:0x0000558f2bcd8ec0 @paths=["config/locales"], @current="config/locales", @root=#&lt;Rails::Paths::Root:0x0000558f2bcd9640 ...&gt;, @glob="*.{rb,yml}", @exclude=nil, @autoload_once=false, @eager_load=false, @autoload=false, @load_path=false&gt;, "config/routes.rb"=&gt;#&lt;Rails::Paths::Path:0x0000558f2bcd8e48 @paths=["config/routes.rb"], @current="config/routes.rb", @root=#&lt;Rails::Paths::Root:0x0000558f2bcd9640 ...&gt;, @glob=nil, @exclude=nil, @autoload_once=false, @eager_load=false, @autoload=false, @load_path=false&gt;, "config/routes"=&gt;#&lt;Rails::Paths::Path:0x0000558f2bcd8dd0 @paths=["config/routes"], @current="config/routes", @root=#&lt;Rails::Paths::Root:0x0000558f2bcd9640 ...&gt;, @glob="**/*.rb", @exclude=nil, @autoload_once=false, @eager_load=false, @autoload=false, @load_path=false&gt;, "db"=&gt;#&lt;Rails::Paths::Path:0x0000558f2bcd8d58 @paths=["db"], @current="db", @root=#&lt;Rails::Paths::Root:0x0000558f2bcd9640 ...&gt;, @glob=nil, @exclude=nil, @autoload_once=false, @eager_load=false, @autoload=false, @load_path=false&gt;, "db/migrate"=&gt;#&lt;Rails::Paths::Path:0x0000558f2bcd8ce0 @paths=["db/migrate"], @current="db/migrate", @root=#&lt;Rails::Paths::Root:0x0000558f2bcd9640 ...&gt;, @glob=nil, @exclude=nil, @autoload_once=false, @eager_load=false, @autoload=false, @load_path=false&gt;, "db/seeds.rb"=&gt;#&lt;Rails::Paths::Path:0x0000558f2bcd8c68 @paths=["db/seeds.rb"], @current="db/seeds.rb", @root=#&lt;Rails::Paths::Root:0x0000558f2bcd9640 ...&gt;, @glob=nil, @exclude=nil, @autoload_once=false, @eager_load=false, @autoload=false, @load_path=false&gt;, "vendor"=&gt;#&lt;Rails::Paths::Path:0x0000558f2bcd8bf0 @paths=["vendor"], @current="vendor", @root=#&lt;Rails::Paths::Root:0x0000558f2bcd9640 ...&gt;, @glob=nil, @exclude=nil, @autoload_once=false, @eager_load=false, @autoload=false, @load_path=true&gt;, "vendor/assets"=&gt;#&lt;Rails::Paths::Path:0x0000558f2bcd8b78 @paths=["vendor/assets"], @current="vendor/assets", @root=#&lt;Rails::Paths::Root:0x0000558f2bcd9640 ...&gt;, @glob="*", @exclude=nil, @autoload_once=false, @eager_load=false, @autoload=false, @load_path=false&gt;}&gt;, @autoload_paths=[], @eager_load_paths=["/home/nameless_ghoul/.rbenv/versions/3.0.0/lib/ruby/gems/3.0.0/gems/activestorage-6.1.5/app/controllers", "/home/nameless_ghoul/.rbenv/versions/3.0.0/lib/ruby/gems/3.0.0/gems/activestorage-6.1.5/app/controllers/concerns", "/home/nameless_ghoul/.rbenv/versions/3.0.0/lib/ruby/gems/3.0.0/gems/activestorage-6.1.5/app/jobs", "/home/nameless_ghoul/.rbenv/versions/3.0.0/lib/ruby/gems/3.0.0/gems/activestorage-6.1.5/app/models"]&gt;, @env_config=nil, @helpers=nil, @routes=#&lt;ActionDispatch::Routing::RouteSet:0x0000558f29538258&gt;, @app_build_lock=#&lt;Thread::Mutex:0x0000558f2a1d6a78&gt;, @initializers=[#&lt;Rails::Initializable::Initializer:0x0000558f2bcb8fa8 @name=:load_environment_config, @context=#&lt;ActiveStorage::Engine:0x0000558f2a1d6aa0 ...&gt;, @options={:before=&gt;:load_environment_hook, :group=&gt;:all}, @block=#&lt;Proc:0x0000558f29b2c858 /home/nameless_ghoul/.rbenv/versions/3.0.0/lib/ruby/gems/3.0.0/gems/railties-6.1.5/lib/rails/engine.rb:569&gt;&gt;, #&lt;Rails::Initializable::Initializer:0x0000558f2bcb8f58 @name=:set_load_path, @context=#&lt;ActiveStorage::Engine:0x0000558f2a1d6aa0 ...&gt;, @options={:before=&gt;:bootstrap_hook, :after=&gt;:load_environment_config, :group=&gt;:default}, @block=#&lt;Proc:0x0000558f29b2c678 /home/nameless_ghoul/.rbenv/versions/3.0.0/lib/ruby/gems/3.0.0/gems/railties-6.1.5/lib/rails/engine.rb:575&gt;&gt;, #&lt;Rails::Initializable::Initializer:0x0000558f2bcb8f08 @name=:set_autoload_paths, @context=#&lt;ActiveStorage::Engine:0x0000558f2a1d6aa0 ...&gt;, @options={:before=&gt;:bootstrap_hook, :after=&gt;:set_load_path, :group=&gt;:default}, @block=#&lt;Proc:0x0000558f29b2c4e8 /home/nameless_ghoul/.rbenv/versions/3.0.0/lib/ruby/gems/3.0.0/gems/railties-6.1.5/lib/rails/engine.rb:587&gt;&gt;, #&lt;Rails::Initializable::Initializer:0x0000558f2bcb8eb8 @name=:set_eager_load_paths, @context=#&lt;ActiveStorage::Engine:0x0000558f2a1d6aa0 ...&gt;, @options={:before=&gt;:bootstrap_hook, :after=&gt;:set_autoload_paths, :group=&gt;:default}, @block=#&lt;Proc:0x0000558f29b2c3d0 /home/nameless_ghoul/.rbenv/versions/3.0.0/lib/ruby/gems/3.0.0/gems/railties-6.1.5/lib/rails/engine.rb:595&gt;&gt;, #&lt;Rails::Initializable::Initializer:0x0000558f2bcb8e68 @name=:add_routing_paths, @context=#&lt;ActiveStorage::Engine:0x0000558f2a1d6aa0 ...&gt;, @options={:after=&gt;:set_eager_load_paths, :group=&gt;:default}, @block=#&lt;Proc:0x0000558f29b2c2b8 /home/nameless_ghoul/.rbenv/versions/3.0.0/lib/ruby/gems/3.0.0/gems/railties-6.1.5/lib/rails/engine.rb:600&gt;&gt;, #&lt;Rails::Initializable::Initializer:0x0000558f2bcb8e18 @name=:add_locales, @context=#&lt;ActiveStorage::Engine:0x0000558f2a1d6aa0 ...&gt;, @options={:after=&gt;:add_routing_paths, :group=&gt;:default}, @block=#&lt;Proc:0x0000558f29b2c1c8 /home/nameless_ghoul/.rbenv/versions/3.0.0/lib/ruby/gems/3.0.0/gems/railties-6.1.5/lib/rails/engine.rb:614&gt;&gt;, #&lt;Rails::Initializable::Initializer:0x0000558f2bcb8dc8 @name=:add_view_paths, @context=#&lt;ActiveStorage::Engine:0x0000558f2a1d6aa0 ...&gt;, @options={:after=&gt;:add_locales, :group=&gt;:default}, @block=#&lt;Proc:0x0000558f29b2c0d8 /home/nameless_ghoul/.rbenv/versions/3.0.0/lib/ruby/gems/3.0.0/gems/railties-6.1.5/lib/rails/engine.rb:618&gt;&gt;, #&lt;Rails::Initializable::Initializer:0x0000558f2bcb8d78 @name=:prepend_helpers_path, @context=#&lt;ActiveStorage::Engine:0x0000558f2a1d6aa0 ...&gt;, @options={:after=&gt;:add_view_paths, :group=&gt;:default}, @block=#&lt;Proc:0x0000558f28f17f18 /home/nameless_ghoul/.rbenv/versions/3.0.0/lib/ruby/gems/3.0.0/gems/railties-6.1.5/lib/rails/engine.rb:626&gt;&gt;, #&lt;Rails::Initializable::Initializer:0x0000558f2bcb8d28 @name=:load_config_initializers, @context=#&lt;ActiveStorage::Engine:0x0000558f2a1d6aa0 ...&gt;, @options={:after=&gt;:prepend_helpers_path, :group=&gt;:default}, @block=#&lt;Proc:0x0000558f28f17608 /home/nameless_ghoul/.rbenv/versions/3.0.0/lib/ruby/gems/3.0.0/gems/railties-6.1.5/lib/rails/engine.rb:632&gt;&gt;, #&lt;Rails::Initializable::Initializer:0x0000558f2bcb8cd8 @name=:wrap_executor_around_load_seed, @context=#&lt;ActiveStorage::Engine:0x0000558f2a1d6aa0 ...&gt;, @options={:after=&gt;:load_config_initializers, :group=&gt;:default}, @block=#&lt;Proc:0x0000558f28f16e60 /home/nameless_ghoul/.rbenv/versions/3.0.0/lib/ruby/gems/3.0.0/gems/railties-6.1.5/lib/rails/engine.rb:638&gt;&gt;, #&lt;Rails::Initializable::Initializer:0x0000558f2bcb8c88 @name=:engines_blank_point, @context=#&lt;ActiveStorage::Engine:0x0000558f2a1d6aa0 ...&gt;, @options={:after=&gt;:wrap_executor_around_load_seed, :group=&gt;:default}, @block=#&lt;Proc:0x0000558f28f16960 /home/nameless_ghoul/.rbenv/versions/3.0.0/lib/ruby/gems/3.0.0/gems/railties-6.1.5/lib/rails/engine.rb:644&gt;&gt;, #&lt;Rails::Initializable::Initializer:0x0000558f2bcb8c38 @name=:append_assets_path, @context=#&lt;ActiveStorage::Engine:0x0000558f2a1d6aa0 ...&gt;, @options={:group=&gt;:all, :after=&gt;:engines_blank_point}, @block=#&lt;Proc:0x0000558f29c70d40 /home/nameless_ghoul/.rbenv/versions/3.0.0/lib/ruby/gems/3.0.0/gems/sprockets-rails-3.4.2/lib/sprockets/railtie.rb:60&gt;&gt;, #&lt;Rails::Initializable::Initializer:0x0000558f2bcb8be8 @name="active_storage.configs", @context=#&lt;ActiveStorage::Engine:0x0000558f2a1d6aa0 ...&gt;, @options={:group=&gt;:default}, @block=#&lt;Proc:0x0000558f2952cae8 /home/nameless_ghoul/.rbenv/versions/3.0.0/lib/ruby/gems/3.0.0/gems/activestorage-6.1.5/lib/active_storage/engine.rb:92&gt;&gt;, #&lt;Rails::Initializable::Initializer:0x0000558f2bcb8b98 @name="active_storage.attached", @context=#&lt;ActiveStorage::Engine:0x0000558f2a1d6aa0 ...&gt;, @options={:after=&gt;"active_storage.configs", :group=&gt;:default}, @block=#&lt;Proc:0x0000558f2952c980 /home/nameless_ghoul/.rbenv/versions/3.0.0/lib/ruby/gems/3.0.0/gems/activestorage-6.1.5/lib/active_storage/engine.rb:119&gt;&gt;, #&lt;Rails::Initializable::Initializer:0x0000558f2bcb8b48 @name="active_storage.verifier", @context=#&lt;ActiveStorage::Engine:0x0000558f2a1d6aa0 ...&gt;, @options={:after=&gt;"active_storage.attached", :group=&gt;:default}, @block=#&lt;Proc:0x0000558f2952c818 /home/nameless_ghoul/.rbenv/versions/3.0.0/lib/ruby/gems/3.0.0/gems/activestorage-6.1.5/lib/active_storage/engine.rb:127&gt;&gt;, #&lt;Rails::Initializable::Initializer:0x0000558f2bcb8af8 @name="active_storage.services", @context=#&lt;ActiveStorage::Engine:0x0000558f2a1d6aa0 ...&gt;, @options={:after=&gt;"active_storage.verifier", :group=&gt;:default}, @block=#&lt;Proc:0x0000558f2952c700 /home/nameless_ghoul/.rbenv/versions/3.0.0/lib/ruby/gems/3.0.0/gems/activestorage-6.1.5/lib/active_storage/engine.rb:133&gt;&gt;, #&lt;Rails::Initializable::Initializer:0x0000558f2bcb8aa8 @name="active_storage.queues", @context=#&lt;ActiveStorage::Engine:0x0000558f2a1d6aa0 ...&gt;, @options={:after=&gt;"active_storage.services", :group=&gt;:default}, @block=#&lt;Proc:0x0000558f2952c610 /home/nameless_ghoul/.rbenv/versions/3.0.0/lib/ruby/gems/3.0.0/gems/activestorage-6.1.5/lib/active_storage/engine.rb:152&gt;&gt;, #&lt;Rails::Initializable::Initializer:0x0000558f2bcb8a58 @name="active_storage.reflection", @context=#&lt;ActiveStorage::Engine:0x0000558f2a1d6aa0 ...&gt;, @options={:after=&gt;"active_storage.queues", :group=&gt;:default}, @block=#&lt;Proc:0x0000558f2952c4d0 /home/nameless_ghoul/.rbenv/versions/3.0.0/lib/ruby/gems/3.0.0/gems/activestorage-6.1.5/lib/active_storage/engine.rb:158&gt;&gt;]&gt;, #&lt;ActionCable::Engine:0x0000558f292a3948 @_all_autoload_paths=[], @_all_load_paths=["/home/nameless_ghoul/.rbenv/versions/3.0.0/lib/ruby/gems/3.0.0/gems/actioncable-6.1.5/lib"], @app=nil, @config=#&lt;Rails::Engine::Configuration:0x0000558f292a3178 @root=#&lt;Pathname:/home/nameless_ghoul/.rbenv/versions/3.0.0/lib/ruby/gems/3.0.0/gems/actioncable-6.1.5&gt;, @generators=#&lt;Rails::Configuration::Generators:0x0000558f292a3128 @aliases={}, @options={:rails=&gt;{:orm=&gt;:active_record}, :active_record=&gt;{:migration=&gt;true, :timestamps=&gt;true}}, @fallbacks={}, @templates=[], @colorize_logging=true, @api_only=false, @hidden_namespaces=["sass"], @after_generate_callbacks=[]&gt;, @middleware=#&lt;Rails::Configuration::MiddlewareStackProxy:0x0000558f292a2d90 @operations=[], @delete_operations=[]&gt;, @javascript_path="javascript", @autoload_once_paths=[], @paths=#&lt;Rails::Paths::Root:0x0000558f2bcd8830 @path=#&lt;Pathname:/home/nameless_ghoul/.rbenv/versions/3.0.0/lib/ruby/gems/3.0.0/gems/actioncable-6.1.5&gt;, @root={"app"=&gt;#&lt;Rails::Paths::Path:0x0000558f2bcd8768 @paths=["app"], @current="app", @root=#&lt;Rails::Paths::Root:0x0000558f2bcd8830 ...&gt;, @glob="{*,*/concerns}", @exclude=["assets", "javascript"], @autoload_once=false, @eager_load=true, @autoload=false, @load_path=false&gt;, "app/assets"=&gt;#&lt;Rails::Paths::Path:0x0000558f2bcd86f0 @paths=["app/assets"], @current="app/assets", @root=#&lt;Rails::Paths::Root:0x0000558f2bcd8830 ...&gt;, @glob="*", @exclude=nil, @autoload_once=false, @eager_load=false, @autoload=false, @load_path=false&gt;, "app/controllers"=&gt;#&lt;Rails::Paths::Path:0x0000558f2bcd8678 @paths=["app/controllers"], @current="app/controllers", @root=#&lt;Rails::Paths::Root:0x0000558f2bcd8830 ...&gt;, @glob=nil, @exclude=nil, @autoload_once=false, @eager_load=true, @autoload=false, @load_path=false&gt;, "app/channels"=&gt;#&lt;Rails::Paths::Path:0x0000558f2bcd8600 @paths=["app/channels"], @current="app/channels", @root=#&lt;Rails::Paths::Root:0x0000558f2bcd8830 ...&gt;, @glob="**/*_channel.rb", @exclude=nil, @autoload_once=false, @eager_load=true, @autoload=false, @load_path=false&gt;, "app/helpers"=&gt;#&lt;Rails::Paths::Path:0x0000558f2bcd8588 @paths=["app/helpers"], @current="app/helpers", @root=#&lt;Rails::Paths::Root:0x0000558f2bcd8830 ...&gt;, @glob=nil, @exclude=nil, @autoload_once=false, @eager_load=true, @autoload=false, @load_path=false&gt;, "app/models"=&gt;#&lt;Rails::Paths::Path:0x0000558f2bcd8510 @paths=["app/models"], @current="app/models", @root=#&lt;Rails::Paths::Root:0x0000558f2bcd8830 ...&gt;, @glob=nil, @exclude=nil, @autoload_once=false, @eager_load=true, @autoload=false, @load_path=false&gt;, "app/mailers"=&gt;#&lt;Rails::Paths::Path:0x0000558f2bcd8498 @paths=["app/mailers"], @current="app/mailers", @root=#&lt;Rails::Paths::Root:0x0000558f2bcd8830 ...&gt;, @glob=nil, @exclude=nil, @autoload_once=false, @eager_load=true, @autoload=false, @load_path=false&gt;, "app/views"=&gt;#&lt;Rails::Paths::Path:0x0000558f2bcd8420 @paths=["app/views"], @current="app/views", @root=#&lt;Rails::Paths::Root:0x0000558f2bcd8830 ...&gt;, @glob=nil, @exclude=nil, @autoload_once=false, @eager_load=false, @autoload=false, @load_path=false&gt;, "lib"=&gt;#&lt;Rails::Paths::Path:0x0000558f2bcd83a8 @paths=["lib"], @current="lib", @root=#&lt;Rails::Paths::Root:0x0000558f2bcd8830 ...&gt;, @glob=nil, @exclude=nil, @autoload_once=false, @eager_load=false, @autoload=false, @load_path=true&gt;, "lib/assets"=&gt;#&lt;Rails::Paths::Path:0x0000558f2bcd8330 @paths=["lib/assets"], @current="lib/assets", @root=#&lt;Rails::Paths::Root:0x0000558f2bcd8830 ...&gt;, @glob="*", @exclude=nil, @autoload_once=false, @eager_load=false, @autoload=false, @load_path=false&gt;, "lib/tasks"=&gt;#&lt;Rails::Paths::Path:0x0000558f2bcd82b8 @paths=["lib/tasks"], @current="lib/tasks", @root=#&lt;Rails::Paths::Root:0x0000558f2bcd8830 ...&gt;, @glob="**/*.rake", @exclude=nil, @autoload_once=false, @eager_load=false, @autoload=false, @load_path=false&gt;, "config"=&gt;#&lt;Rails::Paths::Path:0x0000558f2bcd8240 @paths=["config"], @current="config", @root=#&lt;Rails::Paths::Root:0x0000558f2bcd8830 ...&gt;, @glob=nil, @exclude=nil, @autoload_once=false, @eager_load=false, @autoload=false, @load_path=false&gt;, "config/environments"=&gt;#&lt;Rails::Paths::Path:0x0000558f2bcd81a0 @paths=["config/environments"], @current="config/environments", @root=#&lt;Rails::Paths::Root:0x0000558f2bcd8830 ...&gt;, @glob="test.rb", @exclude=nil, @autoload_once=false, @eager_load=false, @autoload=false, @load_path=false&gt;, "config/initializers"=&gt;#&lt;Rails::Paths::Path:0x0000558f2bcd8128 @paths=["config/initializers"], @current="config/initializers", @root=#&lt;Rails::Paths::Root:0x0000558f2bcd8830 ...&gt;, @glob="**/*.rb", @exclude=nil, @autoload_once=false, @eager_load=false, @autoload=false, @load_path=false&gt;, "config/locales"=&gt;#&lt;Rails::Paths::Path:0x0000558f2bcd80b0 @paths=["config/locales"], @current="config/locales", @root=#&lt;Rails::Paths::Root:0x0000558f2bcd8830 ...&gt;, @glob="*.{rb,yml}", @exclude=nil, @autoload_once=false, @eager_load=false, @autoload=false, @load_path=false&gt;, "config/routes.rb"=&gt;#&lt;Rails::Paths::Path:0x0000558f2bcd8038 @paths=["config/routes.rb"], @current="config/routes.rb", @root=#&lt;Rails::Paths::Root:0x0000558f2bcd8830 ...&gt;, @glob=nil, @exclude=nil, @autoload_once=false, @eager_load=false, @autoload=false, @load_path=false&gt;, "config/routes"=&gt;#&lt;Rails::Paths::Path:0x0000558f2bce7fb0 @paths=["config/routes"], @current="config/routes", @root=#&lt;Rails::Paths::Root:0x0000558f2bcd8830 ...&gt;, @glob="**/*.rb", @exclude=nil, @autoload_once=false, @eager_load=false, @autoload=false, @load_path=false&gt;, "db"=&gt;#&lt;Rails::Paths::Path:0x0000558f2bce7f38 @paths=["db"], @current="db", @root=#&lt;Rails::Paths::Root:0x0000558f2bcd8830 ...&gt;, @glob=nil, @exclude=nil, @autoload_once=false, @eager_load=false, @autoload=false, @load_path=false&gt;, "db/migrate"=&gt;#&lt;Rails::Paths::Path:0x0000558f2bce7ec0 @paths=["db/migrate"], @current="db/migrate", @root=#&lt;Rails::Paths::Root:0x0000558f2bcd8830 ...&gt;, @glob=nil, @exclude=nil, @autoload_once=false, @eager_load=false, @autoload=false, @load_path=false&gt;, "db/seeds.rb"=&gt;#&lt;Rails::Paths::Path:0x0000558f2bce7e48 @paths=["db/seeds.rb"], @current="db/seeds.rb", @root=#&lt;Rails::Paths::Root:0x0000558f2bcd8830 ...&gt;, @glob=nil, @exclude=nil, @autoload_once=false, @eager_load=false, @autoload=false, @load_path=false&gt;, "vendor"=&gt;#&lt;Rails::Paths::Path:0x0000558f2bce7dd0 @paths=["vendor"], @current="vendor", @root=#&lt;Rails::Paths::Root:0x0000558f2bcd8830 ...&gt;, @glob=nil, @exclude=nil, @autoload_once=false, @eager_load=false, @autoload=false, @load_path=true&gt;, "vendor/assets"=&gt;#&lt;Rails::Paths::Path:0x0000558f2bce7d58 @paths=["vendor/assets"], @current="vendor/assets", @root=#&lt;Rails::Paths::Root:0x0000558f2bcd8830 ...&gt;, @glob="*", @exclude=nil, @autoload_once=false, @eager_load=false, @autoload=false, @load_path=false&gt;}&gt;, @autoload_paths=[], @eager_load_paths=[]&gt;, @env_config=nil, @helpers=nil, @routes=#&lt;ActionDispatch::Routing::RouteSet:0x0000558f2c000170&gt;, @app_build_lock=#&lt;Thread::Mutex:0x0000558f292a3920&gt;, @initializers=[#&lt;Rails::Initializable::Initializer:0x0000558f2bcb8580 @name=:load_environment_config, @context=#&lt;ActionCable::Engine:0x0000558f292a3948 ...&gt;, @options={:before=&gt;:load_environment_hook, :group=&gt;:all}, @block=#&lt;Proc:0x0000558f29b2c858 /home/nameless_ghoul/.rbenv/versions/3.0.0/lib/ruby/gems/3.0.0/gems/railties-6.1.5/lib/rails/engine.rb:569&gt;&gt;, #&lt;Rails::Initializable::Initializer:0x0000558f2bcb8530 @name=:set_load_path, @context=#&lt;ActionCable::Engine:0x0000558f292a3948 ...&gt;, @options={:before=&gt;:bootstrap_hook, :after=&gt;:load_environment_config, :group=&gt;:default}, @block=#&lt;Proc:0x0000558f29b2c678 /home/nameless_ghoul/.rbenv/versions/3.0.0/lib/ruby/gems/3.0.0/gems/railties-6.1.5/lib/rails/engine.rb:575&gt;&gt;, #&lt;Rails::Initializable::Initializer:0x0000558f2bcb84e0 @name=:set_autoload_paths, @context=#&lt;ActionCable::Engine:0x0000558f292a3948 ...&gt;, @options={:before=&gt;:bootstrap_hook, :after=&gt;:set_load_path, :group=&gt;:default}, @block=#&lt;Proc:0x0000558f29b2c4e8 /home/nameless_ghoul/.rbenv/versions/3.0.0/lib/ruby/gems/3.0.0/gems/railties-6.1.5/lib/rails/engine.rb:587&gt;&gt;, #&lt;Rails::Initializable::Initializer:0x0000558f2bcb8490 @name=:set_eager_load_paths, @context=#&lt;ActionCable::Engine:0x0000558f292a3948 ...&gt;, @options={:before=&gt;:bootstrap_hook, :after=&gt;:set_autoload_paths, :group=&gt;:default}, @block=#&lt;Proc:0x0000558f29b2c3d0 /home/nameless_ghoul/.rbenv/versions/3.0.0/lib/ruby/gems/3.0.0/gems/railties-6.1.5/lib/rails/engine.rb:595&gt;&gt;, #&lt;Rails::Initializable::Initializer:0x0000558f2bcb8440 @name=:add_routing_paths, @context=#&lt;ActionCable::Engine:0x0000558f292a3948 ...&gt;, @options={:after=&gt;:set_eager_load_paths, :group=&gt;:default}, @block=#&lt;Proc:0x0000558f29b2c2b8 /home/nameless_ghoul/.rbenv/versions/3.0.0/lib/ruby/gems/3.0.0/gems/railties-6.1.5/lib/rails/engine.rb:600&gt;&gt;, #&lt;Rails::Initializable::Initializer:0x0000558f2bcb83f0 @name=:add_locales, @context=#&lt;ActionCable::Engine:0x0000558f292a3948 ...&gt;, @options={:after=&gt;:add_routing_paths, :group=&gt;:default}, @block=#&lt;Proc:0x0000558f29b2c1c8 /home/nameless_ghoul/.rbenv/versions/3.0.0/lib/ruby/gems/3.0.0/gems/railties-6.1.5/lib/rails/engine.rb:614&gt;&gt;, #&lt;Rails::Initializable::Initializer:0x0000558f2bcb83a0 @name=:add_view_paths, @context=#&lt;ActionCable::Engine:0x0000558f292a3948 ...&gt;, @options={:after=&gt;:add_locales, :group=&gt;:default}, @block=#&lt;Proc:0x0000558f29b2c0d8 /home/nameless_ghoul/.rbenv/versions/3.0.0/lib/ruby/gems/3.0.0/gems/railties-6.1.5/lib/rails/engine.rb:618&gt;&gt;, #&lt;Rails::Initializable::Initializer:0x0000558f2bcb8350 @name=:prepend_helpers_path, @context=#&lt;ActionCable::Engine:0x0000558f292a3948 ...&gt;, @options={:after=&gt;:add_view_paths, :group=&gt;:default}, @block=#&lt;Proc:0x0000558f28f17f18 /home/nameless_ghoul/.rbenv/versions/3.0.0/lib/ruby/gems/3.0.0/gems/railties-6.1.5/lib/rails/engine.rb:626&gt;&gt;, #&lt;Rails::Initializable::Initializer:0x0000558f2bcb8300 @name=:load_config_initializers, @context=#&lt;ActionCable::Engine:0x0000558f292a3948 ...&gt;, @options={:after=&gt;:prepend_helpers_path, :group=&gt;:default}, @block=#&lt;Proc:0x0000558f28f17608 /home/nameless_ghoul/.rbenv/versions/3.0.0/lib/ruby/gems/3.0.0/gems/railties-6.1.5/lib/rails/engine.rb:632&gt;&gt;, #&lt;Rails::Initializable::Initializer:0x0000558f2bcb82b0 @name=:wrap_executor_around_load_seed, @context=#&lt;ActionCable::Engine:0x0000558f292a3948 ...&gt;, @options={:after=&gt;:load_config_initializers, :group=&gt;:default}, @block=#&lt;Proc:0x0000558f28f16e60 /home/nameless_ghoul/.rbenv/versions/3.0.0/lib/ruby/gems/3.0.0/gems/railties-6.1.5/lib/rails/engine.rb:638&gt;&gt;, #&lt;Rails::Initializable::Initializer:0x0000558f2bcb8260 @name=:engines_blank_point, @context=#&lt;ActionCable::Engine:0x0000558f292a3948 ...&gt;, @options={:after=&gt;:wrap_executor_around_load_seed, :group=&gt;:default}, @block=#&lt;Proc:0x0000558f28f16960 /home/nameless_ghoul/.rbenv/versions/3.0.0/lib/ruby/gems/3.0.0/gems/railties-6.1.5/lib/rails/engine.rb:644&gt;&gt;, #&lt;Rails::Initializable::Initializer:0x0000558f2bcb8210 @name=:append_assets_path, @context=#&lt;ActionCable::Engine:0x0000558f292a3948 ...&gt;, @options={:group=&gt;:all, :after=&gt;:engines_blank_point}, @block=#&lt;Proc:0x0000558f29c70d40 /home/nameless_ghoul/.rbenv/versions/3.0.0/lib/ruby/gems/3.0.0/gems/sprockets-rails-3.4.2/lib/sprockets/railtie.rb:60&gt;&gt;, #&lt;Rails::Initializable::Initializer:0x0000558f2bcb81c0 @name="action_cable.helpers", @context=#&lt;ActionCable::Engine:0x0000558f292a3948 ...&gt;, @options={:group=&gt;:default}, @block=#&lt;Proc:0x0000558f292a28b8 /home/nameless_ghoul/.rbenv/versions/3.0.0/lib/ruby/gems/3.0.0/gems/actioncable-6.1.5/lib/action_cable/engine.rb:15&gt;&gt;, #&lt;Rails::Initializable::Initializer:0x0000558f2bcb8170 @name="action_cable.logger", @context=#&lt;ActionCable::Engine:0x0000558f292a3948 ...&gt;, @options={:after=&gt;"action_cable.helpers", :group=&gt;:default}, @block=#&lt;Proc:0x0000558f292a2700 /home/nameless_ghoul/.rbenv/versions/3.0.0/lib/ruby/gems/3.0.0/gems/actioncable-6.1.5/lib/action_cable/engine.rb:21&gt;&gt;, #&lt;Rails::Initializable::Initializer:0x0000558f2bcb8120 @name="action_cable.set_configs", @context=#&lt;ActionCable::Engine:0x0000558f292a3948 ...&gt;, @options={:after=&gt;"action_cable.logger", :group=&gt;:default}, @block=#&lt;Proc:0x0000558f292a24f8 /home/nameless_ghoul/.rbenv/versions/3.0.0/lib/ruby/gems/3.0.0/gems/actioncable-6.1.5/lib/action_cable/engine.rb:25&gt;&gt;, #&lt;Rails::Initializable::Initializer:0x0000558f2bcb80d0 @name="action_cable.routes", @context=#&lt;ActionCable::Engine:0x0000558f292a3948 ...&gt;, @options={:after=&gt;"action_cable.set_configs", :group=&gt;:default}, @block=#&lt;Proc:0x0000558f292a2390 /home/nameless_ghoul/.rbenv/versions/3.0.0/lib/ruby/gems/3.0.0/gems/actioncable-6.1.5/lib/action_cable/engine.rb:43&gt;&gt;, #&lt;Rails::Initializable::Initializer:0x0000558f2bcb8080 @name="action_cable.set_work_hooks", @context=#&lt;ActionCable::Engine:0x0000558f292a3948 ...&gt;, @options={:after=&gt;"action_cable.routes", :group=&gt;:default}, @block=#&lt;Proc:0x0000558f292a2200 /home/nameless_ghoul/.rbenv/versions/3.0.0/lib/ruby/gems/3.0.0/gems/actioncable-6.1.5/lib/action_cable/engine.rb:54&gt;&gt;]&gt;, #&lt;ActionMailbox::Engine:0x0000558f2a0b1bc0 @_all_autoload_paths=["/home/nameless_ghoul/.rbenv/versions/3.0.0/lib/ruby/gems/3.0.0/gems/actionmailbox-6.1.5/app/controllers", "/home/nameless_ghoul/.rbenv/versions/3.0.0/lib/ruby/gems/3.0.0/gems/actionmailbox-6.1.5/app/jobs", "/home/nameless_ghoul/.rbenv/versions/3.0.0/lib/ruby/gems/3.0.0/gems/actionmailbox-6.1.5/app/models"], @_all_load_paths=["/home/nameless_ghoul/.rbenv/versions/3.0.0/lib/ruby/gems/3.0.0/gems/actionmailbox-6.1.5/lib", "/home/nameless_ghoul/.rbenv/versions/3.0.0/lib/ruby/gems/3.0.0/gems/actionmailbox-6.1.5/app/controllers", "/home/nameless_ghoul/.rbenv/versions/3.0.0/lib/ruby/gems/3.0.0/gems/actionmailbox-6.1.5/app/jobs", "/home/nameless_ghoul/.rbenv/versions/3.0.0/lib/ruby/gems/3.0.0/gems/actionmailbox-6.1.5/app/models"], @app=nil, @config=#&lt;Rails::Engine::Configuration:0x0000558f2a0b1300 @root=#&lt;Pathname:/home/nameless_ghoul/.rbenv/versions/3.0.0/lib/ruby/gems/3.0.0/gems/actionmailbox-6.1.5&gt;, @generators=#&lt;Rails::Configuration::Generators:0x0000558f2a0b1238 @aliases={}, @options={:rails=&gt;{:orm=&gt;:active_record}, :active_record=&gt;{:migration=&gt;true, :timestamps=&gt;true}}, @fallbacks={}, @templates=[], @colorize_logging=true, @api_only=false, @hidden_namespaces=["sass"], @after_generate_callbacks=[]&gt;, @middleware=#&lt;Rails::Configuration::MiddlewareStackProxy:0x0000558f2a0b0f90 @operations=[], @delete_operations=[]&gt;, @javascript_path="javascript", @autoload_once_paths=[], @paths=#&lt;Rails::Paths::Root:0x0000558f2bce7a10 @path=#&lt;Pathname:/home/nameless_ghoul/.rbenv/versions/3.0.0/lib/ruby/gems/3.0.0/gems/actionmailbox-6.1.5&gt;, @root={"app"=&gt;#&lt;Rails::Paths::Path:0x0000558f2bce7948 @paths=["app"], @current="app", @root=#&lt;Rails::Paths::Root:0x0000558f2bce7a10 ...&gt;, @glob="{*,*/concerns}", @exclude=["assets", "javascript"], @autoload_once=false, @eager_load=true, @autoload=false, @load_path=false&gt;, "app/assets"=&gt;#&lt;Rails::Paths::Path:0x0000558f2bce78d0 @paths=["app/assets"], @current="app/assets", @root=#&lt;Rails::Paths::Root:0x0000558f2bce7a10 ...&gt;, @glob="*", @exclude=nil, @autoload_once=false, @eager_load=false, @autoload=false, @load_path=false&gt;, "app/controllers"=&gt;#&lt;Rails::Paths::Path:0x0000558f2bce7858 @paths=["app/controllers"], @current="app/controllers", @root=#&lt;Rails::Paths::Root:0x0000558f2bce7a10 ...&gt;, @glob=nil, @exclude=nil, @autoload_once=false, @eager_load=true, @autoload=false, @load_path=false&gt;, "app/channels"=&gt;#&lt;Rails::Paths::Path:0x0000558f2bce77e0 @paths=["app/channels"], @current="app/channels", @root=#&lt;Rails::Paths::Root:0x0000558f2bce7a10 ...&gt;, @glob="**/*_channel.rb", @exclude=nil, @autoload_once=false, @eager_load=true, @autoload=false, @load_path=false&gt;, "app/helpers"=&gt;#&lt;Rails::Paths::Path:0x0000558f2bce7768 @paths=["app/helpers"], @current="app/helpers", @root=#&lt;Rails::Paths::Root:0x0000558f2bce7a10 ...&gt;, @glob=nil, @exclude=nil, @autoload_once=false, @eager_load=true, @autoload=false, @load_path=false&gt;, "app/models"=&gt;#&lt;Rails::Paths::Path:0x0000558f2bce76f0 @paths=["app/models"], @current="app/models", @root=#&lt;Rails::Paths::Root:0x0000558f2bce7a10 ...&gt;, @glob=nil, @exclude=nil, @autoload_once=false, @eager_load=true, @autoload=false, @load_path=false&gt;, "app/mailers"=&gt;#&lt;Rails::Paths::Path:0x0000558f2bce7678 @paths=["app/mailers"], @current="app/mailers", @root=#&lt;Rails::Paths::Root:0x0000558f2bce7a10 ...&gt;, @glob=nil, @exclude=nil, @autoload_once=false, @eager_load=true, @autoload=false, @load_path=false&gt;, "app/views"=&gt;#&lt;Rails::Paths::Path:0x0000558f2bce7600 @paths=["app/views"], @current="app/views", @root=#&lt;Rails::Paths::Root:0x0000558f2bce7a10 ...&gt;, @glob=nil, @exclude=nil, @autoload_once=false, @eager_load=false, @autoload=false, @load_path=false&gt;, "lib"=&gt;#&lt;Rails::Paths::Path:0x0000558f2bce7588 @paths=["lib"], @current="lib", @root=#&lt;Rails::Paths::Root:0x0000558f2bce7a10 ...&gt;, @glob=nil, @exclude=nil, @autoload_once=false, @eager_load=false, @autoload=false, @load_path=true&gt;, "lib/assets"=&gt;#&lt;Rails::Paths::Path:0x0000558f2bce7510 @paths=["lib/assets"], @current="lib/assets", @root=#&lt;Rails::Paths::Root:0x0000558f2bce7a10 ...&gt;, @glob="*", @exclude=nil, @autoload_once=false, @eager_load=false, @autoload=false, @load_path=false&gt;, "lib/tasks"=&gt;#&lt;Rails::Paths::Path:0x0000558f2bce7498 @paths=["lib/tasks"], @current="lib/tasks", @root=#&lt;Rails::Paths::Root:0x0000558f2bce7a10 ...&gt;, @glob="**/*.rake", @exclude=nil, @autoload_once=false, @eager_load=false, @autoload=false, @load_path=false&gt;, "config"=&gt;#&lt;Rails::Paths::Path:0x0000558f2bce7420 @paths=["config"], @current="config", @root=#&lt;Rails::Paths::Root:0x0000558f2bce7a10 ...&gt;, @glob=nil, @exclude=nil, @autoload_once=false, @eager_load=false, @autoload=false, @load_path=false&gt;, "config/environments"=&gt;#&lt;Rails::Paths::Path:0x0000558f2bce7380 @paths=["config/environments"], @current="config/environments", @root=#&lt;Rails::Paths::Root:0x0000558f2bce7a10 ...&gt;, @glob="test.rb", @exclude=nil, @autoload_once=false, @eager_load=false, @autoload=false, @load_path=false&gt;, "config/initializers"=&gt;#&lt;Rails::Paths::Path:0x0000558f2bce7308 @paths=["config/initializers"], @current="config/initializers", @root=#&lt;Rails::Paths::Root:0x0000558f2bce7a10 ...&gt;, @glob="**/*.rb", @exclude=nil, @autoload_once=false, @eager_load=false, @autoload=false, @load_path=false&gt;, "config/locales"=&gt;#&lt;Rails::Paths::Path:0x0000558f2bce7290 @paths=["config/locales"], @current="config/locales", @root=#&lt;Rails::Paths::Root:0x0000558f2bce7a10 ...&gt;, @glob="*.{rb,yml}", @exclude=nil, @autoload_once=false, @eager_load=false, @autoload=false, @load_path=false&gt;, "config/routes.rb"=&gt;#&lt;Rails::Paths::Path:0x0000558f2bce7218 @paths=["config/routes.rb"], @current="config/routes.rb", @root=#&lt;Rails::Paths::Root:0x0000558f2bce7a10 ...&gt;, @glob=nil, @exclude=nil, @autoload_once=false, @eager_load=false, @autoload=false, @load_path=false&gt;, "config/routes"=&gt;#&lt;Rails::Paths::Path:0x0000558f2bce71a0 @paths=["config/routes"], @current="config/routes", @root=#&lt;Rails::Paths::Root:0x0000558f2bce7a10 ...&gt;, @glob="**/*.rb", @exclude=nil, @autoload_once=false, @eager_load=false, @autoload=false, @load_path=false&gt;, "db"=&gt;#&lt;Rails::Paths::Path:0x0000558f2bce7128 @paths=["db"], @current="db", @root=#&lt;Rails::Paths::Root:0x0000558f2bce7a10 ...&gt;, @glob=nil, @exclude=nil, @autoload_once=false, @eager_load=false, @autoload=false, @load_path=false&gt;, "db/migrate"=&gt;#&lt;Rails::Paths::Path:0x0000558f2bce70b0 @paths=["db/migrate"], @current="db/migrate", @root=#&lt;Rails::Paths::Root:0x0000558f2bce7a10 ...&gt;, @glob=nil, @exclude=nil, @autoload_once=false, @eager_load=false, @autoload=false, @load_path=false&gt;, "db/seeds.rb"=&gt;#&lt;Rails::Paths::Path:0x0000558f2bce7038 @paths=["db/seeds.rb"], @current="db/seeds.rb", @root=#&lt;Rails::Paths::Root:0x0000558f2bce7a10 ...&gt;, @glob=nil, @exclude=nil, @autoload_once=false, @eager_load=false, @autoload=false, @load_path=false&gt;, "vendor"=&gt;#&lt;Rails::Paths::Path:0x0000558f2bce6fc0 @paths=["vendor"], @current="vendor", @root=#&lt;Rails::Paths::Root:0x0000558f2bce7a10 ...&gt;, @glob=nil, @exclude=nil, @autoload_once=false, @eager_load=false, @autoload=false, @load_path=true&gt;, "vendor/assets"=&gt;#&lt;Rails::Paths::Path:0x0000558f2bce6f48 @paths=["vendor/assets"], @current="vendor/assets", @root=#&lt;Rails::Paths::Root:0x0000558f2bce7a10 ...&gt;, @glob="*", @exclude=nil, @autoload_once=false, @eager_load=false, @autoload=false, @load_path=false&gt;}&gt;, @autoload_paths=[], @eager_load_paths=["/home/nameless_ghoul/.rbenv/versions/3.0.0/lib/ruby/gems/3.0.0/gems/actionmailbox-6.1.5/app/controllers", "/home/nameless_ghoul/.rbenv/versions/3.0.0/lib/ruby/gems/3.0.0/gems/actionmailbox-6.1.5/app/jobs", "/home/nameless_ghoul/.rbenv/versions/3.0.0/lib/ruby/gems/3.0.0/gems/actionmailbox-6.1.5/app/models"]&gt;, @env_config=nil, @helpers=nil, @routes=#&lt;ActionDispatch::Routing::RouteSet:0x0000558f2a0b0ef0&gt;, @app_build_lock=#&lt;Thread::Mutex:0x0000558f2a0b1b70&gt;, @initializers=[#&lt;Rails::Initializable::Initializer:0x0000558f2bcc3bb0 @name=:load_environment_config, @context=#&lt;ActionMailbox::Engine:0x0000558f2a0b1bc0 ...&gt;, @options={:before=&gt;:load_environment_hook, :group=&gt;:all}, @block=#&lt;Proc:0x0000558f29b2c858 /home/nameless_ghoul/.rbenv/versions/3.0.0/lib/ruby/gems/3.0.0/gems/railties-6.1.5/lib/rails/engine.rb:569&gt;&gt;, #&lt;Rails::Initializable::Initializer:0x0000558f2bcc3b60 @name=:set_load_path, @context=#&lt;ActionMailbox::Engine:0x0000558f2a0b1bc0 ...&gt;, @options={:before=&gt;:bootstrap_hook, :after=&gt;:load_environment_config, :group=&gt;:default}, @block=#&lt;Proc:0x0000558f29b2c678 /home/nameless_ghoul/.rbenv/versions/3.0.0/lib/ruby/gems/3.0.0/gems/railties-6.1.5/lib/rails/engine.rb:575&gt;&gt;, #&lt;Rails::Initializable::Initializer:0x0000558f2bcc3b10 @name=:set_autoload_paths, @context=#&lt;ActionMailbox::Engine:0x0000558f2a0b1bc0 ...&gt;, @options={:before=&gt;:bootstrap_hook, :after=&gt;:set_load_path, :group=&gt;:default}, @block=#&lt;Proc:0x0000558f29b2c4e8 /home/nameless_ghoul/.rbenv/versions/3.0.0/lib/ruby/gems/3.0.0/gems/railties-6.1.5/lib/rails/engine.rb:587&gt;&gt;, #&lt;Rails::Initializable::Initializer:0x0000558f2bcc3ac0 @name=:set_eager_load_paths, @context=#&lt;ActionMailbox::Engine:0x0000558f2a0b1bc0 ...&gt;, @options={:before=&gt;:bootstrap_hook, :after=&gt;:set_autoload_paths, :group=&gt;:default}, @block=#&lt;Proc:0x0000558f29b2c3d0 /home/nameless_ghoul/.rbenv/versions/3.0.0/lib/ruby/gems/3.0.0/gems/railties-6.1.5/lib/rails/engine.rb:595&gt;&gt;, #&lt;Rails::Initializable::Initializer:0x0000558f2bcc3a70 @name=:add_routing_paths, @context=#&lt;ActionMailbox::Engine:0x0000558f2a0b1bc0 ...&gt;, @options={:after=&gt;:set_eager_load_paths, :group=&gt;:default}, @block=#&lt;Proc:0x0000558f29b2c2b8 /home/nameless_ghoul/.rbenv/versions/3.0.0/lib/ruby/gems/3.0.0/gems/railties-6.1.5/lib/rails/engine.rb:600&gt;&gt;, #&lt;Rails::Initializable::Initializer:0x0000558f2bcc3a20 @name=:add_locales, @context=#&lt;ActionMailbox::Engine:0x0000558f2a0b1bc0 ...&gt;, @options={:after=&gt;:add_routing_paths, :group=&gt;:default}, @block=#&lt;Proc:0x0000558f29b2c1c8 /home/nameless_ghoul/.rbenv/versions/3.0.0/lib/ruby/gems/3.0.0/gems/railties-6.1.5/lib/rails/engine.rb:614&gt;&gt;, #&lt;Rails::Initializable::Initializer:0x0000558f2bcc39d0 @name=:add_view_paths, @context=#&lt;ActionMailbox::Engine:0x0000558f2a0b1bc0 ...&gt;, @options={:after=&gt;:add_locales, :group=&gt;:default}, @block=#&lt;Proc:0x0000558f29b2c0d8 /home/nameless_ghoul/.rbenv/versions/3.0.0/lib/ruby/gems/3.0.0/gems/railties-6.1.5/lib/rails/engine.rb:618&gt;&gt;, #&lt;Rails::Initializable::Initializer:0x0000558f2bcc3980 @name=:prepend_helpers_path, @context=#&lt;ActionMailbox::Engine:0x0000558f2a0b1bc0 ...&gt;, @options={:after=&gt;:add_view_paths, :group=&gt;:default}, @block=#&lt;Proc:0x0000558f28f17f18 /home/nameless_ghoul/.rbenv/versions/3.0.0/lib/ruby/gems/3.0.0/gems/railties-6.1.5/lib/rails/engine.rb:626&gt;&gt;, #&lt;Rails::Initializable::Initializer:0x0000558f2bcc3930 @name=:load_config_initializers, @context=#&lt;ActionMailbox::Engine:0x0000558f2a0b1bc0 ...&gt;, @options={:after=&gt;:prepend_helpers_path, :group=&gt;:default}, @block=#&lt;Proc:0x0000558f28f17608 /home/nameless_ghoul/.rbenv/versions/3.0.0/lib/ruby/gems/3.0.0/gems/railties-6.1.5/lib/rails/engine.rb:632&gt;&gt;, #&lt;Rails::Initializable::Initializer:0x0000558f2bcc38e0 @name=:wrap_executor_around_load_seed, @context=#&lt;ActionMailbox::Engine:0x0000558f2a0b1bc0 ...&gt;, @options={:after=&gt;:load_config_initializers, :group=&gt;:default}, @block=#&lt;Proc:0x0000558f28f16e60 /home/nameless_ghoul/.rbenv/versions/3.0.0/lib/ruby/gems/3.0.0/gems/railties-6.1.5/lib/rails/engine.rb:638&gt;&gt;, #&lt;Rails::Initializable::Initializer:0x0000558f2bcc3890 @name=:engines_blank_point, @context=#&lt;ActionMailbox::Engine:0x0000558f2a0b1bc0 ...&gt;, @options={:after=&gt;:wrap_executor_around_load_seed, :group=&gt;:default}, @block=#&lt;Proc:0x0000558f28f16960 /home/nameless_ghoul/.rbenv/versions/3.0.0/lib/ruby/gems/3.0.0/gems/railties-6.1.5/lib/rails/engine.rb:644&gt;&gt;, #&lt;Rails::Initializable::Initializer:0x0000558f2bcc3840 @name=:append_assets_path, @context=#&lt;ActionMailbox::Engine:0x0000558f2a0b1bc0 ...&gt;, @options={:group=&gt;:all, :after=&gt;:engines_blank_point}, @block=#&lt;Proc:0x0000558f29c70d40 /home/nameless_ghoul/.rbenv/versions/3.0.0/lib/ruby/gems/3.0.0/gems/sprockets-rails-3.4.2/lib/sprockets/railtie.rb:60&gt;&gt;, #&lt;Rails::Initializable::Initializer:0x0000558f2bcc37f0 @name="action_mailbox.config", @context=#&lt;ActionMailbox::Engine:0x0000558f2a0b1bc0 ...&gt;, @options={:group=&gt;:default}, @block=#&lt;Proc:0x0000558f2a0ab6f8 /home/nameless_ghoul/.rbenv/versions/3.0.0/lib/ruby/gems/3.0.0/gems/actionmailbox-6.1.5/lib/action_mailbox/engine.rb:23&gt;&gt;]&gt;, #&lt;ActionText::Engine:0x0000558f2959d0b8 @_all_autoload_paths=["/home/nameless_ghoul/.rbenv/versions/3.0.0/lib/ruby/gems/3.0.0/gems/actiontext-6.1.5/app/helpers", "/home/nameless_ghoul/.rbenv/versions/3.0.0/lib/ruby/gems/3.0.0/gems/actiontext-6.1.5/app/models"], @_all_load_paths=["/home/nameless_ghoul/.rbenv/versions/3.0.0/lib/ruby/gems/3.0.0/gems/actiontext-6.1.5/lib", "/home/nameless_ghoul/.rbenv/versions/3.0.0/lib/ruby/gems/3.0.0/gems/actiontext-6.1.5/app/helpers", "/home/nameless_ghoul/.rbenv/versions/3.0.0/lib/ruby/gems/3.0.0/gems/actiontext-6.1.5/app/models"], @app=nil, @config=#&lt;Rails::Engine::Configuration:0x0000558f2958da00 @root=#&lt;Pathname:/home/nameless_ghoul/.rbenv/versions/3.0.0/lib/ruby/gems/3.0.0/gems/actiontext-6.1.5&gt;, @generators=#&lt;Rails::Configuration::Generators:0x0000558f2958d910 @aliases={}, @options={:rails=&gt;{:orm=&gt;:active_record}, :active_record=&gt;{:migration=&gt;true, :timestamps=&gt;true}}, @fallbacks={}, @templates=[], @colorize_logging=true, @api_only=false, @hidden_namespaces=["sass"], @after_generate_callbacks=[]&gt;, @middleware=#&lt;Rails::Configuration::MiddlewareStackProxy:0x0000558f2958ce70 @operations=[], @delete_operations=[]&gt;, @javascript_path="javascript", @autoload_once_paths=["/home/nameless_ghoul/.rbenv/versions/3.0.0/lib/ruby/gems/3.0.0/gems/actiontext-6.1.5/app/helpers", "/home/nameless_ghoul/.rbenv/versions/3.0.0/lib/ruby/gems/3.0.0/gems/actiontext-6.1.5/app/models"], @paths=#&lt;Rails::Paths::Root:0x0000558f2bce6c00 @path=#&lt;Pathname:/home/nameless_ghoul/.rbenv/versions/3.0.0/lib/ruby/gems/3.0.0/gems/actiontext-6.1.5&gt;, @root={"app"=&gt;#&lt;Rails::Paths::Path:0x0000558f2bce6b38 @paths=["app"], @current="app", @root=#&lt;Rails::Paths::Root:0x0000558f2bce6c00 ...&gt;, @glob="{*,*/concerns}", @exclude=["assets", "javascript"], @autoload_once=false, @eager_load=true, @autoload=false, @load_path=false&gt;, "app/assets"=&gt;#&lt;Rails::Paths::Path:0x0000558f2bce6ac0 @paths=["app/assets"], @current="app/assets", @root=#&lt;Rails::Paths::Root:0x0000558f2bce6c00 ...&gt;, @glob="*", @exclude=nil, @autoload_once=false, @eager_load=false, @autoload=false, @load_path=false&gt;, "app/controllers"=&gt;#&lt;Rails::Paths::Path:0x0000558f2bce6a48 @paths=["app/controllers"], @current="app/controllers", @root=#&lt;Rails::Paths::Root:0x0000558f2bce6c00 ...&gt;, @glob=nil, @exclude=nil, @autoload_once=false, @eager_load=true, @autoload=false, @load_path=false&gt;, "app/channels"=&gt;#&lt;Rails::Paths::Path:0x0000558f2bce69d0 @paths=["app/channels"], @current="app/channels", @root=#&lt;Rails::Paths::Root:0x0000558f2bce6c00 ...&gt;, @glob="**/*_channel.rb", @exclude=nil, @autoload_once=false, @eager_load=true, @autoload=false, @load_path=false&gt;, "app/helpers"=&gt;#&lt;Rails::Paths::Path:0x0000558f2bce6958 @paths=["app/helpers"], @current="app/helpers", @root=#&lt;Rails::Paths::Root:0x0000558f2bce6c00 ...&gt;, @glob=nil, @exclude=nil, @autoload_once=false, @eager_load=true, @autoload=false, @load_path=false&gt;, "app/models"=&gt;#&lt;Rails::Paths::Path:0x0000558f2bce68e0 @paths=["app/models"], @current="app/models", @root=#&lt;Rails::Paths::Root:0x0000558f2bce6c00 ...&gt;, @glob=nil, @exclude=nil, @autoload_once=false, @eager_load=true, @autoload=false, @load_path=false&gt;, "app/mailers"=&gt;#&lt;Rails::Paths::Path:0x0000558f2bce6868 @paths=["app/mailers"], @current="app/mailers", @root=#&lt;Rails::Paths::Root:0x0000558f2bce6c00 ...&gt;, @glob=nil, @exclude=nil, @autoload_once=false, @eager_load=true, @autoload=false, @load_path=false&gt;, "app/views"=&gt;#&lt;Rails::Paths::Path:0x0000558f2bce67f0 @paths=["app/views"], @current="app/views", @root=#&lt;Rails::Paths::Root:0x0000558f2bce6c00 ...&gt;, @glob=nil, @exclude=nil, @autoload_once=false, @eager_load=false, @autoload=false, @load_path=false&gt;, "lib"=&gt;#&lt;Rails::Paths::Path:0x0000558f2bce6778 @paths=["lib"], @current="lib", @root=#&lt;Rails::Paths::Root:0x0000558f2bce6c00 ...&gt;, @glob=nil, @exclude=nil, @autoload_once=false, @eager_load=false, @autoload=false, @load_path=true&gt;, "lib/assets"=&gt;#&lt;Rails::Paths::Path:0x0000558f2bce6700 @paths=["lib/assets"], @current="lib/assets", @root=#&lt;Rails::Paths::Root:0x0000558f2bce6c00 ...&gt;, @glob="*", @exclude=nil, @autoload_once=false, @eager_load=false, @autoload=false, @load_path=false&gt;, "lib/tasks"=&gt;#&lt;Rails::Paths::Path:0x0000558f2bce6688 @paths=["lib/tasks"], @current="lib/tasks", @root=#&lt;Rails::Paths::Root:0x0000558f2bce6c00 ...&gt;, @glob="**/*.rake", @exclude=nil, @autoload_once=false, @eager_load=false, @autoload=false, @load_path=false&gt;, "config"=&gt;#&lt;Rails::Paths::Path:0x0000558f2bce6610 @paths=["config"], @current="config", @root=#&lt;Rails::Paths::Root:0x0000558f2bce6c00 ...&gt;, @glob=nil, @exclude=nil, @autoload_once=false, @eager_load=false, @autoload=false, @load_path=false&gt;, "config/environments"=&gt;#&lt;Rails::Paths::Path:0x0000558f2bce6570 @paths=["config/environments"], @current="config/environments", @root=#&lt;Rails::Paths::Root:0x0000558f2bce6c00 ...&gt;, @glob="test.rb", @exclude=nil, @autoload_once=false, @eager_load=false, @autoload=false, @load_path=false&gt;, "config/initializers"=&gt;#&lt;Rails::Paths::Path:0x0000558f2bce64f8 @paths=["config/initializers"], @current="config/initializers", @root=#&lt;Rails::Paths::Root:0x0000558f2bce6c00 ...&gt;, @glob="**/*.rb", @exclude=nil, @autoload_once=false, @eager_load=false, @autoload=false, @load_path=false&gt;, "config/locales"=&gt;#&lt;Rails::Paths::Path:0x0000558f2bce6480 @paths=["config/locales"], @current="config/locales", @root=#&lt;Rails::Paths::Root:0x0000558f2bce6c00 ...&gt;, @glob="*.{rb,yml}", @exclude=nil, @autoload_once=false, @eager_load=false, @autoload=false, @load_path=false&gt;, "config/routes.rb"=&gt;#&lt;Rails::Paths::Path:0x0000558f2bce6408 @paths=["config/routes.rb"], @current="config/routes.rb", @root=#&lt;Rails::Paths::Root:0x0000558f2bce6c00 ...&gt;, @glob=nil, @exclude=nil, @autoload_once=false, @eager_load=false, @autoload=false, @load_path=false&gt;, "config/routes"=&gt;#&lt;Rails::Paths::Path:0x0000558f2bce6390 @paths=["config/routes"], @current="config/routes", @root=#&lt;Rails::Paths::Root:0x0000558f2bce6c00 ...&gt;, @glob="**/*.rb", @exclude=nil, @autoload_once=false, @eager_load=false, @autoload=false, @load_path=false&gt;, "db"=&gt;#&lt;Rails::Paths::Path:0x0000558f2bce6318 @paths=["db"], @current="db", @root=#&lt;Rails::Paths::Root:0x0000558f2bce6c00 ...&gt;, @glob=nil, @exclude=nil, @autoload_once=false, @eager_load=false, @autoload=false, @load_path=false&gt;, "db/migrate"=&gt;#&lt;Rails::Paths::Path:0x0000558f2bce62a0 @paths=["db/migrate"], @current="db/migrate", @root=#&lt;Rails::Paths::Root:0x0000558f2bce6c00 ...&gt;, @glob=nil, @exclude=nil, @autoload_once=false, @eager_load=false, @autoload=false, @load_path=false&gt;, "db/seeds.rb"=&gt;#&lt;Rails::Paths::Path:0x0000558f2bce6228 @paths=["db/seeds.rb"], @current="db/seeds.rb", @root=#&lt;Rails::Paths::Root:0x0000558f2bce6c00 ...&gt;, @glob=nil, @exclude=nil, @autoload_once=false, @eager_load=false, @autoload=false, @load_path=false&gt;, "vendor"=&gt;#&lt;Rails::Paths::Path:0x0000558f2bce61b0 @paths=["vendor"], @current="vendor", @root=#&lt;Rails::Paths::Root:0x0000558f2bce6c00 ...&gt;, @glob=nil, @exclude=nil, @autoload_once=false, @eager_load=false, @autoload=false, @load_path=true&gt;, "vendor/assets"=&gt;#&lt;Rails::Paths::Path:0x0000558f2bce6138 @paths=["vendor/assets"], @current="vendor/assets", @root=#&lt;Rails::Paths::Root:0x0000558f2bce6c00 ...&gt;, @glob="*", @exclude=nil, @autoload_once=false, @eager_load=false, @autoload=false, @load_path=false&gt;}&gt;, @autoload_paths=[], @eager_load_paths=["/home/nameless_ghoul/.rbenv/versions/3.0.0/lib/ruby/gems/3.0.0/gems/actiontext-6.1.5/app/helpers", "/home/nameless_ghoul/.rbenv/versions/3.0.0/lib/ruby/gems/3.0.0/gems/actiontext-6.1.5/app/models"]&gt;, @env_config=nil, @helpers=#&lt;Module:0x0000558f2c0f08c8&gt;, @routes=#&lt;ActionDispatch::Routing::RouteSet:0x0000558f2958c880&gt;, @app_build_lock=#&lt;Thread::Mutex:0x0000558f2959d068&gt;, @initializers=[#&lt;Rails::Initializable::Initializer:0x0000558f2bcc3318 @name=:load_environment_config, @context=#&lt;ActionText::Engine:0x0000558f2959d0b8 ...&gt;, @options={:before=&gt;:load_environment_hook, :group=&gt;:all}, @block=#&lt;Proc:0x0000558f29b2c858 /home/nameless_ghoul/.rbenv/versions/3.0.0/lib/ruby/gems/3.0.0/gems/railties-6.1.5/lib/rails/engine.rb:569&gt;&gt;, #&lt;Rails::Initializable::Initializer:0x0000558f2bcc32c8 @name=:set_load_path, @context=#&lt;ActionText::Engine:0x0000558f2959d0b8 ...&gt;, @options={:before=&gt;:bootstrap_hook, :after=&gt;:load_environment_config, :group=&gt;:default}, @block=#&lt;Proc:0x0000558f29b2c678 /home/nameless_ghoul/.rbenv/versions/3.0.0/lib/ruby/gems/3.0.0/gems/railties-6.1.5/lib/rails/engine.rb:575&gt;&gt;, #&lt;Rails::Initializable::Initializer:0x0000558f2bcc3278 @name=:set_autoload_paths, @context=#&lt;ActionText::Engine:0x0000558f2959d0b8 ...&gt;, @options={:before=&gt;:bootstrap_hook, :after=&gt;:set_load_path, :group=&gt;:default}, @block=#&lt;Proc:0x0000558f29b2c4e8 /home/nameless_ghoul/.rbenv/versions/3.0.0/lib/ruby/gems/3.0.0/gems/railties-6.1.5/lib/rails/engine.rb:587&gt;&gt;, #&lt;Rails::Initializable::Initializer:0x0000558f2bcc3228 @name=:set_eager_load_paths, @context=#&lt;ActionText::Engine:0x0000558f2959d0b8 ...&gt;, @options={:before=&gt;:bootstrap_hook, :after=&gt;:set_autoload_paths, :group=&gt;:default}, @block=#&lt;Proc:0x0000558f29b2c3d0 /home/nameless_ghoul/.rbenv/versions/3.0.0/lib/ruby/gems/3.0.0/gems/railties-6.1.5/lib/rails/engine.rb:595&gt;&gt;, #&lt;Rails::Initializable::Initializer:0x0000558f2bcc31d8 @name=:add_routing_paths, @context=#&lt;ActionText::Engine:0x0000558f2959d0b8 ...&gt;, @options={:after=&gt;:set_eager_load_paths, :group=&gt;:default}, @block=#&lt;Proc:0x0000558f29b2c2b8 /home/nameless_ghoul/.rbenv/versions/3.0.0/lib/ruby/gems/3.0.0/gems/railties-6.1.5/lib/rails/engine.rb:600&gt;&gt;, #&lt;Rails::Initializable::Initializer:0x0000558f2bcc3188 @name=:add_locales, @context=#&lt;ActionText::Engine:0x0000558f2959d0b8 ...&gt;, @options={:after=&gt;:add_routing_paths, :group=&gt;:default}, @block=#&lt;Proc:0x0000558f29b2c1c8 /home/nameless_ghoul/.rbenv/versions/3.0.0/lib/ruby/gems/3.0.0/gems/railties-6.1.5/lib/rails/engine.rb:614&gt;&gt;, #&lt;Rails::Initializable::Initializer:0x0000558f2bcc3138 @name=:add_view_paths, @context=#&lt;ActionText::Engine:0x0000558f2959d0b8 ...&gt;, @options={:after=&gt;:add_locales, :group=&gt;:default}, @block=#&lt;Proc:0x0000558f29b2c0d8 /home/nameless_ghoul/.rbenv/versions/3.0.0/lib/ruby/gems/3.0.0/gems/railties-6.1.5/lib/rails/engine.rb:618&gt;&gt;, #&lt;Rails::Initializable::Initializer:0x0000558f2bcc30e8 @name=:prepend_helpers_path, @context=#&lt;ActionText::Engine:0x0000558f2959d0b8 ...&gt;, @options={:after=&gt;:add_view_paths, :group=&gt;:default}, @block=#&lt;Proc:0x0000558f28f17f18 /home/nameless_ghoul/.rbenv/versions/3.0.0/lib/ruby/gems/3.0.0/gems/railties-6.1.5/lib/rails/engine.rb:626&gt;&gt;, #&lt;Rails::Initializable::Initializer:0x0000558f2bcc3098 @name=:load_config_initializers, @context=#&lt;ActionText::Engine:0x0000558f2959d0b8 ...&gt;, @options={:after=&gt;:prepend_helpers_path, :group=&gt;:default}, @block=#&lt;Proc:0x0000558f28f17608 /home/nameless_ghoul/.rbenv/versions/3.0.0/lib/ruby/gems/3.0.0/gems/railties-6.1.5/lib/rails/engine.rb:632&gt;&gt;, #&lt;Rails::Initializable::Initializer:0x0000558f2bcc3048 @name=:wrap_executor_around_load_seed, @context=#&lt;ActionText::Engine:0x0000558f2959d0b8 ...&gt;, @options={:after=&gt;:load_config_initializers, :group=&gt;:default}, @block=#&lt;Proc:0x0000558f28f16e60 /home/nameless_ghoul/.rbenv/versions/3.0.0/lib/ruby/gems/3.0.0/gems/railties-6.1.5/lib/rails/engine.rb:638&gt;&gt;, #&lt;Rails::Initializable::Initializer:0x0000558f2bcc2ff8 @name=:engines_blank_point, @context=#&lt;ActionText::Engine:0x0000558f2959d0b8 ...&gt;, @options={:after=&gt;:wrap_executor_around_load_seed, :group=&gt;:default}, @block=#&lt;Proc:0x0000558f28f16960 /home/nameless_ghoul/.rbenv/versions/3.0.0/lib/ruby/gems/3.0.0/gems/railties-6.1.5/lib/rails/engine.rb:644&gt;&gt;, #&lt;Rails::Initializable::Initializer:0x0000558f2bcc2fa8 @name=:append_assets_path, @context=#&lt;ActionText::Engine:0x0000558f2959d0b8 ...&gt;, @options={:group=&gt;:all, :after=&gt;:engines_blank_point}, @block=#&lt;Proc:0x0000558f29c70d40 /home/nameless_ghoul/.rbenv/versions/3.0.0/lib/ruby/gems/3.0.0/gems/sprockets-rails-3.4.2/lib/sprockets/railtie.rb:60&gt;&gt;, #&lt;Rails::Initializable::Initializer:0x0000558f2bcc2f58 @name="action_text.attribute", @context=#&lt;ActionText::Engine:0x0000558f2959d0b8 ...&gt;, @options={:group=&gt;:default}, @block=#&lt;Proc:0x0000558f29570b80 /home/nameless_ghoul/.rbenv/versions/3.0.0/lib/ruby/gems/3.0.0/gems/actiontext-6.1.5/lib/action_text/engine.rb:19&gt;&gt;, #&lt;Rails::Initializable::Initializer:0x0000558f2bcc2f08 @name="action_text.attachable", @context=#&lt;ActionText::Engine:0x0000558f2959d0b8 ...&gt;, @options={:after=&gt;"action_text.attribute", :group=&gt;:default}, @block=#&lt;Proc:0x0000558f295705e0 /home/nameless_ghoul/.rbenv/versions/3.0.0/lib/ruby/gems/3.0.0/gems/actiontext-6.1.5/lib/action_text/engine.rb:25&gt;&gt;, #&lt;Rails::Initializable::Initializer:0x0000558f2bcc2eb8 @name="action_text.helper", @context=#&lt;ActionText::Engine:0x0000558f2959d0b8 ...&gt;, @options={:after=&gt;"action_text.attachable", :group=&gt;:default}, @block=#&lt;Proc:0x0000558f29570130 /home/nameless_ghoul/.rbenv/versions/3.0.0/lib/ruby/gems/3.0.0/gems/actiontext-6.1.5/lib/action_text/engine.rb:43&gt;&gt;, #&lt;Rails::Initializable::Initializer:0x0000558f2bcc2e68 @name="action_text.renderer", @context=#&lt;ActionText::Engine:0x0000558f2959d0b8 ...&gt;, @options={:after=&gt;"action_text.helper", :group=&gt;:default}, @block=#&lt;Proc:0x0000558f29563e58 /home/nameless_ghoul/.rbenv/versions/3.0.0/lib/ruby/gems/3.0.0/gems/actiontext-6.1.5/lib/action_text/engine.rb:51&gt;&gt;, #&lt;Rails::Initializable::Initializer:0x0000558f2bcc2e18 @name="action_text.system_test_helper", @context=#&lt;ActionText::Engine:0x0000558f2959d0b8 ...&gt;, @options={:after=&gt;"action_text.renderer", :group=&gt;:default}, @block=#&lt;Proc:0x0000558f29563c28 /home/nameless_ghoul/.rbenv/versions/3.0.0/lib/ruby/gems/3.0.0/gems/actiontext-6.1.5/lib/action_text/engine.rb:65&gt;&gt;]&gt;, #&lt;Webpacker::Engine:0x0000558f2acdc670 @_all_autoload_paths=[], @_all_load_paths=["/home/nameless_ghoul/.rbenv/versions/3.0.0/lib/ruby/gems/3.0.0/gems/webpacker-5.4.3/lib"], @app=nil, @config=#&lt;Rails::Engine::Configuration:0x0000558f2acdc080 @root=#&lt;Pathname:/home/nameless_ghoul/.rbenv/versions/3.0.0/lib/ruby/gems/3.0.0/gems/webpacker-5.4.3&gt;, @generators=#&lt;Rails::Configuration::Generators:0x0000558f2acdc058 @aliases={}, @options={:rails=&gt;{:orm=&gt;:active_record, :test_framework=&gt;:test_unit, :integration_tool=&gt;:test_unit, :system_tests=&gt;:test_unit, :stylesheet_engine=&gt;:scss}, :active_record=&gt;{:migration=&gt;true, :timestamps=&gt;true}, :test_unit=&gt;{:fixture=&gt;true, :fixture_replacement=&gt;nil}}, @fallbacks={}, @templates=[], @colorize_logging=true, @api_only=false, @hidden_namespaces=["sass"], @after_generate_callbacks=[]&gt;, @middleware=#&lt;Rails::Configuration::MiddlewareStackProxy:0x0000558f2acefe28 @operations=[], @delete_operations=[]&gt;, @javascript_path="javascript", @autoload_once_paths=[], @paths=#&lt;Rails::Paths::Root:0x0000558f2bce5df0 @path=#&lt;Pathname:/home/nameless_ghoul/.rbenv/versions/3.0.0/lib/ruby/gems/3.0.0/gems/webpacker-5.4.3&gt;, @root={"app"=&gt;#&lt;Rails::Paths::Path:0x0000558f2bce5d28 @paths=["app"], @current="app", @root=#&lt;Rails::Paths::Root:0x0000558f2bce5df0 ...&gt;, @glob="{*,*/concerns}", @exclude=["assets", "javascript"], @autoload_once=false, @eager_load=true, @autoload=false, @load_path=false&gt;, "app/assets"=&gt;#&lt;Rails::Paths::Path:0x0000558f2bce5cb0 @paths=["app/assets"], @current="app/assets", @root=#&lt;Rails::Paths::Root:0x0000558f2bce5df0 ...&gt;, @glob="*", @exclude=nil, @autoload_once=false, @eager_load=false, @autoload=false, @load_path=false&gt;, "app/controllers"=&gt;#&lt;Rails::Paths::Path:0x0000558f2bce5c38 @paths=["app/controllers"], @current="app/controllers", @root=#&lt;Rails::Paths::Root:0x0000558f2bce5df0 ...&gt;, @glob=nil, @exclude=nil, @autoload_once=false, @eager_load=true, @autoload=false, @load_path=false&gt;, "app/channels"=&gt;#&lt;Rails::Paths::Path:0x0000558f2bce5bc0 @paths=["app/channels"], @current="app/channels", @root=#&lt;Rails::Paths::Root:0x0000558f2bce5df0 ...&gt;, @glob="**/*_channel.rb", @exclude=nil, @autoload_once=false, @eager_load=true, @autoload=false, @load_path=false&gt;, "app/helpers"=&gt;#&lt;Rails::Paths::Path:0x0000558f2bce5b48 @paths=["app/helpers"], @current="app/helpers", @root=#&lt;Rails::Paths::Root:0x0000558f2bce5df0 ...&gt;, @glob=nil, @exclude=nil, @autoload_once=false, @eager_load=true, @autoload=false, @load_path=false&gt;, "app/models"=&gt;#&lt;Rails::Paths::Path:0x0000558f2bce5ad0 @paths=["app/models"], @current="app/models", @root=#&lt;Rails::Paths::Root:0x0000558f2bce5df0 ...&gt;, @glob=nil, @exclude=nil, @autoload_once=false, @eager_load=true, @autoload=false, @load_path=false&gt;, "app/mailers"=&gt;#&lt;Rails::Paths::Path:0x0000558f2bce5a58 @paths=["app/mailers"], @current="app/mailers", @root=#&lt;Rails::Paths::Root:0x0000558f2bce5df0 ...&gt;, @glob=nil, @exclude=nil, @autoload_once=false, @eager_load=true, @autoload=false, @load_path=false&gt;, "app/views"=&gt;#&lt;Rails::Paths::Path:0x0000558f2bce59e0 @paths=["app/views"], @current="app/views", @root=#&lt;Rails::Paths::Root:0x0000558f2bce5df0 ...&gt;, @glob=nil, @exclude=nil, @autoload_once=false, @eager_load=false, @autoload=false, @load_path=false&gt;, "lib"=&gt;#&lt;Rails::Paths::Path:0x0000558f2bce5968 @paths=["lib"], @current="lib", @root=#&lt;Rails::Paths::Root:0x0000558f2bce5df0 ...&gt;, @glob=nil, @exclude=nil, @autoload_once=false, @eager_load=false, @autoload=false, @load_path=true&gt;, "lib/assets"=&gt;#&lt;Rails::Paths::Path:0x0000558f2bce58f0 @paths=["lib/assets"], @current="lib/assets", @root=#&lt;Rails::Paths::Root:0x0000558f2bce5df0 ...&gt;, @glob="*", @exclude=nil, @autoload_once=false, @eager_load=false, @autoload=false, @load_path=false&gt;, "lib/tasks"=&gt;#&lt;Rails::Paths::Path:0x0000558f2bce5878 @paths=["lib/tasks"], @current="lib/tasks", @root=#&lt;Rails::Paths::Root:0x0000558f2bce5df0 ...&gt;, @glob="**/*.rake", @exclude=nil, @autoload_once=false, @eager_load=false, @autoload=false, @load_path=false&gt;, "config"=&gt;#&lt;Rails::Paths::Path:0x0000558f2bce5800 @paths=["config"], @current="config", @root=#&lt;Rails::Paths::Root:0x0000558f2bce5df0 ...&gt;, @glob=nil, @exclude=nil, @autoload_once=false, @eager_load=false, @autoload=false, @load_path=false&gt;, "config/environments"=&gt;#&lt;Rails::Paths::Path:0x0000558f2bce5760 @paths=["config/environments"], @current="config/environments", @root=#&lt;Rails::Paths::Root:0x0000558f2bce5df0 ...&gt;, @glob="test.rb", @exclude=nil, @autoload_once=false, @eager_load=false, @autoload=false, @load_path=false&gt;, "config/initializers"=&gt;#&lt;Rails::Paths::Path:0x0000558f2bce56e8 @paths=["config/initializers"], @current="config/initializers", @root=#&lt;Rails::Paths::Root:0x0000558f2bce5df0 ...&gt;, @glob="**/*.rb", @exclude=nil, @autoload_once=false, @eager_load=false, @autoload=false, @load_path=false&gt;, "config/locales"=&gt;#&lt;Rails::Paths::Path:0x0000558f2bce5670 @paths=["config/locales"], @current="config/locales", @root=#&lt;Rails::Paths::Root:0x0000558f2bce5df0 ...&gt;, @glob="*.{rb,yml}", @exclude=nil, @autoload_once=false, @eager_load=false, @autoload=false, @load_path=false&gt;, "config/routes.rb"=&gt;#&lt;Rails::Paths::Path:0x0000558f2bce55f8 @paths=["config/routes.rb"], @current="config/routes.rb", @root=#&lt;Rails::Paths::Root:0x0000558f2bce5df0 ...&gt;, @glob=nil, @exclude=nil, @autoload_once=false, @eager_load=false, @autoload=false, @load_path=false&gt;, "config/routes"=&gt;#&lt;Rails::Paths::Path:0x0000558f2bce5580 @paths=["config/routes"], @current="config/routes", @root=#&lt;Rails::Paths::Root:0x0000558f2bce5df0 ...&gt;, @glob="**/*.rb", @exclude=nil, @autoload_once=false, @eager_load=false, @autoload=false, @load_path=false&gt;, "db"=&gt;#&lt;Rails::Paths::Path:0x0000558f2bce5508 @paths=["db"], @current="db", @root=#&lt;Rails::Paths::Root:0x0000558f2bce5df0 ...&gt;, @glob=nil, @exclude=nil, @autoload_once=false, @eager_load=false, @autoload=false, @load_path=false&gt;, "db/migrate"=&gt;#&lt;Rails::Paths::Path:0x0000558f2bce5490 @paths=["db/migrate"], @current="db/migrate", @root=#&lt;Rails::Paths::Root:0x0000558f2bce5df0 ...&gt;, @glob=nil, @exclude=nil, @autoload_once=false, @eager_load=false, @autoload=false, @load_path=false&gt;, "db/seeds.rb"=&gt;#&lt;Rails::Paths::Path:0x0000558f2bce5418 @paths=["db/seeds.rb"], @current="db/seeds.rb", @root=#&lt;Rails::Paths::Root:0x0000558f2bce5df0 ...&gt;, @glob=nil, @exclude=nil, @autoload_once=false, @eager_load=false, @autoload=false, @load_path=false&gt;, "vendor"=&gt;#&lt;Rails::Paths::Path:0x0000558f2bce53a0 @paths=["vendor"], @current="vendor", @root=#&lt;Rails::Paths::Root:0x0000558f2bce5df0 ...&gt;, @glob=nil, @exclude=nil, @autoload_once=false, @eager_load=false, @autoload=false, @load_path=true&gt;, "vendor/assets"=&gt;#&lt;Rails::Paths::Path:0x0000558f2bce5328 @paths=["vendor/assets"], @current="vendor/assets", @root=#&lt;Rails::Paths::Root:0x0000558f2bce5df0 ...&gt;, @glob="*", @exclude=nil, @autoload_once=false, @eager_load=false, @autoload=false, @load_path=false&gt;}&gt;, @autoload_paths=[], @eager_load_paths=[]&gt;, @env_config=nil, @helpers=nil, @routes=#&lt;ActionDispatch::Routing::RouteSet:0x0000558f2c022310&gt;, @app_build_lock=#&lt;Thread::Mutex:0x0000558f2acdc648&gt;, @initializers=[#&lt;Rails::Initializable::Initializer:0x0000558f2bcc2940 @name=:load_environment_config, @context=#&lt;Webpacker::Engine:0x0000558f2acdc670 ...&gt;, @options={:before=&gt;:load_environment_hook, :group=&gt;:all}, @block=#&lt;Proc:0x0000558f29b2c858 /home/nameless_ghoul/.rbenv/versions/3.0.0/lib/ruby/gems/3.0.0/gems/railties-6.1.5/lib/rails/engine.rb:569&gt;&gt;, #&lt;Rails::Initializable::Initializer:0x0000558f2bcc28f0 @name=:set_load_path, @context=#&lt;Webpacker::Engine:0x0000558f2acdc670 ...&gt;, @options={:before=&gt;:bootstrap_hook, :after=&gt;:load_environment_config, :group=&gt;:default}, @block=#&lt;Proc:0x0000558f29b2c678 /home/nameless_ghoul/.rbenv/versions/3.0.0/lib/ruby/gems/3.0.0/gems/railties-6.1.5/lib/rails/engine.rb:575&gt;&gt;, #&lt;Rails::Initializable::Initializer:0x0000558f2bcc28a0 @name=:set_autoload_paths, @context=#&lt;Webpacker::Engine:0x0000558f2acdc670 ...&gt;, @options={:before=&gt;:bootstrap_hook, :after=&gt;:set_load_path, :group=&gt;:default}, @block=#&lt;Proc:0x0000558f29b2c4e8 /home/nameless_ghoul/.rbenv/versions/3.0.0/lib/ruby/gems/3.0.0/gems/railties-6.1.5/lib/rails/engine.rb:587&gt;&gt;, #&lt;Rails::Initializable::Initializer:0x0000558f2bcc2850 @name=:set_eager_load_paths, @context=#&lt;Webpacker::Engine:0x0000558f2acdc670 ...&gt;, @options={:before=&gt;:bootstrap_hook, :after=&gt;:set_autoload_paths, :group=&gt;:default}, @block=#&lt;Proc:0x0000558f29b2c3d0 /home/nameless_ghoul/.rbenv/versions/3.0.0/lib/ruby/gems/3.0.0/gems/railties-6.1.5/lib/rails/engine.rb:595&gt;&gt;, #&lt;Rails::Initializable::Initializer:0x0000558f2bcc2800 @name=:add_routing_paths, @context=#&lt;Webpacker::Engine:0x0000558f2acdc670 ...&gt;, @options={:after=&gt;:set_eager_load_paths, :group=&gt;:default}, @block=#&lt;Proc:0x0000558f29b2c2b8 /home/nameless_ghoul/.rbenv/versions/3.0.0/lib/ruby/gems/3.0.0/gems/railties-6.1.5/lib/rails/engine.rb:600&gt;&gt;, #&lt;Rails::Initializable::Initializer:0x0000558f2bcc27b0 @name=:add_locales, @context=#&lt;Webpacker::Engine:0x0000558f2acdc670 ...&gt;, @options={:after=&gt;:add_routing_paths, :group=&gt;:default}, @block=#&lt;Proc:0x0000558f29b2c1c8 /home/nameless_ghoul/.rbenv/versions/3.0.0/lib/ruby/gems/3.0.0/gems/railties-6.1.5/lib/rails/engine.rb:614&gt;&gt;, #&lt;Rails::Initializable::Initializer:0x0000558f2bcc2760 @name=:add_view_paths, @context=#&lt;Webpacker::Engine:0x0000558f2acdc670 ...&gt;, @options={:after=&gt;:add_locales, :group=&gt;:default}, @block=#&lt;Proc:0x0000558f29b2c0d8 /home/nameless_ghoul/.rbenv/versions/3.0.0/lib/ruby/gems/3.0.0/gems/railties-6.1.5/lib/rails/engine.rb:618&gt;&gt;, #&lt;Rails::Initializable::Initializer:0x0000558f2bcc2710 @name=:prepend_helpers_path, @context=#&lt;Webpacker::Engine:0x0000558f2acdc670 ...&gt;, @options={:after=&gt;:add_view_paths, :group=&gt;:default}, @block=#&lt;Proc:0x0000558f28f17f18 /home/nameless_ghoul/.rbenv/versions/3.0.0/lib/ruby/gems/3.0.0/gems/railties-6.1.5/lib/rails/engine.rb:626&gt;&gt;, #&lt;Rails::Initializable::Initializer:0x0000558f2bcc26c0 @name=:load_config_initializers, @context=#&lt;Webpacker::Engine:0x0000558f2acdc670 ...&gt;, @options={:after=&gt;:prepend_helpers_path, :group=&gt;:default}, @block=#&lt;Proc:0x0000558f28f17608 /home/nameless_ghoul/.rbenv/versions/3.0.0/lib/ruby/gems/3.0.0/gems/railties-6.1.5/lib/rails/engine.rb:632&gt;&gt;, #&lt;Rails::Initializable::Initializer:0x0000558f2bcc2670 @name=:wrap_executor_around_load_seed, @context=#&lt;Webpacker::Engine:0x0000558f2acdc670 ...&gt;, @options={:after=&gt;:load_config_initializers, :group=&gt;:default}, @block=#&lt;Proc:0x0000558f28f16e60 /home/nameless_ghoul/.rbenv/versions/3.0.0/lib/ruby/gems/3.0.0/gems/railties-6.1.5/lib/rails/engine.rb:638&gt;&gt;, #&lt;Rails::Initializable::Initializer:0x0000558f2bcc2620 @name=:engines_blank_point, @context=#&lt;Webpacker::Engine:0x0000558f2acdc670 ...&gt;, @options={:after=&gt;:wrap_executor_around_load_seed, :group=&gt;:default}, @block=#&lt;Proc:0x0000558f28f16960 /home/nameless_ghoul/.rbenv/versions/3.0.0/lib/ruby/gems/3.0.0/gems/railties-6.1.5/lib/rails/engine.rb:644&gt;&gt;, #&lt;Rails::Initializable::Initializer:0x0000558f2bcc25d0 @name=:append_assets_path, @context=#&lt;Webpacker::Engine:0x0000558f2acdc670 ...&gt;, @options={:group=&gt;:all, :after=&gt;:engines_blank_point}, @block=#&lt;Proc:0x0000558f29c70d40 /home/nameless_ghoul/.rbenv/versions/3.0.0/lib/ruby/gems/3.0.0/gems/sprockets-rails-3.4.2/lib/sprockets/railtie.rb:60&gt;&gt;, #&lt;Rails::Initializable::Initializer:0x0000558f2bcc2580 @name="webpacker.proxy", @context=#&lt;Webpacker::Engine:0x0000558f2acdc670 ...&gt;, @options={:group=&gt;:default}, @block=#&lt;Proc:0x0000558f2acefc48 /home/nameless_ghoul/.rbenv/versions/3.0.0/lib/ruby/gems/3.0.0/gems/webpacker-5.4.3/lib/webpacker/railtie.rb:10&gt;&gt;, #&lt;Rails::Initializable::Initializer:0x0000558f2bcc2530 @name="webpacker.helper", @context=#&lt;Webpacker::Engine:0x0000558f2acdc670 ...&gt;, @options={:after=&gt;"webpacker.proxy", :group=&gt;:default}, @block=#&lt;Proc:0x0000558f2acefb30 /home/nameless_ghoul/.rbenv/versions/3.0.0/lib/ruby/gems/3.0.0/gems/webpacker-5.4.3/lib/webpacker/railtie.rb:19&gt;&gt;, #&lt;Rails::Initializable::Initializer:0x0000558f2bcc24e0 @name="webpacker.logger", @context=#&lt;Webpacker::Engine:0x0000558f2acdc670 ...&gt;, @options={:after=&gt;"webpacker.helper", :group=&gt;:default}, @block=#&lt;Proc:0x0000558f2acefa18 /home/nameless_ghoul/.rbenv/versions/3.0.0/lib/ruby/gems/3.0.0/gems/webpacker-5.4.3/lib/webpacker/railtie.rb:29&gt;&gt;, #&lt;Rails::Initializable::Initializer:0x0000558f2bcc2490 @name="webpacker.bootstrap", @context=#&lt;Webpacker::Engine:0x0000558f2acdc670 ...&gt;, @options={:after=&gt;"webpacker.logger", :group=&gt;:default}, @block=#&lt;Proc:0x0000558f2acef900 /home/nameless_ghoul/.rbenv/versions/3.0.0/lib/ruby/gems/3.0.0/gems/webpacker-5.4.3/lib/webpacker/railtie.rb:39&gt;&gt;, #&lt;Rails::Initializable::Initializer:0x0000558f2bcc2440 @name="webpacker.set_source", @context=#&lt;Webpacker::Engine:0x0000558f2acdc670 ...&gt;, @options={:after=&gt;"webpacker.bootstrap", :group=&gt;:default}, @block=#&lt;Proc:0x0000558f2acef7e8 /home/nameless_ghoul/.rbenv/versions/3.0.0/lib/ruby/gems/3.0.0/gems/webpacker-5.4.3/lib/webpacker/railtie.rb:50&gt;&gt;]&gt;, #&lt;Turbolinks::Engine:0x0000558f2acfaaf8 @_all_autoload_paths=[], @_all_load_paths=["/home/nameless_ghoul/.rbenv/versions/3.0.0/lib/ruby/gems/3.0.0/gems/turbolinks-5.2.1/lib"], @app=nil, @config=#&lt;Rails::Engine::Configuration:0x0000558f2acfa7d8 @root=#&lt;Pathname:/home/nameless_ghoul/.rbenv/versions/3.0.0/lib/ruby/gems/3.0.0/gems/turbolinks-5.2.1&gt;, @generators=#&lt;Rails::Configuration::Generators:0x0000558f2acfa7b0 @aliases={}, @options={:rails=&gt;{:orm=&gt;:active_record, :test_framework=&gt;:test_unit, :integration_tool=&gt;:test_unit, :system_tests=&gt;:test_unit, :stylesheet_engine=&gt;:scss}, :active_record=&gt;{:migration=&gt;true, :timestamps=&gt;true}, :test_unit=&gt;{:fixture=&gt;true, :fixture_replacement=&gt;nil}}, @fallbacks={}, @templates=[], @colorize_logging=true, @api_only=false, @hidden_namespaces=["sass"], @after_generate_callbacks=[]&gt;, @middleware=#&lt;Rails::Configuration::MiddlewareStackProxy:0x0000558f2acfa670 @operations=[], @delete_operations=[]&gt;, @javascript_path="javascript", @autoload_once_paths=[], @paths=#&lt;Rails::Paths::Root:0x0000558f2bce4fe0 @path=#&lt;Pathname:/home/nameless_ghoul/.rbenv/versions/3.0.0/lib/ruby/gems/3.0.0/gems/turbolinks-5.2.1&gt;, @root={"app"=&gt;#&lt;Rails::Paths::Path:0x0000558f2bce4f18 @paths=["app"], @current="app", @root=#&lt;Rails::Paths::Root:0x0000558f2bce4fe0 ...&gt;, @glob="{*,*/concerns}", @exclude=["assets", "javascript"], @autoload_once=false, @eager_load=true, @autoload=false, @load_path=false&gt;, "app/assets"=&gt;#&lt;Rails::Paths::Path:0x0000558f2bce4ea0 @paths=["app/assets"], @current="app/assets", @root=#&lt;Rails::Paths::Root:0x0000558f2bce4fe0 ...&gt;, @glob="*", @exclude=nil, @autoload_once=false, @eager_load=false, @autoload=false, @load_path=false&gt;, "app/controllers"=&gt;#&lt;Rails::Paths::Path:0x0000558f2bce4e28 @paths=["app/controllers"], @current="app/controllers", @root=#&lt;Rails::Paths::Root:0x0000558f2bce4fe0 ...&gt;, @glob=nil, @exclude=nil, @autoload_once=false, @eager_load=true, @autoload=false, @load_path=false&gt;, "app/channels"=&gt;#&lt;Rails::Paths::Path:0x0000558f2bce4db0 @paths=["app/channels"], @current="app/channels", @root=#&lt;Rails::Paths::Root:0x0000558f2bce4fe0 ...&gt;, @glob="**/*_channel.rb", @exclude=nil, @autoload_once=false, @eager_load=true, @autoload=false, @load_path=false&gt;, "app/helpers"=&gt;#&lt;Rails::Paths::Path:0x0000558f2bce4d38 @paths=["app/helpers"], @current="app/helpers", @root=#&lt;Rails::Paths::Root:0x0000558f2bce4fe0 ...&gt;, @glob=nil, @exclude=nil, @autoload_once=false, @eager_load=true, @autoload=false, @load_path=false&gt;, "app/models"=&gt;#&lt;Rails::Paths::Path:0x0000558f2bce4cc0 @paths=["app/models"], @current="app/models", @root=#&lt;Rails::Paths::Root:0x0000558f2bce4fe0 ...&gt;, @glob=nil, @exclude=nil, @autoload_once=false, @eager_load=true, @autoload=false, @load_path=false&gt;, "app/mailers"=&gt;#&lt;Rails::Paths::Path:0x0000558f2bce4c48 @paths=["app/mailers"], @current="app/mailers", @root=#&lt;Rails::Paths::Root:0x0000558f2bce4fe0 ...&gt;, @glob=nil, @exclude=nil, @autoload_once=false, @eager_load=true, @autoload=false, @load_path=false&gt;, "app/views"=&gt;#&lt;Rails::Paths::Path:0x0000558f2bce4bd0 @paths=["app/views"], @current="app/views", @root=#&lt;Rails::Paths::Root:0x0000558f2bce4fe0 ...&gt;, @glob=nil, @exclude=nil, @autoload_once=false, @eager_load=false, @autoload=false, @load_path=false&gt;, "lib"=&gt;#&lt;Rails::Paths::Path:0x0000558f2bce4b58 @paths=["lib"], @current="lib", @root=#&lt;Rails::Paths::Root:0x0000558f2bce4fe0 ...&gt;, @glob=nil, @exclude=nil, @autoload_once=false, @eager_load=false, @autoload=false, @load_path=true&gt;, "lib/assets"=&gt;#&lt;Rails::Paths::Path:0x0000558f2bce4ae0 @paths=["lib/assets"], @current="lib/assets", @root=#&lt;Rails::Paths::Root:0x0000558f2bce4fe0 ...&gt;, @glob="*", @exclude=nil, @autoload_once=false, @eager_load=false, @autoload=false, @load_path=false&gt;, "lib/tasks"=&gt;#&lt;Rails::Paths::Path:0x0000558f2bce4a68 @paths=["lib/tasks"], @current="lib/tasks", @root=#&lt;Rails::Paths::Root:0x0000558f2bce4fe0 ...&gt;, @glob="**/*.rake", @exclude=nil, @autoload_once=false, @eager_load=false, @autoload=false, @load_path=false&gt;, "config"=&gt;#&lt;Rails::Paths::Path:0x0000558f2bce49f0 @paths=["config"], @current="config", @root=#&lt;Rails::Paths::Root:0x0000558f2bce4fe0 ...&gt;, @glob=nil, @exclude=nil, @autoload_once=false, @eager_load=false, @autoload=false, @load_path=false&gt;, "config/environments"=&gt;#&lt;Rails::Paths::Path:0x0000558f2bce4950 @paths=["config/environments"], @current="config/environments", @root=#&lt;Rails::Paths::Root:0x0000558f2bce4fe0 ...&gt;, @glob="test.rb", @exclude=nil, @autoload_once=false, @eager_load=false, @autoload=false, @load_path=false&gt;, "config/initializers"=&gt;#&lt;Rails::Paths::Path:0x0000558f2bce48d8 @paths=["config/initializers"], @current="config/initializers", @root=#&lt;Rails::Paths::Root:0x0000558f2bce4fe0 ...&gt;, @glob="**/*.rb", @exclude=nil, @autoload_once=false, @eager_load=false, @autoload=false, @load_path=false&gt;, "config/locales"=&gt;#&lt;Rails::Paths::Path:0x0000558f2bce4860 @paths=["config/locales"], @current="config/locales", @root=#&lt;Rails::Paths::Root:0x0000558f2bce4fe0 ...&gt;, @glob="*.{rb,yml}", @exclude=nil, @autoload_once=false, @eager_load=false, @autoload=false, @load_path=false&gt;, "config/routes.rb"=&gt;#&lt;Rails::Paths::Path:0x0000558f2bce47e8 @paths=["config/routes.rb"], @current="config/routes.rb", @root=#&lt;Rails::Paths::Root:0x0000558f2bce4fe0 ...&gt;, @glob=nil, @exclude=nil, @autoload_once=false, @eager_load=false, @autoload=false, @load_path=false&gt;, "config/routes"=&gt;#&lt;Rails::Paths::Path:0x0000558f2bce4770 @paths=["config/routes"], @current="config/routes", @root=#&lt;Rails::Paths::Root:0x0000558f2bce4fe0 ...&gt;, @glob="**/*.rb", @exclude=nil, @autoload_once=false, @eager_load=false, @autoload=false, @load_path=false&gt;, "db"=&gt;#&lt;Rails::Paths::Path:0x0000558f2bce46f8 @paths=["db"], @current="db", @root=#&lt;Rails::Paths::Root:0x0000558f2bce4fe0 ...&gt;, @glob=nil, @exclude=nil, @autoload_once=false, @eager_load=false, @autoload=false, @load_path=false&gt;, "db/migrate"=&gt;#&lt;Rails::Paths::Path:0x0000558f2bce4680 @paths=["db/migrate"], @current="db/migrate", @root=#&lt;Rails::Paths::Root:0x0000558f2bce4fe0 ...&gt;, @glob=nil, @exclude=nil, @autoload_once=false, @eager_load=false, @autoload=false, @load_path=false&gt;, "db/seeds.rb"=&gt;#&lt;Rails::Paths::Path:0x0000558f2bce4608 @paths=["db/seeds.rb"], @current="db/seeds.rb", @root=#&lt;Rails::Paths::Root:0x0000558f2bce4fe0 ...&gt;, @glob=nil, @exclude=nil, @autoload_once=false, @eager_load=false, @autoload=false, @load_path=false&gt;, "vendor"=&gt;#&lt;Rails::Paths::Path:0x0000558f2bce4590 @paths=["vendor"], @current="vendor", @root=#&lt;Rails::Paths::Root:0x0000558f2bce4fe0 ...&gt;, @glob=nil, @exclude=nil, @autoload_once=false, @eager_load=false, @autoload=false, @load_path=true&gt;, "vendor/assets"=&gt;#&lt;Rails::Paths::Path:0x0000558f2bce4518 @paths=["vendor/assets"], @current="vendor/assets", @root=#&lt;Rails::Paths::Root:0x0000558f2bce4fe0 ...&gt;, @glob="*", @exclude=nil, @autoload_once=false, @eager_load=false, @autoload=false, @load_path=false&gt;}&gt;, @autoload_paths=[], @eager_load_paths=[]&gt;, @env_config=nil, @helpers=nil, @routes=#&lt;ActionDispatch::Routing::RouteSet:0x0000558f2c021690&gt;, @app_build_lock=#&lt;Thread::Mutex:0x0000558f2acfaad0&gt;, @initializers=[#&lt;Rails::Initializable::Initializer:0x0000558f2bcc1f90 @name=:load_environment_config, @context=#&lt;Turbolinks::Engine:0x0000558f2acfaaf8 ...&gt;, @options={:before=&gt;:load_environment_hook, :group=&gt;:all}, @block=#&lt;Proc:0x0000558f29b2c858 /home/nameless_ghoul/.rbenv/versions/3.0.0/lib/ruby/gems/3.0.0/gems/railties-6.1.5/lib/rails/engine.rb:569&gt;&gt;, #&lt;Rails::Initializable::Initializer:0x0000558f2bcc1f40 @name=:set_load_path, @context=#&lt;Turbolinks::Engine:0x0000558f2acfaaf8 ...&gt;, @options={:before=&gt;:bootstrap_hook, :after=&gt;:load_environment_config, :group=&gt;:default}, @block=#&lt;Proc:0x0000558f29b2c678 /home/nameless_ghoul/.rbenv/versions/3.0.0/lib/ruby/gems/3.0.0/gems/railties-6.1.5/lib/rails/engine.rb:575&gt;&gt;, #&lt;Rails::Initializable::Initializer:0x0000558f2bcc1ef0 @name=:set_autoload_paths, @context=#&lt;Turbolinks::Engine:0x0000558f2acfaaf8 ...&gt;, @options={:before=&gt;:bootstrap_hook, :after=&gt;:set_load_path, :group=&gt;:default}, @block=#&lt;Proc:0x0000558f29b2c4e8 /home/nameless_ghoul/.rbenv/versions/3.0.0/lib/ruby/gems/3.0.0/gems/railties-6.1.5/lib/rails/engine.rb:587&gt;&gt;, #&lt;Rails::Initializable::Initializer:0x0000558f2bcc1ea0 @name=:set_eager_load_paths, @context=#&lt;Turbolinks::Engine:0x0000558f2acfaaf8 ...&gt;, @options={:before=&gt;:bootstrap_hook, :after=&gt;:set_autoload_paths, :group=&gt;:default}, @block=#&lt;Proc:0x0000558f29b2c3d0 /home/nameless_ghoul/.rbenv/versions/3.0.0/lib/ruby/gems/3.0.0/gems/railties-6.1.5/lib/rails/engine.rb:595&gt;&gt;, #&lt;Rails::Initializable::Initializer:0x0000558f2bcc1e50 @name=:add_routing_paths, @context=#&lt;Turbolinks::Engine:0x0000558f2acfaaf8 ...&gt;, @options={:after=&gt;:set_eager_load_paths, :group=&gt;:default}, @block=#&lt;Proc:0x0000558f29b2c2b8 /home/nameless_ghoul/.rbenv/versions/3.0.0/lib/ruby/gems/3.0.0/gems/railties-6.1.5/lib/rails/engine.rb:600&gt;&gt;, #&lt;Rails::Initializable::Initializer:0x0000558f2bcc1e00 @name=:add_locales, @context=#&lt;Turbolinks::Engine:0x0000558f2acfaaf8 ...&gt;, @options={:after=&gt;:add_routing_paths, :group=&gt;:default}, @block=#&lt;Proc:0x0000558f29b2c1c8 /home/nameless_ghoul/.rbenv/versions/3.0.0/lib/ruby/gems/3.0.0/gems/railties-6.1.5/lib/rails/engine.rb:614&gt;&gt;, #&lt;Rails::Initializable::Initializer:0x0000558f2bcc1db0 @name=:add_view_paths, @context=#&lt;Turbolinks::Engine:0x0000558f2acfaaf8 ...&gt;, @options={:after=&gt;:add_locales, :group=&gt;:default}, @block=#&lt;Proc:0x0000558f29b2c0d8 /home/nameless_ghoul/.rbenv/versions/3.0.0/lib/ruby/gems/3.0.0/gems/railties-6.1.5/lib/rails/engine.rb:618&gt;&gt;, #&lt;Rails::Initializable::Initializer:0x0000558f2bcc1d60 @name=:prepend_helpers_path, @context=#&lt;Turbolinks::Engine:0x0000558f2acfaaf8 ...&gt;, @options={:after=&gt;:add_view_paths, :group=&gt;:default}, @block=#&lt;Proc:0x0000558f28f17f18 /home/nameless_ghoul/.rbenv/versions/3.0.0/lib/ruby/gems/3.0.0/gems/railties-6.1.5/lib/rails/engine.rb:626&gt;&gt;, #&lt;Rails::Initializable::Initializer:0x0000558f2bcc1d10 @name=:load_config_initializers, @context=#&lt;Turbolinks::Engine:0x0000558f2acfaaf8 ...&gt;, @options={:after=&gt;:prepend_helpers_path, :group=&gt;:default}, @block=#&lt;Proc:0x0000558f28f17608 /home/nameless_ghoul/.rbenv/versions/3.0.0/lib/ruby/gems/3.0.0/gems/railties-6.1.5/lib/rails/engine.rb:632&gt;&gt;, #&lt;Rails::Initializable::Initializer:0x0000558f2bcc1cc0 @name=:wrap_executor_around_load_seed, @context=#&lt;Turbolinks::Engine:0x0000558f2acfaaf8 ...&gt;, @options={:after=&gt;:load_config_initializers, :group=&gt;:default}, @block=#&lt;Proc:0x0000558f28f16e60 /home/nameless_ghoul/.rbenv/versions/3.0.0/lib/ruby/gems/3.0.0/gems/railties-6.1.5/lib/rails/engine.rb:638&gt;&gt;, #&lt;Rails::Initializable::Initializer:0x0000558f2bcc1c70 @name=:engines_blank_point, @context=#&lt;Turbolinks::Engine:0x0000558f2acfaaf8 ...&gt;, @options={:after=&gt;:wrap_executor_around_load_seed, :group=&gt;:default}, @block=#&lt;Proc:0x0000558f28f16960 /home/nameless_ghoul/.rbenv/versions/3.0.0/lib/ruby/gems/3.0.0/gems/railties-6.1.5/lib/rails/engine.rb:644&gt;&gt;, #&lt;Rails::Initializable::Initializer:0x0000558f2bcc1c20 @name=:append_assets_path, @context=#&lt;Turbolinks::Engine:0x0000558f2acfaaf8 ...&gt;, @options={:group=&gt;:all, :after=&gt;:engines_blank_point}, @block=#&lt;Proc:0x0000558f29c70d40 /home/nameless_ghoul/.rbenv/versions/3.0.0/lib/ruby/gems/3.0.0/gems/sprockets-rails-3.4.2/lib/sprockets/railtie.rb:60&gt;&gt;, #&lt;Rails::Initializable::Initializer:0x0000558f2bcc1bd0 @name=:turbolinks, @context=#&lt;Turbolinks::Engine:0x0000558f2acfaaf8 ...&gt;, @options={:group=&gt;:default}, @block=#&lt;Proc:0x0000558f2acfa198 /home/nameless_ghoul/.rbenv/versions/3.0.0/lib/ruby/gems/3.0.0/gems/turbolinks-5.2.1/lib/turbolinks.rb:20&gt;&gt;]&gt;, #&lt;ActiveStorageValidations::Engine:0x0000558f2bcb3620 @_all_autoload_paths=[], @_all_load_paths=["/home/nameless_ghoul/.rbenv/versions/3.0.0/lib/ruby/gems/3.0.0/gems/active_storage_validations-0.9.7/lib"], @app=nil, @config=#&lt;Rails::Engine::Configuration:0x0000558f2bcefe40 @root=#&lt;Pathname:/home/nameless_ghoul/.rbenv/versions/3.0.0/lib/ruby/gems/3.0.0/gems/active_storage_validations-0.9.7&gt;, @generators=#&lt;Rails::Configuration::Generators:0x0000558f2bcefdc8 @aliases={}, @options={:rails=&gt;{:orm=&gt;:active_record, :test_framework=&gt;:test_unit, :integration_tool=&gt;:test_unit, :system_tests=&gt;:test_unit, :stylesheet_engine=&gt;:scss}, :active_record=&gt;{:migration=&gt;true, :timestamps=&gt;true}, :test_unit=&gt;{:fixture=&gt;true, :fixture_replacement=&gt;nil}}, @fallbacks={}, @templates=[], @colorize_logging=true, @api_only=false, @hidden_namespaces=["sass"], @after_generate_callbacks=[]&gt;, @middleware=#&lt;Rails::Configuration::MiddlewareStackProxy:0x0000558f2bcefc88 @operations=[], @delete_operations=[]&gt;, @javascript_path="javascript", @autoload_once_paths=[], @paths=#&lt;Rails::Paths::Root:0x0000558f2bcefc10 @path=#&lt;Pathname:/home/nameless_ghoul/.rbenv/versions/3.0.0/lib/ruby/gems/3.0.0/gems/active_storage_validations-0.9.7&gt;, @root={"app"=&gt;#&lt;Rails::Paths::Path:0x0000558f2bcefb48 @paths=["app"], @current="app", @root=#&lt;Rails::Paths::Root:0x0000558f2bcefc10 ...&gt;, @glob="{*,*/concerns}", @exclude=["assets", "javascript"], @autoload_once=false, @eager_load=true, @autoload=false, @load_path=false&gt;, "app/assets"=&gt;#&lt;Rails::Paths::Path:0x0000558f2bcefad0 @paths=["app/assets"], @current="app/assets", @root=#&lt;Rails::Paths::Root:0x0000558f2bcefc10 ...&gt;, @glob="*", @exclude=nil, @autoload_once=false, @eager_load=false, @autoload=false, @load_path=false&gt;, "app/controllers"=&gt;#&lt;Rails::Paths::Path:0x0000558f2bcefa58 @paths=["app/controllers"], @current="app/controllers", @root=#&lt;Rails::Paths::Root:0x0000558f2bcefc10 ...&gt;, @glob=nil, @exclude=nil, @autoload_once=false, @eager_load=true, @autoload=false, @load_path=false&gt;, "app/channels"=&gt;#&lt;Rails::Paths::Path:0x0000558f2bcef9e0 @paths=["app/channels"], @current="app/channels", @root=#&lt;Rails::Paths::Root:0x0000558f2bcefc10 ...&gt;, @glob="**/*_channel.rb", @exclude=nil, @autoload_once=false, @eager_load=true, @autoload=false, @load_path=false&gt;, "app/helpers"=&gt;#&lt;Rails::Paths::Path:0x0000558f2bcef968 @paths=["app/helpers"], @current="app/helpers", @root=#&lt;Rails::Paths::Root:0x0000558f2bcefc10 ...&gt;, @glob=nil, @exclude=nil, @autoload_once=false, @eager_load=true, @autoload=false, @load_path=false&gt;, "app/models"=&gt;#&lt;Rails::Paths::Path:0x0000558f2bcef8f0 @paths=["app/models"], @current="app/models", @root=#&lt;Rails::Paths::Root:0x0000558f2bcefc10 ...&gt;, @glob=nil, @exclude=nil, @autoload_once=false, @eager_load=true, @autoload=false, @load_path=false&gt;, "app/mailers"=&gt;#&lt;Rails::Paths::Path:0x0000558f2bcef878 @paths=["app/mailers"], @current="app/mailers", @root=#&lt;Rails::Paths::Root:0x0000558f2bcefc10 ...&gt;, @glob=nil, @exclude=nil, @autoload_once=false, @eager_load=true, @autoload=false, @load_path=false&gt;, "app/views"=&gt;#&lt;Rails::Paths::Path:0x0000558f2bcef800 @paths=["app/views"], @current="app/views", @root=#&lt;Rails::Paths::Root:0x0000558f2bcefc10 ...&gt;, @glob=nil, @exclude=nil, @autoload_once=false, @eager_load=false, @autoload=false, @load_path=false&gt;, "lib"=&gt;#&lt;Rails::Paths::Path:0x0000558f2bcef788 @paths=["lib"], @current="lib", @root=#&lt;Rails::Paths::Root:0x0000558f2bcefc10 ...&gt;, @glob=nil, @exclude=nil, @autoload_once=false, @eager_load=false, @autoload=false, @load_path=true&gt;, "lib/assets"=&gt;#&lt;Rails::Paths::Path:0x0000558f2bcef710 @paths=["lib/assets"], @current="lib/assets", @root=#&lt;Rails::Paths::Root:0x0000558f2bcefc10 ...&gt;, @glob="*", @exclude=nil, @autoload_once=false, @eager_load=false, @autoload=false, @load_path=false&gt;, "lib/tasks"=&gt;#&lt;Rails::Paths::Path:0x0000558f2bcef698 @paths=["lib/tasks"], @current="lib/tasks", @root=#&lt;Rails::Paths::Root:0x0000558f2bcefc10 ...&gt;, @glob="**/*.rake", @exclude=nil, @autoload_once=false, @eager_load=false, @autoload=false, @load_path=false&gt;, "config"=&gt;#&lt;Rails::Paths::Path:0x0000558f2bcef620 @paths=["config"], @current="config", @root=#&lt;Rails::Paths::Root:0x0000558f2bcefc10 ...&gt;, @glob=nil, @exclude=nil, @autoload_once=false, @eager_load=false, @autoload=false, @load_path=false&gt;, "config/environments"=&gt;#&lt;Rails::Paths::Path:0x0000558f2bcef580 @paths=["config/environments"], @current="config/environments", @root=#&lt;Rails::Paths::Root:0x0000558f2bcefc10 ...&gt;, @glob="test.rb", @exclude=nil, @autoload_once=false, @eager_load=false, @autoload=false, @load_path=false&gt;, "config/initializers"=&gt;#&lt;Rails::Paths::Path:0x0000558f2bcef508 @paths=["config/initializers"], @current="config/initializers", @root=#&lt;Rails::Paths::Root:0x0000558f2bcefc10 ...&gt;, @glob="**/*.rb", @exclude=nil, @autoload_once=false, @eager_load=false, @autoload=false, @load_path=false&gt;, "config/locales"=&gt;#&lt;Rails::Paths::Path:0x0000558f2bcef490 @paths=["config/locales"], @current="config/locales", @root=#&lt;Rails::Paths::Root:0x0000558f2bcefc10 ...&gt;, @glob="*.{rb,yml}", @exclude=nil, @autoload_once=false, @eager_load=false, @autoload=false, @load_path=false&gt;, "config/routes.rb"=&gt;#&lt;Rails::Paths::Path:0x0000558f2bcef418 @paths=["config/routes.rb"], @current="config/routes.rb", @root=#&lt;Rails::Paths::Root:0x0000558f2bcefc10 ...&gt;, @glob=nil, @exclude=nil, @autoload_once=false, @eager_load=false, @autoload=false, @load_path=false&gt;, "config/routes"=&gt;#&lt;Rails::Paths::Path:0x0000558f2bcef3a0 @paths=["config/routes"], @current="config/routes", @root=#&lt;Rails::Paths::Root:0x0000558f2bcefc10 ...&gt;, @glob="**/*.rb", @exclude=nil, @autoload_once=false, @eager_load=false, @autoload=false, @load_path=false&gt;, "db"=&gt;#&lt;Rails::Paths::Path:0x0000558f2bcef328 @paths=["db"], @current="db", @root=#&lt;Rails::Paths::Root:0x0000558f2bcefc10 ...&gt;, @glob=nil, @exclude=nil, @autoload_once=false, @eager_load=false, @autoload=false, @load_path=false&gt;, "db/migrate"=&gt;#&lt;Rails::Paths::Path:0x0000558f2bcef2b0 @paths=["db/migrate"], @current="db/migrate", @root=#&lt;Rails::Paths::Root:0x0000558f2bcefc10 ...&gt;, @glob=nil, @exclude=nil, @autoload_once=false, @eager_load=false, @autoload=false, @load_path=false&gt;, "db/seeds.rb"=&gt;#&lt;Rails::Paths::Path:0x0000558f2bcef238 @paths=["db/seeds.rb"], @current="db/seeds.rb", @root=#&lt;Rails::Paths::Root:0x0000558f2bcefc10 ...&gt;, @glob=nil, @exclude=nil, @autoload_once=false, @eager_load=false, @autoload=false, @load_path=false&gt;, "vendor"=&gt;#&lt;Rails::Paths::Path:0x0000558f2bcef1c0 @paths=["vendor"], @current="vendor", @root=#&lt;Rails::Paths::Root:0x0000558f2bcefc10 ...&gt;, @glob=nil, @exclude=nil, @autoload_once=false, @eager_load=false, @autoload=false, @load_path=true&gt;, "vendor/assets"=&gt;#&lt;Rails::Paths::Path:0x0000558f2bcef148 @paths=["vendor/assets"], @current="vendor/assets", @root=#&lt;Rails::Paths::Root:0x0000558f2bcefc10 ...&gt;, @glob="*", @exclude=nil, @autoload_once=false, @eager_load=false, @autoload=false, @load_path=false&gt;}&gt;, @autoload_paths=[], @eager_load_paths=[]&gt;, @env_config=nil, @helpers=nil, @routes=#&lt;ActionDispatch::Routing::RouteSet:0x0000558f2c020a10&gt;, @app_build_lock=#&lt;Thread::Mutex:0x0000558f2bcb35f8&gt;, @initializers=[#&lt;Rails::Initializable::Initializer:0x0000558f2bcc1720 @name=:load_environment_config, @context=#&lt;ActiveStorageValidations::Engine:0x0000558f2bcb3620 ...&gt;, @options={:before=&gt;:load_environment_hook, :group=&gt;:all}, @block=#&lt;Proc:0x0000558f29b2c858 /home/nameless_ghoul/.rbenv/versions/3.0.0/lib/ruby/gems/3.0.0/gems/railties-6.1.5/lib/rails/engine.rb:569&gt;&gt;, #&lt;Rails::Initializable::Initializer:0x0000558f2bcc16d0 @name=:set_load_path, @context=#&lt;ActiveStorageValidations::Engine:0x0000558f2bcb3620 ...&gt;, @options={:before=&gt;:bootstrap_hook, :after=&gt;:load_environment_config, :group=&gt;:default}, @block=#&lt;Proc:0x0000558f29b2c678 /home/nameless_ghoul/.rbenv/versions/3.0.0/lib/ruby/gems/3.0.0/gems/railties-6.1.5/lib/rails/engine.rb:575&gt;&gt;, #&lt;Rails::Initializable::Initializer:0x0000558f2bcc1680 @name=:set_autoload_paths, @context=#&lt;ActiveStorageValidations::Engine:0x0000558f2bcb3620 ...&gt;, @options={:before=&gt;:bootstrap_hook, :after=&gt;:set_load_path, :group=&gt;:default}, @block=#&lt;Proc:0x0000558f29b2c4e8 /home/nameless_ghoul/.rbenv/versions/3.0.0/lib/ruby/gems/3.0.0/gems/railties-6.1.5/lib/rails/engine.rb:587&gt;&gt;, #&lt;Rails::Initializable::Initializer:0x0000558f2bcc1630 @name=:set_eager_load_paths, @context=#&lt;ActiveStorageValidations::Engine:0x0000558f2bcb3620 ...&gt;, @options={:before=&gt;:bootstrap_hook, :after=&gt;:set_autoload_paths, :group=&gt;:default}, @block=#&lt;Proc:0x0000558f29b2c3d0 /home/nameless_ghoul/.rbenv/versions/3.0.0/lib/ruby/gems/3.0.0/gems/railties-6.1.5/lib/rails/engine.rb:595&gt;&gt;, #&lt;Rails::Initializable::Initializer:0x0000558f2bcc15e0 @name=:add_routing_paths, @context=#&lt;ActiveStorageValidations::Engine:0x0000558f2bcb3620 ...&gt;, @options={:after=&gt;:set_eager_load_paths, :group=&gt;:default}, @block=#&lt;Proc:0x0000558f29b2c2b8 /home/nameless_ghoul/.rbenv/versions/3.0.0/lib/ruby/gems/3.0.0/gems/railties-6.1.5/lib/rails/engine.rb:600&gt;&gt;, #&lt;Rails::Initializable::Initializer:0x0000558f2bcc1590 @name=:add_locales, @context=#&lt;ActiveStorageValidations::Engine:0x0000558f2bcb3620 ...&gt;, @options={:after=&gt;:add_routing_paths, :group=&gt;:default}, @block=#&lt;Proc:0x0000558f29b2c1c8 /home/nameless_ghoul/.rbenv/versions/3.0.0/lib/ruby/gems/3.0.0/gems/railties-6.1.5/lib/rails/engine.rb:614&gt;&gt;, #&lt;Rails::Initializable::Initializer:0x0000558f2bcc1540 @name=:add_view_paths, @context=#&lt;ActiveStorageValidations::Engine:0x0000558f2bcb3620 ...&gt;, @options={:after=&gt;:add_locales, :group=&gt;:default}, @block=#&lt;Proc:0x0000558f29b2c0d8 /home/nameless_ghoul/.rbenv/versions/3.0.0/lib/ruby/gems/3.0.0/gems/railties-6.1.5/lib/rails/engine.rb:618&gt;&gt;, #&lt;Rails::Initializable::Initializer:0x0000558f2bcc14f0 @name=:prepend_helpers_path, @context=#&lt;ActiveStorageValidations::Engine:0x0000558f2bcb3620 ...&gt;, @options={:after=&gt;:add_view_paths, :group=&gt;:default}, @block=#&lt;Proc:0x0000558f28f17f18 /home/nameless_ghoul/.rbenv/versions/3.0.0/lib/ruby/gems/3.0.0/gems/railties-6.1.5/lib/rails/engine.rb:626&gt;&gt;, #&lt;Rails::Initializable::Initializer:0x0000558f2bcc14a0 @name=:load_config_initializers, @context=#&lt;ActiveStorageValidations::Engine:0x0000558f2bcb3620 ...&gt;, @options={:after=&gt;:prepend_helpers_path, :group=&gt;:default}, @block=#&lt;Proc:0x0000558f28f17608 /home/nameless_ghoul/.rbenv/versions/3.0.0/lib/ruby/gems/3.0.0/gems/railties-6.1.5/lib/rails/engine.rb:632&gt;&gt;, #&lt;Rails::Initializable::Initializer:0x0000558f2bcc1450 @name=:wrap_executor_around_load_seed, @context=#&lt;ActiveStorageValidations::Engine:0x0000558f2bcb3620 ...&gt;, @options={:after=&gt;:load_config_initializers, :group=&gt;:default}, @block=#&lt;Proc:0x0000558f28f16e60 /home/nameless_ghoul/.rbenv/versions/3.0.0/lib/ruby/gems/3.0.0/gems/railties-6.1.5/lib/rails/engine.rb:638&gt;&gt;, #&lt;Rails::Initializable::Initializer:0x0000558f2bcc1400 @name=:engines_blank_point, @context=#&lt;ActiveStorageValidations::Engine:0x0000558f2bcb3620 ...&gt;, @options={:after=&gt;:wrap_executor_around_load_seed, :group=&gt;:default}, @block=#&lt;Proc:0x0000558f28f16960 /home/nameless_ghoul/.rbenv/versions/3.0.0/lib/ruby/gems/3.0.0/gems/railties-6.1.5/lib/rails/engine.rb:644&gt;&gt;, #&lt;Rails::Initializable::Initializer:0x0000558f2bcc13b0 @name=:append_assets_path, @context=#&lt;ActiveStorageValidations::Engine:0x0000558f2bcb3620 ...&gt;, @options={:group=&gt;:all, :after=&gt;:engines_blank_point}, @block=#&lt;Proc:0x0000558f29c70d40 /home/nameless_ghoul/.rbenv/versions/3.0.0/lib/ruby/gems/3.0.0/gems/sprockets-rails-3.4.2/lib/sprockets/railtie.rb:60&gt;&gt;]&gt;, #&lt;Bootstrap::Willpaginate::Engine:0x0000558f2bcb3558 @_all_autoload_paths=[], @_all_load_paths=["/home/nameless_ghoul/.rbenv/versions/3.0.0/lib/ruby/gems/3.0.0/gems/bootstrap-will_paginate-1.0.0/lib"], @app=nil, @config=#&lt;Rails::Engine::Configuration:0x0000558f2bceeb58 @root=#&lt;Pathname:/home/nameless_ghoul/.rbenv/versions/3.0.0/lib/ruby/gems/3.0.0/gems/bootstrap-will_paginate-1.0.0&gt;, @generators=#&lt;Rails::Configuration::Generators:0x0000558f2bceeb30 @aliases={}, @options={:rails=&gt;{:orm=&gt;:active_record, :test_framework=&gt;:test_unit, :integration_tool=&gt;:test_unit, :system_tests=&gt;:test_unit, :stylesheet_engine=&gt;:scss}, :active_record=&gt;{:migration=&gt;true, :timestamps=&gt;true}, :test_unit=&gt;{:fixture=&gt;true, :fixture_replacement=&gt;nil}}, @fallbacks={}, @templates=[], @colorize_logging=true, @api_only=false, @hidden_namespaces=["sass"], @after_generate_callbacks=[]&gt;, @middleware=#&lt;Rails::Configuration::MiddlewareStackProxy:0x0000558f2bcee9f0 @operations=[], @delete_operations=[]&gt;, @javascript_path="javascript", @autoload_once_paths=[], @paths=#&lt;Rails::Paths::Root:0x0000558f2bcee978 @path=#&lt;Pathname:/home/nameless_ghoul/.rbenv/versions/3.0.0/lib/ruby/gems/3.0.0/gems/bootstrap-will_paginate-1.0.0&gt;, @root={"app"=&gt;#&lt;Rails::Paths::Path:0x0000558f2bcee8b0 @paths=["app"], @current="app", @root=#&lt;Rails::Paths::Root:0x0000558f2bcee978 ...&gt;, @glob="{*,*/concerns}", @exclude=["assets", "javascript"], @autoload_once=false, @eager_load=true, @autoload=false, @load_path=false&gt;, "app/assets"=&gt;#&lt;Rails::Paths::Path:0x0000558f2bcee838 @paths=["app/assets"], @current="app/assets", @root=#&lt;Rails::Paths::Root:0x0000558f2bcee978 ...&gt;, @glob="*", @exclude=nil, @autoload_once=false, @eager_load=false, @autoload=false, @load_path=false&gt;, "app/controllers"=&gt;#&lt;Rails::Paths::Path:0x0000558f2bcee7c0 @paths=["app/controllers"], @current="app/controllers", @root=#&lt;Rails::Paths::Root:0x0000558f2bcee978 ...&gt;, @glob=nil, @exclude=nil, @autoload_once=false, @eager_load=true, @autoload=false, @load_path=false&gt;, "app/channels"=&gt;#&lt;Rails::Paths::Path:0x0000558f2bcee748 @paths=["app/channels"], @current="app/channels", @root=#&lt;Rails::Paths::Root:0x0000558f2bcee978 ...&gt;, @glob="**/*_channel.rb", @exclude=nil, @autoload_once=false, @eager_load=true, @autoload=false, @load_path=false&gt;, "app/helpers"=&gt;#&lt;Rails::Paths::Path:0x0000558f2bcee6d0 @paths=["app/helpers"], @current="app/helpers", @root=#&lt;Rails::Paths::Root:0x0000558f2bcee978 ...&gt;, @glob=nil, @exclude=nil, @autoload_once=false, @eager_load=true, @autoload=false, @load_path=false&gt;, "app/models"=&gt;#&lt;Rails::Paths::Path:0x0000558f2bcee658 @paths=["app/models"], @current="app/models", @root=#&lt;Rails::Paths::Root:0x0000558f2bcee978 ...&gt;, @glob=nil, @exclude=nil, @autoload_once=false, @eager_load=true, @autoload=false, @load_path=false&gt;, "app/mailers"=&gt;#&lt;Rails::Paths::Path:0x0000558f2bcee5e0 @paths=["app/mailers"], @current="app/mailers", @root=#&lt;Rails::Paths::Root:0x0000558f2bcee978 ...&gt;, @glob=nil, @exclude=nil, @autoload_once=false, @eager_load=true, @autoload=false, @load_path=false&gt;, "app/views"=&gt;#&lt;Rails::Paths::Path:0x0000558f2bcee568 @paths=["app/views"], @current="app/views", @root=#&lt;Rails::Paths::Root:0x0000558f2bcee978 ...&gt;, @glob=nil, @exclude=nil, @autoload_once=false, @eager_load=false, @autoload=false, @load_path=false&gt;, "lib"=&gt;#&lt;Rails::Paths::Path:0x0000558f2bcee4f0 @paths=["lib"], @current="lib", @root=#&lt;Rails::Paths::Root:0x0000558f2bcee978 ...&gt;, @glob=nil, @exclude=nil, @autoload_once=false, @eager_load=false, @autoload=false, @load_path=true&gt;, "lib/assets"=&gt;#&lt;Rails::Paths::Path:0x0000558f2bcee478 @paths=["lib/assets"], @current="lib/assets", @root=#&lt;Rails::Paths::Root:0x0000558f2bcee978 ...&gt;, @glob="*", @exclude=nil, @autoload_once=false, @eager_load=false, @autoload=false, @load_path=false&gt;, "lib/tasks"=&gt;#&lt;Rails::Paths::Path:0x0000558f2bcee400 @paths=["lib/tasks"], @current="lib/tasks", @root=#&lt;Rails::Paths::Root:0x0000558f2bcee978 ...&gt;, @glob="**/*.rake", @exclude=nil, @autoload_once=false, @eager_load=false, @autoload=false, @load_path=false&gt;, "config"=&gt;#&lt;Rails::Paths::Path:0x0000558f2bcee388 @paths=["config"], @current="config", @root=#&lt;Rails::Paths::Root:0x0000558f2bcee978 ...&gt;, @glob=nil, @exclude=nil, @autoload_once=false, @eager_load=false, @autoload=false, @load_path=false&gt;, "config/environments"=&gt;#&lt;Rails::Paths::Path:0x0000558f2bcee2e8 @paths=["config/environments"], @current="config/environments", @root=#&lt;Rails::Paths::Root:0x0000558f2bcee978 ...&gt;, @glob="test.rb", @exclude=nil, @autoload_once=false, @eager_load=false, @autoload=false, @load_path=false&gt;, "config/initializers"=&gt;#&lt;Rails::Paths::Path:0x0000558f2bcee270 @paths=["config/initializers"], @current="config/initializers", @root=#&lt;Rails::Paths::Root:0x0000558f2bcee978 ...&gt;, @glob="**/*.rb", @exclude=nil, @autoload_once=false, @eager_load=false, @autoload=false, @load_path=false&gt;, "config/locales"=&gt;#&lt;Rails::Paths::Path:0x0000558f2bcee1f8 @paths=["config/locales"], @current="config/locales", @root=#&lt;Rails::Paths::Root:0x0000558f2bcee978 ...&gt;, @glob="*.{rb,yml}", @exclude=nil, @autoload_once=false, @eager_load=false, @autoload=false, @load_path=false&gt;, "config/routes.rb"=&gt;#&lt;Rails::Paths::Path:0x0000558f2bcee180 @paths=["config/routes.rb"], @current="config/routes.rb", @root=#&lt;Rails::Paths::Root:0x0000558f2bcee978 ...&gt;, @glob=nil, @exclude=nil, @autoload_once=false, @eager_load=false, @autoload=false, @load_path=false&gt;, "config/routes"=&gt;#&lt;Rails::Paths::Path:0x0000558f2bcee108 @paths=["config/routes"], @current="config/routes", @root=#&lt;Rails::Paths::Root:0x0000558f2bcee978 ...&gt;, @glob="**/*.rb", @exclude=nil, @autoload_once=false, @eager_load=false, @autoload=false, @load_path=false&gt;, "db"=&gt;#&lt;Rails::Paths::Path:0x0000558f2bcee090 @paths=["db"], @current="db", @root=#&lt;Rails::Paths::Root:0x0000558f2bcee978 ...&gt;, @glob=nil, @exclude=nil, @autoload_once=false, @eager_load=false, @autoload=false, @load_path=false&gt;, "db/migrate"=&gt;#&lt;Rails::Paths::Path:0x0000558f2bcee018 @paths=["db/migrate"], @current="db/migrate", @root=#&lt;Rails::Paths::Root:0x0000558f2bcee978 ...&gt;, @glob=nil, @exclude=nil, @autoload_once=false, @eager_load=false, @autoload=false, @load_path=false&gt;, "db/seeds.rb"=&gt;#&lt;Rails::Paths::Path:0x0000558f2bcedfa0 @paths=["db/seeds.rb"], @current="db/seeds.rb", @root=#&lt;Rails::Paths::Root:0x0000558f2bcee978 ...&gt;, @glob=nil, @exclude=nil, @autoload_once=false, @eager_load=false, @autoload=false, @load_path=false&gt;, "vendor"=&gt;#&lt;Rails::Paths::Path:0x0000558f2bcedf28 @paths=["vendor"], @current="vendor", @root=#&lt;Rails::Paths::Root:0x0000558f2bcee978 ...&gt;, @glob=nil, @exclude=nil, @autoload_once=false, @eager_load=false, @autoload=false, @load_path=true&gt;, "vendor/assets"=&gt;#&lt;Rails::Paths::Path:0x0000558f2bcedeb0 @paths=["vendor/assets"], @current="vendor/assets", @root=#&lt;Rails::Paths::Root:0x0000558f2bcee978 ...&gt;, @glob="*", @exclude=nil, @autoload_once=false, @eager_load=false, @autoload=false, @load_path=false&gt;}&gt;, @autoload_paths=[], @eager_load_paths=[]&gt;, @env_config=nil, @helpers=nil, @routes=#&lt;ActionDispatch::Routing::RouteSet:0x0000558f2c02bd70&gt;, @app_build_lock=#&lt;Thread::Mutex:0x0000558f2bcb3530&gt;, @initializers=[#&lt;Rails::Initializable::Initializer:0x0000558f2bcc0f00 @name=:load_environment_config, @context=#&lt;Bootstrap::Willpaginate::Engine:0x0000558f2bcb3558 ...&gt;, @options={:before=&gt;:load_environment_hook, :group=&gt;:all}, @block=#&lt;Proc:0x0000558f29b2c858 /home/nameless_ghoul/.rbenv/versions/3.0.0/lib/ruby/gems/3.0.0/gems/railties-6.1.5/lib/rails/engine.rb:569&gt;&gt;, #&lt;Rails::Initializable::Initializer:0x0000558f2bcc0eb0 @name=:set_load_path, @context=#&lt;Bootstrap::Willpaginate::Engine:0x0000558f2bcb3558 ...&gt;, @options={:before=&gt;:bootstrap_hook, :after=&gt;:load_environment_config, :group=&gt;:default}, @block=#&lt;Proc:0x0000558f29b2c678 /home/nameless_ghoul/.rbenv/versions/3.0.0/lib/ruby/gems/3.0.0/gems/railties-6.1.5/lib/rails/engine.rb:575&gt;&gt;, #&lt;Rails::Initializable::Initializer:0x0000558f2bcc0e60 @name=:set_autoload_paths, @context=#&lt;Bootstrap::Willpaginate::Engine:0x0000558f2bcb3558 ...&gt;, @options={:before=&gt;:bootstrap_hook, :after=&gt;:set_load_path, :group=&gt;:default}, @block=#&lt;Proc:0x0000558f29b2c4e8 /home/nameless_ghoul/.rbenv/versions/3.0.0/lib/ruby/gems/3.0.0/gems/railties-6.1.5/lib/rails/engine.rb:587&gt;&gt;, #&lt;Rails::Initializable::Initializer:0x0000558f2bcc0e10 @name=:set_eager_load_paths, @context=#&lt;Bootstrap::Willpaginate::Engine:0x0000558f2bcb3558 ...&gt;, @options={:before=&gt;:bootstrap_hook, :after=&gt;:set_autoload_paths, :group=&gt;:default}, @block=#&lt;Proc:0x0000558f29b2c3d0 /home/nameless_ghoul/.rbenv/versions/3.0.0/lib/ruby/gems/3.0.0/gems/railties-6.1.5/lib/rails/engine.rb:595&gt;&gt;, #&lt;Rails::Initializable::Initializer:0x0000558f2bcc0dc0 @name=:add_routing_paths, @context=#&lt;Bootstrap::Willpaginate::Engine:0x0000558f2bcb3558 ...&gt;, @options={:after=&gt;:set_eager_load_paths, :group=&gt;:default}, @block=#&lt;Proc:0x0000558f29b2c2b8 /home/nameless_ghoul/.rbenv/versions/3.0.0/lib/ruby/gems/3.0.0/gems/railties-6.1.5/lib/rails/engine.rb:600&gt;&gt;, #&lt;Rails::Initializable::Initializer:0x0000558f2bcc0d70 @name=:add_locales, @context=#&lt;Bootstrap::Willpaginate::Engine:0x0000558f2bcb3558 ...&gt;, @options={:after=&gt;:add_routing_paths, :group=&gt;:default}, @block=#&lt;Proc:0x0000558f29b2c1c8 /home/nameless_ghoul/.rbenv/versions/3.0.0/lib/ruby/gems/3.0.0/gems/railties-6.1.5/lib/rails/engine.rb:614&gt;&gt;, #&lt;Rails::Initializable::Initializer:0x0000558f2bcc0d20 @name=:add_view_paths, @context=#&lt;Bootstrap::Willpaginate::Engine:0x0000558f2bcb3558 ...&gt;, @options={:after=&gt;:add_locales, :group=&gt;:default}, @block=#&lt;Proc:0x0000558f29b2c0d8 /home/nameless_ghoul/.rbenv/versions/3.0.0/lib/ruby/gems/3.0.0/gems/railties-6.1.5/lib/rails/engine.rb:618&gt;&gt;, #&lt;Rails::Initializable::Initializer:0x0000558f2bcc0cd0 @name=:prepend_helpers_path, @context=#&lt;Bootstrap::Willpaginate::Engine:0x0000558f2bcb3558 ...&gt;, @options={:after=&gt;:add_view_paths, :group=&gt;:default}, @block=#&lt;Proc:0x0000558f28f17f18 /home/nameless_ghoul/.rbenv/versions/3.0.0/lib/ruby/gems/3.0.0/gems/railties-6.1.5/lib/rails/engine.rb:626&gt;&gt;, #&lt;Rails::Initializable::Initializer:0x0000558f2bcc0c80 @name=:load_config_initializers, @context=#&lt;Bootstrap::Willpaginate::Engine:0x0000558f2bcb3558 ...&gt;, @options={:after=&gt;:prepend_helpers_path, :group=&gt;:default}, @block=#&lt;Proc:0x0000558f28f17608 /home/nameless_ghoul/.rbenv/versions/3.0.0/lib/ruby/gems/3.0.0/gems/railties-6.1.5/lib/rails/engine.rb:632&gt;&gt;, #&lt;Rails::Initializable::Initializer:0x0000558f2bcc0c30 @name=:wrap_executor_around_load_seed, @context=#&lt;Bootstrap::Willpaginate::Engine:0x0000558f2bcb3558 ...&gt;, @options={:after=&gt;:load_config_initializers, :group=&gt;:default}, @block=#&lt;Proc:0x0000558f28f16e60 /home/nameless_ghoul/.rbenv/versions/3.0.0/lib/ruby/gems/3.0.0/gems/railties-6.1.5/lib/rails/engine.rb:638&gt;&gt;, #&lt;Rails::Initializable::Initializer:0x0000558f2bcc0be0 @name=:engines_blank_point, @context=#&lt;Bootstrap::Willpaginate::Engine:0x0000558f2bcb3558 ...&gt;, @options={:after=&gt;:wrap_executor_around_load_seed, :group=&gt;:default}, @block=#&lt;Proc:0x0000558f28f16960 /home/nameless_ghoul/.rbenv/versions/3.0.0/lib/ruby/gems/3.0.0/gems/railties-6.1.5/lib/rails/engine.rb:644&gt;&gt;, #&lt;Rails::Initializable::Initializer:0x0000558f2bcc0b90 @name=:append_assets_path, @context=#&lt;Bootstrap::Willpaginate::Engine:0x0000558f2bcb3558 ...&gt;, @options={:group=&gt;:all, :after=&gt;:engines_blank_point}, @block=#&lt;Proc:0x0000558f29c70d40 /home/nameless_ghoul/.rbenv/versions/3.0.0/lib/ruby/gems/3.0.0/gems/sprockets-rails-3.4.2/lib/sprockets/railtie.rb:60&gt;&gt;]&gt;, #&lt;Bootstrap::Rails::Engine:0x0000558f2bcb3490 @_all_autoload_paths=[], @_all_load_paths=["/home/nameless_ghoul/.rbenv/versions/3.0.0/lib/ruby/gems/3.0.0/gems/bootstrap-sass-3.4.1/lib"], @app=nil, @config=#&lt;Rails::Engine::Configuration:0x0000558f2bced820 @root=#&lt;Pathname:/home/nameless_ghoul/.rbenv/versions/3.0.0/lib/ruby/gems/3.0.0/gems/bootstrap-sass-3.4.1&gt;, @generators=#&lt;Rails::Configuration::Generators:0x0000558f2bced7f8 @aliases={}, @options={:rails=&gt;{:orm=&gt;:active_record, :test_framework=&gt;:test_unit, :integration_tool=&gt;:test_unit, :system_tests=&gt;:test_unit, :stylesheet_engine=&gt;:scss}, :active_record=&gt;{:migration=&gt;true, :timestamps=&gt;true}, :test_unit=&gt;{:fixture=&gt;true, :fixture_replacement=&gt;nil}}, @fallbacks={}, @templates=[], @colorize_logging=true, @api_only=false, @hidden_namespaces=["sass"], @after_generate_callbacks=[]&gt;, @middleware=#&lt;Rails::Configuration::MiddlewareStackProxy:0x0000558f2bced6b8 @operations=[], @delete_operations=[]&gt;, @javascript_path="javascript", @autoload_once_paths=[], @paths=#&lt;Rails::Paths::Root:0x0000558f2bced640 @path=#&lt;Pathname:/home/nameless_ghoul/.rbenv/versions/3.0.0/lib/ruby/gems/3.0.0/gems/bootstrap-sass-3.4.1&gt;, @root={"app"=&gt;#&lt;Rails::Paths::Path:0x0000558f2bced578 @paths=["app"], @current="app", @root=#&lt;Rails::Paths::Root:0x0000558f2bced640 ...&gt;, @glob="{*,*/concerns}", @exclude=["assets", "javascript"], @autoload_once=false, @eager_load=true, @autoload=false, @load_path=false&gt;, "app/assets"=&gt;#&lt;Rails::Paths::Path:0x0000558f2bced500 @paths=["app/assets"], @current="app/assets", @root=#&lt;Rails::Paths::Root:0x0000558f2bced640 ...&gt;, @glob="*", @exclude=nil, @autoload_once=false, @eager_load=false, @autoload=false, @load_path=false&gt;, "app/controllers"=&gt;#&lt;Rails::Paths::Path:0x0000558f2bced488 @paths=["app/controllers"], @current="app/controllers", @root=#&lt;Rails::Paths::Root:0x0000558f2bced640 ...&gt;, @glob=nil, @exclude=nil, @autoload_once=false, @eager_load=true, @autoload=false, @load_path=false&gt;, "app/channels"=&gt;#&lt;Rails::Paths::Path:0x0000558f2bced410 @paths=["app/channels"], @current="app/channels", @root=#&lt;Rails::Paths::Root:0x0000558f2bced640 ...&gt;, @glob="**/*_channel.rb", @exclude=nil, @autoload_once=false, @eager_load=true, @autoload=false, @load_path=false&gt;, "app/helpers"=&gt;#&lt;Rails::Paths::Path:0x0000558f2bced398 @paths=["app/helpers"], @current="app/helpers", @root=#&lt;Rails::Paths::Root:0x0000558f2bced640 ...&gt;, @glob=nil, @exclude=nil, @autoload_once=false, @eager_load=true, @autoload=false, @load_path=false&gt;, "app/models"=&gt;#&lt;Rails::Paths::Path:0x0000558f2bced320 @paths=["app/models"], @current="app/models", @root=#&lt;Rails::Paths::Root:0x0000558f2bced640 ...&gt;, @glob=nil, @exclude=nil, @autoload_once=false, @eager_load=true, @autoload=false, @load_path=false&gt;, "app/mailers"=&gt;#&lt;Rails::Paths::Path:0x0000558f2bced2a8 @paths=["app/mailers"], @current="app/mailers", @root=#&lt;Rails::Paths::Root:0x0000558f2bced640 ...&gt;, @glob=nil, @exclude=nil, @autoload_once=false, @eager_load=true, @autoload=false, @load_path=false&gt;, "app/views"=&gt;#&lt;Rails::Paths::Path:0x0000558f2bced230 @paths=["app/views"], @current="app/views", @root=#&lt;Rails::Paths::Root:0x0000558f2bced640 ...&gt;, @glob=nil, @exclude=nil, @autoload_once=false, @eager_load=false, @autoload=false, @load_path=false&gt;, "lib"=&gt;#&lt;Rails::Paths::Path:0x0000558f2bced1b8 @paths=["lib"], @current="lib", @root=#&lt;Rails::Paths::Root:0x0000558f2bced640 ...&gt;, @glob=nil, @exclude=nil, @autoload_once=false, @eager_load=false, @autoload=false, @load_path=true&gt;, "lib/assets"=&gt;#&lt;Rails::Paths::Path:0x0000558f2bced140 @paths=["lib/assets"], @current="lib/assets", @root=#&lt;Rails::Paths::Root:0x0000558f2bced640 ...&gt;, @glob="*", @exclude=nil, @autoload_once=false, @eager_load=false, @autoload=false, @load_path=false&gt;, "lib/tasks"=&gt;#&lt;Rails::Paths::Path:0x0000558f2bced0c8 @paths=["lib/tasks"], @current="lib/tasks", @root=#&lt;Rails::Paths::Root:0x0000558f2bced640 ...&gt;, @glob="**/*.rake", @exclude=nil, @autoload_once=false, @eager_load=false, @autoload=false, @load_path=false&gt;, "config"=&gt;#&lt;Rails::Paths::Path:0x0000558f2bced050 @paths=["config"], @current="config", @root=#&lt;Rails::Paths::Root:0x0000558f2bced640 ...&gt;, @glob=nil, @exclude=nil, @autoload_once=false, @eager_load=false, @autoload=false, @load_path=false&gt;, "config/environments"=&gt;#&lt;Rails::Paths::Path:0x0000558f2bcecfb0 @paths=["config/environments"], @current="config/environments", @root=#&lt;Rails::Paths::Root:0x0000558f2bced640 ...&gt;, @glob="test.rb", @exclude=nil, @autoload_once=false, @eager_load=false, @autoload=false, @load_path=false&gt;, "config/initializers"=&gt;#&lt;Rails::Paths::Path:0x0000558f2bcecf38 @paths=["config/initializers"], @current="config/initializers", @root=#&lt;Rails::Paths::Root:0x0000558f2bced640 ...&gt;, @glob="**/*.rb", @exclude=nil, @autoload_once=false, @eager_load=false, @autoload=false, @load_path=false&gt;, "config/locales"=&gt;#&lt;Rails::Paths::Path:0x0000558f2bcecec0 @paths=["config/locales"], @current="config/locales", @root=#&lt;Rails::Paths::Root:0x0000558f2bced640 ...&gt;, @glob="*.{rb,yml}", @exclude=nil, @autoload_once=false, @eager_load=false, @autoload=false, @load_path=false&gt;, "config/routes.rb"=&gt;#&lt;Rails::Paths::Path:0x0000558f2bcece48 @paths=["config/routes.rb"], @current="config/routes.rb", @root=#&lt;Rails::Paths::Root:0x0000558f2bced640 ...&gt;, @glob=nil, @exclude=nil, @autoload_once=false, @eager_load=false, @autoload=false, @load_path=false&gt;, "config/routes"=&gt;#&lt;Rails::Paths::Path:0x0000558f2bcecdd0 @paths=["config/routes"], @current="config/routes", @root=#&lt;Rails::Paths::Root:0x0000558f2bced640 ...&gt;, @glob="**/*.rb", @exclude=nil, @autoload_once=false, @eager_load=false, @autoload=false, @load_path=false&gt;, "db"=&gt;#&lt;Rails::Paths::Path:0x0000558f2bcecd58 @paths=["db"], @current="db", @root=#&lt;Rails::Paths::Root:0x0000558f2bced640 ...&gt;, @glob=nil, @exclude=nil, @autoload_once=false, @eager_load=false, @autoload=false, @load_path=false&gt;, "db/migrate"=&gt;#&lt;Rails::Paths::Path:0x0000558f2bcecce0 @paths=["db/migrate"], @current="db/migrate", @root=#&lt;Rails::Paths::Root:0x0000558f2bced640 ...&gt;, @glob=nil, @exclude=nil, @autoload_once=false, @eager_load=false, @autoload=false, @load_path=false&gt;, "db/seeds.rb"=&gt;#&lt;Rails::Paths::Path:0x0000558f2bcecc68 @paths=["db/seeds.rb"], @current="db/seeds.rb", @root=#&lt;Rails::Paths::Root:0x0000558f2bced640 ...&gt;, @glob=nil, @exclude=nil, @autoload_once=false, @eager_load=false, @autoload=false, @load_path=false&gt;, "vendor"=&gt;#&lt;Rails::Paths::Path:0x0000558f2bcecbf0 @paths=["vendor"], @current="vendor", @root=#&lt;Rails::Paths::Root:0x0000558f2bced640 ...&gt;, @glob=nil, @exclude=nil, @autoload_once=false, @eager_load=false, @autoload=false, @load_path=true&gt;, "vendor/assets"=&gt;#&lt;Rails::Paths::Path:0x0000558f2bcecb78 @paths=["vendor/assets"], @current="vendor/assets", @root=#&lt;Rails::Paths::Root:0x0000558f2bced640 ...&gt;, @glob="*", @exclude=nil, @autoload_once=false, @eager_load=false, @autoload=false, @load_path=false&gt;}&gt;, @autoload_paths=[], @eager_load_paths=[]&gt;, @env_config=nil, @helpers=nil, @routes=#&lt;ActionDispatch::Routing::RouteSet:0x0000558f2c02b0f0&gt;, @app_build_lock=#&lt;Thread::Mutex:0x0000558f2bcb3468&gt;, @initializers=[#&lt;Rails::Initializable::Initializer:0x0000558f2bcc0708 @name=:load_environment_config, @context=#&lt;Bootstrap::Rails::Engine:0x0000558f2bcb3490 ...&gt;, @options={:before=&gt;:load_environment_hook, :group=&gt;:all}, @block=#&lt;Proc:0x0000558f29b2c858 /home/nameless_ghoul/.rbenv/versions/3.0.0/lib/ruby/gems/3.0.0/gems/railties-6.1.5/lib/rails/engine.rb:569&gt;&gt;, #&lt;Rails::Initializable::Initializer:0x0000558f2bcc06b8 @name=:set_load_path, @context=#&lt;Bootstrap::Rails::Engine:0x0000558f2bcb3490 ...&gt;, @options={:before=&gt;:bootstrap_hook, :after=&gt;:load_environment_config, :group=&gt;:default}, @block=#&lt;Proc:0x0000558f29b2c678 /home/nameless_ghoul/.rbenv/versions/3.0.0/lib/ruby/gems/3.0.0/gems/railties-6.1.5/lib/rails/engine.rb:575&gt;&gt;, #&lt;Rails::Initializable::Initializer:0x0000558f2bcc0668 @name=:set_autoload_paths, @context=#&lt;Bootstrap::Rails::Engine:0x0000558f2bcb3490 ...&gt;, @options={:before=&gt;:bootstrap_hook, :after=&gt;:set_load_path, :group=&gt;:default}, @block=#&lt;Proc:0x0000558f29b2c4e8 /home/nameless_ghoul/.rbenv/versions/3.0.0/lib/ruby/gems/3.0.0/gems/railties-6.1.5/lib/rails/engine.rb:587&gt;&gt;, #&lt;Rails::Initializable::Initializer:0x0000558f2bcc0618 @name=:set_eager_load_paths, @context=#&lt;Bootstrap::Rails::Engine:0x0000558f2bcb3490 ...&gt;, @options={:before=&gt;:bootstrap_hook, :after=&gt;:set_autoload_paths, :group=&gt;:default}, @block=#&lt;Proc:0x0000558f29b2c3d0 /home/nameless_ghoul/.rbenv/versions/3.0.0/lib/ruby/gems/3.0.0/gems/railties-6.1.5/lib/rails/engine.rb:595&gt;&gt;, #&lt;Rails::Initializable::Initializer:0x0000558f2bcc05c8 @name=:add_routing_paths, @context=#&lt;Bootstrap::Rails::Engine:0x0000558f2bcb3490 ...&gt;, @options={:after=&gt;:set_eager_load_paths, :group=&gt;:default}, @block=#&lt;Proc:0x0000558f29b2c2b8 /home/nameless_ghoul/.rbenv/versions/3.0.0/lib/ruby/gems/3.0.0/gems/railties-6.1.5/lib/rails/engine.rb:600&gt;&gt;, #&lt;Rails::Initializable::Initializer:0x0000558f2bcc0578 @name=:add_locales, @context=#&lt;Bootstrap::Rails::Engine:0x0000558f2bcb3490 ...&gt;, @options={:after=&gt;:add_routing_paths, :group=&gt;:default}, @block=#&lt;Proc:0x0000558f29b2c1c8 /home/nameless_ghoul/.rbenv/versions/3.0.0/lib/ruby/gems/3.0.0/gems/railties-6.1.5/lib/rails/engine.rb:614&gt;&gt;, #&lt;Rails::Initializable::Initializer:0x0000558f2bcc0528 @name=:add_view_paths, @context=#&lt;Bootstrap::Rails::Engine:0x0000558f2bcb3490 ...&gt;, @options={:after=&gt;:add_locales, :group=&gt;:default}, @block=#&lt;Proc:0x0000558f29b2c0d8 /home/nameless_ghoul/.rbenv/versions/3.0.0/lib/ruby/gems/3.0.0/gems/railties-6.1.5/lib/rails/engine.rb:618&gt;&gt;, #&lt;Rails::Initializable::Initializer:0x0000558f2bcc04d8 @name=:prepend_helpers_path, @context=#&lt;Bootstrap::Rails::Engine:0x0000558f2bcb3490 ...&gt;, @options={:after=&gt;:add_view_paths, :group=&gt;:default}, @block=#&lt;Proc:0x0000558f28f17f18 /home/nameless_ghoul/.rbenv/versions/3.0.0/lib/ruby/gems/3.0.0/gems/railties-6.1.5/lib/rails/engine.rb:626&gt;&gt;, #&lt;Rails::Initializable::Initializer:0x0000558f2bcc0488 @name=:load_config_initializers, @context=#&lt;Bootstrap::Rails::Engine:0x0000558f2bcb3490 ...&gt;, @options={:after=&gt;:prepend_helpers_path, :group=&gt;:default}, @block=#&lt;Proc:0x0000558f28f17608 /home/nameless_ghoul/.rbenv/versions/3.0.0/lib/ruby/gems/3.0.0/gems/railties-6.1.5/lib/rails/engine.rb:632&gt;&gt;, #&lt;Rails::Initializable::Initializer:0x0000558f2bcc0438 @name=:wrap_executor_around_load_seed, @context=#&lt;Bootstrap::Rails::Engine:0x0000558f2bcb3490 ...&gt;, @options={:after=&gt;:load_config_initializers, :group=&gt;:default}, @block=#&lt;Proc:0x0000558f28f16e60 /home/nameless_ghoul/.rbenv/versions/3.0.0/lib/ruby/gems/3.0.0/gems/railties-6.1.5/lib/rails/engine.rb:638&gt;&gt;, #&lt;Rails::Initializable::Initializer:0x0000558f2bcc03e8 @name=:engines_blank_point, @context=#&lt;Bootstrap::Rails::Engine:0x0000558f2bcb3490 ...&gt;, @options={:after=&gt;:wrap_executor_around_load_seed, :group=&gt;:default}, @block=#&lt;Proc:0x0000558f28f16960 /home/nameless_ghoul/.rbenv/versions/3.0.0/lib/ruby/gems/3.0.0/gems/railties-6.1.5/lib/rails/engine.rb:644&gt;&gt;, #&lt;Rails::Initializable::Initializer:0x0000558f2bcc0398 @name=:append_assets_path, @context=#&lt;Bootstrap::Rails::Engine:0x0000558f2bcb3490 ...&gt;, @options={:group=&gt;:all, :after=&gt;:engines_blank_point}, @block=#&lt;Proc:0x0000558f29c70d40 /home/nameless_ghoul/.rbenv/versions/3.0.0/lib/ruby/gems/3.0.0/gems/sprockets-rails-3.4.2/lib/sprockets/railtie.rb:60&gt;&gt;, #&lt;Rails::Initializable::Initializer:0x0000558f2bcc0348 @name="bootstrap-sass.assets.precompile", @context=#&lt;Bootstrap::Rails::Engine:0x0000558f2bcb3490 ...&gt;, @options={:group=&gt;:default}, @block=#&lt;Proc:0x0000558f2b3a1320 /home/nameless_ghoul/.rbenv/versions/3.0.0/lib/ruby/gems/3.0.0/gems/bootstrap-sass-3.4.1/lib/bootstrap-sass/engine.rb:4&gt;&gt;]&gt;, #&lt;SampleApp::Application:0x0000558f2bc127e8 ...&gt;]], @railties=#&lt;Rails::Engine::Railties:0x0000558f2bca0160 @_all=[#&lt;I18n::Railtie:0x0000558f28f3dad8 @config=#&lt;Rails::Railtie::Configuration:0x0000558f29998690&gt;, @initializers=[]&gt;, #&lt;ActiveSupport::Railtie:0x0000558f29987048 @config=#&lt;Rails::Railtie::Configuration:0x0000558f29986f30&gt;, @initializers=[#&lt;Rails::Initializable::Initializer:0x0000558f2bcb2270 @name="active_support.set_authenticated_message_encryption", @context=#&lt;ActiveSupport::Railtie:0x0000558f29987048 ...&gt;, @options={:group=&gt;:default}, @block=#&lt;Proc:0x0000558f29986cb0 /home/nameless_ghoul/.rbenv/versions/3.0.0/lib/ruby/gems/3.0.0/gems/activesupport-6.1.5/lib/active_support/railtie.rb:12&gt;&gt;, #&lt;Rails::Initializable::Initializer:0x0000558f2bcb2220 @name="active_support.reset_all_current_attributes_instances", @context=#&lt;ActiveSupport::Railtie:0x0000558f29987048 ...&gt;, @options={:after=&gt;"active_support.set_authenticated_message_encryption", :group=&gt;:default}, @block=#&lt;Proc:0x0000558f29986ad0 /home/nameless_ghoul/.rbenv/versions/3.0.0/lib/ruby/gems/3.0.0/gems/activesupport-6.1.5/lib/active_support/railtie.rb:21&gt;&gt;, #&lt;Rails::Initializable::Initializer:0x0000558f2bcb21d0 @name="active_support.deprecation_behavior", @context=#&lt;ActiveSupport::Railtie:0x0000558f29987048 ...&gt;, @options={:after=&gt;"active_support.reset_all_current_attributes_instances", :group=&gt;:default}, @block=#&lt;Proc:0x0000558f299868c8 /home/nameless_ghoul/.rbenv/versions/3.0.0/lib/ruby/gems/3.0.0/gems/activesupport-6.1.5/lib/active_support/railtie.rb:32&gt;&gt;, #&lt;Rails::Initializable::Initializer:0x0000558f2bcb2180 @name="active_support.initialize_time_zone", @context=#&lt;ActiveSupport::Railtie:0x0000558f29987048 ...&gt;, @options={:after=&gt;"active_support.deprecation_behavior", :group=&gt;:default}, @block=#&lt;Proc:0x0000558f299867d8 /home/nameless_ghoul/.rbenv/versions/3.0.0/lib/ruby/gems/3.0.0/gems/activesupport-6.1.5/lib/active_support/railtie.rb:48&gt;&gt;, #&lt;Rails::Initializable::Initializer:0x0000558f2bcb2130 @name="active_support.initialize_beginning_of_week", @context=#&lt;ActiveSupport::Railtie:0x0000558f29987048 ...&gt;, @options={:after=&gt;"active_support.initialize_time_zone", :group=&gt;:default}, @block=#&lt;Proc:0x0000558f299866c0 /home/nameless_ghoul/.rbenv/versions/3.0.0/lib/ruby/gems/3.0.0/gems/activesupport-6.1.5/lib/active_support/railtie.rb:60&gt;&gt;, #&lt;Rails::Initializable::Initializer:0x0000558f2bcb20e0 @name="active_support.require_master_key", @context=#&lt;ActiveSupport::Railtie:0x0000558f29987048 ...&gt;, @options={:after=&gt;"active_support.initialize_beginning_of_week", :group=&gt;:default}, @block=#&lt;Proc:0x0000558f29986558 /home/nameless_ghoul/.rbenv/versions/3.0.0/lib/ruby/gems/3.0.0/gems/activesupport-6.1.5/lib/active_support/railtie.rb:67&gt;&gt;, #&lt;Rails::Initializable::Initializer:0x0000558f2bcb2090 @name="active_support.set_configs", @context=#&lt;ActiveSupport::Railtie:0x0000558f29987048 ...&gt;, @options={:after=&gt;"active_support.require_master_key", :group=&gt;:default}, @block=#&lt;Proc:0x0000558f299863f0 /home/nameless_ghoul/.rbenv/versions/3.0.0/lib/ruby/gems/3.0.0/gems/activesupport-6.1.5/lib/active_support/railtie.rb:78&gt;&gt;, #&lt;Rails::Initializable::Initializer:0x0000558f2bcb2040 @name="active_support.set_hash_digest_class", @context=#&lt;ActiveSupport::Railtie:0x0000558f29987048 ...&gt;, @options={:after=&gt;"active_support.set_configs", :group=&gt;:default}, @block=#&lt;Proc:0x0000558f299862d8 /home/nameless_ghoul/.rbenv/versions/3.0.0/lib/ruby/gems/3.0.0/gems/activesupport-6.1.5/lib/active_support/railtie.rb:85&gt;&gt;]&gt;, #&lt;ActionDispatch::Railtie:0x0000558f297506a8 @config=#&lt;Rails::Railtie::Configuration:0x0000558f29750540&gt;, @initializers=[#&lt;Rails::Initializable::Initializer:0x0000558f2bcb1c80 @name="action_dispatch.configure", @context=#&lt;ActionDispatch::Railtie:0x0000558f297506a8 ...&gt;, @options={:group=&gt;:default}, @block=#&lt;Proc:0x0000558f29736578 /home/nameless_ghoul/.rbenv/versions/3.0.0/lib/ruby/gems/3.0.0/gems/actionpack-6.1.5/lib/action_dispatch/railtie.rb:41&gt;&gt;]&gt;, #&lt;ActiveModel::Railtie:0x0000558f298032f8 @config=#&lt;Rails::Railtie::Configuration:0x0000558f29803190&gt;, @initializers=[#&lt;Rails::Initializable::Initializer:0x0000558f2bcb18e8 @name="active_model.secure_password", @context=#&lt;ActiveModel::Railtie:0x0000558f298032f8 ...&gt;, @options={:group=&gt;:default}, @block=#&lt;Proc:0x0000558f29802da8 /home/nameless_ghoul/.rbenv/versions/3.0.0/lib/ruby/gems/3.0.0/gems/activemodel-6.1.5/lib/active_model/railtie.rb:12&gt;&gt;, #&lt;Rails::Initializable::Initializer:0x0000558f2bcb1898 @name="active_model.i18n_customize_full_message", @context=#&lt;ActiveModel::Railtie:0x0000558f298032f8 ...&gt;, @options={:after=&gt;"active_model.secure_password", :group=&gt;:default}, @block=#&lt;Proc:0x0000558f29802ad8 /home/nameless_ghoul/.rbenv/versions/3.0.0/lib/ruby/gems/3.0.0/gems/activemodel-6.1.5/lib/active_model/railtie.rb:16&gt;&gt;]&gt;, #&lt;ActionController::Railtie:0x0000558f29ee2538 @config=#&lt;Rails::Railtie::Configuration:0x0000558f29ee2470&gt;, @initializers=[#&lt;Rails::Initializable::Initializer:0x0000558f2bcb14b0 @name="action_controller.assets_config", @context=#&lt;ActionController::Railtie:0x0000558f29ee2538 ...&gt;, @options={:group=&gt;:all}, @block=#&lt;Proc:0x0000558f29ee22e0 /home/nameless_ghoul/.rbenv/versions/3.0.0/lib/ruby/gems/3.0.0/gems/actionpack-6.1.5/lib/action_controller/railtie.rb:16&gt;&gt;, #&lt;Rails::Initializable::Initializer:0x0000558f2bcb1460 @name="action_controller.set_helpers_path", @context=#&lt;ActionController::Railtie:0x0000558f29ee2538 ...&gt;, @options={:after=&gt;"action_controller.assets_config", :group=&gt;:default}, @block=#&lt;Proc:0x0000558f29ee21c8 /home/nameless_ghoul/.rbenv/versions/3.0.0/lib/ruby/gems/3.0.0/gems/actionpack-6.1.5/lib/action_controller/railtie.rb:20&gt;&gt;, #&lt;Rails::Initializable::Initializer:0x0000558f2bcb1410 @name="action_controller.parameters_config", @context=#&lt;ActionController::Railtie:0x0000558f29ee2538 ...&gt;, @options={:after=&gt;"action_controller.set_helpers_path", :group=&gt;:default}, @block=#&lt;Proc:0x0000558f29ee20d8 /home/nameless_ghoul/.rbenv/versions/3.0.0/lib/ruby/gems/3.0.0/gems/actionpack-6.1.5/lib/action_controller/railtie.rb:24&gt;&gt;, #&lt;Rails::Initializable::Initializer:0x0000558f2bcb13c0 @name="action_controller.set_configs", @context=#&lt;ActionController::Railtie:0x0000558f29ee2538 ...&gt;, @options={:after=&gt;"action_controller.parameters_config", :group=&gt;:default}, @block=#&lt;Proc:0x0000558f29ee1fe8 /home/nameless_ghoul/.rbenv/versions/3.0.0/lib/ruby/gems/3.0.0/gems/actionpack-6.1.5/lib/action_controller/railtie.rb:39&gt;&gt;, #&lt;Rails::Initializable::Initializer:0x0000558f2bcb1370 @name="action_controller.compile_config_methods", @context=#&lt;ActionController::Railtie:0x0000558f29ee2538 ...&gt;, @options={:after=&gt;"action_controller.set_configs", :group=&gt;:default}, @block=#&lt;Proc:0x0000558f29ee1ef8 /home/nameless_ghoul/.rbenv/versions/3.0.0/lib/ruby/gems/3.0.0/gems/actionpack-6.1.5/lib/action_controller/railtie.rb:69&gt;&gt;, #&lt;Rails::Initializable::Initializer:0x0000558f2bcb1320 @name="action_controller.request_forgery_protection", @context=#&lt;ActionController::Railtie:0x0000558f29ee2538 ...&gt;, @options={:after=&gt;"action_controller.compile_config_methods", :group=&gt;:default}, @block=#&lt;Proc:0x0000558f29ee1e08 /home/nameless_ghoul/.rbenv/versions/3.0.0/lib/ruby/gems/3.0.0/gems/actionpack-6.1.5/lib/action_controller/railtie.rb:75&gt;&gt;, #&lt;Rails::Initializable::Initializer:0x0000558f2bcb12d0 @name="action_controller.eager_load_actions", @context=#&lt;ActionController::Railtie:0x0000558f29ee2538 ...&gt;, @options={:after=&gt;"action_controller.request_forgery_protection", :group=&gt;:default}, @block=#&lt;Proc:0x0000558f29ee1d18 /home/nameless_ghoul/.rbenv/versions/3.0.0/lib/ruby/gems/3.0.0/gems/actionpack-6.1.5/lib/action_controller/railtie.rb:83&gt;&gt;]&gt;, #&lt;ActiveRecord::Railtie:0x0000558f29ee19a8 @config=#&lt;Rails::Railtie::Configuration:0x0000558f29ee18e0&gt;, @initializers=[#&lt;Rails::Initializable::Initializer:0x0000558f2bcb0ec0 @name="active_record.initialize_timezone", @context=#&lt;ActiveRecord::Railtie:0x0000558f29ee19a8 ...&gt;, @options={:group=&gt;:default}, @block=#&lt;Proc:0x0000558f29ee0af8 /home/nameless_ghoul/.rbenv/versions/3.0.0/lib/ruby/gems/3.0.0/gems/activerecord-6.1.5/lib/active_record/railtie.rb:70&gt;&gt;, #&lt;Rails::Initializable::Initializer:0x0000558f2bcb0e70 @name="active_record.logger", @context=#&lt;ActiveRecord::Railtie:0x0000558f29ee19a8 ...&gt;, @options={:after=&gt;"active_record.initialize_timezone", :group=&gt;:default}, @block=#&lt;Proc:0x0000558f29ee0a08 /home/nameless_ghoul/.rbenv/versions/3.0.0/lib/ruby/gems/3.0.0/gems/activerecord-6.1.5/lib/active_record/railtie.rb:77&gt;&gt;, #&lt;Rails::Initializable::Initializer:0x0000558f2bcb0e20 @name="active_record.backtrace_cleaner", @context=#&lt;ActiveRecord::Railtie:0x0000558f29ee19a8 ...&gt;, @options={:after=&gt;"active_record.logger", :group=&gt;:default}, @block=#&lt;Proc:0x0000558f29ee0918 /home/nameless_ghoul/.rbenv/versions/3.0.0/lib/ruby/gems/3.0.0/gems/activerecord-6.1.5/lib/active_record/railtie.rb:81&gt;&gt;, #&lt;Rails::Initializable::Initializer:0x0000558f2bcb0dd0 @name="active_record.migration_error", @context=#&lt;ActiveRecord::Railtie:0x0000558f29ee19a8 ...&gt;, @options={:after=&gt;"active_record.backtrace_cleaner", :group=&gt;:default}, @block=#&lt;Proc:0x0000558f29ee0828 /home/nameless_ghoul/.rbenv/versions/3.0.0/lib/ruby/gems/3.0.0/gems/activerecord-6.1.5/lib/active_record/railtie.rb:85&gt;&gt;, #&lt;Rails::Initializable::Initializer:0x0000558f2bcb0d80 @name="active_record.database_selector", @context=#&lt;ActiveRecord::Railtie:0x0000558f29ee19a8 ...&gt;, @options={:after=&gt;"active_record.migration_error", :group=&gt;:default}, @block=#&lt;Proc:0x0000558f29ee0738 /home/nameless_ghoul/.rbenv/versions/3.0.0/lib/ruby/gems/3.0.0/gems/activerecord-6.1.5/lib/active_record/railtie.rb:93&gt;&gt;, #&lt;Rails::Initializable::Initializer:0x0000558f2bcb0d30 @name="Check for cache versioning support", @context=#&lt;ActiveRecord::Railtie:0x0000558f29ee19a8 ...&gt;, @options={:after=&gt;"active_record.database_selector", :group=&gt;:default}, @block=#&lt;Proc:0x0000558f29ee0648 /home/nameless_ghoul/.rbenv/versions/3.0.0/lib/ruby/gems/3.0.0/gems/activerecord-6.1.5/lib/active_record/railtie.rb:101&gt;&gt;, #&lt;Rails::Initializable::Initializer:0x0000558f2bcb0ce0 @name="active_record.check_schema_cache_dump", @context=#&lt;ActiveRecord::Railtie:0x0000558f29ee19a8 ...&gt;, @options={:after=&gt;"Check for cache versioning support", :group=&gt;:default}, @block=#&lt;Proc:0x0000558f29ee0558 /home/nameless_ghoul/.rbenv/versions/3.0.0/lib/ruby/gems/3.0.0/gems/activerecord-6.1.5/lib/active_record/railtie.rb:126&gt;&gt;, #&lt;Rails::Initializable::Initializer:0x0000558f2bcb0c90 @name="active_record.define_attribute_methods", @context=#&lt;ActiveRecord::Railtie:0x0000558f29ee19a8 ...&gt;, @options={:after=&gt;"active_record.check_schema_cache_dump", :group=&gt;:default}, @block=#&lt;Proc:0x0000558f29ee0468 /home/nameless_ghoul/.rbenv/versions/3.0.0/lib/ruby/gems/3.0.0/gems/activerecord-6.1.5/lib/active_record/railtie.rb:163&gt;&gt;, #&lt;Rails::Initializable::Initializer:0x0000558f2bcb0c40 @name="active_record.warn_on_records_fetched_greater_than", @context=#&lt;ActiveRecord::Railtie:0x0000558f29ee19a8 ...&gt;, @options={:after=&gt;"active_record.define_attribute_methods", :group=&gt;:default}, @block=#&lt;Proc:0x0000558f29ee0378 /home/nameless_ghoul/.rbenv/versions/3.0.0/lib/ruby/gems/3.0.0/gems/activerecord-6.1.5/lib/active_record/railtie.rb:196&gt;&gt;, #&lt;Rails::Initializable::Initializer:0x0000558f2bcb0bf0 @name="active_record.set_configs", @context=#&lt;ActiveRecord::Railtie:0x0000558f29ee19a8 ...&gt;, @options={:after=&gt;"active_record.warn_on_records_fetched_greater_than", :group=&gt;:default}, @block=#&lt;Proc:0x0000558f29ee0288 /home/nameless_ghoul/.rbenv/versions/3.0.0/lib/ruby/gems/3.0.0/gems/activerecord-6.1.5/lib/active_record/railtie.rb:204&gt;&gt;, #&lt;Rails::Initializable::Initializer:0x0000558f2bcb0ba0 @name="active_record.initialize_database", @context=#&lt;ActiveRecord::Railtie:0x0000558f29ee19a8 ...&gt;, @options={:after=&gt;"active_record.set_configs", :group=&gt;:default}, @block=#&lt;Proc:0x0000558f29ee0198 /home/nameless_ghoul/.rbenv/versions/3.0.0/lib/ruby/gems/3.0.0/gems/activerecord-6.1.5/lib/active_record/railtie.rb:216&gt;&gt;, #&lt;Rails::Initializable::Initializer:0x0000558f2bcb0b50 @name="active_record.log_runtime", @context=#&lt;ActiveRecord::Railtie:0x0000558f29ee19a8 ...&gt;, @options={:after=&gt;"active_record.initialize_database", :group=&gt;:default}, @block=#&lt;Proc:0x0000558f29ee00a8 /home/nameless_ghoul/.rbenv/versions/3.0.0/lib/ruby/gems/3.0.0/gems/activerecord-6.1.5/lib/active_record/railtie.rb:227&gt;&gt;, #&lt;Rails::Initializable::Initializer:0x0000558f2bcb0b00 @name="active_record.set_reloader_hooks", @context=#&lt;ActiveRecord::Railtie:0x0000558f29ee19a8 ...&gt;, @options={:after=&gt;"active_record.log_runtime", :group=&gt;:default}, @block=#&lt;Proc:0x0000558f29eeffa8 /home/nameless_ghoul/.rbenv/versions/3.0.0/lib/ruby/gems/3.0.0/gems/activerecord-6.1.5/lib/active_record/railtie.rb:234&gt;&gt;, #&lt;Rails::Initializable::Initializer:0x0000558f2bcb0ab0 @name="active_record.set_executor_hooks", @context=#&lt;ActiveRecord::Railtie:0x0000558f29ee19a8 ...&gt;, @options={:after=&gt;"active_record.set_reloader_hooks", :group=&gt;:default}, @block=#&lt;Proc:0x0000558f29eefeb8 /home/nameless_ghoul/.rbenv/versions/3.0.0/lib/ruby/gems/3.0.0/gems/activerecord-6.1.5/lib/active_record/railtie.rb:245&gt;&gt;, #&lt;Rails::Initializable::Initializer:0x0000558f2bcb0a60 @name="active_record.add_watchable_files", @context=#&lt;ActiveRecord::Railtie:0x0000558f29ee19a8 ...&gt;, @options={:after=&gt;"active_record.set_executor_hooks", :group=&gt;:default}, @block=#&lt;Proc:0x0000558f29eefdc8 /home/nameless_ghoul/.rbenv/versions/3.0.0/lib/ruby/gems/3.0.0/gems/activerecord-6.1.5/lib/active_record/railtie.rb:249&gt;&gt;, #&lt;Rails::Initializable::Initializer:0x0000558f2bcb0a10 @name="active_record.clear_active_connections", @context=#&lt;ActiveRecord::Railtie:0x0000558f29ee19a8 ...&gt;, @options={:after=&gt;"active_record.add_watchable_files", :group=&gt;:default}, @block=#&lt;Proc:0x0000558f29eefcd8 /home/nameless_ghoul/.rbenv/versions/3.0.0/lib/ruby/gems/3.0.0/gems/activerecord-6.1.5/lib/active_record/railtie.rb:254&gt;&gt;, #&lt;Rails::Initializable::Initializer:0x0000558f2bcb09c0 @name="active_record.set_filter_attributes", @context=#&lt;ActiveRecord::Railtie:0x0000558f29ee19a8 ...&gt;, @options={:after=&gt;"active_record.clear_active_connections", :group=&gt;:default}, @block=#&lt;Proc:0x0000558f29eefbe8 /home/nameless_ghoul/.rbenv/versions/3.0.0/lib/ruby/gems/3.0.0/gems/activerecord-6.1.5/lib/active_record/railtie.rb:271&gt;&gt;, #&lt;Rails::Initializable::Initializer:0x0000558f2bcb0970 @name="active_record.set_signed_id_verifier_secret", @context=#&lt;ActiveRecord::Railtie:0x0000558f29ee19a8 ...&gt;, @options={:after=&gt;"active_record.set_filter_attributes", :group=&gt;:default}, @block=#&lt;Proc:0x0000558f29eefaf8 /home/nameless_ghoul/.rbenv/versions/3.0.0/lib/ruby/gems/3.0.0/gems/activerecord-6.1.5/lib/active_record/railtie.rb:277&gt;&gt;]&gt;, #&lt;GlobalID::Railtie:0x0000558f29f997b0 @config=#&lt;Rails::Railtie::Configuration:0x0000558f29f996e8&gt;, @initializers=[#&lt;Rails::Initializable::Initializer:0x0000558f2bcb05b0 @name="global_id", @context=#&lt;GlobalID::Railtie:0x0000558f29f997b0 ...&gt;, @options={:group=&gt;:default}, @block=#&lt;Proc:0x0000558f29f99530 /home/nameless_ghoul/.rbenv/versions/3.0.0/lib/ruby/gems/3.0.0/gems/globalid-1.0.0/lib/global_id/railtie.rb:17&gt;&gt;]&gt;, #&lt;ActiveJob::Railtie:0x0000558f29fa66e0 @config=#&lt;Rails::Railtie::Configuration:0x0000558f29fa6618&gt;, @initializers=[#&lt;Rails::Initializable::Initializer:0x0000558f2bcb01c8 @name="active_job.logger", @context=#&lt;ActiveJob::Railtie:0x0000558f29fa66e0 ...&gt;, @options={:group=&gt;:default}, @block=#&lt;Proc:0x0000558f29fa6398 /home/nameless_ghoul/.rbenv/versions/3.0.0/lib/ruby/gems/3.0.0/gems/activejob-6.1.5/lib/active_job/railtie.rb:12&gt;&gt;, #&lt;Rails::Initializable::Initializer:0x0000558f2bcb0178 @name="active_job.custom_serializers", @context=#&lt;ActiveJob::Railtie:0x0000558f29fa66e0 ...&gt;, @options={:after=&gt;"active_job.logger", :group=&gt;:default}, @block=#&lt;Proc:0x0000558f29fa62a8 /home/nameless_ghoul/.rbenv/versions/3.0.0/lib/ruby/gems/3.0.0/gems/activejob-6.1.5/lib/active_job/railtie.rb:16&gt;&gt;, #&lt;Rails::Initializable::Initializer:0x0000558f2bcb0128 @name="active_job.set_configs", @context=#&lt;ActiveJob::Railtie:0x0000558f29fa66e0 ...&gt;, @options={:after=&gt;"active_job.custom_serializers", :group=&gt;:default}, @block=#&lt;Proc:0x0000558f29fa61b8 /home/nameless_ghoul/.rbenv/versions/3.0.0/lib/ruby/gems/3.0.0/gems/activejob-6.1.5/lib/active_job/railtie.rb:23&gt;&gt;, #&lt;Rails::Initializable::Initializer:0x0000558f2bcb00d8 @name="active_job.set_reloader_hook", @context=#&lt;ActiveJob::Railtie:0x0000558f29fa66e0 ...&gt;, @options={:after=&gt;"active_job.set_configs", :group=&gt;:default}, @block=#&lt;Proc:0x0000558f29fa60c8 /home/nameless_ghoul/.rbenv/versions/3.0.0/lib/ruby/gems/3.0.0/gems/activejob-6.1.5/lib/active_job/railtie.rb:43&gt;&gt;]&gt;, #&lt;ActionMailer::Railtie:0x0000558f296d6d58 @config=#&lt;Rails::Railtie::Configuration:0x0000558f296d6790&gt;, @initializers=[#&lt;Rails::Initializable::Initializer:0x0000558f2bcbbca8 @name="action_mailer.logger", @context=#&lt;ActionMailer::Railtie:0x0000558f296d6d58 ...&gt;, @options={:group=&gt;:default}, @block=#&lt;Proc:0x0000558f296d5d90 /home/nameless_ghoul/.rbenv/versions/3.0.0/lib/ruby/gems/3.0.0/gems/actionmailer-6.1.5/lib/action_mailer/railtie.rb:13&gt;&gt;, #&lt;Rails::Initializable::Initializer:0x0000558f2bcbbc58 @name="action_mailer.set_configs", @context=#&lt;ActionMailer::Railtie:0x0000558f296d6d58 ...&gt;, @options={:after=&gt;"action_mailer.logger", :group=&gt;:default}, @block=#&lt;Proc:0x0000558f296d52f0 /home/nameless_ghoul/.rbenv/versions/3.0.0/lib/ruby/gems/3.0.0/gems/actionmailer-6.1.5/lib/action_mailer/railtie.rb:17&gt;&gt;, #&lt;Rails::Initializable::Initializer:0x0000558f2bcbbc08 @name="action_mailer.set_autoload_paths", @context=#&lt;ActionMailer::Railtie:0x0000558f296d6d58 ...&gt;, @options={:after=&gt;"action_mailer.set_configs", :group=&gt;:default}, @block=#&lt;Proc:0x0000558f296d5070 /home/nameless_ghoul/.rbenv/versions/3.0.0/lib/ruby/gems/3.0.0/gems/actionmailer-6.1.5/lib/action_mailer/railtie.rb:57&gt;&gt;, #&lt;Rails::Initializable::Initializer:0x0000558f2bcbbbb8 @name="action_mailer.compile_config_methods", @context=#&lt;ActionMailer::Railtie:0x0000558f296d6d58 ...&gt;, @options={:after=&gt;"action_mailer.set_autoload_paths", :group=&gt;:default}, @block=#&lt;Proc:0x0000558f296d4f08 /home/nameless_ghoul/.rbenv/versions/3.0.0/lib/ruby/gems/3.0.0/gems/actionmailer-6.1.5/lib/action_mailer/railtie.rb:65&gt;&gt;, #&lt;Rails::Initializable::Initializer:0x0000558f2bcbbb68 @name="action_mailer.eager_load_actions", @context=#&lt;ActionMailer::Railtie:0x0000558f296d6d58 ...&gt;, @options={:after=&gt;"action_mailer.compile_config_methods", :group=&gt;:default}, @block=#&lt;Proc:0x0000558f296d4da0 /home/nameless_ghoul/.rbenv/versions/3.0.0/lib/ruby/gems/3.0.0/gems/actionmailer-6.1.5/lib/action_mailer/railtie.rb:71&gt;&gt;]&gt;, #&lt;Rails::TestUnitRailtie:0x0000558f29e41408 @config=#&lt;Rails::Railtie::Configuration:0x0000558f29e41318&gt;, @initializers=[#&lt;Rails::Initializable::Initializer:0x0000558f2bcbb7a8 @name="test_unit.line_filtering", @context=#&lt;Rails::TestUnitRailtie:0x0000558f29e41408 ...&gt;, @options={:group=&gt;:default}, @block=#&lt;Proc:0x0000558f29e40e90 /home/nameless_ghoul/.rbenv/versions/3.0.0/lib/ruby/gems/3.0.0/gems/railties-6.1.5/lib/rails/test_unit/railtie.rb:19&gt;&gt;]&gt;, #&lt;Sprockets::Railtie:0x0000558f29c707f0 @config=#&lt;Rails::Railtie::Configuration:0x0000558f29c70728&gt;, @initializers=[#&lt;Rails::Initializable::Initializer:0x0000558f2bcbb3c0 @name=:set_default_precompile, @context=#&lt;Sprockets::Railtie:0x0000558f29c707f0 ...&gt;, @options={:group=&gt;:default}, @block=#&lt;Proc:0x0000558f29c7ff48 /home/nameless_ghoul/.rbenv/versions/3.0.0/lib/ruby/gems/3.0.0/gems/sprockets-rails-3.4.2/lib/sprockets/railtie.rb:108&gt;&gt;, #&lt;Rails::Initializable::Initializer:0x0000558f2bcbb370 @name=:quiet_assets, @context=#&lt;Sprockets::Railtie:0x0000558f29c707f0 ...&gt;, @options={:after=&gt;:set_default_precompile, :group=&gt;:default}, @block=#&lt;Proc:0x0000558f29c7fe58 /home/nameless_ghoul/.rbenv/versions/3.0.0/lib/ruby/gems/3.0.0/gems/sprockets-rails-3.4.2/lib/sprockets/railtie.rb:117&gt;&gt;, #&lt;Rails::Initializable::Initializer:0x0000558f2bcbb320 @name=:asset_url_processor, @context=#&lt;Sprockets::Railtie:0x0000558f29c707f0 ...&gt;, @options={:after=&gt;:quiet_assets, :group=&gt;:default}, @block=#&lt;Proc:0x0000558f29c7fd68 /home/nameless_ghoul/.rbenv/versions/3.0.0/lib/ruby/gems/3.0.0/gems/sprockets-rails-3.4.2/lib/sprockets/railtie.rb:123&gt;&gt;, #&lt;Rails::Initializable::Initializer:0x0000558f2bcbb2d0 @name=:asset_sourcemap_url_processor, @context=#&lt;Sprockets::Railtie:0x0000558f29c707f0 ...&gt;, @options={:after=&gt;:asset_url_processor, :group=&gt;:default}, @block=#&lt;Proc:0x0000558f29c7fc78 /home/nameless_ghoul/.rbenv/versions/3.0.0/lib/ruby/gems/3.0.0/gems/sprockets-rails-3.4.2/lib/sprockets/railtie.rb:129&gt;&gt;]&gt;, #&lt;SassC::Rails::Railtie:0x0000558f2ab6c038 @config=#&lt;Rails::Railtie::Configuration:0x0000558f2ab7ff48&gt;, @initializers=[#&lt;Rails::Initializable::Initializer:0x0000558f2bcbaf10 @name=:setup_sass, @context=#&lt;SassC::Rails::Railtie:0x0000558f2ab6c038 ...&gt;, @options={:group=&gt;:all}, @block=#&lt;Proc:0x0000558f2ab7f868 /home/nameless_ghoul/.rbenv/versions/3.0.0/lib/ruby/gems/3.0.0/gems/sassc-rails-2.1.2/lib/sassc/rails/railtie.rb:34&gt;&gt;, #&lt;Rails::Initializable::Initializer:0x0000558f2bcbaec0 @name=:setup_compression, @context=#&lt;SassC::Rails::Railtie:0x0000558f2ab6c038 ...&gt;, @options={:group=&gt;:all, :after=&gt;:setup_sass}, @block=#&lt;Proc:0x0000558f2ab7f750 /home/nameless_ghoul/.rbenv/versions/3.0.0/lib/ruby/gems/3.0.0/gems/sassc-rails-2.1.2/lib/sassc/rails/railtie.rb:72&gt;&gt;]&gt;, #&lt;Jbuilder::Railtie:0x0000558f2bcb3bc0 @initializers=[#&lt;Rails::Initializable::Initializer:0x0000558f2bcbab50 @name=:jbuilder, @context=#&lt;Jbuilder::Railtie:0x0000558f2bcb3bc0 ...&gt;, @options={:group=&gt;:default}, @block=#&lt;Proc:0x0000558f2adad388 /home/nameless_ghoul/.rbenv/versions/3.0.0/lib/ruby/gems/3.0.0/gems/jbuilder-2.11.5/lib/jbuilder/railtie.rb:6&gt;&gt;]&gt;, #&lt;ActiveStorageValidations::Railtie:0x0000558f2bcb3b20 @initializers=[]&gt;, #&lt;WillPaginate::Railtie:0x0000558f2bcb3a80 @initializers=[#&lt;Rails::Initializable::Initializer:0x0000558f2bcba498 @name="will_paginate", @context=#&lt;WillPaginate::Railtie:0x0000558f2bcb3a80 ...&gt;, @options={:group=&gt;:default}, @block=#&lt;Proc:0x0000558f2b37e050 /home/nameless_ghoul/.rbenv/versions/3.0.0/lib/ruby/gems/3.0.0/gems/will_paginate-3.3.1/lib/will_paginate/railtie.rb:7&gt;&gt;]&gt;, #&lt;Webdrivers::Railtie:0x0000558f2bcb39e0 @initializers=[]&gt;, #&lt;Rails::Controller::Testing::Railtie:0x0000558f2bcb3940 @initializers=[#&lt;Rails::Initializable::Initializer:0x0000558f2bcb9de0 @name="rails_controller_testing", @context=#&lt;Rails::Controller::Testing::Railtie:0x0000558f2bcb3940 ...&gt;, @options={:group=&gt;:default}, @block=#&lt;Proc:0x0000558f2b3bdb10 /home/nameless_ghoul/.rbenv/versions/3.0.0/lib/ruby/gems/3.0.0/gems/rails-controller-testing-1.0.5/lib/rails/controller/testing/railtie.rb:2&gt;&gt;]&gt;, #&lt;ActionView::Railtie:0x0000558f29ed2660 @_all_autoload_paths=[], @_all_load_paths=["/home/nameless_ghoul/.rbenv/versions/3.0.0/lib/ruby/gems/3.0.0/gems/actionview-6.1.5/lib"], @app=nil, @config=#&lt;Rails::Engine::Configuration:0x0000558f29ee3b90 @root=#&lt;Pathname:/home/nameless_ghoul/.rbenv/versions/3.0.0/lib/ruby/gems/3.0.0/gems/actionview-6.1.5&gt;, @generators=#&lt;Rails::Configuration::Generators:0x0000558f29ee38c0 @aliases={}, @options={}, @fallbacks={}, @templates=[], @colorize_logging=true, @api_only=false, @hidden_namespaces=["sass"], @after_generate_callbacks=[]&gt;, @middleware=#&lt;Rails::Configuration::MiddlewareStackProxy:0x0000558f29ee3730 @operations=[], @delete_operations=[]&gt;, @javascript_path="javascript", @autoload_once_paths=[], @paths=#&lt;Rails::Paths::Root:0x0000558f2bcda9c8 @path=#&lt;Pathname:/home/nameless_ghoul/.rbenv/versions/3.0.0/lib/ruby/gems/3.0.0/gems/actionview-6.1.5&gt;, @root={"app"=&gt;#&lt;Rails::Paths::Path:0x0000558f2bcda838 @paths=["app"], @current="app", @root=#&lt;Rails::Paths::Root:0x0000558f2bcda9c8 ...&gt;, @glob="{*,*/concerns}", @exclude=["assets", "javascript"], @autoload_once=false, @eager_load=true, @autoload=false, @load_path=false&gt;, "app/assets"=&gt;#&lt;Rails::Paths::Path:0x0000558f2bcda6f8 @paths=["app/assets"], @current="app/assets", @root=#&lt;Rails::Paths::Root:0x0000558f2bcda9c8 ...&gt;, @glob="*", @exclude=nil, @autoload_once=false, @eager_load=false, @autoload=false, @load_path=false&gt;, "app/controllers"=&gt;#&lt;Rails::Paths::Path:0x0000558f2bcda630 @paths=["app/controllers"], @current="app/controllers", @root=#&lt;Rails::Paths::Root:0x0000558f2bcda9c8 ...&gt;, @glob=nil, @exclude=nil, @autoload_once=false, @eager_load=true, @autoload=false, @load_path=false&gt;, "app/channels"=&gt;#&lt;Rails::Paths::Path:0x0000558f2bcda590 @paths=["app/channels"], @current="app/channels", @root=#&lt;Rails::Paths::Root:0x0000558f2bcda9c8 ...&gt;, @glob="**/*_channel.rb", @exclude=nil, @autoload_once=false, @eager_load=true, @autoload=false, @load_path=false&gt;, "app/helpers"=&gt;#&lt;Rails::Paths::Path:0x0000558f2bcda4f0 @paths=["app/helpers"], @current="app/helpers", @root=#&lt;Rails::Paths::Root:0x0000558f2bcda9c8 ...&gt;, @glob=nil, @exclude=nil, @autoload_once=false, @eager_load=true, @autoload=false, @load_path=false&gt;, "app/models"=&gt;#&lt;Rails::Paths::Path:0x0000558f2bcda450 @paths=["app/models"], @current="app/models", @root=#&lt;Rails::Paths::Root:0x0000558f2bcda9c8 ...&gt;, @glob=nil, @exclude=nil, @autoload_once=false, @eager_load=true, @autoload=false, @load_path=false&gt;, "app/mailers"=&gt;#&lt;Rails::Paths::Path:0x0000558f2bcda3b0 @paths=["app/mailers"], @current="app/mailers", @root=#&lt;Rails::Paths::Root:0x0000558f2bcda9c8 ...&gt;, @glob=nil, @exclude=nil, @autoload_once=false, @eager_load=true, @autoload=false, @load_path=false&gt;, "app/views"=&gt;#&lt;Rails::Paths::Path:0x0000558f2bcda310 @paths=["app/views"], @current="app/views", @root=#&lt;Rails::Paths::Root:0x0000558f2bcda9c8 ...&gt;, @glob=nil, @exclude=nil, @autoload_once=false, @eager_load=false, @autoload=false, @load_path=false&gt;, "lib"=&gt;#&lt;Rails::Paths::Path:0x0000558f2bcda270 @paths=["lib"], @current="lib", @root=#&lt;Rails::Paths::Root:0x0000558f2bcda9c8 ...&gt;, @glob=nil, @exclude=nil, @autoload_once=false, @eager_load=false, @autoload=false, @load_path=true&gt;, "lib/assets"=&gt;#&lt;Rails::Paths::Path:0x0000558f2bcda1a8 @paths=["lib/assets"], @current="lib/assets", @root=#&lt;Rails::Paths::Root:0x0000558f2bcda9c8 ...&gt;, @glob="*", @exclude=nil, @autoload_once=false, @eager_load=false, @autoload=false, @load_path=false&gt;, "lib/tasks"=&gt;#&lt;Rails::Paths::Path:0x0000558f2bcda108 @paths=["lib/tasks"], @current="lib/tasks", @root=#&lt;Rails::Paths::Root:0x0000558f2bcda9c8 ...&gt;, @glob="**/*.rake", @exclude=nil, @autoload_once=false, @eager_load=false, @autoload=false, @load_path=false&gt;, "config"=&gt;#&lt;Rails::Paths::Path:0x0000558f2bcda090 @paths=["config"], @current="config", @root=#&lt;Rails::Paths::Root:0x0000558f2bcda9c8 ...&gt;, @glob=nil, @exclude=nil, @autoload_once=false, @eager_load=false, @autoload=false, @load_path=false&gt;, "config/environments"=&gt;#&lt;Rails::Paths::Path:0x0000558f2bcd9fc8 @paths=["config/environments"], @current="config/environments", @root=#&lt;Rails::Paths::Root:0x0000558f2bcda9c8 ...&gt;, @glob="test.rb", @exclude=nil, @autoload_once=false, @eager_load=false, @autoload=false, @load_path=false&gt;, "config/initializers"=&gt;#&lt;Rails::Paths::Path:0x0000558f2bcd9f28 @paths=["config/initializers"], @current="config/initializers", @root=#&lt;Rails::Paths::Root:0x0000558f2bcda9c8 ...&gt;, @glob="**/*.rb", @exclude=nil, @autoload_once=false, @eager_load=false, @autoload=false, @load_path=false&gt;, "config/locales"=&gt;#&lt;Rails::Paths::Path:0x0000558f2bcd9e88 @paths=["config/locales"], @current="config/locales", @root=#&lt;Rails::Paths::Root:0x0000558f2bcda9c8 ...&gt;, @glob="*.{rb,yml}", @exclude=nil, @autoload_once=false, @eager_load=false, @autoload=false, @load_path=false&gt;, "config/routes.rb"=&gt;#&lt;Rails::Paths::Path:0x0000558f2bcd9e10 @paths=["config/routes.rb"], @current="config/routes.rb", @root=#&lt;Rails::Paths::Root:0x0000558f2bcda9c8 ...&gt;, @glob=nil, @exclude=nil, @autoload_once=false, @eager_load=false, @autoload=false, @load_path=false&gt;, "config/routes"=&gt;#&lt;Rails::Paths::Path:0x0000558f2bcd9d70 @paths=["config/routes"], @current="config/routes", @root=#&lt;Rails::Paths::Root:0x0000558f2bcda9c8 ...&gt;, @glob="**/*.rb", @exclude=nil, @autoload_once=false, @eager_load=false, @autoload=false, @load_path=false&gt;, "db"=&gt;#&lt;Rails::Paths::Path:0x0000558f2bcd9cf8 @paths=["db"], @current="db", @root=#&lt;Rails::Paths::Root:0x0000558f2bcda9c8 ...&gt;, @glob=nil, @exclude=nil, @autoload_once=false, @eager_load=false, @autoload=false, @load_path=false&gt;, "db/migrate"=&gt;#&lt;Rails::Paths::Path:0x0000558f2bcd9c80 @paths=["db/migrate"], @current="db/migrate", @root=#&lt;Rails::Paths::Root:0x0000558f2bcda9c8 ...&gt;, @glob=nil, @exclude=nil, @autoload_once=false, @eager_load=false, @autoload=false, @load_path=false&gt;, "db/seeds.rb"=&gt;#&lt;Rails::Paths::Path:0x0000558f2bcd9c08 @paths=["db/seeds.rb"], @current="db/seeds.rb", @root=#&lt;Rails::Paths::Root:0x0000558f2bcda9c8 ...&gt;, @glob=nil, @exclude=nil, @autoload_once=false, @eager_load=false, @autoload=false, @load_path=false&gt;, "vendor"=&gt;#&lt;Rails::Paths::Path:0x0000558f2bcd9b68 @paths=["vendor"], @current="vendor", @root=#&lt;Rails::Paths::Root:0x0000558f2bcda9c8 ...&gt;, @glob=nil, @exclude=nil, @autoload_once=false, @eager_load=false, @autoload=false, @load_path=true&gt;, "vendor/assets"=&gt;#&lt;Rails::Paths::Path:0x0000558f2bcd9ac8 @paths=["vendor/assets"], @current="vendor/assets", @root=#&lt;Rails::Paths::Root:0x0000558f2bcda9c8 ...&gt;, @glob="*", @exclude=nil, @autoload_once=false, @eager_load=false, @autoload=false, @load_path=false&gt;}&gt;, @autoload_paths=[], @eager_load_paths=[]&gt;, @env_config=nil, @helpers=nil, @routes=#&lt;ActionDispatch::Routing::RouteSet:0x0000558f2c003c08&gt;, @app_build_lock=#&lt;Thread::Mutex:0x0000558f29ed2610&gt;, @initializers=[#&lt;Rails::Initializable::Initializer:0x0000558f2bcb9930 @name=:load_environment_config, @context=#&lt;ActionView::Railtie:0x0000558f29ed2660 ...&gt;, @options={:before=&gt;:load_environment_hook, :group=&gt;:all}, @block=#&lt;Proc:0x0000558f29b2c858 /home/nameless_ghoul/.rbenv/versions/3.0.0/lib/ruby/gems/3.0.0/gems/railties-6.1.5/lib/rails/engine.rb:569&gt;&gt;, #&lt;Rails::Initializable::Initializer:0x0000558f2bcb98e0 @name=:set_load_path, @context=#&lt;ActionView::Railtie:0x0000558f29ed2660 ...&gt;, @options={:before=&gt;:bootstrap_hook, :after=&gt;:load_environment_config, :group=&gt;:default}, @block=#&lt;Proc:0x0000558f29b2c678 /home/nameless_ghoul/.rbenv/versions/3.0.0/lib/ruby/gems/3.0.0/gems/railties-6.1.5/lib/rails/engine.rb:575&gt;&gt;, #&lt;Rails::Initializable::Initializer:0x0000558f2bcb9890 @name=:set_autoload_paths, @context=#&lt;ActionView::Railtie:0x0000558f29ed2660 ...&gt;, @options={:before=&gt;:bootstrap_hook, :after=&gt;:set_load_path, :group=&gt;:default}, @block=#&lt;Proc:0x0000558f29b2c4e8 /home/nameless_ghoul/.rbenv/versions/3.0.0/lib/ruby/gems/3.0.0/gems/railties-6.1.5/lib/rails/engine.rb:587&gt;&gt;, #&lt;Rails::Initializable::Initializer:0x0000558f2bcb9840 @name=:set_eager_load_paths, @context=#&lt;ActionView::Railtie:0x0000558f29ed2660 ...&gt;, @options={:before=&gt;:bootstrap_hook, :after=&gt;:set_autoload_paths, :group=&gt;:default}, @block=#&lt;Proc:0x0000558f29b2c3d0 /home/nameless_ghoul/.rbenv/versions/3.0.0/lib/ruby/gems/3.0.0/gems/railties-6.1.5/lib/rails/engine.rb:595&gt;&gt;, #&lt;Rails::Initializable::Initializer:0x0000558f2bcb97f0 @name=:add_routing_paths, @context=#&lt;ActionView::Railtie:0x0000558f29ed2660 ...&gt;, @options={:after=&gt;:set_eager_load_paths, :group=&gt;:default}, @block=#&lt;Proc:0x0000558f29b2c2b8 /home/nameless_ghoul/.rbenv/versions/3.0.0/lib/ruby/gems/3.0.0/gems/railties-6.1.5/lib/rails/engine.rb:600&gt;&gt;, #&lt;Rails::Initializable::Initializer:0x0000558f2bcb97a0 @name=:add_locales, @context=#&lt;ActionView::Railtie:0x0000558f29ed2660 ...&gt;, @options={:after=&gt;:add_routing_paths, :group=&gt;:default}, @block=#&lt;Proc:0x0000558f29b2c1c8 /home/nameless_ghoul/.rbenv/versions/3.0.0/lib/ruby/gems/3.0.0/gems/railties-6.1.5/lib/rails/engine.rb:614&gt;&gt;, #&lt;Rails::Initializable::Initializer:0x0000558f2bcb9750 @name=:add_view_paths, @context=#&lt;ActionView::Railtie:0x0000558f29ed2660 ...&gt;, @options={:after=&gt;:add_locales, :group=&gt;:default}, @block=#&lt;Proc:0x0000558f29b2c0d8 /home/nameless_ghoul/.rbenv/versions/3.0.0/lib/ruby/gems/3.0.0/gems/railties-6.1.5/lib/rails/engine.rb:618&gt;&gt;, #&lt;Rails::Initializable::Initializer:0x0000558f2bcb9700 @name=:prepend_helpers_path, @context=#&lt;ActionView::Railtie:0x0000558f29ed2660 ...&gt;, @options={:after=&gt;:add_view_paths, :group=&gt;:default}, @block=#&lt;Proc:0x0000558f28f17f18 /home/nameless_ghoul/.rbenv/versions/3.0.0/lib/ruby/gems/3.0.0/gems/railties-6.1.5/lib/rails/engine.rb:626&gt;&gt;, #&lt;Rails::Initializable::Initializer:0x0000558f2bcb96b0 @name=:load_config_initializers, @context=#&lt;ActionView::Railtie:0x0000558f29ed2660 ...&gt;, @options={:after=&gt;:prepend_helpers_path, :group=&gt;:default}, @block=#&lt;Proc:0x0000558f28f17608 /home/nameless_ghoul/.rbenv/versions/3.0.0/lib/ruby/gems/3.0.0/gems/railties-6.1.5/lib/rails/engine.rb:632&gt;&gt;, #&lt;Rails::Initializable::Initializer:0x0000558f2bcb9660 @name=:wrap_executor_around_load_seed, @context=#&lt;ActionView::Railtie:0x0000558f29ed2660 ...&gt;, @options={:after=&gt;:load_config_initializers, :group=&gt;:default}, @block=#&lt;Proc:0x0000558f28f16e60 /home/nameless_ghoul/.rbenv/versions/3.0.0/lib/ruby/gems/3.0.0/gems/railties-6.1.5/lib/rails/engine.rb:638&gt;&gt;, #&lt;Rails::Initializable::Initializer:0x0000558f2bcb9610 @name=:engines_blank_point, @context=#&lt;ActionView::Railtie:0x0000558f29ed2660 ...&gt;, @options={:after=&gt;:wrap_executor_around_load_seed, :group=&gt;:default}, @block=#&lt;Proc:0x0000558f28f16960 /home/nameless_ghoul/.rbenv/versions/3.0.0/lib/ruby/gems/3.0.0/gems/railties-6.1.5/lib/rails/engine.rb:644&gt;&gt;, #&lt;Rails::Initializable::Initializer:0x0000558f2bcb95c0 @name=:append_assets_path, @context=#&lt;ActionView::Railtie:0x0000558f29ed2660 ...&gt;, @options={:group=&gt;:all, :after=&gt;:engines_blank_point}, @block=#&lt;Proc:0x0000558f29c70d40 /home/nameless_ghoul/.rbenv/versions/3.0.0/lib/ruby/gems/3.0.0/gems/sprockets-rails-3.4.2/lib/sprockets/railtie.rb:60&gt;&gt;, #&lt;Rails::Initializable::Initializer:0x0000558f2bcb9570 @name="action_view.logger", @context=#&lt;ActionView::Railtie:0x0000558f29ed2660 ...&gt;, @options={:group=&gt;:default}, @block=#&lt;Proc:0x0000558f29ee2d80 /home/nameless_ghoul/.rbenv/versions/3.0.0/lib/ruby/gems/3.0.0/gems/actionview-6.1.5/lib/action_view/railtie.rb:58&gt;&gt;, #&lt;Rails::Initializable::Initializer:0x0000558f2bcb9520 @name="action_view.caching", @context=#&lt;ActionView::Railtie:0x0000558f29ed2660 ...&gt;, @options={:after=&gt;"action_view.logger", :group=&gt;:default}, @block=#&lt;Proc:0x0000558f29ee2c90 /home/nameless_ghoul/.rbenv/versions/3.0.0/lib/ruby/gems/3.0.0/gems/actionview-6.1.5/lib/action_view/railtie.rb:62&gt;&gt;, #&lt;Rails::Initializable::Initializer:0x0000558f2bcb94d0 @name="action_view.setup_action_pack", @context=#&lt;ActionView::Railtie:0x0000558f29ed2660 ...&gt;, @options={:after=&gt;"action_view.caching", :group=&gt;:default}, @block=#&lt;Proc:0x0000558f29ee2ba0 /home/nameless_ghoul/.rbenv/versions/3.0.0/lib/ruby/gems/3.0.0/gems/actionview-6.1.5/lib/action_view/railtie.rb:70&gt;&gt;, #&lt;Rails::Initializable::Initializer:0x0000558f2bcb9480 @name="action_view.collection_caching", @context=#&lt;ActionView::Railtie:0x0000558f29ed2660 ...&gt;, @options={:after=&gt;"action_controller.set_configs", :group=&gt;:default}, @block=#&lt;Proc:0x0000558f29ee2a88 /home/nameless_ghoul/.rbenv/versions/3.0.0/lib/ruby/gems/3.0.0/gems/actionview-6.1.5/lib/action_view/railtie.rb:76&gt;&gt;]&gt;, #&lt;ActiveStorage::Engine:0x0000558f2a1d6aa0 @_all_autoload_paths=["/home/nameless_ghoul/.rbenv/versions/3.0.0/lib/ruby/gems/3.0.0/gems/activestorage-6.1.5/app/controllers", "/home/nameless_ghoul/.rbenv/versions/3.0.0/lib/ruby/gems/3.0.0/gems/activestorage-6.1.5/app/controllers/concerns", "/home/nameless_ghoul/.rbenv/versions/3.0.0/lib/ruby/gems/3.0.0/gems/activestorage-6.1.5/app/jobs", "/home/nameless_ghoul/.rbenv/versions/3.0.0/lib/ruby/gems/3.0.0/gems/activestorage-6.1.5/app/models"], @_all_load_paths=["/home/nameless_ghoul/.rbenv/versions/3.0.0/lib/ruby/gems/3.0.0/gems/activestorage-6.1.5/lib", "/home/nameless_ghoul/.rbenv/versions/3.0.0/lib/ruby/gems/3.0.0/gems/activestorage-6.1.5/app/controllers", "/home/nameless_ghoul/.rbenv/versions/3.0.0/lib/ruby/gems/3.0.0/gems/activestorage-6.1.5/app/controllers/concerns", "/home/nameless_ghoul/.rbenv/versions/3.0.0/lib/ruby/gems/3.0.0/gems/activestorage-6.1.5/app/jobs", "/home/nameless_ghoul/.rbenv/versions/3.0.0/lib/ruby/gems/3.0.0/gems/activestorage-6.1.5/app/models"], @app=nil, @config=#&lt;Rails::Engine::Configuration:0x0000558f29538910 @root=#&lt;Pathname:/home/nameless_ghoul/.rbenv/versions/3.0.0/lib/ruby/gems/3.0.0/gems/activestorage-6.1.5&gt;, @generators=#&lt;Rails::Configuration::Generators:0x0000558f29538870 @aliases={}, @options={:rails=&gt;{:orm=&gt;:active_record}, :active_record=&gt;{:migration=&gt;true, :timestamps=&gt;true}}, @fallbacks={}, @templates=[], @colorize_logging=true, @api_only=false, @hidden_namespaces=["sass"], @after_generate_callbacks=[]&gt;, @middleware=#&lt;Rails::Configuration::MiddlewareStackProxy:0x0000558f295384b0 @operations=[], @delete_operations=[]&gt;, @javascript_path="javascript", @autoload_once_paths=[], @paths=#&lt;Rails::Paths::Root:0x0000558f2bcd9640 @path=#&lt;Pathname:/home/nameless_ghoul/.rbenv/versions/3.0.0/lib/ruby/gems/3.0.0/gems/activestorage-6.1.5&gt;, @root={"app"=&gt;#&lt;Rails::Paths::Path:0x0000558f2bcd9578 @paths=["app"], @current="app", @root=#&lt;Rails::Paths::Root:0x0000558f2bcd9640 ...&gt;, @glob="{*,*/concerns}", @exclude=["assets", "javascript"], @autoload_once=false, @eager_load=true, @autoload=false, @load_path=false&gt;, "app/assets"=&gt;#&lt;Rails::Paths::Path:0x0000558f2bcd9500 @paths=["app/assets"], @current="app/assets", @root=#&lt;Rails::Paths::Root:0x0000558f2bcd9640 ...&gt;, @glob="*", @exclude=nil, @autoload_once=false, @eager_load=false, @autoload=false, @load_path=false&gt;, "app/controllers"=&gt;#&lt;Rails::Paths::Path:0x0000558f2bcd9488 @paths=["app/controllers"], @current="app/controllers", @root=#&lt;Rails::Paths::Root:0x0000558f2bcd9640 ...&gt;, @glob=nil, @exclude=nil, @autoload_once=false, @eager_load=true, @autoload=false, @load_path=false&gt;, "app/channels"=&gt;#&lt;Rails::Paths::Path:0x0000558f2bcd9410 @paths=["app/channels"], @current="app/channels", @root=#&lt;Rails::Paths::Root:0x0000558f2bcd9640 ...&gt;, @glob="**/*_channel.rb", @exclude=nil, @autoload_once=false, @eager_load=true, @autoload=false, @load_path=false&gt;, "app/helpers"=&gt;#&lt;Rails::Paths::Path:0x0000558f2bcd9398 @paths=["app/helpers"], @current="app/helpers", @root=#&lt;Rails::Paths::Root:0x0000558f2bcd9640 ...&gt;, @glob=nil, @exclude=nil, @autoload_once=false, @eager_load=true, @autoload=false, @load_path=false&gt;, "app/models"=&gt;#&lt;Rails::Paths::Path:0x0000558f2bcd9320 @paths=["app/models"], @current="app/models", @root=#&lt;Rails::Paths::Root:0x0000558f2bcd9640 ...&gt;, @glob=nil, @exclude=nil, @autoload_once=false, @eager_load=true, @autoload=false, @load_path=false&gt;, "app/mailers"=&gt;#&lt;Rails::Paths::Path:0x0000558f2bcd92a8 @paths=["app/mailers"], @current="app/mailers", @root=#&lt;Rails::Paths::Root:0x0000558f2bcd9640 ...&gt;, @glob=nil, @exclude=nil, @autoload_once=false, @eager_load=true, @autoload=false, @load_path=false&gt;, "app/views"=&gt;#&lt;Rails::Paths::Path:0x0000558f2bcd9230 @paths=["app/views"], @current="app/views", @root=#&lt;Rails::Paths::Root:0x0000558f2bcd9640 ...&gt;, @glob=nil, @exclude=nil, @autoload_once=false, @eager_load=false, @autoload=false, @load_path=false&gt;, "lib"=&gt;#&lt;Rails::Paths::Path:0x0000558f2bcd91b8 @paths=["lib"], @current="lib", @root=#&lt;Rails::Paths::Root:0x0000558f2bcd9640 ...&gt;, @glob=nil, @exclude=nil, @autoload_once=false, @eager_load=false, @autoload=false, @load_path=true&gt;, "lib/assets"=&gt;#&lt;Rails::Paths::Path:0x0000558f2bcd9140 @paths=["lib/assets"], @current="lib/assets", @root=#&lt;Rails::Paths::Root:0x0000558f2bcd9640 ...&gt;, @glob="*", @exclude=nil, @autoload_once=false, @eager_load=false, @autoload=false, @load_path=false&gt;, "lib/tasks"=&gt;#&lt;Rails::Paths::Path:0x0000558f2bcd90c8 @paths=["lib/tasks"], @current="lib/tasks", @root=#&lt;Rails::Paths::Root:0x0000558f2bcd9640 ...&gt;, @glob="**/*.rake", @exclude=nil, @autoload_once=false, @eager_load=false, @autoload=false, @load_path=false&gt;, "config"=&gt;#&lt;Rails::Paths::Path:0x0000558f2bcd9050 @paths=["config"], @current="config", @root=#&lt;Rails::Paths::Root:0x0000558f2bcd9640 ...&gt;, @glob=nil, @exclude=nil, @autoload_once=false, @eager_load=false, @autoload=false, @load_path=false&gt;, "config/environments"=&gt;#&lt;Rails::Paths::Path:0x0000558f2bcd8fb0 @paths=["config/environments"], @current="config/environments", @root=#&lt;Rails::Paths::Root:0x0000558f2bcd9640 ...&gt;, @glob="test.rb", @exclude=nil, @autoload_once=false, @eager_load=false, @autoload=false, @load_path=false&gt;, "config/initializers"=&gt;#&lt;Rails::Paths::Path:0x0000558f2bcd8f38 @paths=["config/initializers"], @current="config/initializers", @root=#&lt;Rails::Paths::Root:0x0000558f2bcd9640 ...&gt;, @glob="**/*.rb", @exclude=nil, @autoload_once=false, @eager_load=false, @autoload=false, @load_path=false&gt;, "config/locales"=&gt;#&lt;Rails::Paths::Path:0x0000558f2bcd8ec0 @paths=["config/locales"], @current="config/locales", @root=#&lt;Rails::Paths::Root:0x0000558f2bcd9640 ...&gt;, @glob="*.{rb,yml}", @exclude=nil, @autoload_once=false, @eager_load=false, @autoload=false, @load_path=false&gt;, "config/routes.rb"=&gt;#&lt;Rails::Paths::Path:0x0000558f2bcd8e48 @paths=["config/routes.rb"], @current="config/routes.rb", @root=#&lt;Rails::Paths::Root:0x0000558f2bcd9640 ...&gt;, @glob=nil, @exclude=nil, @autoload_once=false, @eager_load=false, @autoload=false, @load_path=false&gt;, "config/routes"=&gt;#&lt;Rails::Paths::Path:0x0000558f2bcd8dd0 @paths=["config/routes"], @current="config/routes", @root=#&lt;Rails::Paths::Root:0x0000558f2bcd9640 ...&gt;, @glob="**/*.rb", @exclude=nil, @autoload_once=false, @eager_load=false, @autoload=false, @load_path=false&gt;, "db"=&gt;#&lt;Rails::Paths::Path:0x0000558f2bcd8d58 @paths=["db"], @current="db", @root=#&lt;Rails::Paths::Root:0x0000558f2bcd9640 ...&gt;, @glob=nil, @exclude=nil, @autoload_once=false, @eager_load=false, @autoload=false, @load_path=false&gt;, "db/migrate"=&gt;#&lt;Rails::Paths::Path:0x0000558f2bcd8ce0 @paths=["db/migrate"], @current="db/migrate", @root=#&lt;Rails::Paths::Root:0x0000558f2bcd9640 ...&gt;, @glob=nil, @exclude=nil, @autoload_once=false, @eager_load=false, @autoload=false, @load_path=false&gt;, "db/seeds.rb"=&gt;#&lt;Rails::Paths::Path:0x0000558f2bcd8c68 @paths=["db/seeds.rb"], @current="db/seeds.rb", @root=#&lt;Rails::Paths::Root:0x0000558f2bcd9640 ...&gt;, @glob=nil, @exclude=nil, @autoload_once=false, @eager_load=false, @autoload=false, @load_path=false&gt;, "vendor"=&gt;#&lt;Rails::Paths::Path:0x0000558f2bcd8bf0 @paths=["vendor"], @current="vendor", @root=#&lt;Rails::Paths::Root:0x0000558f2bcd9640 ...&gt;, @glob=nil, @exclude=nil, @autoload_once=false, @eager_load=false, @autoload=false, @load_path=true&gt;, "vendor/assets"=&gt;#&lt;Rails::Paths::Path:0x0000558f2bcd8b78 @paths=["vendor/assets"], @current="vendor/assets", @root=#&lt;Rails::Paths::Root:0x0000558f2bcd9640 ...&gt;, @glob="*", @exclude=nil, @autoload_once=false, @eager_load=false, @autoload=false, @load_path=false&gt;}&gt;, @autoload_paths=[], @eager_load_paths=["/home/nameless_ghoul/.rbenv/versions/3.0.0/lib/ruby/gems/3.0.0/gems/activestorage-6.1.5/app/controllers", "/home/nameless_ghoul/.rbenv/versions/3.0.0/lib/ruby/gems/3.0.0/gems/activestorage-6.1.5/app/controllers/concerns", "/home/nameless_ghoul/.rbenv/versions/3.0.0/lib/ruby/gems/3.0.0/gems/activestorage-6.1.5/app/jobs", "/home/nameless_ghoul/.rbenv/versions/3.0.0/lib/ruby/gems/3.0.0/gems/activestorage-6.1.5/app/models"]&gt;, @env_config=nil, @helpers=nil, @routes=#&lt;ActionDispatch::Routing::RouteSet:0x0000558f29538258&gt;, @app_build_lock=#&lt;Thread::Mutex:0x0000558f2a1d6a78&gt;, @initializers=[#&lt;Rails::Initializable::Initializer:0x0000558f2bcb8fa8 @name=:load_environment_config, @context=#&lt;ActiveStorage::Engine:0x0000558f2a1d6aa0 ...&gt;, @options={:before=&gt;:load_environment_hook, :group=&gt;:all}, @block=#&lt;Proc:0x0000558f29b2c858 /home/nameless_ghoul/.rbenv/versions/3.0.0/lib/ruby/gems/3.0.0/gems/railties-6.1.5/lib/rails/engine.rb:569&gt;&gt;, #&lt;Rails::Initializable::Initializer:0x0000558f2bcb8f58 @name=:set_load_path, @context=#&lt;ActiveStorage::Engine:0x0000558f2a1d6aa0 ...&gt;, @options={:before=&gt;:bootstrap_hook, :after=&gt;:load_environment_config, :group=&gt;:default}, @block=#&lt;Proc:0x0000558f29b2c678 /home/nameless_ghoul/.rbenv/versions/3.0.0/lib/ruby/gems/3.0.0/gems/railties-6.1.5/lib/rails/engine.rb:575&gt;&gt;, #&lt;Rails::Initializable::Initializer:0x0000558f2bcb8f08 @name=:set_autoload_paths, @context=#&lt;ActiveStorage::Engine:0x0000558f2a1d6aa0 ...&gt;, @options={:before=&gt;:bootstrap_hook, :after=&gt;:set_load_path, :group=&gt;:default}, @block=#&lt;Proc:0x0000558f29b2c4e8 /home/nameless_ghoul/.rbenv/versions/3.0.0/lib/ruby/gems/3.0.0/gems/railties-6.1.5/lib/rails/engine.rb:587&gt;&gt;, #&lt;Rails::Initializable::Initializer:0x0000558f2bcb8eb8 @name=:set_eager_load_paths, @context=#&lt;ActiveStorage::Engine:0x0000558f2a1d6aa0 ...&gt;, @options={:before=&gt;:bootstrap_hook, :after=&gt;:set_autoload_paths, :group=&gt;:default}, @block=#&lt;Proc:0x0000558f29b2c3d0 /home/nameless_ghoul/.rbenv/versions/3.0.0/lib/ruby/gems/3.0.0/gems/railties-6.1.5/lib/rails/engine.rb:595&gt;&gt;, #&lt;Rails::Initializable::Initializer:0x0000558f2bcb8e68 @name=:add_routing_paths, @context=#&lt;ActiveStorage::Engine:0x0000558f2a1d6aa0 ...&gt;, @options={:after=&gt;:set_eager_load_paths, :group=&gt;:default}, @block=#&lt;Proc:0x0000558f29b2c2b8 /home/nameless_ghoul/.rbenv/versions/3.0.0/lib/ruby/gems/3.0.0/gems/railties-6.1.5/lib/rails/engine.rb:600&gt;&gt;, #&lt;Rails::Initializable::Initializer:0x0000558f2bcb8e18 @name=:add_locales, @context=#&lt;ActiveStorage::Engine:0x0000558f2a1d6aa0 ...&gt;, @options={:after=&gt;:add_routing_paths, :group=&gt;:default}, @block=#&lt;Proc:0x0000558f29b2c1c8 /home/nameless_ghoul/.rbenv/versions/3.0.0/lib/ruby/gems/3.0.0/gems/railties-6.1.5/lib/rails/engine.rb:614&gt;&gt;, #&lt;Rails::Initializable::Initializer:0x0000558f2bcb8dc8 @name=:add_view_paths, @context=#&lt;ActiveStorage::Engine:0x0000558f2a1d6aa0 ...&gt;, @options={:after=&gt;:add_locales, :group=&gt;:default}, @block=#&lt;Proc:0x0000558f29b2c0d8 /home/nameless_ghoul/.rbenv/versions/3.0.0/lib/ruby/gems/3.0.0/gems/railties-6.1.5/lib/rails/engine.rb:618&gt;&gt;, #&lt;Rails::Initializable::Initializer:0x0000558f2bcb8d78 @name=:prepend_helpers_path, @context=#&lt;ActiveStorage::Engine:0x0000558f2a1d6aa0 ...&gt;, @options={:after=&gt;:add_view_paths, :group=&gt;:default}, @block=#&lt;Proc:0x0000558f28f17f18 /home/nameless_ghoul/.rbenv/versions/3.0.0/lib/ruby/gems/3.0.0/gems/railties-6.1.5/lib/rails/engine.rb:626&gt;&gt;, #&lt;Rails::Initializable::Initializer:0x0000558f2bcb8d28 @name=:load_config_initializers, @context=#&lt;ActiveStorage::Engine:0x0000558f2a1d6aa0 ...&gt;, @options={:after=&gt;:prepend_helpers_path, :group=&gt;:default}, @block=#&lt;Proc:0x0000558f28f17608 /home/nameless_ghoul/.rbenv/versions/3.0.0/lib/ruby/gems/3.0.0/gems/railties-6.1.5/lib/rails/engine.rb:632&gt;&gt;, #&lt;Rails::Initializable::Initializer:0x0000558f2bcb8cd8 @name=:wrap_executor_around_load_seed, @context=#&lt;ActiveStorage::Engine:0x0000558f2a1d6aa0 ...&gt;, @options={:after=&gt;:load_config_initializers, :group=&gt;:default}, @block=#&lt;Proc:0x0000558f28f16e60 /home/nameless_ghoul/.rbenv/versions/3.0.0/lib/ruby/gems/3.0.0/gems/railties-6.1.5/lib/rails/engine.rb:638&gt;&gt;, #&lt;Rails::Initializable::Initializer:0x0000558f2bcb8c88 @name=:engines_blank_point, @context=#&lt;ActiveStorage::Engine:0x0000558f2a1d6aa0 ...&gt;, @options={:after=&gt;:wrap_executor_around_load_seed, :group=&gt;:default}, @block=#&lt;Proc:0x0000558f28f16960 /home/nameless_ghoul/.rbenv/versions/3.0.0/lib/ruby/gems/3.0.0/gems/railties-6.1.5/lib/rails/engine.rb:644&gt;&gt;, #&lt;Rails::Initializable::Initializer:0x0000558f2bcb8c38 @name=:append_assets_path, @context=#&lt;ActiveStorage::Engine:0x0000558f2a1d6aa0 ...&gt;, @options={:group=&gt;:all, :after=&gt;:engines_blank_point}, @block=#&lt;Proc:0x0000558f29c70d40 /home/nameless_ghoul/.rbenv/versions/3.0.0/lib/ruby/gems/3.0.0/gems/sprockets-rails-3.4.2/lib/sprockets/railtie.rb:60&gt;&gt;, #&lt;Rails::Initializable::Initializer:0x0000558f2bcb8be8 @name="active_storage.configs", @context=#&lt;ActiveStorage::Engine:0x0000558f2a1d6aa0 ...&gt;, @options={:group=&gt;:default}, @block=#&lt;Proc:0x0000558f2952cae8 /home/nameless_ghoul/.rbenv/versions/3.0.0/lib/ruby/gems/3.0.0/gems/activestorage-6.1.5/lib/active_storage/engine.rb:92&gt;&gt;, #&lt;Rails::Initializable::Initializer:0x0000558f2bcb8b98 @name="active_storage.attached", @context=#&lt;ActiveStorage::Engine:0x0000558f2a1d6aa0 ...&gt;, @options={:after=&gt;"active_storage.configs", :group=&gt;:default}, @block=#&lt;Proc:0x0000558f2952c980 /home/nameless_ghoul/.rbenv/versions/3.0.0/lib/ruby/gems/3.0.0/gems/activestorage-6.1.5/lib/active_storage/engine.rb:119&gt;&gt;, #&lt;Rails::Initializable::Initializer:0x0000558f2bcb8b48 @name="active_storage.verifier", @context=#&lt;ActiveStorage::Engine:0x0000558f2a1d6aa0 ...&gt;, @options={:after=&gt;"active_storage.attached", :group=&gt;:default}, @block=#&lt;Proc:0x0000558f2952c818 /home/nameless_ghoul/.rbenv/versions/3.0.0/lib/ruby/gems/3.0.0/gems/activestorage-6.1.5/lib/active_storage/engine.rb:127&gt;&gt;, #&lt;Rails::Initializable::Initializer:0x0000558f2bcb8af8 @name="active_storage.services", @context=#&lt;ActiveStorage::Engine:0x0000558f2a1d6aa0 ...&gt;, @options={:after=&gt;"active_storage.verifier", :group=&gt;:default}, @block=#&lt;Proc:0x0000558f2952c700 /home/nameless_ghoul/.rbenv/versions/3.0.0/lib/ruby/gems/3.0.0/gems/activestorage-6.1.5/lib/active_storage/engine.rb:133&gt;&gt;, #&lt;Rails::Initializable::Initializer:0x0000558f2bcb8aa8 @name="active_storage.queues", @context=#&lt;ActiveStorage::Engine:0x0000558f2a1d6aa0 ...&gt;, @options={:after=&gt;"active_storage.services", :group=&gt;:default}, @block=#&lt;Proc:0x0000558f2952c610 /home/nameless_ghoul/.rbenv/versions/3.0.0/lib/ruby/gems/3.0.0/gems/activestorage-6.1.5/lib/active_storage/engine.rb:152&gt;&gt;, #&lt;Rails::Initializable::Initializer:0x0000558f2bcb8a58 @name="active_storage.reflection", @context=#&lt;ActiveStorage::Engine:0x0000558f2a1d6aa0 ...&gt;, @options={:after=&gt;"active_storage.queues", :group=&gt;:default}, @block=#&lt;Proc:0x0000558f2952c4d0 /home/nameless_ghoul/.rbenv/versions/3.0.0/lib/ruby/gems/3.0.0/gems/activestorage-6.1.5/lib/active_storage/engine.rb:158&gt;&gt;]&gt;, #&lt;ActionCable::Engine:0x0000558f292a3948 @_all_autoload_paths=[], @_all_load_paths=["/home/nameless_ghoul/.rbenv/versions/3.0.0/lib/ruby/gems/3.0.0/gems/actioncable-6.1.5/lib"], @app=nil, @config=#&lt;Rails::Engine::Configuration:0x0000558f292a3178 @root=#&lt;Pathname:/home/nameless_ghoul/.rbenv/versions/3.0.0/lib/ruby/gems/3.0.0/gems/actioncable-6.1.5&gt;, @generators=#&lt;Rails::Configuration::Generators:0x0000558f292a3128 @aliases={}, @options={:rails=&gt;{:orm=&gt;:active_record}, :active_record=&gt;{:migration=&gt;true, :timestamps=&gt;true}}, @fallbacks={}, @templates=[], @colorize_logging=true, @api_only=false, @hidden_namespaces=["sass"], @after_generate_callbacks=[]&gt;, @middleware=#&lt;Rails::Configuration::MiddlewareStackProxy:0x0000558f292a2d90 @operations=[], @delete_operations=[]&gt;, @javascript_path="javascript", @autoload_once_paths=[], @paths=#&lt;Rails::Paths::Root:0x0000558f2bcd8830 @path=#&lt;Pathname:/home/nameless_ghoul/.rbenv/versions/3.0.0/lib/ruby/gems/3.0.0/gems/actioncable-6.1.5&gt;, @root={"app"=&gt;#&lt;Rails::Paths::Path:0x0000558f2bcd8768 @paths=["app"], @current="app", @root=#&lt;Rails::Paths::Root:0x0000558f2bcd8830 ...&gt;, @glob="{*,*/concerns}", @exclude=["assets", "javascript"], @autoload_once=false, @eager_load=true, @autoload=false, @load_path=false&gt;, "app/assets"=&gt;#&lt;Rails::Paths::Path:0x0000558f2bcd86f0 @paths=["app/assets"], @current="app/assets", @root=#&lt;Rails::Paths::Root:0x0000558f2bcd8830 ...&gt;, @glob="*", @exclude=nil, @autoload_once=false, @eager_load=false, @autoload=false, @load_path=false&gt;, "app/controllers"=&gt;#&lt;Rails::Paths::Path:0x0000558f2bcd8678 @paths=["app/controllers"], @current="app/controllers", @root=#&lt;Rails::Paths::Root:0x0000558f2bcd8830 ...&gt;, @glob=nil, @exclude=nil, @autoload_once=false, @eager_load=true, @autoload=false, @load_path=false&gt;, "app/channels"=&gt;#&lt;Rails::Paths::Path:0x0000558f2bcd8600 @paths=["app/channels"], @current="app/channels", @root=#&lt;Rails::Paths::Root:0x0000558f2bcd8830 ...&gt;, @glob="**/*_channel.rb", @exclude=nil, @autoload_once=false, @eager_load=true, @autoload=false, @load_path=false&gt;, "app/helpers"=&gt;#&lt;Rails::Paths::Path:0x0000558f2bcd8588 @paths=["app/helpers"], @current="app/helpers", @root=#&lt;Rails::Paths::Root:0x0000558f2bcd8830 ...&gt;, @glob=nil, @exclude=nil, @autoload_once=false, @eager_load=true, @autoload=false, @load_path=false&gt;, "app/models"=&gt;#&lt;Rails::Paths::Path:0x0000558f2bcd8510 @paths=["app/models"], @current="app/models", @root=#&lt;Rails::Paths::Root:0x0000558f2bcd8830 ...&gt;, @glob=nil, @exclude=nil, @autoload_once=false, @eager_load=true, @autoload=false, @load_path=false&gt;, "app/mailers"=&gt;#&lt;Rails::Paths::Path:0x0000558f2bcd8498 @paths=["app/mailers"], @current="app/mailers", @root=#&lt;Rails::Paths::Root:0x0000558f2bcd8830 ...&gt;, @glob=nil, @exclude=nil, @autoload_once=false, @eager_load=true, @autoload=false, @load_path=false&gt;, "app/views"=&gt;#&lt;Rails::Paths::Path:0x0000558f2bcd8420 @paths=["app/views"], @current="app/views", @root=#&lt;Rails::Paths::Root:0x0000558f2bcd8830 ...&gt;, @glob=nil, @exclude=nil, @autoload_once=false, @eager_load=false, @autoload=false, @load_path=false&gt;, "lib"=&gt;#&lt;Rails::Paths::Path:0x0000558f2bcd83a8 @paths=["lib"], @current="lib", @root=#&lt;Rails::Paths::Root:0x0000558f2bcd8830 ...&gt;, @glob=nil, @exclude=nil, @autoload_once=false, @eager_load=false, @autoload=false, @load_path=true&gt;, "lib/assets"=&gt;#&lt;Rails::Paths::Path:0x0000558f2bcd8330 @paths=["lib/assets"], @current="lib/assets", @root=#&lt;Rails::Paths::Root:0x0000558f2bcd8830 ...&gt;, @glob="*", @exclude=nil, @autoload_once=false, @eager_load=false, @autoload=false, @load_path=false&gt;, "lib/tasks"=&gt;#&lt;Rails::Paths::Path:0x0000558f2bcd82b8 @paths=["lib/tasks"], @current="lib/tasks", @root=#&lt;Rails::Paths::Root:0x0000558f2bcd8830 ...&gt;, @glob="**/*.rake", @exclude=nil, @autoload_once=false, @eager_load=false, @autoload=false, @load_path=false&gt;, "config"=&gt;#&lt;Rails::Paths::Path:0x0000558f2bcd8240 @paths=["config"], @current="config", @root=#&lt;Rails::Paths::Root:0x0000558f2bcd8830 ...&gt;, @glob=nil, @exclude=nil, @autoload_once=false, @eager_load=false, @autoload=false, @load_path=false&gt;, "config/environments"=&gt;#&lt;Rails::Paths::Path:0x0000558f2bcd81a0 @paths=["config/environments"], @current="config/environments", @root=#&lt;Rails::Paths::Root:0x0000558f2bcd8830 ...&gt;, @glob="test.rb", @exclude=nil, @autoload_once=false, @eager_load=false, @autoload=false, @load_path=false&gt;, "config/initializers"=&gt;#&lt;Rails::Paths::Path:0x0000558f2bcd8128 @paths=["config/initializers"], @current="config/initializers", @root=#&lt;Rails::Paths::Root:0x0000558f2bcd8830 ...&gt;, @glob="**/*.rb", @exclude=nil, @autoload_once=false, @eager_load=false, @autoload=false, @load_path=false&gt;, "config/locales"=&gt;#&lt;Rails::Paths::Path:0x0000558f2bcd80b0 @paths=["config/locales"], @current="config/locales", @root=#&lt;Rails::Paths::Root:0x0000558f2bcd8830 ...&gt;, @glob="*.{rb,yml}", @exclude=nil, @autoload_once=false, @eager_load=false, @autoload=false, @load_path=false&gt;, "config/routes.rb"=&gt;#&lt;Rails::Paths::Path:0x0000558f2bcd8038 @paths=["config/routes.rb"], @current="config/routes.rb", @root=#&lt;Rails::Paths::Root:0x0000558f2bcd8830 ...&gt;, @glob=nil, @exclude=nil, @autoload_once=false, @eager_load=false, @autoload=false, @load_path=false&gt;, "config/routes"=&gt;#&lt;Rails::Paths::Path:0x0000558f2bce7fb0 @paths=["config/routes"], @current="config/routes", @root=#&lt;Rails::Paths::Root:0x0000558f2bcd8830 ...&gt;, @glob="**/*.rb", @exclude=nil, @autoload_once=false, @eager_load=false, @autoload=false, @load_path=false&gt;, "db"=&gt;#&lt;Rails::Paths::Path:0x0000558f2bce7f38 @paths=["db"], @current="db", @root=#&lt;Rails::Paths::Root:0x0000558f2bcd8830 ...&gt;, @glob=nil, @exclude=nil, @autoload_once=false, @eager_load=false, @autoload=false, @load_path=false&gt;, "db/migrate"=&gt;#&lt;Rails::Paths::Path:0x0000558f2bce7ec0 @paths=["db/migrate"], @current="db/migrate", @root=#&lt;Rails::Paths::Root:0x0000558f2bcd8830 ...&gt;, @glob=nil, @exclude=nil, @autoload_once=false, @eager_load=false, @autoload=false, @load_path=false&gt;, "db/seeds.rb"=&gt;#&lt;Rails::Paths::Path:0x0000558f2bce7e48 @paths=["db/seeds.rb"], @current="db/seeds.rb", @root=#&lt;Rails::Paths::Root:0x0000558f2bcd8830 ...&gt;, @glob=nil, @exclude=nil, @autoload_once=false, @eager_load=false, @autoload=false, @load_path=false&gt;, "vendor"=&gt;#&lt;Rails::Paths::Path:0x0000558f2bce7dd0 @paths=["vendor"], @current="vendor", @root=#&lt;Rails::Paths::Root:0x0000558f2bcd8830 ...&gt;, @glob=nil, @exclude=nil, @autoload_once=false, @eager_load=false, @autoload=false, @load_path=true&gt;, "vendor/assets"=&gt;#&lt;Rails::Paths::Path:0x0000558f2bce7d58 @paths=["vendor/assets"], @current="vendor/assets", @root=#&lt;Rails::Paths::Root:0x0000558f2bcd8830 ...&gt;, @glob="*", @exclude=nil, @autoload_once=false, @eager_load=false, @autoload=false, @load_path=false&gt;}&gt;, @autoload_paths=[], @eager_load_paths=[]&gt;, @env_config=nil, @helpers=nil, @routes=#&lt;ActionDispatch::Routing::RouteSet:0x0000558f2c000170&gt;, @app_build_lock=#&lt;Thread::Mutex:0x0000558f292a3920&gt;, @initializers=[#&lt;Rails::Initializable::Initializer:0x0000558f2bcb8580 @name=:load_environment_config, @context=#&lt;ActionCable::Engine:0x0000558f292a3948 ...&gt;, @options={:before=&gt;:load_environment_hook, :group=&gt;:all}, @block=#&lt;Proc:0x0000558f29b2c858 /home/nameless_ghoul/.rbenv/versions/3.0.0/lib/ruby/gems/3.0.0/gems/railties-6.1.5/lib/rails/engine.rb:569&gt;&gt;, #&lt;Rails::Initializable::Initializer:0x0000558f2bcb8530 @name=:set_load_path, @context=#&lt;ActionCable::Engine:0x0000558f292a3948 ...&gt;, @options={:before=&gt;:bootstrap_hook, :after=&gt;:load_environment_config, :group=&gt;:default}, @block=#&lt;Proc:0x0000558f29b2c678 /home/nameless_ghoul/.rbenv/versions/3.0.0/lib/ruby/gems/3.0.0/gems/railties-6.1.5/lib/rails/engine.rb:575&gt;&gt;, #&lt;Rails::Initializable::Initializer:0x0000558f2bcb84e0 @name=:set_autoload_paths, @context=#&lt;ActionCable::Engine:0x0000558f292a3948 ...&gt;, @options={:before=&gt;:bootstrap_hook, :after=&gt;:set_load_path, :group=&gt;:default}, @block=#&lt;Proc:0x0000558f29b2c4e8 /home/nameless_ghoul/.rbenv/versions/3.0.0/lib/ruby/gems/3.0.0/gems/railties-6.1.5/lib/rails/engine.rb:587&gt;&gt;, #&lt;Rails::Initializable::Initializer:0x0000558f2bcb8490 @name=:set_eager_load_paths, @context=#&lt;ActionCable::Engine:0x0000558f292a3948 ...&gt;, @options={:before=&gt;:bootstrap_hook, :after=&gt;:set_autoload_paths, :group=&gt;:default}, @block=#&lt;Proc:0x0000558f29b2c3d0 /home/nameless_ghoul/.rbenv/versions/3.0.0/lib/ruby/gems/3.0.0/gems/railties-6.1.5/lib/rails/engine.rb:595&gt;&gt;, #&lt;Rails::Initializable::Initializer:0x0000558f2bcb8440 @name=:add_routing_paths, @context=#&lt;ActionCable::Engine:0x0000558f292a3948 ...&gt;, @options={:after=&gt;:set_eager_load_paths, :group=&gt;:default}, @block=#&lt;Proc:0x0000558f29b2c2b8 /home/nameless_ghoul/.rbenv/versions/3.0.0/lib/ruby/gems/3.0.0/gems/railties-6.1.5/lib/rails/engine.rb:600&gt;&gt;, #&lt;Rails::Initializable::Initializer:0x0000558f2bcb83f0 @name=:add_locales, @context=#&lt;ActionCable::Engine:0x0000558f292a3948 ...&gt;, @options={:after=&gt;:add_routing_paths, :group=&gt;:default}, @block=#&lt;Proc:0x0000558f29b2c1c8 /home/nameless_ghoul/.rbenv/versions/3.0.0/lib/ruby/gems/3.0.0/gems/railties-6.1.5/lib/rails/engine.rb:614&gt;&gt;, #&lt;Rails::Initializable::Initializer:0x0000558f2bcb83a0 @name=:add_view_paths, @context=#&lt;ActionCable::Engine:0x0000558f292a3948 ...&gt;, @options={:after=&gt;:add_locales, :group=&gt;:default}, @block=#&lt;Proc:0x0000558f29b2c0d8 /home/nameless_ghoul/.rbenv/versions/3.0.0/lib/ruby/gems/3.0.0/gems/railties-6.1.5/lib/rails/engine.rb:618&gt;&gt;, #&lt;Rails::Initializable::Initializer:0x0000558f2bcb8350 @name=:prepend_helpers_path, @context=#&lt;ActionCable::Engine:0x0000558f292a3948 ...&gt;, @options={:after=&gt;:add_view_paths, :group=&gt;:default}, @block=#&lt;Proc:0x0000558f28f17f18 /home/nameless_ghoul/.rbenv/versions/3.0.0/lib/ruby/gems/3.0.0/gems/railties-6.1.5/lib/rails/engine.rb:626&gt;&gt;, #&lt;Rails::Initializable::Initializer:0x0000558f2bcb8300 @name=:load_config_initializers, @context=#&lt;ActionCable::Engine:0x0000558f292a3948 ...&gt;, @options={:after=&gt;:prepend_helpers_path, :group=&gt;:default}, @block=#&lt;Proc:0x0000558f28f17608 /home/nameless_ghoul/.rbenv/versions/3.0.0/lib/ruby/gems/3.0.0/gems/railties-6.1.5/lib/rails/engine.rb:632&gt;&gt;, #&lt;Rails::Initializable::Initializer:0x0000558f2bcb82b0 @name=:wrap_executor_around_load_seed, @context=#&lt;ActionCable::Engine:0x0000558f292a3948 ...&gt;, @options={:after=&gt;:load_config_initializers, :group=&gt;:default}, @block=#&lt;Proc:0x0000558f28f16e60 /home/nameless_ghoul/.rbenv/versions/3.0.0/lib/ruby/gems/3.0.0/gems/railties-6.1.5/lib/rails/engine.rb:638&gt;&gt;, #&lt;Rails::Initializable::Initializer:0x0000558f2bcb8260 @name=:engines_blank_point, @context=#&lt;ActionCable::Engine:0x0000558f292a3948 ...&gt;, @options={:after=&gt;:wrap_executor_around_load_seed, :group=&gt;:default}, @block=#&lt;Proc:0x0000558f28f16960 /home/nameless_ghoul/.rbenv/versions/3.0.0/lib/ruby/gems/3.0.0/gems/railties-6.1.5/lib/rails/engine.rb:644&gt;&gt;, #&lt;Rails::Initializable::Initializer:0x0000558f2bcb8210 @name=:append_assets_path, @context=#&lt;ActionCable::Engine:0x0000558f292a3948 ...&gt;, @options={:group=&gt;:all, :after=&gt;:engines_blank_point}, @block=#&lt;Proc:0x0000558f29c70d40 /home/nameless_ghoul/.rbenv/versions/3.0.0/lib/ruby/gems/3.0.0/gems/sprockets-rails-3.4.2/lib/sprockets/railtie.rb:60&gt;&gt;, #&lt;Rails::Initializable::Initializer:0x0000558f2bcb81c0 @name="action_cable.helpers", @context=#&lt;ActionCable::Engine:0x0000558f292a3948 ...&gt;, @options={:group=&gt;:default}, @block=#&lt;Proc:0x0000558f292a28b8 /home/nameless_ghoul/.rbenv/versions/3.0.0/lib/ruby/gems/3.0.0/gems/actioncable-6.1.5/lib/action_cable/engine.rb:15&gt;&gt;, #&lt;Rails::Initializable::Initializer:0x0000558f2bcb8170 @name="action_cable.logger", @context=#&lt;ActionCable::Engine:0x0000558f292a3948 ...&gt;, @options={:after=&gt;"action_cable.helpers", :group=&gt;:default}, @block=#&lt;Proc:0x0000558f292a2700 /home/nameless_ghoul/.rbenv/versions/3.0.0/lib/ruby/gems/3.0.0/gems/actioncable-6.1.5/lib/action_cable/engine.rb:21&gt;&gt;, #&lt;Rails::Initializable::Initializer:0x0000558f2bcb8120 @name="action_cable.set_configs", @context=#&lt;ActionCable::Engine:0x0000558f292a3948 ...&gt;, @options={:after=&gt;"action_cable.logger", :group=&gt;:default}, @block=#&lt;Proc:0x0000558f292a24f8 /home/nameless_ghoul/.rbenv/versions/3.0.0/lib/ruby/gems/3.0.0/gems/actioncable-6.1.5/lib/action_cable/engine.rb:25&gt;&gt;, #&lt;Rails::Initializable::Initializer:0x0000558f2bcb80d0 @name="action_cable.routes", @context=#&lt;ActionCable::Engine:0x0000558f292a3948 ...&gt;, @options={:after=&gt;"action_cable.set_configs", :group=&gt;:default}, @block=#&lt;Proc:0x0000558f292a2390 /home/nameless_ghoul/.rbenv/versions/3.0.0/lib/ruby/gems/3.0.0/gems/actioncable-6.1.5/lib/action_cable/engine.rb:43&gt;&gt;, #&lt;Rails::Initializable::Initializer:0x0000558f2bcb8080 @name="action_cable.set_work_hooks", @context=#&lt;ActionCable::Engine:0x0000558f292a3948 ...&gt;, @options={:after=&gt;"action_cable.routes", :group=&gt;:default}, @block=#&lt;Proc:0x0000558f292a2200 /home/nameless_ghoul/.rbenv/versions/3.0.0/lib/ruby/gems/3.0.0/gems/actioncable-6.1.5/lib/action_cable/engine.rb:54&gt;&gt;]&gt;, #&lt;ActionMailbox::Engine:0x0000558f2a0b1bc0 @_all_autoload_paths=["/home/nameless_ghoul/.rbenv/versions/3.0.0/lib/ruby/gems/3.0.0/gems/actionmailbox-6.1.5/app/controllers", "/home/nameless_ghoul/.rbenv/versions/3.0.0/lib/ruby/gems/3.0.0/gems/actionmailbox-6.1.5/app/jobs", "/home/nameless_ghoul/.rbenv/versions/3.0.0/lib/ruby/gems/3.0.0/gems/actionmailbox-6.1.5/app/models"], @_all_load_paths=["/home/nameless_ghoul/.rbenv/versions/3.0.0/lib/ruby/gems/3.0.0/gems/actionmailbox-6.1.5/lib", "/home/nameless_ghoul/.rbenv/versions/3.0.0/lib/ruby/gems/3.0.0/gems/actionmailbox-6.1.5/app/controllers", "/home/nameless_ghoul/.rbenv/versions/3.0.0/lib/ruby/gems/3.0.0/gems/actionmailbox-6.1.5/app/jobs", "/home/nameless_ghoul/.rbenv/versions/3.0.0/lib/ruby/gems/3.0.0/gems/actionmailbox-6.1.5/app/models"], @app=nil, @config=#&lt;Rails::Engine::Configuration:0x0000558f2a0b1300 @root=#&lt;Pathname:/home/nameless_ghoul/.rbenv/versions/3.0.0/lib/ruby/gems/3.0.0/gems/actionmailbox-6.1.5&gt;, @generators=#&lt;Rails::Configuration::Generators:0x0000558f2a0b1238 @aliases={}, @options={:rails=&gt;{:orm=&gt;:active_record}, :active_record=&gt;{:migration=&gt;true, :timestamps=&gt;true}}, @fallbacks={}, @templates=[], @colorize_logging=true, @api_only=false, @hidden_namespaces=["sass"], @after_generate_callbacks=[]&gt;, @middleware=#&lt;Rails::Configuration::MiddlewareStackProxy:0x0000558f2a0b0f90 @operations=[], @delete_operations=[]&gt;, @javascript_path="javascript", @autoload_once_paths=[], @paths=#&lt;Rails::Paths::Root:0x0000558f2bce7a10 @path=#&lt;Pathname:/home/nameless_ghoul/.rbenv/versions/3.0.0/lib/ruby/gems/3.0.0/gems/actionmailbox-6.1.5&gt;, @root={"app"=&gt;#&lt;Rails::Paths::Path:0x0000558f2bce7948 @paths=["app"], @current="app", @root=#&lt;Rails::Paths::Root:0x0000558f2bce7a10 ...&gt;, @glob="{*,*/concerns}", @exclude=["assets", "javascript"], @autoload_once=false, @eager_load=true, @autoload=false, @load_path=false&gt;, "app/assets"=&gt;#&lt;Rails::Paths::Path:0x0000558f2bce78d0 @paths=["app/assets"], @current="app/assets", @root=#&lt;Rails::Paths::Root:0x0000558f2bce7a10 ...&gt;, @glob="*", @exclude=nil, @autoload_once=false, @eager_load=false, @autoload=false, @load_path=false&gt;, "app/controllers"=&gt;#&lt;Rails::Paths::Path:0x0000558f2bce7858 @paths=["app/controllers"], @current="app/controllers", @root=#&lt;Rails::Paths::Root:0x0000558f2bce7a10 ...&gt;, @glob=nil, @exclude=nil, @autoload_once=false, @eager_load=true, @autoload=false, @load_path=false&gt;, "app/channels"=&gt;#&lt;Rails::Paths::Path:0x0000558f2bce77e0 @paths=["app/channels"], @current="app/channels", @root=#&lt;Rails::Paths::Root:0x0000558f2bce7a10 ...&gt;, @glob="**/*_channel.rb", @exclude=nil, @autoload_once=false, @eager_load=true, @autoload=false, @load_path=false&gt;, "app/helpers"=&gt;#&lt;Rails::Paths::Path:0x0000558f2bce7768 @paths=["app/helpers"], @current="app/helpers", @root=#&lt;Rails::Paths::Root:0x0000558f2bce7a10 ...&gt;, @glob=nil, @exclude=nil, @autoload_once=false, @eager_load=true, @autoload=false, @load_path=false&gt;, "app/models"=&gt;#&lt;Rails::Paths::Path:0x0000558f2bce76f0 @paths=["app/models"], @current="app/models", @root=#&lt;Rails::Paths::Root:0x0000558f2bce7a10 ...&gt;, @glob=nil, @exclude=nil, @autoload_once=false, @eager_load=true, @autoload=false, @load_path=false&gt;, "app/mailers"=&gt;#&lt;Rails::Paths::Path:0x0000558f2bce7678 @paths=["app/mailers"], @current="app/mailers", @root=#&lt;Rails::Paths::Root:0x0000558f2bce7a10 ...&gt;, @glob=nil, @exclude=nil, @autoload_once=false, @eager_load=true, @autoload=false, @load_path=false&gt;, "app/views"=&gt;#&lt;Rails::Paths::Path:0x0000558f2bce7600 @paths=["app/views"], @current="app/views", @root=#&lt;Rails::Paths::Root:0x0000558f2bce7a10 ...&gt;, @glob=nil, @exclude=nil, @autoload_once=false, @eager_load=false, @autoload=false, @load_path=false&gt;, "lib"=&gt;#&lt;Rails::Paths::Path:0x0000558f2bce7588 @paths=["lib"], @current="lib", @root=#&lt;Rails::Paths::Root:0x0000558f2bce7a10 ...&gt;, @glob=nil, @exclude=nil, @autoload_once=false, @eager_load=false, @autoload=false, @load_path=true&gt;, "lib/assets"=&gt;#&lt;Rails::Paths::Path:0x0000558f2bce7510 @paths=["lib/assets"], @current="lib/assets", @root=#&lt;Rails::Paths::Root:0x0000558f2bce7a10 ...&gt;, @glob="*", @exclude=nil, @autoload_once=false, @eager_load=false, @autoload=false, @load_path=false&gt;, "lib/tasks"=&gt;#&lt;Rails::Paths::Path:0x0000558f2bce7498 @paths=["lib/tasks"], @current="lib/tasks", @root=#&lt;Rails::Paths::Root:0x0000558f2bce7a10 ...&gt;, @glob="**/*.rake", @exclude=nil, @autoload_once=false, @eager_load=false, @autoload=false, @load_path=false&gt;, "config"=&gt;#&lt;Rails::Paths::Path:0x0000558f2bce7420 @paths=["config"], @current="config", @root=#&lt;Rails::Paths::Root:0x0000558f2bce7a10 ...&gt;, @glob=nil, @exclude=nil, @autoload_once=false, @eager_load=false, @autoload=false, @load_path=false&gt;, "config/environments"=&gt;#&lt;Rails::Paths::Path:0x0000558f2bce7380 @paths=["config/environments"], @current="config/environments", @root=#&lt;Rails::Paths::Root:0x0000558f2bce7a10 ...&gt;, @glob="test.rb", @exclude=nil, @autoload_once=false, @eager_load=false, @autoload=false, @load_path=false&gt;, "config/initializers"=&gt;#&lt;Rails::Paths::Path:0x0000558f2bce7308 @paths=["config/initializers"], @current="config/initializers", @root=#&lt;Rails::Paths::Root:0x0000558f2bce7a10 ...&gt;, @glob="**/*.rb", @exclude=nil, @autoload_once=false, @eager_load=false, @autoload=false, @load_path=false&gt;, "config/locales"=&gt;#&lt;Rails::Paths::Path:0x0000558f2bce7290 @paths=["config/locales"], @current="config/locales", @root=#&lt;Rails::Paths::Root:0x0000558f2bce7a10 ...&gt;, @glob="*.{rb,yml}", @exclude=nil, @autoload_once=false, @eager_load=false, @autoload=false, @load_path=false&gt;, "config/routes.rb"=&gt;#&lt;Rails::Paths::Path:0x0000558f2bce7218 @paths=["config/routes.rb"], @current="config/routes.rb", @root=#&lt;Rails::Paths::Root:0x0000558f2bce7a10 ...&gt;, @glob=nil, @exclude=nil, @autoload_once=false, @eager_load=false, @autoload=false, @load_path=false&gt;, "config/routes"=&gt;#&lt;Rails::Paths::Path:0x0000558f2bce71a0 @paths=["config/routes"], @current="config/routes", @root=#&lt;Rails::Paths::Root:0x0000558f2bce7a10 ...&gt;, @glob="**/*.rb", @exclude=nil, @autoload_once=false, @eager_load=false, @autoload=false, @load_path=false&gt;, "db"=&gt;#&lt;Rails::Paths::Path:0x0000558f2bce7128 @paths=["db"], @current="db", @root=#&lt;Rails::Paths::Root:0x0000558f2bce7a10 ...&gt;, @glob=nil, @exclude=nil, @autoload_once=false, @eager_load=false, @autoload=false, @load_path=false&gt;, "db/migrate"=&gt;#&lt;Rails::Paths::Path:0x0000558f2bce70b0 @paths=["db/migrate"], @current="db/migrate", @root=#&lt;Rails::Paths::Root:0x0000558f2bce7a10 ...&gt;, @glob=nil, @exclude=nil, @autoload_once=false, @eager_load=false, @autoload=false, @load_path=false&gt;, "db/seeds.rb"=&gt;#&lt;Rails::Paths::Path:0x0000558f2bce7038 @paths=["db/seeds.rb"], @current="db/seeds.rb", @root=#&lt;Rails::Paths::Root:0x0000558f2bce7a10 ...&gt;, @glob=nil, @exclude=nil, @autoload_once=false, @eager_load=false, @autoload=false, @load_path=false&gt;, "vendor"=&gt;#&lt;Rails::Paths::Path:0x0000558f2bce6fc0 @paths=["vendor"], @current="vendor", @root=#&lt;Rails::Paths::Root:0x0000558f2bce7a10 ...&gt;, @glob=nil, @exclude=nil, @autoload_once=false, @eager_load=false, @autoload=false, @load_path=true&gt;, "vendor/assets"=&gt;#&lt;Rails::Paths::Path:0x0000558f2bce6f48 @paths=["vendor/assets"], @current="vendor/assets", @root=#&lt;Rails::Paths::Root:0x0000558f2bce7a10 ...&gt;, @glob="*", @exclude=nil, @autoload_once=false, @eager_load=false, @autoload=false, @load_path=false&gt;}&gt;, @autoload_paths=[], @eager_load_paths=["/home/nameless_ghoul/.rbenv/versions/3.0.0/lib/ruby/gems/3.0.0/gems/actionmailbox-6.1.5/app/controllers", "/home/nameless_ghoul/.rbenv/versions/3.0.0/lib/ruby/gems/3.0.0/gems/actionmailbox-6.1.5/app/jobs", "/home/nameless_ghoul/.rbenv/versions/3.0.0/lib/ruby/gems/3.0.0/gems/actionmailbox-6.1.5/app/models"]&gt;, @env_config=nil, @helpers=nil, @routes=#&lt;ActionDispatch::Routing::RouteSet:0x0000558f2a0b0ef0&gt;, @app_build_lock=#&lt;Thread::Mutex:0x0000558f2a0b1b70&gt;, @initializers=[#&lt;Rails::Initializable::Initializer:0x0000558f2bcc3bb0 @name=:load_environment_config, @context=#&lt;ActionMailbox::Engine:0x0000558f2a0b1bc0 ...&gt;, @options={:before=&gt;:load_environment_hook, :group=&gt;:all}, @block=#&lt;Proc:0x0000558f29b2c858 /home/nameless_ghoul/.rbenv/versions/3.0.0/lib/ruby/gems/3.0.0/gems/railties-6.1.5/lib/rails/engine.rb:569&gt;&gt;, #&lt;Rails::Initializable::Initializer:0x0000558f2bcc3b60 @name=:set_load_path, @context=#&lt;ActionMailbox::Engine:0x0000558f2a0b1bc0 ...&gt;, @options={:before=&gt;:bootstrap_hook, :after=&gt;:load_environment_config, :group=&gt;:default}, @block=#&lt;Proc:0x0000558f29b2c678 /home/nameless_ghoul/.rbenv/versions/3.0.0/lib/ruby/gems/3.0.0/gems/railties-6.1.5/lib/rails/engine.rb:575&gt;&gt;, #&lt;Rails::Initializable::Initializer:0x0000558f2bcc3b10 @name=:set_autoload_paths, @context=#&lt;ActionMailbox::Engine:0x0000558f2a0b1bc0 ...&gt;, @options={:before=&gt;:bootstrap_hook, :after=&gt;:set_load_path, :group=&gt;:default}, @block=#&lt;Proc:0x0000558f29b2c4e8 /home/nameless_ghoul/.rbenv/versions/3.0.0/lib/ruby/gems/3.0.0/gems/railties-6.1.5/lib/rails/engine.rb:587&gt;&gt;, #&lt;Rails::Initializable::Initializer:0x0000558f2bcc3ac0 @name=:set_eager_load_paths, @context=#&lt;ActionMailbox::Engine:0x0000558f2a0b1bc0 ...&gt;, @options={:before=&gt;:bootstrap_hook, :after=&gt;:set_autoload_paths, :group=&gt;:default}, @block=#&lt;Proc:0x0000558f29b2c3d0 /home/nameless_ghoul/.rbenv/versions/3.0.0/lib/ruby/gems/3.0.0/gems/railties-6.1.5/lib/rails/engine.rb:595&gt;&gt;, #&lt;Rails::Initializable::Initializer:0x0000558f2bcc3a70 @name=:add_routing_paths, @context=#&lt;ActionMailbox::Engine:0x0000558f2a0b1bc0 ...&gt;, @options={:after=&gt;:set_eager_load_paths, :group=&gt;:default}, @block=#&lt;Proc:0x0000558f29b2c2b8 /home/nameless_ghoul/.rbenv/versions/3.0.0/lib/ruby/gems/3.0.0/gems/railties-6.1.5/lib/rails/engine.rb:600&gt;&gt;, #&lt;Rails::Initializable::Initializer:0x0000558f2bcc3a20 @name=:add_locales, @context=#&lt;ActionMailbox::Engine:0x0000558f2a0b1bc0 ...&gt;, @options={:after=&gt;:add_routing_paths, :group=&gt;:default}, @block=#&lt;Proc:0x0000558f29b2c1c8 /home/nameless_ghoul/.rbenv/versions/3.0.0/lib/ruby/gems/3.0.0/gems/railties-6.1.5/lib/rails/engine.rb:614&gt;&gt;, #&lt;Rails::Initializable::Initializer:0x0000558f2bcc39d0 @name=:add_view_paths, @context=#&lt;ActionMailbox::Engine:0x0000558f2a0b1bc0 ...&gt;, @options={:after=&gt;:add_locales, :group=&gt;:default}, @block=#&lt;Proc:0x0000558f29b2c0d8 /home/nameless_ghoul/.rbenv/versions/3.0.0/lib/ruby/gems/3.0.0/gems/railties-6.1.5/lib/rails/engine.rb:618&gt;&gt;, #&lt;Rails::Initializable::Initializer:0x0000558f2bcc3980 @name=:prepend_helpers_path, @context=#&lt;ActionMailbox::Engine:0x0000558f2a0b1bc0 ...&gt;, @options={:after=&gt;:add_view_paths, :group=&gt;:default}, @block=#&lt;Proc:0x0000558f28f17f18 /home/nameless_ghoul/.rbenv/versions/3.0.0/lib/ruby/gems/3.0.0/gems/railties-6.1.5/lib/rails/engine.rb:626&gt;&gt;, #&lt;Rails::Initializable::Initializer:0x0000558f2bcc3930 @name=:load_config_initializers, @context=#&lt;ActionMailbox::Engine:0x0000558f2a0b1bc0 ...&gt;, @options={:after=&gt;:prepend_helpers_path, :group=&gt;:default}, @block=#&lt;Proc:0x0000558f28f17608 /home/nameless_ghoul/.rbenv/versions/3.0.0/lib/ruby/gems/3.0.0/gems/railties-6.1.5/lib/rails/engine.rb:632&gt;&gt;, #&lt;Rails::Initializable::Initializer:0x0000558f2bcc38e0 @name=:wrap_executor_around_load_seed, @context=#&lt;ActionMailbox::Engine:0x0000558f2a0b1bc0 ...&gt;, @options={:after=&gt;:load_config_initializers, :group=&gt;:default}, @block=#&lt;Proc:0x0000558f28f16e60 /home/nameless_ghoul/.rbenv/versions/3.0.0/lib/ruby/gems/3.0.0/gems/railties-6.1.5/lib/rails/engine.rb:638&gt;&gt;, #&lt;Rails::Initializable::Initializer:0x0000558f2bcc3890 @name=:engines_blank_point, @context=#&lt;ActionMailbox::Engine:0x0000558f2a0b1bc0 ...&gt;, @options={:after=&gt;:wrap_executor_around_load_seed, :group=&gt;:default}, @block=#&lt;Proc:0x0000558f28f16960 /home/nameless_ghoul/.rbenv/versions/3.0.0/lib/ruby/gems/3.0.0/gems/railties-6.1.5/lib/rails/engine.rb:644&gt;&gt;, #&lt;Rails::Initializable::Initializer:0x0000558f2bcc3840 @name=:append_assets_path, @context=#&lt;ActionMailbox::Engine:0x0000558f2a0b1bc0 ...&gt;, @options={:group=&gt;:all, :after=&gt;:engines_blank_point}, @block=#&lt;Proc:0x0000558f29c70d40 /home/nameless_ghoul/.rbenv/versions/3.0.0/lib/ruby/gems/3.0.0/gems/sprockets-rails-3.4.2/lib/sprockets/railtie.rb:60&gt;&gt;, #&lt;Rails::Initializable::Initializer:0x0000558f2bcc37f0 @name="action_mailbox.config", @context=#&lt;ActionMailbox::Engine:0x0000558f2a0b1bc0 ...&gt;, @options={:group=&gt;:default}, @block=#&lt;Proc:0x0000558f2a0ab6f8 /home/nameless_ghoul/.rbenv/versions/3.0.0/lib/ruby/gems/3.0.0/gems/actionmailbox-6.1.5/lib/action_mailbox/engine.rb:23&gt;&gt;]&gt;, #&lt;ActionText::Engine:0x0000558f2959d0b8 @_all_autoload_paths=["/home/nameless_ghoul/.rbenv/versions/3.0.0/lib/ruby/gems/3.0.0/gems/actiontext-6.1.5/app/helpers", "/home/nameless_ghoul/.rbenv/versions/3.0.0/lib/ruby/gems/3.0.0/gems/actiontext-6.1.5/app/models"], @_all_load_paths=["/home/nameless_ghoul/.rbenv/versions/3.0.0/lib/ruby/gems/3.0.0/gems/actiontext-6.1.5/lib", "/home/nameless_ghoul/.rbenv/versions/3.0.0/lib/ruby/gems/3.0.0/gems/actiontext-6.1.5/app/helpers", "/home/nameless_ghoul/.rbenv/versions/3.0.0/lib/ruby/gems/3.0.0/gems/actiontext-6.1.5/app/models"], @app=nil, @config=#&lt;Rails::Engine::Configuration:0x0000558f2958da00 @root=#&lt;Pathname:/home/nameless_ghoul/.rbenv/versions/3.0.0/lib/ruby/gems/3.0.0/gems/actiontext-6.1.5&gt;, @generators=#&lt;Rails::Configuration::Generators:0x0000558f2958d910 @aliases={}, @options={:rails=&gt;{:orm=&gt;:active_record}, :active_record=&gt;{:migration=&gt;true, :timestamps=&gt;true}}, @fallbacks={}, @templates=[], @colorize_logging=true, @api_only=false, @hidden_namespaces=["sass"], @after_generate_callbacks=[]&gt;, @middleware=#&lt;Rails::Configuration::MiddlewareStackProxy:0x0000558f2958ce70 @operations=[], @delete_operations=[]&gt;, @javascript_path="javascript", @autoload_once_paths=["/home/nameless_ghoul/.rbenv/versions/3.0.0/lib/ruby/gems/3.0.0/gems/actiontext-6.1.5/app/helpers", "/home/nameless_ghoul/.rbenv/versions/3.0.0/lib/ruby/gems/3.0.0/gems/actiontext-6.1.5/app/models"], @paths=#&lt;Rails::Paths::Root:0x0000558f2bce6c00 @path=#&lt;Pathname:/home/nameless_ghoul/.rbenv/versions/3.0.0/lib/ruby/gems/3.0.0/gems/actiontext-6.1.5&gt;, @root={"app"=&gt;#&lt;Rails::Paths::Path:0x0000558f2bce6b38 @paths=["app"], @current="app", @root=#&lt;Rails::Paths::Root:0x0000558f2bce6c00 ...&gt;, @glob="{*,*/concerns}", @exclude=["assets", "javascript"], @autoload_once=false, @eager_load=true, @autoload=false, @load_path=false&gt;, "app/assets"=&gt;#&lt;Rails::Paths::Path:0x0000558f2bce6ac0 @paths=["app/assets"], @current="app/assets", @root=#&lt;Rails::Paths::Root:0x0000558f2bce6c00 ...&gt;, @glob="*", @exclude=nil, @autoload_once=false, @eager_load=false, @autoload=false, @load_path=false&gt;, "app/controllers"=&gt;#&lt;Rails::Paths::Path:0x0000558f2bce6a48 @paths=["app/controllers"], @current="app/controllers", @root=#&lt;Rails::Paths::Root:0x0000558f2bce6c00 ...&gt;, @glob=nil, @exclude=nil, @autoload_once=false, @eager_load=true, @autoload=false, @load_path=false&gt;, "app/channels"=&gt;#&lt;Rails::Paths::Path:0x0000558f2bce69d0 @paths=["app/channels"], @current="app/channels", @root=#&lt;Rails::Paths::Root:0x0000558f2bce6c00 ...&gt;, @glob="**/*_channel.rb", @exclude=nil, @autoload_once=false, @eager_load=true, @autoload=false, @load_path=false&gt;, "app/helpers"=&gt;#&lt;Rails::Paths::Path:0x0000558f2bce6958 @paths=["app/helpers"], @current="app/helpers", @root=#&lt;Rails::Paths::Root:0x0000558f2bce6c00 ...&gt;, @glob=nil, @exclude=nil, @autoload_once=false, @eager_load=true, @autoload=false, @load_path=false&gt;, "app/models"=&gt;#&lt;Rails::Paths::Path:0x0000558f2bce68e0 @paths=["app/models"], @current="app/models", @root=#&lt;Rails::Paths::Root:0x0000558f2bce6c00 ...&gt;, @glob=nil, @exclude=nil, @autoload_once=false, @eager_load=true, @autoload=false, @load_path=false&gt;, "app/mailers"=&gt;#&lt;Rails::Paths::Path:0x0000558f2bce6868 @paths=["app/mailers"], @current="app/mailers", @root=#&lt;Rails::Paths::Root:0x0000558f2bce6c00 ...&gt;, @glob=nil, @exclude=nil, @autoload_once=false, @eager_load=true, @autoload=false, @load_path=false&gt;, "app/views"=&gt;#&lt;Rails::Paths::Path:0x0000558f2bce67f0 @paths=["app/views"], @current="app/views", @root=#&lt;Rails::Paths::Root:0x0000558f2bce6c00 ...&gt;, @glob=nil, @exclude=nil, @autoload_once=false, @eager_load=false, @autoload=false, @load_path=false&gt;, "lib"=&gt;#&lt;Rails::Paths::Path:0x0000558f2bce6778 @paths=["lib"], @current="lib", @root=#&lt;Rails::Paths::Root:0x0000558f2bce6c00 ...&gt;, @glob=nil, @exclude=nil, @autoload_once=false, @eager_load=false, @autoload=false, @load_path=true&gt;, "lib/assets"=&gt;#&lt;Rails::Paths::Path:0x0000558f2bce6700 @paths=["lib/assets"], @current="lib/assets", @root=#&lt;Rails::Paths::Root:0x0000558f2bce6c00 ...&gt;, @glob="*", @exclude=nil, @autoload_once=false, @eager_load=false, @autoload=false, @load_path=false&gt;, "lib/tasks"=&gt;#&lt;Rails::Paths::Path:0x0000558f2bce6688 @paths=["lib/tasks"], @current="lib/tasks", @root=#&lt;Rails::Paths::Root:0x0000558f2bce6c00 ...&gt;, @glob="**/*.rake", @exclude=nil, @autoload_once=false, @eager_load=false, @autoload=false, @load_path=false&gt;, "config"=&gt;#&lt;Rails::Paths::Path:0x0000558f2bce6610 @paths=["config"], @current="config", @root=#&lt;Rails::Paths::Root:0x0000558f2bce6c00 ...&gt;, @glob=nil, @exclude=nil, @autoload_once=false, @eager_load=false, @autoload=false, @load_path=false&gt;, "config/environments"=&gt;#&lt;Rails::Paths::Path:0x0000558f2bce6570 @paths=["config/environments"], @current="config/environments", @root=#&lt;Rails::Paths::Root:0x0000558f2bce6c00 ...&gt;, @glob="test.rb", @exclude=nil, @autoload_once=false, @eager_load=false, @autoload=false, @load_path=false&gt;, "config/initializers"=&gt;#&lt;Rails::Paths::Path:0x0000558f2bce64f8 @paths=["config/initializers"], @current="config/initializers", @root=#&lt;Rails::Paths::Root:0x0000558f2bce6c00 ...&gt;, @glob="**/*.rb", @exclude=nil, @autoload_once=false, @eager_load=false, @autoload=false, @load_path=false&gt;, "config/locales"=&gt;#&lt;Rails::Paths::Path:0x0000558f2bce6480 @paths=["config/locales"], @current="config/locales", @root=#&lt;Rails::Paths::Root:0x0000558f2bce6c00 ...&gt;, @glob="*.{rb,yml}", @exclude=nil, @autoload_once=false, @eager_load=false, @autoload=false, @load_path=false&gt;, "config/routes.rb"=&gt;#&lt;Rails::Paths::Path:0x0000558f2bce6408 @paths=["config/routes.rb"], @current="config/routes.rb", @root=#&lt;Rails::Paths::Root:0x0000558f2bce6c00 ...&gt;, @glob=nil, @exclude=nil, @autoload_once=false, @eager_load=false, @autoload=false, @load_path=false&gt;, "config/routes"=&gt;#&lt;Rails::Paths::Path:0x0000558f2bce6390 @paths=["config/routes"], @current="config/routes", @root=#&lt;Rails::Paths::Root:0x0000558f2bce6c00 ...&gt;, @glob="**/*.rb", @exclude=nil, @autoload_once=false, @eager_load=false, @autoload=false, @load_path=false&gt;, "db"=&gt;#&lt;Rails::Paths::Path:0x0000558f2bce6318 @paths=["db"], @current="db", @root=#&lt;Rails::Paths::Root:0x0000558f2bce6c00 ...&gt;, @glob=nil, @exclude=nil, @autoload_once=false, @eager_load=false, @autoload=false, @load_path=false&gt;, "db/migrate"=&gt;#&lt;Rails::Paths::Path:0x0000558f2bce62a0 @paths=["db/migrate"], @current="db/migrate", @root=#&lt;Rails::Paths::Root:0x0000558f2bce6c00 ...&gt;, @glob=nil, @exclude=nil, @autoload_once=false, @eager_load=false, @autoload=false, @load_path=false&gt;, "db/seeds.rb"=&gt;#&lt;Rails::Paths::Path:0x0000558f2bce6228 @paths=["db/seeds.rb"], @current="db/seeds.rb", @root=#&lt;Rails::Paths::Root:0x0000558f2bce6c00 ...&gt;, @glob=nil, @exclude=nil, @autoload_once=false, @eager_load=false, @autoload=false, @load_path=false&gt;, "vendor"=&gt;#&lt;Rails::Paths::Path:0x0000558f2bce61b0 @paths=["vendor"], @current="vendor", @root=#&lt;Rails::Paths::Root:0x0000558f2bce6c00 ...&gt;, @glob=nil, @exclude=nil, @autoload_once=false, @eager_load=false, @autoload=false, @load_path=true&gt;, "vendor/assets"=&gt;#&lt;Rails::Paths::Path:0x0000558f2bce6138 @paths=["vendor/assets"], @current="vendor/assets", @root=#&lt;Rails::Paths::Root:0x0000558f2bce6c00 ...&gt;, @glob="*", @exclude=nil, @autoload_once=false, @eager_load=false, @autoload=false, @load_path=false&gt;}&gt;, @autoload_paths=[], @eager_load_paths=["/home/nameless_ghoul/.rbenv/versions/3.0.0/lib/ruby/gems/3.0.0/gems/actiontext-6.1.5/app/helpers", "/home/nameless_ghoul/.rbenv/versions/3.0.0/lib/ruby/gems/3.0.0/gems/actiontext-6.1.5/app/models"]&gt;, @env_config=nil, @helpers=#&lt;Module:0x0000558f2c0f08c8&gt;, @routes=#&lt;ActionDispatch::Routing::RouteSet:0x0000558f2958c880&gt;, @app_build_lock=#&lt;Thread::Mutex:0x0000558f2959d068&gt;, @initializers=[#&lt;Rails::Initializable::Initializer:0x0000558f2bcc3318 @name=:load_environment_config, @context=#&lt;ActionText::Engine:0x0000558f2959d0b8 ...&gt;, @options={:before=&gt;:load_environment_hook, :group=&gt;:all}, @block=#&lt;Proc:0x0000558f29b2c858 /home/nameless_ghoul/.rbenv/versions/3.0.0/lib/ruby/gems/3.0.0/gems/railties-6.1.5/lib/rails/engine.rb:569&gt;&gt;, #&lt;Rails::Initializable::Initializer:0x0000558f2bcc32c8 @name=:set_load_path, @context=#&lt;ActionText::Engine:0x0000558f2959d0b8 ...&gt;, @options={:before=&gt;:bootstrap_hook, :after=&gt;:load_environment_config, :group=&gt;:default}, @block=#&lt;Proc:0x0000558f29b2c678 /home/nameless_ghoul/.rbenv/versions/3.0.0/lib/ruby/gems/3.0.0/gems/railties-6.1.5/lib/rails/engine.rb:575&gt;&gt;, #&lt;Rails::Initializable::Initializer:0x0000558f2bcc3278 @name=:set_autoload_paths, @context=#&lt;ActionText::Engine:0x0000558f2959d0b8 ...&gt;, @options={:before=&gt;:bootstrap_hook, :after=&gt;:set_load_path, :group=&gt;:default}, @block=#&lt;Proc:0x0000558f29b2c4e8 /home/nameless_ghoul/.rbenv/versions/3.0.0/lib/ruby/gems/3.0.0/gems/railties-6.1.5/lib/rails/engine.rb:587&gt;&gt;, #&lt;Rails::Initializable::Initializer:0x0000558f2bcc3228 @name=:set_eager_load_paths, @context=#&lt;ActionText::Engine:0x0000558f2959d0b8 ...&gt;, @options={:before=&gt;:bootstrap_hook, :after=&gt;:set_autoload_paths, :group=&gt;:default}, @block=#&lt;Proc:0x0000558f29b2c3d0 /home/nameless_ghoul/.rbenv/versions/3.0.0/lib/ruby/gems/3.0.0/gems/railties-6.1.5/lib/rails/engine.rb:595&gt;&gt;, #&lt;Rails::Initializable::Initializer:0x0000558f2bcc31d8 @name=:add_routing_paths, @context=#&lt;ActionText::Engine:0x0000558f2959d0b8 ...&gt;, @options={:after=&gt;:set_eager_load_paths, :group=&gt;:default}, @block=#&lt;Proc:0x0000558f29b2c2b8 /home/nameless_ghoul/.rbenv/versions/3.0.0/lib/ruby/gems/3.0.0/gems/railties-6.1.5/lib/rails/engine.rb:600&gt;&gt;, #&lt;Rails::Initializable::Initializer:0x0000558f2bcc3188 @name=:add_locales, @context=#&lt;ActionText::Engine:0x0000558f2959d0b8 ...&gt;, @options={:after=&gt;:add_routing_paths, :group=&gt;:default}, @block=#&lt;Proc:0x0000558f29b2c1c8 /home/nameless_ghoul/.rbenv/versions/3.0.0/lib/ruby/gems/3.0.0/gems/railties-6.1.5/lib/rails/engine.rb:614&gt;&gt;, #&lt;Rails::Initializable::Initializer:0x0000558f2bcc3138 @name=:add_view_paths, @context=#&lt;ActionText::Engine:0x0000558f2959d0b8 ...&gt;, @options={:after=&gt;:add_locales, :group=&gt;:default}, @block=#&lt;Proc:0x0000558f29b2c0d8 /home/nameless_ghoul/.rbenv/versions/3.0.0/lib/ruby/gems/3.0.0/gems/railties-6.1.5/lib/rails/engine.rb:618&gt;&gt;, #&lt;Rails::Initializable::Initializer:0x0000558f2bcc30e8 @name=:prepend_helpers_path, @context=#&lt;ActionText::Engine:0x0000558f2959d0b8 ...&gt;, @options={:after=&gt;:add_view_paths, :group=&gt;:default}, @block=#&lt;Proc:0x0000558f28f17f18 /home/nameless_ghoul/.rbenv/versions/3.0.0/lib/ruby/gems/3.0.0/gems/railties-6.1.5/lib/rails/engine.rb:626&gt;&gt;, #&lt;Rails::Initializable::Initializer:0x0000558f2bcc3098 @name=:load_config_initializers, @context=#&lt;ActionText::Engine:0x0000558f2959d0b8 ...&gt;, @options={:after=&gt;:prepend_helpers_path, :group=&gt;:default}, @block=#&lt;Proc:0x0000558f28f17608 /home/nameless_ghoul/.rbenv/versions/3.0.0/lib/ruby/gems/3.0.0/gems/railties-6.1.5/lib/rails/engine.rb:632&gt;&gt;, #&lt;Rails::Initializable::Initializer:0x0000558f2bcc3048 @name=:wrap_executor_around_load_seed, @context=#&lt;ActionText::Engine:0x0000558f2959d0b8 ...&gt;, @options={:after=&gt;:load_config_initializers, :group=&gt;:default}, @block=#&lt;Proc:0x0000558f28f16e60 /home/nameless_ghoul/.rbenv/versions/3.0.0/lib/ruby/gems/3.0.0/gems/railties-6.1.5/lib/rails/engine.rb:638&gt;&gt;, #&lt;Rails::Initializable::Initializer:0x0000558f2bcc2ff8 @name=:engines_blank_point, @context=#&lt;ActionText::Engine:0x0000558f2959d0b8 ...&gt;, @options={:after=&gt;:wrap_executor_around_load_seed, :group=&gt;:default}, @block=#&lt;Proc:0x0000558f28f16960 /home/nameless_ghoul/.rbenv/versions/3.0.0/lib/ruby/gems/3.0.0/gems/railties-6.1.5/lib/rails/engine.rb:644&gt;&gt;, #&lt;Rails::Initializable::Initializer:0x0000558f2bcc2fa8 @name=:append_assets_path, @context=#&lt;ActionText::Engine:0x0000558f2959d0b8 ...&gt;, @options={:group=&gt;:all, :after=&gt;:engines_blank_point}, @block=#&lt;Proc:0x0000558f29c70d40 /home/nameless_ghoul/.rbenv/versions/3.0.0/lib/ruby/gems/3.0.0/gems/sprockets-rails-3.4.2/lib/sprockets/railtie.rb:60&gt;&gt;, #&lt;Rails::Initializable::Initializer:0x0000558f2bcc2f58 @name="action_text.attribute", @context=#&lt;ActionText::Engine:0x0000558f2959d0b8 ...&gt;, @options={:group=&gt;:default}, @block=#&lt;Proc:0x0000558f29570b80 /home/nameless_ghoul/.rbenv/versions/3.0.0/lib/ruby/gems/3.0.0/gems/actiontext-6.1.5/lib/action_text/engine.rb:19&gt;&gt;, #&lt;Rails::Initializable::Initializer:0x0000558f2bcc2f08 @name="action_text.attachable", @context=#&lt;ActionText::Engine:0x0000558f2959d0b8 ...&gt;, @options={:after=&gt;"action_text.attribute", :group=&gt;:default}, @block=#&lt;Proc:0x0000558f295705e0 /home/nameless_ghoul/.rbenv/versions/3.0.0/lib/ruby/gems/3.0.0/gems/actiontext-6.1.5/lib/action_text/engine.rb:25&gt;&gt;, #&lt;Rails::Initializable::Initializer:0x0000558f2bcc2eb8 @name="action_text.helper", @context=#&lt;ActionText::Engine:0x0000558f2959d0b8 ...&gt;, @options={:after=&gt;"action_text.attachable", :group=&gt;:default}, @block=#&lt;Proc:0x0000558f29570130 /home/nameless_ghoul/.rbenv/versions/3.0.0/lib/ruby/gems/3.0.0/gems/actiontext-6.1.5/lib/action_text/engine.rb:43&gt;&gt;, #&lt;Rails::Initializable::Initializer:0x0000558f2bcc2e68 @name="action_text.renderer", @context=#&lt;ActionText::Engine:0x0000558f2959d0b8 ...&gt;, @options={:after=&gt;"action_text.helper", :group=&gt;:default}, @block=#&lt;Proc:0x0000558f29563e58 /home/nameless_ghoul/.rbenv/versions/3.0.0/lib/ruby/gems/3.0.0/gems/actiontext-6.1.5/lib/action_text/engine.rb:51&gt;&gt;, #&lt;Rails::Initializable::Initializer:0x0000558f2bcc2e18 @name="action_text.system_test_helper", @context=#&lt;ActionText::Engine:0x0000558f2959d0b8 ...&gt;, @options={:after=&gt;"action_text.renderer", :group=&gt;:default}, @block=#&lt;Proc:0x0000558f29563c28 /home/nameless_ghoul/.rbenv/versions/3.0.0/lib/ruby/gems/3.0.0/gems/actiontext-6.1.5/lib/action_text/engine.rb:65&gt;&gt;]&gt;, #&lt;Webpacker::Engine:0x0000558f2acdc670 @_all_autoload_paths=[], @_all_load_paths=["/home/nameless_ghoul/.rbenv/versions/3.0.0/lib/ruby/gems/3.0.0/gems/webpacker-5.4.3/lib"], @app=nil, @config=#&lt;Rails::Engine::Configuration:0x0000558f2acdc080 @root=#&lt;Pathname:/home/nameless_ghoul/.rbenv/versions/3.0.0/lib/ruby/gems/3.0.0/gems/webpacker-5.4.3&gt;, @generators=#&lt;Rails::Configuration::Generators:0x0000558f2acdc058 @aliases={}, @options={:rails=&gt;{:orm=&gt;:active_record, :test_framework=&gt;:test_unit, :integration_tool=&gt;:test_unit, :system_tests=&gt;:test_unit, :stylesheet_engine=&gt;:scss}, :active_record=&gt;{:migration=&gt;true, :timestamps=&gt;true}, :test_unit=&gt;{:fixture=&gt;true, :fixture_replacement=&gt;nil}}, @fallbacks={}, @templates=[], @colorize_logging=true, @api_only=false, @hidden_namespaces=["sass"], @after_generate_callbacks=[]&gt;, @middleware=#&lt;Rails::Configuration::MiddlewareStackProxy:0x0000558f2acefe28 @operations=[], @delete_operations=[]&gt;, @javascript_path="javascript", @autoload_once_paths=[], @paths=#&lt;Rails::Paths::Root:0x0000558f2bce5df0 @path=#&lt;Pathname:/home/nameless_ghoul/.rbenv/versions/3.0.0/lib/ruby/gems/3.0.0/gems/webpacker-5.4.3&gt;, @root={"app"=&gt;#&lt;Rails::Paths::Path:0x0000558f2bce5d28 @paths=["app"], @current="app", @root=#&lt;Rails::Paths::Root:0x0000558f2bce5df0 ...&gt;, @glob="{*,*/concerns}", @exclude=["assets", "javascript"], @autoload_once=false, @eager_load=true, @autoload=false, @load_path=false&gt;, "app/assets"=&gt;#&lt;Rails::Paths::Path:0x0000558f2bce5cb0 @paths=["app/assets"], @current="app/assets", @root=#&lt;Rails::Paths::Root:0x0000558f2bce5df0 ...&gt;, @glob="*", @exclude=nil, @autoload_once=false, @eager_load=false, @autoload=false, @load_path=false&gt;, "app/controllers"=&gt;#&lt;Rails::Paths::Path:0x0000558f2bce5c38 @paths=["app/controllers"], @current="app/controllers", @root=#&lt;Rails::Paths::Root:0x0000558f2bce5df0 ...&gt;, @glob=nil, @exclude=nil, @autoload_once=false, @eager_load=true, @autoload=false, @load_path=false&gt;, "app/channels"=&gt;#&lt;Rails::Paths::Path:0x0000558f2bce5bc0 @paths=["app/channels"], @current="app/channels", @root=#&lt;Rails::Paths::Root:0x0000558f2bce5df0 ...&gt;, @glob="**/*_channel.rb", @exclude=nil, @autoload_once=false, @eager_load=true, @autoload=false, @load_path=false&gt;, "app/helpers"=&gt;#&lt;Rails::Paths::Path:0x0000558f2bce5b48 @paths=["app/helpers"], @current="app/helpers", @root=#&lt;Rails::Paths::Root:0x0000558f2bce5df0 ...&gt;, @glob=nil, @exclude=nil, @autoload_once=false, @eager_load=true, @autoload=false, @load_path=false&gt;, "app/models"=&gt;#&lt;Rails::Paths::Path:0x0000558f2bce5ad0 @paths=["app/models"], @current="app/models", @root=#&lt;Rails::Paths::Root:0x0000558f2bce5df0 ...&gt;, @glob=nil, @exclude=nil, @autoload_once=false, @eager_load=true, @autoload=false, @load_path=false&gt;, "app/mailers"=&gt;#&lt;Rails::Paths::Path:0x0000558f2bce5a58 @paths=["app/mailers"], @current="app/mailers", @root=#&lt;Rails::Paths::Root:0x0000558f2bce5df0 ...&gt;, @glob=nil, @exclude=nil, @autoload_once=false, @eager_load=true, @autoload=false, @load_path=false&gt;, "app/views"=&gt;#&lt;Rails::Paths::Path:0x0000558f2bce59e0 @paths=["app/views"], @current="app/views", @root=#&lt;Rails::Paths::Root:0x0000558f2bce5df0 ...&gt;, @glob=nil, @exclude=nil, @autoload_once=false, @eager_load=false, @autoload=false, @load_path=false&gt;, "lib"=&gt;#&lt;Rails::Paths::Path:0x0000558f2bce5968 @paths=["lib"], @current="lib", @root=#&lt;Rails::Paths::Root:0x0000558f2bce5df0 ...&gt;, @glob=nil, @exclude=nil, @autoload_once=false, @eager_load=false, @autoload=false, @load_path=true&gt;, "lib/assets"=&gt;#&lt;Rails::Paths::Path:0x0000558f2bce58f0 @paths=["lib/assets"], @current="lib/assets", @root=#&lt;Rails::Paths::Root:0x0000558f2bce5df0 ...&gt;, @glob="*", @exclude=nil, @autoload_once=false, @eager_load=false, @autoload=false, @load_path=false&gt;, "lib/tasks"=&gt;#&lt;Rails::Paths::Path:0x0000558f2bce5878 @paths=["lib/tasks"], @current="lib/tasks", @root=#&lt;Rails::Paths::Root:0x0000558f2bce5df0 ...&gt;, @glob="**/*.rake", @exclude=nil, @autoload_once=false, @eager_load=false, @autoload=false, @load_path=false&gt;, "config"=&gt;#&lt;Rails::Paths::Path:0x0000558f2bce5800 @paths=["config"], @current="config", @root=#&lt;Rails::Paths::Root:0x0000558f2bce5df0 ...&gt;, @glob=nil, @exclude=nil, @autoload_once=false, @eager_load=false, @autoload=false, @load_path=false&gt;, "config/environments"=&gt;#&lt;Rails::Paths::Path:0x0000558f2bce5760 @paths=["config/environments"], @current="config/environments", @root=#&lt;Rails::Paths::Root:0x0000558f2bce5df0 ...&gt;, @glob="test.rb", @exclude=nil, @autoload_once=false, @eager_load=false, @autoload=false, @load_path=false&gt;, "config/initializers"=&gt;#&lt;Rails::Paths::Path:0x0000558f2bce56e8 @paths=["config/initializers"], @current="config/initializers", @root=#&lt;Rails::Paths::Root:0x0000558f2bce5df0 ...&gt;, @glob="**/*.rb", @exclude=nil, @autoload_once=false, @eager_load=false, @autoload=false, @load_path=false&gt;, "config/locales"=&gt;#&lt;Rails::Paths::Path:0x0000558f2bce5670 @paths=["config/locales"], @current="config/locales", @root=#&lt;Rails::Paths::Root:0x0000558f2bce5df0 ...&gt;, @glob="*.{rb,yml}", @exclude=nil, @autoload_once=false, @eager_load=false, @autoload=false, @load_path=false&gt;, "config/routes.rb"=&gt;#&lt;Rails::Paths::Path:0x0000558f2bce55f8 @paths=["config/routes.rb"], @current="config/routes.rb", @root=#&lt;Rails::Paths::Root:0x0000558f2bce5df0 ...&gt;, @glob=nil, @exclude=nil, @autoload_once=false, @eager_load=false, @autoload=false, @load_path=false&gt;, "config/routes"=&gt;#&lt;Rails::Paths::Path:0x0000558f2bce5580 @paths=["config/routes"], @current="config/routes", @root=#&lt;Rails::Paths::Root:0x0000558f2bce5df0 ...&gt;, @glob="**/*.rb", @exclude=nil, @autoload_once=false, @eager_load=false, @autoload=false, @load_path=false&gt;, "db"=&gt;#&lt;Rails::Paths::Path:0x0000558f2bce5508 @paths=["db"], @current="db", @root=#&lt;Rails::Paths::Root:0x0000558f2bce5df0 ...&gt;, @glob=nil, @exclude=nil, @autoload_once=false, @eager_load=false, @autoload=false, @load_path=false&gt;, "db/migrate"=&gt;#&lt;Rails::Paths::Path:0x0000558f2bce5490 @paths=["db/migrate"], @current="db/migrate", @root=#&lt;Rails::Paths::Root:0x0000558f2bce5df0 ...&gt;, @glob=nil, @exclude=nil, @autoload_once=false, @eager_load=false, @autoload=false, @load_path=false&gt;, "db/seeds.rb"=&gt;#&lt;Rails::Paths::Path:0x0000558f2bce5418 @paths=["db/seeds.rb"], @current="db/seeds.rb", @root=#&lt;Rails::Paths::Root:0x0000558f2bce5df0 ...&gt;, @glob=nil, @exclude=nil, @autoload_once=false, @eager_load=false, @autoload=false, @load_path=false&gt;, "vendor"=&gt;#&lt;Rails::Paths::Path:0x0000558f2bce53a0 @paths=["vendor"], @current="vendor", @root=#&lt;Rails::Paths::Root:0x0000558f2bce5df0 ...&gt;, @glob=nil, @exclude=nil, @autoload_once=false, @eager_load=false, @autoload=false, @load_path=true&gt;, "vendor/assets"=&gt;#&lt;Rails::Paths::Path:0x0000558f2bce5328 @paths=["vendor/assets"], @current="vendor/assets", @root=#&lt;Rails::Paths::Root:0x0000558f2bce5df0 ...&gt;, @glob="*", @exclude=nil, @autoload_once=false, @eager_load=false, @autoload=false, @load_path=false&gt;}&gt;, @autoload_paths=[], @eager_load_paths=[]&gt;, @env_config=nil, @helpers=nil, @routes=#&lt;ActionDispatch::Routing::RouteSet:0x0000558f2c022310&gt;, @app_build_lock=#&lt;Thread::Mutex:0x0000558f2acdc648&gt;, @initializers=[#&lt;Rails::Initializable::Initializer:0x0000558f2bcc2940 @name=:load_environment_config, @context=#&lt;Webpacker::Engine:0x0000558f2acdc670 ...&gt;, @options={:before=&gt;:load_environment_hook, :group=&gt;:all}, @block=#&lt;Proc:0x0000558f29b2c858 /home/nameless_ghoul/.rbenv/versions/3.0.0/lib/ruby/gems/3.0.0/gems/railties-6.1.5/lib/rails/engine.rb:569&gt;&gt;, #&lt;Rails::Initializable::Initializer:0x0000558f2bcc28f0 @name=:set_load_path, @context=#&lt;Webpacker::Engine:0x0000558f2acdc670 ...&gt;, @options={:before=&gt;:bootstrap_hook, :after=&gt;:load_environment_config, :group=&gt;:default}, @block=#&lt;Proc:0x0000558f29b2c678 /home/nameless_ghoul/.rbenv/versions/3.0.0/lib/ruby/gems/3.0.0/gems/railties-6.1.5/lib/rails/engine.rb:575&gt;&gt;, #&lt;Rails::Initializable::Initializer:0x0000558f2bcc28a0 @name=:set_autoload_paths, @context=#&lt;Webpacker::Engine:0x0000558f2acdc670 ...&gt;, @options={:before=&gt;:bootstrap_hook, :after=&gt;:set_load_path, :group=&gt;:default}, @block=#&lt;Proc:0x0000558f29b2c4e8 /home/nameless_ghoul/.rbenv/versions/3.0.0/lib/ruby/gems/3.0.0/gems/railties-6.1.5/lib/rails/engine.rb:587&gt;&gt;, #&lt;Rails::Initializable::Initializer:0x0000558f2bcc2850 @name=:set_eager_load_paths, @context=#&lt;Webpacker::Engine:0x0000558f2acdc670 ...&gt;, @options={:before=&gt;:bootstrap_hook, :after=&gt;:set_autoload_paths, :group=&gt;:default}, @block=#&lt;Proc:0x0000558f29b2c3d0 /home/nameless_ghoul/.rbenv/versions/3.0.0/lib/ruby/gems/3.0.0/gems/railties-6.1.5/lib/rails/engine.rb:595&gt;&gt;, #&lt;Rails::Initializable::Initializer:0x0000558f2bcc2800 @name=:add_routing_paths, @context=#&lt;Webpacker::Engine:0x0000558f2acdc670 ...&gt;, @options={:after=&gt;:set_eager_load_paths, :group=&gt;:default}, @block=#&lt;Proc:0x0000558f29b2c2b8 /home/nameless_ghoul/.rbenv/versions/3.0.0/lib/ruby/gems/3.0.0/gems/railties-6.1.5/lib/rails/engine.rb:600&gt;&gt;, #&lt;Rails::Initializable::Initializer:0x0000558f2bcc27b0 @name=:add_locales, @context=#&lt;Webpacker::Engine:0x0000558f2acdc670 ...&gt;, @options={:after=&gt;:add_routing_paths, :group=&gt;:default}, @block=#&lt;Proc:0x0000558f29b2c1c8 /home/nameless_ghoul/.rbenv/versions/3.0.0/lib/ruby/gems/3.0.0/gems/railties-6.1.5/lib/rails/engine.rb:614&gt;&gt;, #&lt;Rails::Initializable::Initializer:0x0000558f2bcc2760 @name=:add_view_paths, @context=#&lt;Webpacker::Engine:0x0000558f2acdc670 ...&gt;, @options={:after=&gt;:add_locales, :group=&gt;:default}, @block=#&lt;Proc:0x0000558f29b2c0d8 /home/nameless_ghoul/.rbenv/versions/3.0.0/lib/ruby/gems/3.0.0/gems/railties-6.1.5/lib/rails/engine.rb:618&gt;&gt;, #&lt;Rails::Initializable::Initializer:0x0000558f2bcc2710 @name=:prepend_helpers_path, @context=#&lt;Webpacker::Engine:0x0000558f2acdc670 ...&gt;, @options={:after=&gt;:add_view_paths, :group=&gt;:default}, @block=#&lt;Proc:0x0000558f28f17f18 /home/nameless_ghoul/.rbenv/versions/3.0.0/lib/ruby/gems/3.0.0/gems/railties-6.1.5/lib/rails/engine.rb:626&gt;&gt;, #&lt;Rails::Initializable::Initializer:0x0000558f2bcc26c0 @name=:load_config_initializers, @context=#&lt;Webpacker::Engine:0x0000558f2acdc670 ...&gt;, @options={:after=&gt;:prepend_helpers_path, :group=&gt;:default}, @block=#&lt;Proc:0x0000558f28f17608 /home/nameless_ghoul/.rbenv/versions/3.0.0/lib/ruby/gems/3.0.0/gems/railties-6.1.5/lib/rails/engine.rb:632&gt;&gt;, #&lt;Rails::Initializable::Initializer:0x0000558f2bcc2670 @name=:wrap_executor_around_load_seed, @context=#&lt;Webpacker::Engine:0x0000558f2acdc670 ...&gt;, @options={:after=&gt;:load_config_initializers, :group=&gt;:default}, @block=#&lt;Proc:0x0000558f28f16e60 /home/nameless_ghoul/.rbenv/versions/3.0.0/lib/ruby/gems/3.0.0/gems/railties-6.1.5/lib/rails/engine.rb:638&gt;&gt;, #&lt;Rails::Initializable::Initializer:0x0000558f2bcc2620 @name=:engines_blank_point, @context=#&lt;Webpacker::Engine:0x0000558f2acdc670 ...&gt;, @options={:after=&gt;:wrap_executor_around_load_seed, :group=&gt;:default}, @block=#&lt;Proc:0x0000558f28f16960 /home/nameless_ghoul/.rbenv/versions/3.0.0/lib/ruby/gems/3.0.0/gems/railties-6.1.5/lib/rails/engine.rb:644&gt;&gt;, #&lt;Rails::Initializable::Initializer:0x0000558f2bcc25d0 @name=:append_assets_path, @context=#&lt;Webpacker::Engine:0x0000558f2acdc670 ...&gt;, @options={:group=&gt;:all, :after=&gt;:engines_blank_point}, @block=#&lt;Proc:0x0000558f29c70d40 /home/nameless_ghoul/.rbenv/versions/3.0.0/lib/ruby/gems/3.0.0/gems/sprockets-rails-3.4.2/lib/sprockets/railtie.rb:60&gt;&gt;, #&lt;Rails::Initializable::Initializer:0x0000558f2bcc2580 @name="webpacker.proxy", @context=#&lt;Webpacker::Engine:0x0000558f2acdc670 ...&gt;, @options={:group=&gt;:default}, @block=#&lt;Proc:0x0000558f2acefc48 /home/nameless_ghoul/.rbenv/versions/3.0.0/lib/ruby/gems/3.0.0/gems/webpacker-5.4.3/lib/webpacker/railtie.rb:10&gt;&gt;, #&lt;Rails::Initializable::Initializer:0x0000558f2bcc2530 @name="webpacker.helper", @context=#&lt;Webpacker::Engine:0x0000558f2acdc670 ...&gt;, @options={:after=&gt;"webpacker.proxy", :group=&gt;:default}, @block=#&lt;Proc:0x0000558f2acefb30 /home/nameless_ghoul/.rbenv/versions/3.0.0/lib/ruby/gems/3.0.0/gems/webpacker-5.4.3/lib/webpacker/railtie.rb:19&gt;&gt;, #&lt;Rails::Initializable::Initializer:0x0000558f2bcc24e0 @name="webpacker.logger", @context=#&lt;Webpacker::Engine:0x0000558f2acdc670 ...&gt;, @options={:after=&gt;"webpacker.helper", :group=&gt;:default}, @block=#&lt;Proc:0x0000558f2acefa18 /home/nameless_ghoul/.rbenv/versions/3.0.0/lib/ruby/gems/3.0.0/gems/webpacker-5.4.3/lib/webpacker/railtie.rb:29&gt;&gt;, #&lt;Rails::Initializable::Initializer:0x0000558f2bcc2490 @name="webpacker.bootstrap", @context=#&lt;Webpacker::Engine:0x0000558f2acdc670 ...&gt;, @options={:after=&gt;"webpacker.logger", :group=&gt;:default}, @block=#&lt;Proc:0x0000558f2acef900 /home/nameless_ghoul/.rbenv/versions/3.0.0/lib/ruby/gems/3.0.0/gems/webpacker-5.4.3/lib/webpacker/railtie.rb:39&gt;&gt;, #&lt;Rails::Initializable::Initializer:0x0000558f2bcc2440 @name="webpacker.set_source", @context=#&lt;Webpacker::Engine:0x0000558f2acdc670 ...&gt;, @options={:after=&gt;"webpacker.bootstrap", :group=&gt;:default}, @block=#&lt;Proc:0x0000558f2acef7e8 /home/nameless_ghoul/.rbenv/versions/3.0.0/lib/ruby/gems/3.0.0/gems/webpacker-5.4.3/lib/webpacker/railtie.rb:50&gt;&gt;]&gt;, #&lt;Turbolinks::Engine:0x0000558f2acfaaf8 @_all_autoload_paths=[], @_all_load_paths=["/home/nameless_ghoul/.rbenv/versions/3.0.0/lib/ruby/gems/3.0.0/gems/turbolinks-5.2.1/lib"], @app=nil, @config=#&lt;Rails::Engine::Configuration:0x0000558f2acfa7d8 @root=#&lt;Pathname:/home/nameless_ghoul/.rbenv/versions/3.0.0/lib/ruby/gems/3.0.0/gems/turbolinks-5.2.1&gt;, @generators=#&lt;Rails::Configuration::Generators:0x0000558f2acfa7b0 @aliases={}, @options={:rails=&gt;{:orm=&gt;:active_record, :test_framework=&gt;:test_unit, :integration_tool=&gt;:test_unit, :system_tests=&gt;:test_unit, :stylesheet_engine=&gt;:scss}, :active_record=&gt;{:migration=&gt;true, :timestamps=&gt;true}, :test_unit=&gt;{:fixture=&gt;true, :fixture_replacement=&gt;nil}}, @fallbacks={}, @templates=[], @colorize_logging=true, @api_only=false, @hidden_namespaces=["sass"], @after_generate_callbacks=[]&gt;, @middleware=#&lt;Rails::Configuration::MiddlewareStackProxy:0x0000558f2acfa670 @operations=[], @delete_operations=[]&gt;, @javascript_path="javascript", @autoload_once_paths=[], @paths=#&lt;Rails::Paths::Root:0x0000558f2bce4fe0 @path=#&lt;Pathname:/home/nameless_ghoul/.rbenv/versions/3.0.0/lib/ruby/gems/3.0.0/gems/turbolinks-5.2.1&gt;, @root={"app"=&gt;#&lt;Rails::Paths::Path:0x0000558f2bce4f18 @paths=["app"], @current="app", @root=#&lt;Rails::Paths::Root:0x0000558f2bce4fe0 ...&gt;, @glob="{*,*/concerns}", @exclude=["assets", "javascript"], @autoload_once=false, @eager_load=true, @autoload=false, @load_path=false&gt;, "app/assets"=&gt;#&lt;Rails::Paths::Path:0x0000558f2bce4ea0 @paths=["app/assets"], @current="app/assets", @root=#&lt;Rails::Paths::Root:0x0000558f2bce4fe0 ...&gt;, @glob="*", @exclude=nil, @autoload_once=false, @eager_load=false, @autoload=false, @load_path=false&gt;, "app/controllers"=&gt;#&lt;Rails::Paths::Path:0x0000558f2bce4e28 @paths=["app/controllers"], @current="app/controllers", @root=#&lt;Rails::Paths::Root:0x0000558f2bce4fe0 ...&gt;, @glob=nil, @exclude=nil, @autoload_once=false, @eager_load=true, @autoload=false, @load_path=false&gt;, "app/channels"=&gt;#&lt;Rails::Paths::Path:0x0000558f2bce4db0 @paths=["app/channels"], @current="app/channels", @root=#&lt;Rails::Paths::Root:0x0000558f2bce4fe0 ...&gt;, @glob="**/*_channel.rb", @exclude=nil, @autoload_once=false, @eager_load=true, @autoload=false, @load_path=false&gt;, "app/helpers"=&gt;#&lt;Rails::Paths::Path:0x0000558f2bce4d38 @paths=["app/helpers"], @current="app/helpers", @root=#&lt;Rails::Paths::Root:0x0000558f2bce4fe0 ...&gt;, @glob=nil, @exclude=nil, @autoload_once=false, @eager_load=true, @autoload=false, @load_path=false&gt;, "app/models"=&gt;#&lt;Rails::Paths::Path:0x0000558f2bce4cc0 @paths=["app/models"], @current="app/models", @root=#&lt;Rails::Paths::Root:0x0000558f2bce4fe0 ...&gt;, @glob=nil, @exclude=nil, @autoload_once=false, @eager_load=true, @autoload=false, @load_path=false&gt;, "app/mailers"=&gt;#&lt;Rails::Paths::Path:0x0000558f2bce4c48 @paths=["app/mailers"], @current="app/mailers", @root=#&lt;Rails::Paths::Root:0x0000558f2bce4fe0 ...&gt;, @glob=nil, @exclude=nil, @autoload_once=false, @eager_load=true, @autoload=false, @load_path=false&gt;, "app/views"=&gt;#&lt;Rails::Paths::Path:0x0000558f2bce4bd0 @paths=["app/views"], @current="app/views", @root=#&lt;Rails::Paths::Root:0x0000558f2bce4fe0 ...&gt;, @glob=nil, @exclude=nil, @autoload_once=false, @eager_load=false, @autoload=false, @load_path=false&gt;, "lib"=&gt;#&lt;Rails::Paths::Path:0x0000558f2bce4b58 @paths=["lib"], @current="lib", @root=#&lt;Rails::Paths::Root:0x0000558f2bce4fe0 ...&gt;, @glob=nil, @exclude=nil, @autoload_once=false, @eager_load=false, @autoload=false, @load_path=true&gt;, "lib/assets"=&gt;#&lt;Rails::Paths::Path:0x0000558f2bce4ae0 @paths=["lib/assets"], @current="lib/assets", @root=#&lt;Rails::Paths::Root:0x0000558f2bce4fe0 ...&gt;, @glob="*", @exclude=nil, @autoload_once=false, @eager_load=false, @autoload=false, @load_path=false&gt;, "lib/tasks"=&gt;#&lt;Rails::Paths::Path:0x0000558f2bce4a68 @paths=["lib/tasks"], @current="lib/tasks", @root=#&lt;Rails::Paths::Root:0x0000558f2bce4fe0 ...&gt;, @glob="**/*.rake", @exclude=nil, @autoload_once=false, @eager_load=false, @autoload=false, @load_path=false&gt;, "config"=&gt;#&lt;Rails::Paths::Path:0x0000558f2bce49f0 @paths=["config"], @current="config", @root=#&lt;Rails::Paths::Root:0x0000558f2bce4fe0 ...&gt;, @glob=nil, @exclude=nil, @autoload_once=false, @eager_load=false, @autoload=false, @load_path=false&gt;, "config/environments"=&gt;#&lt;Rails::Paths::Path:0x0000558f2bce4950 @paths=["config/environments"], @current="config/environments", @root=#&lt;Rails::Paths::Root:0x0000558f2bce4fe0 ...&gt;, @glob="test.rb", @exclude=nil, @autoload_once=false, @eager_load=false, @autoload=false, @load_path=false&gt;, "config/initializers"=&gt;#&lt;Rails::Paths::Path:0x0000558f2bce48d8 @paths=["config/initializers"], @current="config/initializers", @root=#&lt;Rails::Paths::Root:0x0000558f2bce4fe0 ...&gt;, @glob="**/*.rb", @exclude=nil, @autoload_once=false, @eager_load=false, @autoload=false, @load_path=false&gt;, "config/locales"=&gt;#&lt;Rails::Paths::Path:0x0000558f2bce4860 @paths=["config/locales"], @current="config/locales", @root=#&lt;Rails::Paths::Root:0x0000558f2bce4fe0 ...&gt;, @glob="*.{rb,yml}", @exclude=nil, @autoload_once=false, @eager_load=false, @autoload=false, @load_path=false&gt;, "config/routes.rb"=&gt;#&lt;Rails::Paths::Path:0x0000558f2bce47e8 @paths=["config/routes.rb"], @current="config/routes.rb", @root=#&lt;Rails::Paths::Root:0x0000558f2bce4fe0 ...&gt;, @glob=nil, @exclude=nil, @autoload_once=false, @eager_load=false, @autoload=false, @load_path=false&gt;, "config/routes"=&gt;#&lt;Rails::Paths::Path:0x0000558f2bce4770 @paths=["config/routes"], @current="config/routes", @root=#&lt;Rails::Paths::Root:0x0000558f2bce4fe0 ...&gt;, @glob="**/*.rb", @exclude=nil, @autoload_once=false, @eager_load=false, @autoload=false, @load_path=false&gt;, "db"=&gt;#&lt;Rails::Paths::Path:0x0000558f2bce46f8 @paths=["db"], @current="db", @root=#&lt;Rails::Paths::Root:0x0000558f2bce4fe0 ...&gt;, @glob=nil, @exclude=nil, @autoload_once=false, @eager_load=false, @autoload=false, @load_path=false&gt;, "db/migrate"=&gt;#&lt;Rails::Paths::Path:0x0000558f2bce4680 @paths=["db/migrate"], @current="db/migrate", @root=#&lt;Rails::Paths::Root:0x0000558f2bce4fe0 ...&gt;, @glob=nil, @exclude=nil, @autoload_once=false, @eager_load=false, @autoload=false, @load_path=false&gt;, "db/seeds.rb"=&gt;#&lt;Rails::Paths::Path:0x0000558f2bce4608 @paths=["db/seeds.rb"], @current="db/seeds.rb", @root=#&lt;Rails::Paths::Root:0x0000558f2bce4fe0 ...&gt;, @glob=nil, @exclude=nil, @autoload_once=false, @eager_load=false, @autoload=false, @load_path=false&gt;, "vendor"=&gt;#&lt;Rails::Paths::Path:0x0000558f2bce4590 @paths=["vendor"], @current="vendor", @root=#&lt;Rails::Paths::Root:0x0000558f2bce4fe0 ...&gt;, @glob=nil, @exclude=nil, @autoload_once=false, @eager_load=false, @autoload=false, @load_path=true&gt;, "vendor/assets"=&gt;#&lt;Rails::Paths::Path:0x0000558f2bce4518 @paths=["vendor/assets"], @current="vendor/assets", @root=#&lt;Rails::Paths::Root:0x0000558f2bce4fe0 ...&gt;, @glob="*", @exclude=nil, @autoload_once=false, @eager_load=false, @autoload=false, @load_path=false&gt;}&gt;, @autoload_paths=[], @eager_load_paths=[]&gt;, @env_config=nil, @helpers=nil, @routes=#&lt;ActionDispatch::Routing::RouteSet:0x0000558f2c021690&gt;, @app_build_lock=#&lt;Thread::Mutex:0x0000558f2acfaad0&gt;, @initializers=[#&lt;Rails::Initializable::Initializer:0x0000558f2bcc1f90 @name=:load_environment_config, @context=#&lt;Turbolinks::Engine:0x0000558f2acfaaf8 ...&gt;, @options={:before=&gt;:load_environment_hook, :group=&gt;:all}, @block=#&lt;Proc:0x0000558f29b2c858 /home/nameless_ghoul/.rbenv/versions/3.0.0/lib/ruby/gems/3.0.0/gems/railties-6.1.5/lib/rails/engine.rb:569&gt;&gt;, #&lt;Rails::Initializable::Initializer:0x0000558f2bcc1f40 @name=:set_load_path, @context=#&lt;Turbolinks::Engine:0x0000558f2acfaaf8 ...&gt;, @options={:before=&gt;:bootstrap_hook, :after=&gt;:load_environment_config, :group=&gt;:default}, @block=#&lt;Proc:0x0000558f29b2c678 /home/nameless_ghoul/.rbenv/versions/3.0.0/lib/ruby/gems/3.0.0/gems/railties-6.1.5/lib/rails/engine.rb:575&gt;&gt;, #&lt;Rails::Initializable::Initializer:0x0000558f2bcc1ef0 @name=:set_autoload_paths, @context=#&lt;Turbolinks::Engine:0x0000558f2acfaaf8 ...&gt;, @options={:before=&gt;:bootstrap_hook, :after=&gt;:set_load_path, :group=&gt;:default}, @block=#&lt;Proc:0x0000558f29b2c4e8 /home/nameless_ghoul/.rbenv/versions/3.0.0/lib/ruby/gems/3.0.0/gems/railties-6.1.5/lib/rails/engine.rb:587&gt;&gt;, #&lt;Rails::Initializable::Initializer:0x0000558f2bcc1ea0 @name=:set_eager_load_paths, @context=#&lt;Turbolinks::Engine:0x0000558f2acfaaf8 ...&gt;, @options={:before=&gt;:bootstrap_hook, :after=&gt;:set_autoload_paths, :group=&gt;:default}, @block=#&lt;Proc:0x0000558f29b2c3d0 /home/nameless_ghoul/.rbenv/versions/3.0.0/lib/ruby/gems/3.0.0/gems/railties-6.1.5/lib/rails/engine.rb:595&gt;&gt;, #&lt;Rails::Initializable::Initializer:0x0000558f2bcc1e50 @name=:add_routing_paths, @context=#&lt;Turbolinks::Engine:0x0000558f2acfaaf8 ...&gt;, @options={:after=&gt;:set_eager_load_paths, :group=&gt;:default}, @block=#&lt;Proc:0x0000558f29b2c2b8 /home/nameless_ghoul/.rbenv/versions/3.0.0/lib/ruby/gems/3.0.0/gems/railties-6.1.5/lib/rails/engine.rb:600&gt;&gt;, #&lt;Rails::Initializable::Initializer:0x0000558f2bcc1e00 @name=:add_locales, @context=#&lt;Turbolinks::Engine:0x0000558f2acfaaf8 ...&gt;, @options={:after=&gt;:add_routing_paths, :group=&gt;:default}, @block=#&lt;Proc:0x0000558f29b2c1c8 /home/nameless_ghoul/.rbenv/versions/3.0.0/lib/ruby/gems/3.0.0/gems/railties-6.1.5/lib/rails/engine.rb:614&gt;&gt;, #&lt;Rails::Initializable::Initializer:0x0000558f2bcc1db0 @name=:add_view_paths, @context=#&lt;Turbolinks::Engine:0x0000558f2acfaaf8 ...&gt;, @options={:after=&gt;:add_locales, :group=&gt;:default}, @block=#&lt;Proc:0x0000558f29b2c0d8 /home/nameless_ghoul/.rbenv/versions/3.0.0/lib/ruby/gems/3.0.0/gems/railties-6.1.5/lib/rails/engine.rb:618&gt;&gt;, #&lt;Rails::Initializable::Initializer:0x0000558f2bcc1d60 @name=:prepend_helpers_path, @context=#&lt;Turbolinks::Engine:0x0000558f2acfaaf8 ...&gt;, @options={:after=&gt;:add_view_paths, :group=&gt;:default}, @block=#&lt;Proc:0x0000558f28f17f18 /home/nameless_ghoul/.rbenv/versions/3.0.0/lib/ruby/gems/3.0.0/gems/railties-6.1.5/lib/rails/engine.rb:626&gt;&gt;, #&lt;Rails::Initializable::Initializer:0x0000558f2bcc1d10 @name=:load_config_initializers, @context=#&lt;Turbolinks::Engine:0x0000558f2acfaaf8 ...&gt;, @options={:after=&gt;:prepend_helpers_path, :group=&gt;:default}, @block=#&lt;Proc:0x0000558f28f17608 /home/nameless_ghoul/.rbenv/versions/3.0.0/lib/ruby/gems/3.0.0/gems/railties-6.1.5/lib/rails/engine.rb:632&gt;&gt;, #&lt;Rails::Initializable::Initializer:0x0000558f2bcc1cc0 @name=:wrap_executor_around_load_seed, @context=#&lt;Turbolinks::Engine:0x0000558f2acfaaf8 ...&gt;, @options={:after=&gt;:load_config_initializers, :group=&gt;:default}, @block=#&lt;Proc:0x0000558f28f16e60 /home/nameless_ghoul/.rbenv/versions/3.0.0/lib/ruby/gems/3.0.0/gems/railties-6.1.5/lib/rails/engine.rb:638&gt;&gt;, #&lt;Rails::Initializable::Initializer:0x0000558f2bcc1c70 @name=:engines_blank_point, @context=#&lt;Turbolinks::Engine:0x0000558f2acfaaf8 ...&gt;, @options={:after=&gt;:wrap_executor_around_load_seed, :group=&gt;:default}, @block=#&lt;Proc:0x0000558f28f16960 /home/nameless_ghoul/.rbenv/versions/3.0.0/lib/ruby/gems/3.0.0/gems/railties-6.1.5/lib/rails/engine.rb:644&gt;&gt;, #&lt;Rails::Initializable::Initializer:0x0000558f2bcc1c20 @name=:append_assets_path, @context=#&lt;Turbolinks::Engine:0x0000558f2acfaaf8 ...&gt;, @options={:group=&gt;:all, :after=&gt;:engines_blank_point}, @block=#&lt;Proc:0x0000558f29c70d40 /home/nameless_ghoul/.rbenv/versions/3.0.0/lib/ruby/gems/3.0.0/gems/sprockets-rails-3.4.2/lib/sprockets/railtie.rb:60&gt;&gt;, #&lt;Rails::Initializable::Initializer:0x0000558f2bcc1bd0 @name=:turbolinks, @context=#&lt;Turbolinks::Engine:0x0000558f2acfaaf8 ...&gt;, @options={:group=&gt;:default}, @block=#&lt;Proc:0x0000558f2acfa198 /home/nameless_ghoul/.rbenv/versions/3.0.0/lib/ruby/gems/3.0.0/gems/turbolinks-5.2.1/lib/turbolinks.rb:20&gt;&gt;]&gt;, #&lt;ActiveStorageValidations::Engine:0x0000558f2bcb3620 @_all_autoload_paths=[], @_all_load_paths=["/home/nameless_ghoul/.rbenv/versions/3.0.0/lib/ruby/gems/3.0.0/gems/active_storage_validations-0.9.7/lib"], @app=nil, @config=#&lt;Rails::Engine::Configuration:0x0000558f2bcefe40 @root=#&lt;Pathname:/home/nameless_ghoul/.rbenv/versions/3.0.0/lib/ruby/gems/3.0.0/gems/active_storage_validations-0.9.7&gt;, @generators=#&lt;Rails::Configuration::Generators:0x0000558f2bcefdc8 @aliases={}, @options={:rails=&gt;{:orm=&gt;:active_record, :test_framework=&gt;:test_unit, :integration_tool=&gt;:test_unit, :system_tests=&gt;:test_unit, :stylesheet_engine=&gt;:scss}, :active_record=&gt;{:migration=&gt;true, :timestamps=&gt;true}, :test_unit=&gt;{:fixture=&gt;true, :fixture_replacement=&gt;nil}}, @fallbacks={}, @templates=[], @colorize_logging=true, @api_only=false, @hidden_namespaces=["sass"], @after_generate_callbacks=[]&gt;, @middleware=#&lt;Rails::Configuration::MiddlewareStackProxy:0x0000558f2bcefc88 @operations=[], @delete_operations=[]&gt;, @javascript_path="javascript", @autoload_once_paths=[], @paths=#&lt;Rails::Paths::Root:0x0000558f2bcefc10 @path=#&lt;Pathname:/home/nameless_ghoul/.rbenv/versions/3.0.0/lib/ruby/gems/3.0.0/gems/active_storage_validations-0.9.7&gt;, @root={"app"=&gt;#&lt;Rails::Paths::Path:0x0000558f2bcefb48 @paths=["app"], @current="app", @root=#&lt;Rails::Paths::Root:0x0000558f2bcefc10 ...&gt;, @glob="{*,*/concerns}", @exclude=["assets", "javascript"], @autoload_once=false, @eager_load=true, @autoload=false, @load_path=false&gt;, "app/assets"=&gt;#&lt;Rails::Paths::Path:0x0000558f2bcefad0 @paths=["app/assets"], @current="app/assets", @root=#&lt;Rails::Paths::Root:0x0000558f2bcefc10 ...&gt;, @glob="*", @exclude=nil, @autoload_once=false, @eager_load=false, @autoload=false, @load_path=false&gt;, "app/controllers"=&gt;#&lt;Rails::Paths::Path:0x0000558f2bcefa58 @paths=["app/controllers"], @current="app/controllers", @root=#&lt;Rails::Paths::Root:0x0000558f2bcefc10 ...&gt;, @glob=nil, @exclude=nil, @autoload_once=false, @eager_load=true, @autoload=false, @load_path=false&gt;, "app/channels"=&gt;#&lt;Rails::Paths::Path:0x0000558f2bcef9e0 @paths=["app/channels"], @current="app/channels", @root=#&lt;Rails::Paths::Root:0x0000558f2bcefc10 ...&gt;, @glob="**/*_channel.rb", @exclude=nil, @autoload_once=false, @eager_load=true, @autoload=false, @load_path=false&gt;, "app/helpers"=&gt;#&lt;Rails::Paths::Path:0x0000558f2bcef968 @paths=["app/helpers"], @current="app/helpers", @root=#&lt;Rails::Paths::Root:0x0000558f2bcefc10 ...&gt;, @glob=nil, @exclude=nil, @autoload_once=false, @eager_load=true, @autoload=false, @load_path=false&gt;, "app/models"=&gt;#&lt;Rails::Paths::Path:0x0000558f2bcef8f0 @paths=["app/models"], @current="app/models", @root=#&lt;Rails::Paths::Root:0x0000558f2bcefc10 ...&gt;, @glob=nil, @exclude=nil, @autoload_once=false, @eager_load=true, @autoload=false, @load_path=false&gt;, "app/mailers"=&gt;#&lt;Rails::Paths::Path:0x0000558f2bcef878 @paths=["app/mailers"], @current="app/mailers", @root=#&lt;Rails::Paths::Root:0x0000558f2bcefc10 ...&gt;, @glob=nil, @exclude=nil, @autoload_once=false, @eager_load=true, @autoload=false, @load_path=false&gt;, "app/views"=&gt;#&lt;Rails::Paths::Path:0x0000558f2bcef800 @paths=["app/views"], @current="app/views", @root=#&lt;Rails::Paths::Root:0x0000558f2bcefc10 ...&gt;, @glob=nil, @exclude=nil, @autoload_once=false, @eager_load=false, @autoload=false, @load_path=false&gt;, "lib"=&gt;#&lt;Rails::Paths::Path:0x0000558f2bcef788 @paths=["lib"], @current="lib", @root=#&lt;Rails::Paths::Root:0x0000558f2bcefc10 ...&gt;, @glob=nil, @exclude=nil, @autoload_once=false, @eager_load=false, @autoload=false, @load_path=true&gt;, "lib/assets"=&gt;#&lt;Rails::Paths::Path:0x0000558f2bcef710 @paths=["lib/assets"], @current="lib/assets", @root=#&lt;Rails::Paths::Root:0x0000558f2bcefc10 ...&gt;, @glob="*", @exclude=nil, @autoload_once=false, @eager_load=false, @autoload=false, @load_path=false&gt;, "lib/tasks"=&gt;#&lt;Rails::Paths::Path:0x0000558f2bcef698 @paths=["lib/tasks"], @current="lib/tasks", @root=#&lt;Rails::Paths::Root:0x0000558f2bcefc10 ...&gt;, @glob="**/*.rake", @exclude=nil, @autoload_once=false, @eager_load=false, @autoload=false, @load_path=false&gt;, "config"=&gt;#&lt;Rails::Paths::Path:0x0000558f2bcef620 @paths=["config"], @current="config", @root=#&lt;Rails::Paths::Root:0x0000558f2bcefc10 ...&gt;, @glob=nil, @exclude=nil, @autoload_once=false, @eager_load=false, @autoload=false, @load_path=false&gt;, "config/environments"=&gt;#&lt;Rails::Paths::Path:0x0000558f2bcef580 @paths=["config/environments"], @current="config/environments", @root=#&lt;Rails::Paths::Root:0x0000558f2bcefc10 ...&gt;, @glob="test.rb", @exclude=nil, @autoload_once=false, @eager_load=false, @autoload=false, @load_path=false&gt;, "config/initializers"=&gt;#&lt;Rails::Paths::Path:0x0000558f2bcef508 @paths=["config/initializers"], @current="config/initializers", @root=#&lt;Rails::Paths::Root:0x0000558f2bcefc10 ...&gt;, @glob="**/*.rb", @exclude=nil, @autoload_once=false, @eager_load=false, @autoload=false, @load_path=false&gt;, "config/locales"=&gt;#&lt;Rails::Paths::Path:0x0000558f2bcef490 @paths=["config/locales"], @current="config/locales", @root=#&lt;Rails::Paths::Root:0x0000558f2bcefc10 ...&gt;, @glob="*.{rb,yml}", @exclude=nil, @autoload_once=false, @eager_load=false, @autoload=false, @load_path=false&gt;, "config/routes.rb"=&gt;#&lt;Rails::Paths::Path:0x0000558f2bcef418 @paths=["config/routes.rb"], @current="config/routes.rb", @root=#&lt;Rails::Paths::Root:0x0000558f2bcefc10 ...&gt;, @glob=nil, @exclude=nil, @autoload_once=false, @eager_load=false, @autoload=false, @load_path=false&gt;, "config/routes"=&gt;#&lt;Rails::Paths::Path:0x0000558f2bcef3a0 @paths=["config/routes"], @current="config/routes", @root=#&lt;Rails::Paths::Root:0x0000558f2bcefc10 ...&gt;, @glob="**/*.rb", @exclude=nil, @autoload_once=false, @eager_load=false, @autoload=false, @load_path=false&gt;, "db"=&gt;#&lt;Rails::Paths::Path:0x0000558f2bcef328 @paths=["db"], @current="db", @root=#&lt;Rails::Paths::Root:0x0000558f2bcefc10 ...&gt;, @glob=nil, @exclude=nil, @autoload_once=false, @eager_load=false, @autoload=false, @load_path=false&gt;, "db/migrate"=&gt;#&lt;Rails::Paths::Path:0x0000558f2bcef2b0 @paths=["db/migrate"], @current="db/migrate", @root=#&lt;Rails::Paths::Root:0x0000558f2bcefc10 ...&gt;, @glob=nil, @exclude=nil, @autoload_once=false, @eager_load=false, @autoload=false, @load_path=false&gt;, "db/seeds.rb"=&gt;#&lt;Rails::Paths::Path:0x0000558f2bcef238 @paths=["db/seeds.rb"], @current="db/seeds.rb", @root=#&lt;Rails::Paths::Root:0x0000558f2bcefc10 ...&gt;, @glob=nil, @exclude=nil, @autoload_once=false, @eager_load=false, @autoload=false, @load_path=false&gt;, "vendor"=&gt;#&lt;Rails::Paths::Path:0x0000558f2bcef1c0 @paths=["vendor"], @current="vendor", @root=#&lt;Rails::Paths::Root:0x0000558f2bcefc10 ...&gt;, @glob=nil, @exclude=nil, @autoload_once=false, @eager_load=false, @autoload=false, @load_path=true&gt;, "vendor/assets"=&gt;#&lt;Rails::Paths::Path:0x0000558f2bcef148 @paths=["vendor/assets"], @current="vendor/assets", @root=#&lt;Rails::Paths::Root:0x0000558f2bcefc10 ...&gt;, @glob="*", @exclude=nil, @autoload_once=false, @eager_load=false, @autoload=false, @load_path=false&gt;}&gt;, @autoload_paths=[], @eager_load_paths=[]&gt;, @env_config=nil, @helpers=nil, @routes=#&lt;ActionDispatch::Routing::RouteSet:0x0000558f2c020a10&gt;, @app_build_lock=#&lt;Thread::Mutex:0x0000558f2bcb35f8&gt;, @initializers=[#&lt;Rails::Initializable::Initializer:0x0000558f2bcc1720 @name=:load_environment_config, @context=#&lt;ActiveStorageValidations::Engine:0x0000558f2bcb3620 ...&gt;, @options={:before=&gt;:load_environment_hook, :group=&gt;:all}, @block=#&lt;Proc:0x0000558f29b2c858 /home/nameless_ghoul/.rbenv/versions/3.0.0/lib/ruby/gems/3.0.0/gems/railties-6.1.5/lib/rails/engine.rb:569&gt;&gt;, #&lt;Rails::Initializable::Initializer:0x0000558f2bcc16d0 @name=:set_load_path, @context=#&lt;ActiveStorageValidations::Engine:0x0000558f2bcb3620 ...&gt;, @options={:before=&gt;:bootstrap_hook, :after=&gt;:load_environment_config, :group=&gt;:default}, @block=#&lt;Proc:0x0000558f29b2c678 /home/nameless_ghoul/.rbenv/versions/3.0.0/lib/ruby/gems/3.0.0/gems/railties-6.1.5/lib/rails/engine.rb:575&gt;&gt;, #&lt;Rails::Initializable::Initializer:0x0000558f2bcc1680 @name=:set_autoload_paths, @context=#&lt;ActiveStorageValidations::Engine:0x0000558f2bcb3620 ...&gt;, @options={:before=&gt;:bootstrap_hook, :after=&gt;:set_load_path, :group=&gt;:default}, @block=#&lt;Proc:0x0000558f29b2c4e8 /home/nameless_ghoul/.rbenv/versions/3.0.0/lib/ruby/gems/3.0.0/gems/railties-6.1.5/lib/rails/engine.rb:587&gt;&gt;, #&lt;Rails::Initializable::Initializer:0x0000558f2bcc1630 @name=:set_eager_load_paths, @context=#&lt;ActiveStorageValidations::Engine:0x0000558f2bcb3620 ...&gt;, @options={:before=&gt;:bootstrap_hook, :after=&gt;:set_autoload_paths, :group=&gt;:default}, @block=#&lt;Proc:0x0000558f29b2c3d0 /home/nameless_ghoul/.rbenv/versions/3.0.0/lib/ruby/gems/3.0.0/gems/railties-6.1.5/lib/rails/engine.rb:595&gt;&gt;, #&lt;Rails::Initializable::Initializer:0x0000558f2bcc15e0 @name=:add_routing_paths, @context=#&lt;ActiveStorageValidations::Engine:0x0000558f2bcb3620 ...&gt;, @options={:after=&gt;:set_eager_load_paths, :group=&gt;:default}, @block=#&lt;Proc:0x0000558f29b2c2b8 /home/nameless_ghoul/.rbenv/versions/3.0.0/lib/ruby/gems/3.0.0/gems/railties-6.1.5/lib/rails/engine.rb:600&gt;&gt;, #&lt;Rails::Initializable::Initializer:0x0000558f2bcc1590 @name=:add_locales, @context=#&lt;ActiveStorageValidations::Engine:0x0000558f2bcb3620 ...&gt;, @options={:after=&gt;:add_routing_paths, :group=&gt;:default}, @block=#&lt;Proc:0x0000558f29b2c1c8 /home/nameless_ghoul/.rbenv/versions/3.0.0/lib/ruby/gems/3.0.0/gems/railties-6.1.5/lib/rails/engine.rb:614&gt;&gt;, #&lt;Rails::Initializable::Initializer:0x0000558f2bcc1540 @name=:add_view_paths, @context=#&lt;ActiveStorageValidations::Engine:0x0000558f2bcb3620 ...&gt;, @options={:after=&gt;:add_locales, :group=&gt;:default}, @block=#&lt;Proc:0x0000558f29b2c0d8 /home/nameless_ghoul/.rbenv/versions/3.0.0/lib/ruby/gems/3.0.0/gems/railties-6.1.5/lib/rails/engine.rb:618&gt;&gt;, #&lt;Rails::Initializable::Initializer:0x0000558f2bcc14f0 @name=:prepend_helpers_path, @context=#&lt;ActiveStorageValidations::Engine:0x0000558f2bcb3620 ...&gt;, @options={:after=&gt;:add_view_paths, :group=&gt;:default}, @block=#&lt;Proc:0x0000558f28f17f18 /home/nameless_ghoul/.rbenv/versions/3.0.0/lib/ruby/gems/3.0.0/gems/railties-6.1.5/lib/rails/engine.rb:626&gt;&gt;, #&lt;Rails::Initializable::Initializer:0x0000558f2bcc14a0 @name=:load_config_initializers, @context=#&lt;ActiveStorageValidations::Engine:0x0000558f2bcb3620 ...&gt;, @options={:after=&gt;:prepend_helpers_path, :group=&gt;:default}, @block=#&lt;Proc:0x0000558f28f17608 /home/nameless_ghoul/.rbenv/versions/3.0.0/lib/ruby/gems/3.0.0/gems/railties-6.1.5/lib/rails/engine.rb:632&gt;&gt;, #&lt;Rails::Initializable::Initializer:0x0000558f2bcc1450 @name=:wrap_executor_around_load_seed, @context=#&lt;ActiveStorageValidations::Engine:0x0000558f2bcb3620 ...&gt;, @options={:after=&gt;:load_config_initializers, :group=&gt;:default}, @block=#&lt;Proc:0x0000558f28f16e60 /home/nameless_ghoul/.rbenv/versions/3.0.0/lib/ruby/gems/3.0.0/gems/railties-6.1.5/lib/rails/engine.rb:638&gt;&gt;, #&lt;Rails::Initializable::Initializer:0x0000558f2bcc1400 @name=:engines_blank_point, @context=#&lt;ActiveStorageValidations::Engine:0x0000558f2bcb3620 ...&gt;, @options={:after=&gt;:wrap_executor_around_load_seed, :group=&gt;:default}, @block=#&lt;Proc:0x0000558f28f16960 /home/nameless_ghoul/.rbenv/versions/3.0.0/lib/ruby/gems/3.0.0/gems/railties-6.1.5/lib/rails/engine.rb:644&gt;&gt;, #&lt;Rails::Initializable::Initializer:0x0000558f2bcc13b0 @name=:append_assets_path, @context=#&lt;ActiveStorageValidations::Engine:0x0000558f2bcb3620 ...&gt;, @options={:group=&gt;:all, :after=&gt;:engines_blank_point}, @block=#&lt;Proc:0x0000558f29c70d40 /home/nameless_ghoul/.rbenv/versions/3.0.0/lib/ruby/gems/3.0.0/gems/sprockets-rails-3.4.2/lib/sprockets/railtie.rb:60&gt;&gt;]&gt;, #&lt;Bootstrap::Willpaginate::Engine:0x0000558f2bcb3558 @_all_autoload_paths=[], @_all_load_paths=["/home/nameless_ghoul/.rbenv/versions/3.0.0/lib/ruby/gems/3.0.0/gems/bootstrap-will_paginate-1.0.0/lib"], @app=nil, @config=#&lt;Rails::Engine::Configuration:0x0000558f2bceeb58 @root=#&lt;Pathname:/home/nameless_ghoul/.rbenv/versions/3.0.0/lib/ruby/gems/3.0.0/gems/bootstrap-will_paginate-1.0.0&gt;, @generators=#&lt;Rails::Configuration::Generators:0x0000558f2bceeb30 @aliases={}, @options={:rails=&gt;{:orm=&gt;:active_record, :test_framework=&gt;:test_unit, :integration_tool=&gt;:test_unit, :system_tests=&gt;:test_unit, :stylesheet_engine=&gt;:scss}, :active_record=&gt;{:migration=&gt;true, :timestamps=&gt;true}, :test_unit=&gt;{:fixture=&gt;true, :fixture_replacement=&gt;nil}}, @fallbacks={}, @templates=[], @colorize_logging=true, @api_only=false, @hidden_namespaces=["sass"], @after_generate_callbacks=[]&gt;, @middleware=#&lt;Rails::Configuration::MiddlewareStackProxy:0x0000558f2bcee9f0 @operations=[], @delete_operations=[]&gt;, @javascript_path="javascript", @autoload_once_paths=[], @paths=#&lt;Rails::Paths::Root:0x0000558f2bcee978 @path=#&lt;Pathname:/home/nameless_ghoul/.rbenv/versions/3.0.0/lib/ruby/gems/3.0.0/gems/bootstrap-will_paginate-1.0.0&gt;, @root={"app"=&gt;#&lt;Rails::Paths::Path:0x0000558f2bcee8b0 @paths=["app"], @current="app", @root=#&lt;Rails::Paths::Root:0x0000558f2bcee978 ...&gt;, @glob="{*,*/concerns}", @exclude=["assets", "javascript"], @autoload_once=false, @eager_load=true, @autoload=false, @load_path=false&gt;, "app/assets"=&gt;#&lt;Rails::Paths::Path:0x0000558f2bcee838 @paths=["app/assets"], @current="app/assets", @root=#&lt;Rails::Paths::Root:0x0000558f2bcee978 ...&gt;, @glob="*", @exclude=nil, @autoload_once=false, @eager_load=false, @autoload=false, @load_path=false&gt;, "app/controllers"=&gt;#&lt;Rails::Paths::Path:0x0000558f2bcee7c0 @paths=["app/controllers"], @current="app/controllers", @root=#&lt;Rails::Paths::Root:0x0000558f2bcee978 ...&gt;, @glob=nil, @exclude=nil, @autoload_once=false, @eager_load=true, @autoload=false, @load_path=false&gt;, "app/channels"=&gt;#&lt;Rails::Paths::Path:0x0000558f2bcee748 @paths=["app/channels"], @current="app/channels", @root=#&lt;Rails::Paths::Root:0x0000558f2bcee978 ...&gt;, @glob="**/*_channel.rb", @exclude=nil, @autoload_once=false, @eager_load=true, @autoload=false, @load_path=false&gt;, "app/helpers"=&gt;#&lt;Rails::Paths::Path:0x0000558f2bcee6d0 @paths=["app/helpers"], @current="app/helpers", @root=#&lt;Rails::Paths::Root:0x0000558f2bcee978 ...&gt;, @glob=nil, @exclude=nil, @autoload_once=false, @eager_load=true, @autoload=false, @load_path=false&gt;, "app/models"=&gt;#&lt;Rails::Paths::Path:0x0000558f2bcee658 @paths=["app/models"], @current="app/models", @root=#&lt;Rails::Paths::Root:0x0000558f2bcee978 ...&gt;, @glob=nil, @exclude=nil, @autoload_once=false, @eager_load=true, @autoload=false, @load_path=false&gt;, "app/mailers"=&gt;#&lt;Rails::Paths::Path:0x0000558f2bcee5e0 @paths=["app/mailers"], @current="app/mailers", @root=#&lt;Rails::Paths::Root:0x0000558f2bcee978 ...&gt;, @glob=nil, @exclude=nil, @autoload_once=false, @eager_load=true, @autoload=false, @load_path=false&gt;, "app/views"=&gt;#&lt;Rails::Paths::Path:0x0000558f2bcee568 @paths=["app/views"], @current="app/views", @root=#&lt;Rails::Paths::Root:0x0000558f2bcee978 ...&gt;, @glob=nil, @exclude=nil, @autoload_once=false, @eager_load=false, @autoload=false, @load_path=false&gt;, "lib"=&gt;#&lt;Rails::Paths::Path:0x0000558f2bcee4f0 @paths=["lib"], @current="lib", @root=#&lt;Rails::Paths::Root:0x0000558f2bcee978 ...&gt;, @glob=nil, @exclude=nil, @autoload_once=false, @eager_load=false, @autoload=false, @load_path=true&gt;, "lib/assets"=&gt;#&lt;Rails::Paths::Path:0x0000558f2bcee478 @paths=["lib/assets"], @current="lib/assets", @root=#&lt;Rails::Paths::Root:0x0000558f2bcee978 ...&gt;, @glob="*", @exclude=nil, @autoload_once=false, @eager_load=false, @autoload=false, @load_path=false&gt;, "lib/tasks"=&gt;#&lt;Rails::Paths::Path:0x0000558f2bcee400 @paths=["lib/tasks"], @current="lib/tasks", @root=#&lt;Rails::Paths::Root:0x0000558f2bcee978 ...&gt;, @glob="**/*.rake", @exclude=nil, @autoload_once=false, @eager_load=false, @autoload=false, @load_path=false&gt;, "config"=&gt;#&lt;Rails::Paths::Path:0x0000558f2bcee388 @paths=["config"], @current="config", @root=#&lt;Rails::Paths::Root:0x0000558f2bcee978 ...&gt;, @glob=nil, @exclude=nil, @autoload_once=false, @eager_load=false, @autoload=false, @load_path=false&gt;, "config/environments"=&gt;#&lt;Rails::Paths::Path:0x0000558f2bcee2e8 @paths=["config/environments"], @current="config/environments", @root=#&lt;Rails::Paths::Root:0x0000558f2bcee978 ...&gt;, @glob="test.rb", @exclude=nil, @autoload_once=false, @eager_load=false, @autoload=false, @load_path=false&gt;, "config/initializers"=&gt;#&lt;Rails::Paths::Path:0x0000558f2bcee270 @paths=["config/initializers"], @current="config/initializers", @root=#&lt;Rails::Paths::Root:0x0000558f2bcee978 ...&gt;, @glob="**/*.rb", @exclude=nil, @autoload_once=false, @eager_load=false, @autoload=false, @load_path=false&gt;, "config/locales"=&gt;#&lt;Rails::Paths::Path:0x0000558f2bcee1f8 @paths=["config/locales"], @current="config/locales", @root=#&lt;Rails::Paths::Root:0x0000558f2bcee978 ...&gt;, @glob="*.{rb,yml}", @exclude=nil, @autoload_once=false, @eager_load=false, @autoload=false, @load_path=false&gt;, "config/routes.rb"=&gt;#&lt;Rails::Paths::Path:0x0000558f2bcee180 @paths=["config/routes.rb"], @current="config/routes.rb", @root=#&lt;Rails::Paths::Root:0x0000558f2bcee978 ...&gt;, @glob=nil, @exclude=nil, @autoload_once=false, @eager_load=false, @autoload=false, @load_path=false&gt;, "config/routes"=&gt;#&lt;Rails::Paths::Path:0x0000558f2bcee108 @paths=["config/routes"], @current="config/routes", @root=#&lt;Rails::Paths::Root:0x0000558f2bcee978 ...&gt;, @glob="**/*.rb", @exclude=nil, @autoload_once=false, @eager_load=false, @autoload=false, @load_path=false&gt;, "db"=&gt;#&lt;Rails::Paths::Path:0x0000558f2bcee090 @paths=["db"], @current="db", @root=#&lt;Rails::Paths::Root:0x0000558f2bcee978 ...&gt;, @glob=nil, @exclude=nil, @autoload_once=false, @eager_load=false, @autoload=false, @load_path=false&gt;, "db/migrate"=&gt;#&lt;Rails::Paths::Path:0x0000558f2bcee018 @paths=["db/migrate"], @current="db/migrate", @root=#&lt;Rails::Paths::Root:0x0000558f2bcee978 ...&gt;, @glob=nil, @exclude=nil, @autoload_once=false, @eager_load=false, @autoload=false, @load_path=false&gt;, "db/seeds.rb"=&gt;#&lt;Rails::Paths::Path:0x0000558f2bcedfa0 @paths=["db/seeds.rb"], @current="db/seeds.rb", @root=#&lt;Rails::Paths::Root:0x0000558f2bcee978 ...&gt;, @glob=nil, @exclude=nil, @autoload_once=false, @eager_load=false, @autoload=false, @load_path=false&gt;, "vendor"=&gt;#&lt;Rails::Paths::Path:0x0000558f2bcedf28 @paths=["vendor"], @current="vendor", @root=#&lt;Rails::Paths::Root:0x0000558f2bcee978 ...&gt;, @glob=nil, @exclude=nil, @autoload_once=false, @eager_load=false, @autoload=false, @load_path=true&gt;, "vendor/assets"=&gt;#&lt;Rails::Paths::Path:0x0000558f2bcedeb0 @paths=["vendor/assets"], @current="vendor/assets", @root=#&lt;Rails::Paths::Root:0x0000558f2bcee978 ...&gt;, @glob="*", @exclude=nil, @autoload_once=false, @eager_load=false, @autoload=false, @load_path=false&gt;}&gt;, @autoload_paths=[], @eager_load_paths=[]&gt;, @env_config=nil, @helpers=nil, @routes=#&lt;ActionDispatch::Routing::RouteSet:0x0000558f2c02bd70&gt;, @app_build_lock=#&lt;Thread::Mutex:0x0000558f2bcb3530&gt;, @initializers=[#&lt;Rails::Initializable::Initializer:0x0000558f2bcc0f00 @name=:load_environment_config, @context=#&lt;Bootstrap::Willpaginate::Engine:0x0000558f2bcb3558 ...&gt;, @options={:before=&gt;:load_environment_hook, :group=&gt;:all}, @block=#&lt;Proc:0x0000558f29b2c858 /home/nameless_ghoul/.rbenv/versions/3.0.0/lib/ruby/gems/3.0.0/gems/railties-6.1.5/lib/rails/engine.rb:569&gt;&gt;, #&lt;Rails::Initializable::Initializer:0x0000558f2bcc0eb0 @name=:set_load_path, @context=#&lt;Bootstrap::Willpaginate::Engine:0x0000558f2bcb3558 ...&gt;, @options={:before=&gt;:bootstrap_hook, :after=&gt;:load_environment_config, :group=&gt;:default}, @block=#&lt;Proc:0x0000558f29b2c678 /home/nameless_ghoul/.rbenv/versions/3.0.0/lib/ruby/gems/3.0.0/gems/railties-6.1.5/lib/rails/engine.rb:575&gt;&gt;, #&lt;Rails::Initializable::Initializer:0x0000558f2bcc0e60 @name=:set_autoload_paths, @context=#&lt;Bootstrap::Willpaginate::Engine:0x0000558f2bcb3558 ...&gt;, @options={:before=&gt;:bootstrap_hook, :after=&gt;:set_load_path, :group=&gt;:default}, @block=#&lt;Proc:0x0000558f29b2c4e8 /home/nameless_ghoul/.rbenv/versions/3.0.0/lib/ruby/gems/3.0.0/gems/railties-6.1.5/lib/rails/engine.rb:587&gt;&gt;, #&lt;Rails::Initializable::Initializer:0x0000558f2bcc0e10 @name=:set_eager_load_paths, @context=#&lt;Bootstrap::Willpaginate::Engine:0x0000558f2bcb3558 ...&gt;, @options={:before=&gt;:bootstrap_hook, :after=&gt;:set_autoload_paths, :group=&gt;:default}, @block=#&lt;Proc:0x0000558f29b2c3d0 /home/nameless_ghoul/.rbenv/versions/3.0.0/lib/ruby/gems/3.0.0/gems/railties-6.1.5/lib/rails/engine.rb:595&gt;&gt;, #&lt;Rails::Initializable::Initializer:0x0000558f2bcc0dc0 @name=:add_routing_paths, @context=#&lt;Bootstrap::Willpaginate::Engine:0x0000558f2bcb3558 ...&gt;, @options={:after=&gt;:set_eager_load_paths, :group=&gt;:default}, @block=#&lt;Proc:0x0000558f29b2c2b8 /home/nameless_ghoul/.rbenv/versions/3.0.0/lib/ruby/gems/3.0.0/gems/railties-6.1.5/lib/rails/engine.rb:600&gt;&gt;, #&lt;Rails::Initializable::Initializer:0x0000558f2bcc0d70 @name=:add_locales, @context=#&lt;Bootstrap::Willpaginate::Engine:0x0000558f2bcb3558 ...&gt;, @options={:after=&gt;:add_routing_paths, :group=&gt;:default}, @block=#&lt;Proc:0x0000558f29b2c1c8 /home/nameless_ghoul/.rbenv/versions/3.0.0/lib/ruby/gems/3.0.0/gems/railties-6.1.5/lib/rails/engine.rb:614&gt;&gt;, #&lt;Rails::Initializable::Initializer:0x0000558f2bcc0d20 @name=:add_view_paths, @context=#&lt;Bootstrap::Willpaginate::Engine:0x0000558f2bcb3558 ...&gt;, @options={:after=&gt;:add_locales, :group=&gt;:default}, @block=#&lt;Proc:0x0000558f29b2c0d8 /home/nameless_ghoul/.rbenv/versions/3.0.0/lib/ruby/gems/3.0.0/gems/railties-6.1.5/lib/rails/engine.rb:618&gt;&gt;, #&lt;Rails::Initializable::Initializer:0x0000558f2bcc0cd0 @name=:prepend_helpers_path, @context=#&lt;Bootstrap::Willpaginate::Engine:0x0000558f2bcb3558 ...&gt;, @options={:after=&gt;:add_view_paths, :group=&gt;:default}, @block=#&lt;Proc:0x0000558f28f17f18 /home/nameless_ghoul/.rbenv/versions/3.0.0/lib/ruby/gems/3.0.0/gems/railties-6.1.5/lib/rails/engine.rb:626&gt;&gt;, #&lt;Rails::Initializable::Initializer:0x0000558f2bcc0c80 @name=:load_config_initializers, @context=#&lt;Bootstrap::Willpaginate::Engine:0x0000558f2bcb3558 ...&gt;, @options={:after=&gt;:prepend_helpers_path, :group=&gt;:default}, @block=#&lt;Proc:0x0000558f28f17608 /home/nameless_ghoul/.rbenv/versions/3.0.0/lib/ruby/gems/3.0.0/gems/railties-6.1.5/lib/rails/engine.rb:632&gt;&gt;, #&lt;Rails::Initializable::Initializer:0x0000558f2bcc0c30 @name=:wrap_executor_around_load_seed, @context=#&lt;Bootstrap::Willpaginate::Engine:0x0000558f2bcb3558 ...&gt;, @options={:after=&gt;:load_config_initializers, :group=&gt;:default}, @block=#&lt;Proc:0x0000558f28f16e60 /home/nameless_ghoul/.rbenv/versions/3.0.0/lib/ruby/gems/3.0.0/gems/railties-6.1.5/lib/rails/engine.rb:638&gt;&gt;, #&lt;Rails::Initializable::Initializer:0x0000558f2bcc0be0 @name=:engines_blank_point, @context=#&lt;Bootstrap::Willpaginate::Engine:0x0000558f2bcb3558 ...&gt;, @options={:after=&gt;:wrap_executor_around_load_seed, :group=&gt;:default}, @block=#&lt;Proc:0x0000558f28f16960 /home/nameless_ghoul/.rbenv/versions/3.0.0/lib/ruby/gems/3.0.0/gems/railties-6.1.5/lib/rails/engine.rb:644&gt;&gt;, #&lt;Rails::Initializable::Initializer:0x0000558f2bcc0b90 @name=:append_assets_path, @context=#&lt;Bootstrap::Willpaginate::Engine:0x0000558f2bcb3558 ...&gt;, @options={:group=&gt;:all, :after=&gt;:engines_blank_point}, @block=#&lt;Proc:0x0000558f29c70d40 /home/nameless_ghoul/.rbenv/versions/3.0.0/lib/ruby/gems/3.0.0/gems/sprockets-rails-3.4.2/lib/sprockets/railtie.rb:60&gt;&gt;]&gt;, #&lt;Bootstrap::Rails::Engine:0x0000558f2bcb3490 @_all_autoload_paths=[], @_all_load_paths=["/home/nameless_ghoul/.rbenv/versions/3.0.0/lib/ruby/gems/3.0.0/gems/bootstrap-sass-3.4.1/lib"], @app=nil, @config=#&lt;Rails::Engine::Configuration:0x0000558f2bced820 @root=#&lt;Pathname:/home/nameless_ghoul/.rbenv/versions/3.0.0/lib/ruby/gems/3.0.0/gems/bootstrap-sass-3.4.1&gt;, @generators=#&lt;Rails::Configuration::Generators:0x0000558f2bced7f8 @aliases={}, @options={:rails=&gt;{:orm=&gt;:active_record, :test_framework=&gt;:test_unit, :integration_tool=&gt;:test_unit, :system_tests=&gt;:test_unit, :stylesheet_engine=&gt;:scss}, :active_record=&gt;{:migration=&gt;true, :timestamps=&gt;true}, :test_unit=&gt;{:fixture=&gt;true, :fixture_replacement=&gt;nil}}, @fallbacks={}, @templates=[], @colorize_logging=true, @api_only=false, @hidden_namespaces=["sass"], @after_generate_callbacks=[]&gt;, @middleware=#&lt;Rails::Configuration::MiddlewareStackProxy:0x0000558f2bced6b8 @operations=[], @delete_operations=[]&gt;, @javascript_path="javascript", @autoload_once_paths=[], @paths=#&lt;Rails::Paths::Root:0x0000558f2bced640 @path=#&lt;Pathname:/home/nameless_ghoul/.rbenv/versions/3.0.0/lib/ruby/gems/3.0.0/gems/bootstrap-sass-3.4.1&gt;, @root={"app"=&gt;#&lt;Rails::Paths::Path:0x0000558f2bced578 @paths=["app"], @current="app", @root=#&lt;Rails::Paths::Root:0x0000558f2bced640 ...&gt;, @glob="{*,*/concerns}", @exclude=["assets", "javascript"], @autoload_once=false, @eager_load=true, @autoload=false, @load_path=false&gt;, "app/assets"=&gt;#&lt;Rails::Paths::Path:0x0000558f2bced500 @paths=["app/assets"], @current="app/assets", @root=#&lt;Rails::Paths::Root:0x0000558f2bced640 ...&gt;, @glob="*", @exclude=nil, @autoload_once=false, @eager_load=false, @autoload=false, @load_path=false&gt;, "app/controllers"=&gt;#&lt;Rails::Paths::Path:0x0000558f2bced488 @paths=["app/controllers"], @current="app/controllers", @root=#&lt;Rails::Paths::Root:0x0000558f2bced640 ...&gt;, @glob=nil, @exclude=nil, @autoload_once=false, @eager_load=true, @autoload=false, @load_path=false&gt;, "app/channels"=&gt;#&lt;Rails::Paths::Path:0x0000558f2bced410 @paths=["app/channels"], @current="app/channels", @root=#&lt;Rails::Paths::Root:0x0000558f2bced640 ...&gt;, @glob="**/*_channel.rb", @exclude=nil, @autoload_once=false, @eager_load=true, @autoload=false, @load_path=false&gt;, "app/helpers"=&gt;#&lt;Rails::Paths::Path:0x0000558f2bced398 @paths=["app/helpers"], @current="app/helpers", @root=#&lt;Rails::Paths::Root:0x0000558f2bced640 ...&gt;, @glob=nil, @exclude=nil, @autoload_once=false, @eager_load=true, @autoload=false, @load_path=false&gt;, "app/models"=&gt;#&lt;Rails::Paths::Path:0x0000558f2bced320 @paths=["app/models"], @current="app/models", @root=#&lt;Rails::Paths::Root:0x0000558f2bced640 ...&gt;, @glob=nil, @exclude=nil, @autoload_once=false, @eager_load=true, @autoload=false, @load_path=false&gt;, "app/mailers"=&gt;#&lt;Rails::Paths::Path:0x0000558f2bced2a8 @paths=["app/mailers"], @current="app/mailers", @root=#&lt;Rails::Paths::Root:0x0000558f2bced640 ...&gt;, @glob=nil, @exclude=nil, @autoload_once=false, @eager_load=true, @autoload=false, @load_path=false&gt;, "app/views"=&gt;#&lt;Rails::Paths::Path:0x0000558f2bced230 @paths=["app/views"], @current="app/views", @root=#&lt;Rails::Paths::Root:0x0000558f2bced640 ...&gt;, @glob=nil, @exclude=nil, @autoload_once=false, @eager_load=false, @autoload=false, @load_path=false&gt;, "lib"=&gt;#&lt;Rails::Paths::Path:0x0000558f2bced1b8 @paths=["lib"], @current="lib", @root=#&lt;Rails::Paths::Root:0x0000558f2bced640 ...&gt;, @glob=nil, @exclude=nil, @autoload_once=false, @eager_load=false, @autoload=false, @load_path=true&gt;, "lib/assets"=&gt;#&lt;Rails::Paths::Path:0x0000558f2bced140 @paths=["lib/assets"], @current="lib/assets", @root=#&lt;Rails::Paths::Root:0x0000558f2bced640 ...&gt;, @glob="*", @exclude=nil, @autoload_once=false, @eager_load=false, @autoload=false, @load_path=false&gt;, "lib/tasks"=&gt;#&lt;Rails::Paths::Path:0x0000558f2bced0c8 @paths=["lib/tasks"], @current="lib/tasks", @root=#&lt;Rails::Paths::Root:0x0000558f2bced640 ...&gt;, @glob="**/*.rake", @exclude=nil, @autoload_once=false, @eager_load=false, @autoload=false, @load_path=false&gt;, "config"=&gt;#&lt;Rails::Paths::Path:0x0000558f2bced050 @paths=["config"], @current="config", @root=#&lt;Rails::Paths::Root:0x0000558f2bced640 ...&gt;, @glob=nil, @exclude=nil, @autoload_once=false, @eager_load=false, @autoload=false, @load_path=false&gt;, "config/environments"=&gt;#&lt;Rails::Paths::Path:0x0000558f2bcecfb0 @paths=["config/environments"], @current="config/environments", @root=#&lt;Rails::Paths::Root:0x0000558f2bced640 ...&gt;, @glob="test.rb", @exclude=nil, @autoload_once=false, @eager_load=false, @autoload=false, @load_path=false&gt;, "config/initializers"=&gt;#&lt;Rails::Paths::Path:0x0000558f2bcecf38 @paths=["config/initializers"], @current="config/initializers", @root=#&lt;Rails::Paths::Root:0x0000558f2bced640 ...&gt;, @glob="**/*.rb", @exclude=nil, @autoload_once=false, @eager_load=false, @autoload=false, @load_path=false&gt;, "config/locales"=&gt;#&lt;Rails::Paths::Path:0x0000558f2bcecec0 @paths=["config/locales"], @current="config/locales", @root=#&lt;Rails::Paths::Root:0x0000558f2bced640 ...&gt;, @glob="*.{rb,yml}", @exclude=nil, @autoload_once=false, @eager_load=false, @autoload=false, @load_path=false&gt;, "config/routes.rb"=&gt;#&lt;Rails::Paths::Path:0x0000558f2bcece48 @paths=["config/routes.rb"], @current="config/routes.rb", @root=#&lt;Rails::Paths::Root:0x0000558f2bced640 ...&gt;, @glob=nil, @exclude=nil, @autoload_once=false, @eager_load=false, @autoload=false, @load_path=false&gt;, "config/routes"=&gt;#&lt;Rails::Paths::Path:0x0000558f2bcecdd0 @paths=["config/routes"], @current="config/routes", @root=#&lt;Rails::Paths::Root:0x0000558f2bced640 ...&gt;, @glob="**/*.rb", @exclude=nil, @autoload_once=false, @eager_load=false, @autoload=false, @load_path=false&gt;, "db"=&gt;#&lt;Rails::Paths::Path:0x0000558f2bcecd58 @paths=["db"], @current="db", @root=#&lt;Rails::Paths::Root:0x0000558f2bced640 ...&gt;, @glob=nil, @exclude=nil, @autoload_once=false, @eager_load=false, @autoload=false, @load_path=false&gt;, "db/migrate"=&gt;#&lt;Rails::Paths::Path:0x0000558f2bcecce0 @paths=["db/migrate"], @current="db/migrate", @root=#&lt;Rails::Paths::Root:0x0000558f2bced640 ...&gt;, @glob=nil, @exclude=nil, @autoload_once=false, @eager_load=false, @autoload=false, @load_path=false&gt;, "db/seeds.rb"=&gt;#&lt;Rails::Paths::Path:0x0000558f2bcecc68 @paths=["db/seeds.rb"], @current="db/seeds.rb", @root=#&lt;Rails::Paths::Root:0x0000558f2bced640 ...&gt;, @glob=nil, @exclude=nil, @autoload_once=false, @eager_load=false, @autoload=false, @load_path=false&gt;, "vendor"=&gt;#&lt;Rails::Paths::Path:0x0000558f2bcecbf0 @paths=["vendor"], @current="vendor", @root=#&lt;Rails::Paths::Root:0x0000558f2bced640 ...&gt;, @glob=nil, @exclude=nil, @autoload_once=false, @eager_load=false, @autoload=false, @load_path=true&gt;, "vendor/assets"=&gt;#&lt;Rails::Paths::Path:0x0000558f2bcecb78 @paths=["vendor/assets"], @current="vendor/assets", @root=#&lt;Rails::Paths::Root:0x0000558f2bced640 ...&gt;, @glob="*", @exclude=nil, @autoload_once=false, @eager_load=false, @autoload=false, @load_path=false&gt;}&gt;, @autoload_paths=[], @eager_load_paths=[]&gt;, @env_config=nil, @helpers=nil, @routes=#&lt;ActionDispatch::Routing::RouteSet:0x0000558f2c02b0f0&gt;, @app_build_lock=#&lt;Thread::Mutex:0x0000558f2bcb3468&gt;, @initializers=[#&lt;Rails::Initializable::Initializer:0x0000558f2bcc0708 @name=:load_environment_config, @context=#&lt;Bootstrap::Rails::Engine:0x0000558f2bcb3490 ...&gt;, @options={:before=&gt;:load_environment_hook, :group=&gt;:all}, @block=#&lt;Proc:0x0000558f29b2c858 /home/nameless_ghoul/.rbenv/versions/3.0.0/lib/ruby/gems/3.0.0/gems/railties-6.1.5/lib/rails/engine.rb:569&gt;&gt;, #&lt;Rails::Initializable::Initializer:0x0000558f2bcc06b8 @name=:set_load_path, @context=#&lt;Bootstrap::Rails::Engine:0x0000558f2bcb3490 ...&gt;, @options={:before=&gt;:bootstrap_hook, :after=&gt;:load_environment_config, :group=&gt;:default}, @block=#&lt;Proc:0x0000558f29b2c678 /home/nameless_ghoul/.rbenv/versions/3.0.0/lib/ruby/gems/3.0.0/gems/railties-6.1.5/lib/rails/engine.rb:575&gt;&gt;, #&lt;Rails::Initializable::Initializer:0x0000558f2bcc0668 @name=:set_autoload_paths, @context=#&lt;Bootstrap::Rails::Engine:0x0000558f2bcb3490 ...&gt;, @options={:before=&gt;:bootstrap_hook, :after=&gt;:set_load_path, :group=&gt;:default}, @block=#&lt;Proc:0x0000558f29b2c4e8 /home/nameless_ghoul/.rbenv/versions/3.0.0/lib/ruby/gems/3.0.0/gems/railties-6.1.5/lib/rails/engine.rb:587&gt;&gt;, #&lt;Rails::Initializable::Initializer:0x0000558f2bcc0618 @name=:set_eager_load_paths, @context=#&lt;Bootstrap::Rails::Engine:0x0000558f2bcb3490 ...&gt;, @options={:before=&gt;:bootstrap_hook, :after=&gt;:set_autoload_paths, :group=&gt;:default}, @block=#&lt;Proc:0x0000558f29b2c3d0 /home/nameless_ghoul/.rbenv/versions/3.0.0/lib/ruby/gems/3.0.0/gems/railties-6.1.5/lib/rails/engine.rb:595&gt;&gt;, #&lt;Rails::Initializable::Initializer:0x0000558f2bcc05c8 @name=:add_routing_paths, @context=#&lt;Bootstrap::Rails::Engine:0x0000558f2bcb3490 ...&gt;, @options={:after=&gt;:set_eager_load_paths, :group=&gt;:default}, @block=#&lt;Proc:0x0000558f29b2c2b8 /home/nameless_ghoul/.rbenv/versions/3.0.0/lib/ruby/gems/3.0.0/gems/railties-6.1.5/lib/rails/engine.rb:600&gt;&gt;, #&lt;Rails::Initializable::Initializer:0x0000558f2bcc0578 @name=:add_locales, @context=#&lt;Bootstrap::Rails::Engine:0x0000558f2bcb3490 ...&gt;, @options={:after=&gt;:add_routing_paths, :group=&gt;:default}, @block=#&lt;Proc:0x0000558f29b2c1c8 /home/nameless_ghoul/.rbenv/versions/3.0.0/lib/ruby/gems/3.0.0/gems/railties-6.1.5/lib/rails/engine.rb:614&gt;&gt;, #&lt;Rails::Initializable::Initializer:0x0000558f2bcc0528 @name=:add_view_paths, @context=#&lt;Bootstrap::Rails::Engine:0x0000558f2bcb3490 ...&gt;, @options={:after=&gt;:add_locales, :group=&gt;:default}, @block=#&lt;Proc:0x0000558f29b2c0d8 /home/nameless_ghoul/.rbenv/versions/3.0.0/lib/ruby/gems/3.0.0/gems/railties-6.1.5/lib/rails/engine.rb:618&gt;&gt;, #&lt;Rails::Initializable::Initializer:0x0000558f2bcc04d8 @name=:prepend_helpers_path, @context=#&lt;Bootstrap::Rails::Engine:0x0000558f2bcb3490 ...&gt;, @options={:after=&gt;:add_view_paths, :group=&gt;:default}, @block=#&lt;Proc:0x0000558f28f17f18 /home/nameless_ghoul/.rbenv/versions/3.0.0/lib/ruby/gems/3.0.0/gems/railties-6.1.5/lib/rails/engine.rb:626&gt;&gt;, #&lt;Rails::Initializable::Initializer:0x0000558f2bcc0488 @name=:load_config_initializers, @context=#&lt;Bootstrap::Rails::Engine:0x0000558f2bcb3490 ...&gt;, @options={:after=&gt;:prepend_helpers_path, :group=&gt;:default}, @block=#&lt;Proc:0x0000558f28f17608 /home/nameless_ghoul/.rbenv/versions/3.0.0/lib/ruby/gems/3.0.0/gems/railties-6.1.5/lib/rails/engine.rb:632&gt;&gt;, #&lt;Rails::Initializable::Initializer:0x0000558f2bcc0438 @name=:wrap_executor_around_load_seed, @context=#&lt;Bootstrap::Rails::Engine:0x0000558f2bcb3490 ...&gt;, @options={:after=&gt;:load_config_initializers, :group=&gt;:default}, @block=#&lt;Proc:0x0000558f28f16e60 /home/nameless_ghoul/.rbenv/versions/3.0.0/lib/ruby/gems/3.0.0/gems/railties-6.1.5/lib/rails/engine.rb:638&gt;&gt;, #&lt;Rails::Initializable::Initializer:0x0000558f2bcc03e8 @name=:engines_blank_point, @context=#&lt;Bootstrap::Rails::Engine:0x0000558f2bcb3490 ...&gt;, @options={:after=&gt;:wrap_executor_around_load_seed, :group=&gt;:default}, @block=#&lt;Proc:0x0000558f28f16960 /home/nameless_ghoul/.rbenv/versions/3.0.0/lib/ruby/gems/3.0.0/gems/railties-6.1.5/lib/rails/engine.rb:644&gt;&gt;, #&lt;Rails::Initializable::Initializer:0x0000558f2bcc0398 @name=:append_assets_path, @context=#&lt;Bootstrap::Rails::Engine:0x0000558f2bcb3490 ...&gt;, @options={:group=&gt;:all, :after=&gt;:engines_blank_point}, @block=#&lt;Proc:0x0000558f29c70d40 /home/nameless_ghoul/.rbenv/versions/3.0.0/lib/ruby/gems/3.0.0/gems/sprockets-rails-3.4.2/lib/sprockets/railtie.rb:60&gt;&gt;, #&lt;Rails::Initializable::Initializer:0x0000558f2bcc0348 @name="bootstrap-sass.assets.precompile", @context=#&lt;Bootstrap::Rails::Engine:0x0000558f2bcb3490 ...&gt;, @options={:group=&gt;:default}, @block=#&lt;Proc:0x0000558f2b3a1320 /home/nameless_ghoul/.rbenv/versions/3.0.0/lib/ruby/gems/3.0.0/gems/bootstrap-sass-3.4.1/lib/bootstrap-sass/engine.rb:4&gt;&gt;]&gt;]&gt;, @message_verifiers={"ActiveStorage"=&gt;#&lt;ActiveSupport::MessageVerifier:0x0000558f2c3c87f8 @secret="E\xEB\x93\xEEO3\x03\xA7\x10\xF9\xDDU\e\x9E\xA7\x8F\x98\xDA\x00\x1A\xFA\xB4Uw@v\xE3Q@c\xB2}\xD5\x92\xA7\xBAd- z\xEE\x12\x87\xA9\x05\x8F\x14\x83\x9ER:\xEB\xFDGZ\xC2\xEDh\x92\xF1.qy\xF3", @digest="SHA1", @serializer=Marshal, @options={}, @rotations=[], @on_rotation=nil&gt;}, @ran_load_hooks=true, @executor=#&lt;Class:0x0000558f2bc1c7c0&gt;, @reloader=#&lt;Class:0x0000558f2bc473d0&gt;, @initial_variable_values={}, @block=nil, @initializers=[#&lt;Rails::Initializable::Initializer:0x0000558f2bca0750 @name=:load_environment_config, @context=#&lt;SampleApp::Application:0x0000558f2bc127e8 ...&gt;, @options={:before=&gt;:load_environment_hook, :group=&gt;:all}, @block=#&lt;Proc:0x0000558f29b2c858 /home/nameless_ghoul/.rbenv/versions/3.0.0/lib/ruby/gems/3.0.0/gems/railties-6.1.5/lib/rails/engine.rb:569&gt;&gt;, #&lt;Rails::Initializable::Initializer:0x0000558f2bca0700 @name=:set_load_path, @context=#&lt;SampleApp::Application:0x0000558f2bc127e8 ...&gt;, @options={:before=&gt;:bootstrap_hook, :after=&gt;:load_environment_config, :group=&gt;:default}, @block=#&lt;Proc:0x0000558f29b2c678 /home/nameless_ghoul/.rbenv/versions/3.0.0/lib/ruby/gems/3.0.0/gems/railties-6.1.5/lib/rails/engine.rb:575&gt;&gt;, #&lt;Rails::Initializable::Initializer:0x0000558f2bca06b0 @name=:set_autoload_paths, @context=#&lt;SampleApp::Application:0x0000558f2bc127e8 ...&gt;, @options={:before=&gt;:bootstrap_hook, :after=&gt;:set_load_path, :group=&gt;:default}, @block=#&lt;Proc:0x0000558f29b2c4e8 /home/nameless_ghoul/.rbenv/versions/3.0.0/lib/ruby/gems/3.0.0/gems/railties-6.1.5/lib/rails/engine.rb:587&gt;&gt;, #&lt;Rails::Initializable::Initializer:0x0000558f2bca0660 @name=:set_eager_load_paths, @context=#&lt;SampleApp::Application:0x0000558f2bc127e8 ...&gt;, @options={:before=&gt;:bootstrap_hook, :after=&gt;:set_autoload_paths, :group=&gt;:default}, @block=#&lt;Proc:0x0000558f29b2c3d0 /home/nameless_ghoul/.rbenv/versions/3.0.0/lib/ruby/gems/3.0.0/gems/railties-6.1.5/lib/rails/engine.rb:595&gt;&gt;, #&lt;Rails::Initializable::Initializer:0x0000558f2bca0610 @name=:add_routing_paths, @context=#&lt;SampleApp::Application:0x0000558f2bc127e8 ...&gt;, @options={:after=&gt;:set_eager_load_paths, :group=&gt;:default}, @block=#&lt;Proc:0x0000558f29b2c2b8 /home/nameless_ghoul/.rbenv/versions/3.0.0/lib/ruby/gems/3.0.0/gems/railties-6.1.5/lib/rails/engine.rb:600&gt;&gt;, #&lt;Rails::Initializable::Initializer:0x0000558f2bca05c0 @name=:add_locales, @context=#&lt;SampleApp::Application:0x0000558f2bc127e8 ...&gt;, @options={:after=&gt;:add_routing_paths, :group=&gt;:default}, @block=#&lt;Proc:0x0000558f29b2c1c8 /home/nameless_ghoul/.rbenv/versions/3.0.0/lib/ruby/gems/3.0.0/gems/railties-6.1.5/lib/rails/engine.rb:614&gt;&gt;, #&lt;Rails::Initializable::Initializer:0x0000558f2bca0570 @name=:add_view_paths, @context=#&lt;SampleApp::Application:0x0000558f2bc127e8 ...&gt;, @options={:after=&gt;:add_locales, :group=&gt;:default}, @block=#&lt;Proc:0x0000558f29b2c0d8 /home/nameless_ghoul/.rbenv/versions/3.0.0/lib/ruby/gems/3.0.0/gems/railties-6.1.5/lib/rails/engine.rb:618&gt;&gt;, #&lt;Rails::Initializable::Initializer:0x0000558f2bca0520 @name=:prepend_helpers_path, @context=#&lt;SampleApp::Application:0x0000558f2bc127e8 ...&gt;, @options={:after=&gt;:add_view_paths, :group=&gt;:default}, @block=#&lt;Proc:0x0000558f28f17f18 /home/nameless_ghoul/.rbenv/versions/3.0.0/lib/ruby/gems/3.0.0/gems/railties-6.1.5/lib/rails/engine.rb:626&gt;&gt;, #&lt;Rails::Initializable::Initializer:0x0000558f2bca04d0 @name=:load_config_initializers, @context=#&lt;SampleApp::Application:0x0000558f2bc127e8 ...&gt;, @options={:after=&gt;:prepend_helpers_path, :group=&gt;:default}, @block=#&lt;Proc:0x0000558f28f17608 /home/nameless_ghoul/.rbenv/versions/3.0.0/lib/ruby/gems/3.0.0/gems/railties-6.1.5/lib/rails/engine.rb:632&gt;&gt;, #&lt;Rails::Initializable::Initializer:0x0000558f2bca0480 @name=:wrap_executor_around_load_seed, @context=#&lt;SampleApp::Application:0x0000558f2bc127e8 ...&gt;, @options={:after=&gt;:load_config_initializers, :group=&gt;:default}, @block=#&lt;Proc:0x0000558f28f16e60 /home/nameless_ghoul/.rbenv/versions/3.0.0/lib/ruby/gems/3.0.0/gems/railties-6.1.5/lib/rails/engine.rb:638&gt;&gt;, #&lt;Rails::Initializable::Initializer:0x0000558f2bca0430 @name=:engines_blank_point, @context=#&lt;SampleApp::Application:0x0000558f2bc127e8 ...&gt;, @options={:after=&gt;:wrap_executor_around_load_seed, :group=&gt;:default}, @block=#&lt;Proc:0x0000558f28f16960 /home/nameless_ghoul/.rbenv/versions/3.0.0/lib/ruby/gems/3.0.0/gems/railties-6.1.5/lib/rails/engine.rb:644&gt;&gt;, #&lt;Rails::Initializable::Initializer:0x0000558f2bca03e0 @name=:append_assets_path, @context=#&lt;SampleApp::Application:0x0000558f2bc127e8 ...&gt;, @options={:group=&gt;:all, :after=&gt;:engines_blank_point}, @block=#&lt;Proc:0x0000558f29c70d40 /home/nameless_ghoul/.rbenv/versions/3.0.0/lib/ruby/gems/3.0.0/gems/sprockets-rails-3.4.2/lib/sprockets/railtie.rb:60&gt;&gt;, #&lt;Rails::Initializable::Initializer:0x0000558f2bca0390 @name=:ensure_reloading_is_enabled, @context=#&lt;SampleApp::Application:0x0000558f2bc127e8 ...&gt;, @options={:group=&gt;:all}, @block=#&lt;Proc:0x0000558f2bc94770 /home/nameless_ghoul/.rbenv/versions/3.0.0/lib/ruby/gems/3.0.0/gems/spring-4.0.0/lib/spring/application.rb:99&gt;&gt;], @assets=#&lt;Sprockets::Environment:0x52d0 root="/home/nameless_ghoul/Documents/Work/LoudCloudPH/Learning/Learn Enough Projects/sample_app", paths=["/home/nameless_ghoul/Documents/Work/LoudCloudPH/Learning/Learn Enough Projects/sample_app/app/assets/config", "/home/nameless_ghoul/Documents/Work/LoudCloudPH/Learning/Learn Enough Projects/sample_app/app/assets/images", "/home/nameless_ghoul/Documents/Work/LoudCloudPH/Learning/Learn Enough Projects/sample_app/app/assets/javascripts", "/home/nameless_ghoul/Documents/Work/LoudCloudPH/Learning/Learn Enough Projects/sample_app/app/assets/stylesheets", "/home/nameless_ghoul/.rbenv/versions/3.0.0/lib/ruby/gems/3.0.0/gems/actioncable-6.1.5/app/assets/javascripts", "/home/nameless_ghoul/.rbenv/versions/3.0.0/lib/ruby/gems/3.0.0/gems/activestorage-6.1.5/app/assets/javascripts", "/home/nameless_ghoul/.rbenv/versions/3.0.0/lib/ruby/gems/3.0.0/gems/actionview-6.1.5/lib/assets/compiled", "/home/nameless_ghoul/.rbenv/versions/3.0.0/lib/ruby/gems/3.0.0/gems/turbolinks-source-5.2.0/lib/assets/javascripts", "/home/nameless_ghoul/Documents/Work/LoudCloudPH/Learning/Learn Enough Projects/sample_app/node_modules", "/home/nameless_ghoul/.rbenv/versions/3.0.0/lib/ruby/gems/3.0.0/gems/bootstrap-sass-3.4.1/assets/stylesheets", "/home/nameless_ghoul/.rbenv/versions/3.0.0/lib/ruby/gems/3.0.0/gems/bootstrap-sass-3.4.1/assets/javascripts", "/home/nameless_ghoul/.rbenv/versions/3.0.0/lib/ruby/gems/3.0.0/gems/bootstrap-sass-3.4.1/assets/fonts", "/home/nameless_ghoul/.rbenv/versions/3.0.0/lib/ruby/gems/3.0.0/gems/bootstrap-sass-3.4.1/assets/images"]&gt;, @assets_manifest=#&lt;Sprockets::Manifest:0x0000558f2c37f3f0 @environment=#&lt;Sprockets::Environment:0x52d0 root="/home/nameless_ghoul/Documents/Work/LoudCloudPH/Learning/Learn Enough Projects/sample_app", paths=["/home/nameless_ghoul/Documents/Work/LoudCloudPH/Learning/Learn Enough Projects/sample_app/app/assets/config", "/home/nameless_ghoul/Documents/Work/LoudCloudPH/Learning/Learn Enough Projects/sample_app/app/assets/images", "/home/nameless_ghoul/Documents/Work/LoudCloudPH/Learning/Learn Enough Projects/sample_app/app/assets/javascripts", "/home/nameless_ghoul/Documents/Work/LoudCloudPH/Learning/Learn Enough Projects/sample_app/app/assets/stylesheets", "/home/nameless_ghoul/.rbenv/versions/3.0.0/lib/ruby/gems/3.0.0/gems/actioncable-6.1.5/app/assets/javascripts", "/home/nameless_ghoul/.rbenv/versions/3.0.0/lib/ruby/gems/3.0.0/gems/activestorage-6.1.5/app/assets/javascripts", "/home/nameless_ghoul/.rbenv/versions/3.0.0/lib/ruby/gems/3.0.0/gems/actionview-6.1.5/lib/assets/compiled", "/home/nameless_ghoul/.rbenv/versions/3.0.0/lib/ruby/gems/3.0.0/gems/turbolinks-source-5.2.0/lib/assets/javascripts", "/home/nameless_ghoul/Documents/Work/LoudCloudPH/Learning/Learn Enough Projects/sample_app/node_modules", "/home/nameless_ghoul/.rbenv/versions/3.0.0/lib/ruby/gems/3.0.0/gems/bootstrap-sass-3.4.1/assets/stylesheets", "/home/nameless_ghoul/.rbenv/versions/3.0.0/lib/ruby/gems/3.0.0/gems/bootstrap-sass-3.4.1/assets/javascripts", "/home/nameless_ghoul/.rbenv/versions/3.0.0/lib/ruby/gems/3.0.0/gems/bootstrap-sass-3.4.1/assets/fonts", "/home/nameless_ghoul/.rbenv/versions/3.0.0/lib/ruby/gems/3.0.0/gems/bootstrap-sass-3.4.1/assets/images"]&gt;, @filename="/home/nameless_ghoul/Documents/Work/LoudCloudPH/Learning/Learn Enough Projects/sample_app/public/assets/.sprockets-manifest-f9d5d5ca2395c9052eafadcafdf2ba75.json", @directory="/home/nameless_ghoul/Documents/Work/LoudCloudPH/Learning/Learn Enough Projects/sample_app/public/assets", @legacy_manifest=false, @data={}&gt;, @secrets=#&lt;ActiveSupport::OrderedOptions {:secret_key_base=&gt;"52aa466f65e6da8a36de9cf6b806658c9c839ec536460513381c4cf533d9c87aa198671f55dcf252e3ef167bacc04495dfa8b378c6a82b115450b46a6daf7a1d"}&gt;, @caching_key_generator=#&lt;ActiveSupport::CachingKeyGenerator:0x0000558f2c3b7f48 @key_generator=#&lt;ActiveSupport::KeyGenerator:0x0000558f2c3b7f98 @secret="52aa466f65e6da8a36de9cf6b806658c9c839ec536460513381c4cf533d9c87aa198671f55dcf252e3ef167bacc04495dfa8b378c6a82b115450b46a6daf7a1d", @iterations=1000&gt;, @cache_keys=#&lt;Concurrent::Map:0x0000558f2c3b7f20 entries=2 default_proc=nil&gt;&gt;, @ran=true&gt;, @https=false, @response=nil, @request=nil, @controller=nil, @_mock_session=nil, @request_count=0, @url_options=nil, @host="www.example.com", @remote_addr="127.0.0.1", @accept="text/xml,application/xml,application/xhtml+xml,text/html;q=0.9,text/plain;q=0.8,image/png,*/*;q=0.5", @named_routes_configured=true&gt;, @routes=#&lt;ActionDispatch::Routing::RouteSet:0x0000558f2c02a3f8&gt;, @app=nil, @fixture_cache={}, @fixture_connections=[], @connection_subscriber=#&lt;ActiveSupport::Notifications::Fanout::Subscribers::Timed:0x0000558f2bfe7a58 @pattern="!connection.active_record", @delegate=#&lt;Proc:0x0000558f2bfe7cb0 /home/nameless_ghoul/.rbenv/versions/3.0.0/lib/ruby/gems/3.0.0/gems/activerecord-6.1.5/lib/active_record/test_fixtures.rb:134&gt;, @can_publish=false&gt;, @legacy_saved_pool_configs={}, @saved_pool_configs={}, @loaded_fixtures={}, @tagged_logger=#&lt;ActiveSupport::Logger:0x0000558f2bd458b8 @level=0, @progname=nil, @default_formatter=#&lt;Logger::Formatter:0x0000558f2bd45b60 @datetime_format=nil&gt;, @formatter=#&lt;ActiveSupport::Logger::SimpleFormatter:0x0000558f2bd45840 @datetime_format=nil, @thread_key="activesupport_tagged_logging_tags:22220"&gt;, @logdev=#&lt;Logger::LogDevice:0x0000558f2bd45ac0 @shift_period_suffix="%Y%m%d", @shift_size=1048576, @shift_age=0, @filename="/home/nameless_ghoul/Documents/Work/LoudCloudPH/Learning/Learn Enough Projects/sample_app/log/test.log", @dev=#&lt;File:/home/nameless_ghoul/Documents/Work/LoudCloudPH/Learning/Learn Enough Projects/sample_app/log/test.log&gt;, @binmode=false, @mon_data=#&lt;Monitor:0x0000558f2bd45a98&gt;, @mon_data_owner_object_id=10640&gt;&gt;, @_partials={}, @_templates={}, @_layouts={}, @_files={}, @_subscribers=[#&lt;ActiveSupport::Notifications::Fanout::Subscribers::Timed:0x0000558f2c3bf8b0 @pattern="render_template.action_view", @delegate=#&lt;Proc:0x0000558f2c3bf9c8 /home/nameless_ghoul/.rbenv/versions/3.0.0/lib/ruby/gems/3.0.0/gems/rails-controller-testing-1.0.5/lib/rails/controller/testing/template_assertions.rb:23&gt;, @can_publish=false&gt;, #&lt;ActiveSupport::Notifications::Fanout::Subscribers::Timed:0x0000558f2c3bf720 @pattern="!render_template.action_view", @delegate=#&lt;Proc:0x0000558f2c3bf860 /home/nameless_ghoul/.rbenv/versions/3.0.0/lib/ruby/gems/3.0.0/gems/rails-controller-testing-1.0.5/lib/rails/controller/testing/template_assertions.rb:33&gt;, @can_publish=false&gt;], @simple_stubs=#&lt;ActiveSupport::Testing::SimpleStubs:0x0000558f29736898 @stubs=#&lt;Concurrent::Map:0x0000558f29736550 entries=0 default_proc=#&lt;Proc:0x0000558f29736078 /home/nameless_ghoul/.rbenv/versions/3.0.0/lib/ruby/gems/3.0.0/gems/activesupport-6.1.5/lib/active_support/testing/time_helpers.rb:14&gt;&gt;&gt;, @time=0.12293281599704642&gt;
    test/controllers/static_pages_controller_test.rb:15:in `block in &lt;class:StaticPagesControllerTest&gt;'
    </error>
    </testcase>
  </testsuite>
</testsuites>
